16:37:26.345 [main                     ] DEBUG Logger               - Configured Logger
16:37:26.366 [main                     ] DEBUG GameApplication      - Logging settings
Title: test
Version: 1.0
Width: 1000
Height: 600
Fullscreen: false
Intro: false
Profiling: false
Single step:false
App Mode: DEVELOPER
Menu Key: ESCAPE
Stage Style: DECORATED
Scene Factory: class com.almasb.fxgl.app.scene.SceneFactory

16:37:39.369 [JavaFX Application Thread] DEBUG FXGLApplication      - Initializing FXGL
16:37:39.373 [JavaFX Application Thread] INFO  Engine               - FXGL-dev-SNAPSHOT (25.02.2021 13.59) on WINDOWS (J:14.0.2 FX:15)
16:37:39.374 [JavaFX Application Thread] DEBUG Engine               - JRE Vendor Name: Oracle Corporation
16:37:39.374 [JavaFX Application Thread] DEBUG Engine               - Running on OS: Windows 10 version 10.0
16:37:39.374 [JavaFX Application Thread] DEBUG Engine               - Architecture: amd64
16:37:39.375 [JavaFX Application Thread] INFO  Engine               - Source code and latest versions at: https://github.com/AlmasB/FXGL
16:37:39.375 [JavaFX Application Thread] INFO  Engine               -              Join the FXGL chat at: https://gitter.im/AlmasB/FXGL
16:37:39.613 [JavaFX Application Thread] DEBUG PrimaryStageWindow   - Creating a JavaFX scene
16:37:39.982 [JavaFX Application Thread] DEBUG PrimaryStageWindow   - Target settings size: 1000.0 x 600.0
16:37:39.983 [JavaFX Application Thread] DEBUG PrimaryStageWindow   - Scaled scene size:    1000.0 x 600.0
16:37:39.983 [JavaFX Application Thread] DEBUG PrimaryStageWindow   - Scaled ratio: (1.0, 1.0)
16:37:39.985 [JavaFX Application Thread] DEBUG PrimaryStageWindow   - Set initial scene to FXGLStartupScene
16:37:39.996 [JavaFX Application Thread] DEBUG PrimaryStageWindow   - Opening main window
16:37:40.166 [JavaFX Application Thread] DEBUG PrimaryStageWindow   - Window border size: (14.4000244140625, 37.5999755859375)
16:37:40.167 [JavaFX Application Thread] DEBUG PrimaryStageWindow   - Scaled size: 1000.0 x 600.0
16:37:40.167 [JavaFX Application Thread] DEBUG PrimaryStageWindow   - Scaled ratio: (1.0, 1.0)
16:37:40.168 [JavaFX Application Thread] DEBUG PrimaryStageWindow   - Scene size: 1000.0 x 600.0
16:37:40.168 [JavaFX Application Thread] DEBUG PrimaryStageWindow   - Stage size: 1014.4000244140625 x 637.5999755859375
16:37:40.255 [FXGL Background Thread 1 ] DEBUG Engine               - Initializing environment variables
16:37:40.321 [FXGL Background Thread 1 ] DEBUG FXGLAssetLoaderServi - User app class for loading assets: class BreakoutGame
16:37:40.321 [FXGL Background Thread 1 ] DEBUG GameApplicationServi - Applying CSS: fxgl_dark.css
16:37:40.323 [FXGL Background Thread 1 ] DEBUG FXGLAssetLoaderServi - Loading from file system: jar:file:/C:/Users/Jainfamily/.m2/repository/com/github/almasb/fxgl/dev-SNAPSHOT/fxgl-dev-20210225.140003-1682.jar!/fxglassets/ui/css/fxgl_dark.css
16:37:40.397 [FXGL Background Thread 1 ] DEBUG GameApplicationServi - Initializing application scenes
16:37:40.535 [FXGL Background Thread 1 ] DEBUG GameWorld            - BreakoutGame world initialized
16:37:40.690 [FXGL Background Thread 1 ] DEBUG PhysicsWorld         - Physics world initialized: appHeight=600, physics.ppm=50.0
16:37:40.691 [FXGL Background Thread 1 ] DEBUG PhysicsWorld         - Using strategy: BRUTE_FORCE
16:37:40.699 [FXGL Background Thread 1 ] DEBUG GameScene            - BreakoutGame scene initialized: 1000x600
16:37:40.798 [FXGL Background Thread 1 ] DEBUG FXGLAssetLoaderServi - Loading from file system: jar:file:/C:/Users/Jainfamily/.m2/repository/com/github/almasb/fxgl/dev-SNAPSHOT/fxgl-dev-20210225.140003-1682.jar!/fxglassets/textures/particles/trace_horizontal.png
16:37:40.922 [FXGL Background Thread 1 ] DEBUG FXGL.DefaultMenu     - createMenuBodyGameMenu()
16:37:40.959 [FXGL Background Thread 1 ] DEBUG FXGL.DefaultMenu     - createOptionsMenu()
16:37:40.970 [FXGL Background Thread 1 ] DEBUG FXGLAssetLoaderServi - Loading from file system: jar:file:/C:/Users/Jainfamily/.m2/repository/com/github/almasb/fxgl/dev-SNAPSHOT/fxgl-dev-20210225.140003-1682.jar!/fxglassets/textures/particles/smoke.png
16:37:41.095 [FXGL Background Thread 1 ] DEBUG GameApplicationServi - Application scenes initialized
16:37:41.113 [FXGL Background Thread 1 ] DEBUG SystemBundleService  - Loading FXGL system data
16:37:41.118 [FXGL Background Thread 1 ] DEBUG FileSystemAccess     - Reading from: C:\Users\Jainfamily\AP JAVA\fxgl graphics\mainProject\system\fxgl.bundle
16:37:41.126 [FXGL Background Thread 1 ] DEBUG SystemBundleService  - Bundle FXGL: {}
16:37:41.126 [FXGL Background Thread 1 ] DEBUG UpdaterService       - Checking for updates
16:37:41.134 [FXGL Background Thread 4 ] DEBUG FXGLApplication      - Loading fonts
16:37:41.136 [FXGL Background Thread 4 ] DEBUG FXGLAssetLoaderServi - Loading from file system: jar:file:/C:/Users/Jainfamily/.m2/repository/com/github/almasb/fxgl/dev-SNAPSHOT/fxgl-dev-20210225.140003-1682.jar!/fxglassets/ui/fonts/VarelaRound-Regular.ttf
16:37:41.148 [FXGL Background Thread 1 ] DEBUG FXGLApplication      - Loading default localization
16:37:41.149 [FXGL Background Thread 1 ] DEBUG FXGLAssetLoaderServi - Loading from file system: jar:file:/C:/Users/Jainfamily/.m2/repository/com/github/almasb/fxgl/dev-SNAPSHOT/fxgl-dev-20210225.140003-1682.jar!/fxglassets/languages/english.lang
16:37:41.209 [FXGL Background Thread 1 ] INFO  FXGLApplication      - FXGL initialization took: 0.954 sec
16:37:41.234 [JavaFX Application Thread] DEBUG Input                - Registered new binding: paddleLeft - Left
16:37:41.234 [JavaFX Application Thread] DEBUG Input                - Registered new binding: paddleRight - Right
16:37:41.234 [JavaFX Application Thread] DEBUG Input                - Registered new binding: shootBullet - Space
16:37:41.235 [JavaFX Application Thread] DEBUG FXGLAssetLoaderServi - Loading from file system: jar:file:/C:/Users/Jainfamily/.m2/repository/com/github/almasb/fxgl/dev-SNAPSHOT/fxgl-dev-20210225.140003-1682.jar!/fxglassets/textures/fxgl_icon.png
16:37:41.279 [JavaFX Application Thread] DEBUG FXGLAssetLoaderServi - Loading from file system: jar:file:/C:/Users/Jainfamily/.m2/repository/com/github/almasb/fxgl/dev-SNAPSHOT/fxgl-dev-20210225.140003-1682.jar!/fxglassets/ui/cursors/fxgl_default.png
16:37:41.286 [JavaFX Application Thread] DEBUG Input                - Registered new binding: Screenshot - P
16:37:41.287 [JavaFX Application Thread] DEBUG Input                - Registered new binding: System info dump - CTRL+9
16:37:41.288 [JavaFX Application Thread] DEBUG Input                - Registered new binding: Restart - CTRL+R
16:37:41.290 [JavaFX Application Thread] DEBUG Input                - Registered new binding: Toggle Debug Camera - CTRL+C
16:37:41.299 [JavaFX Application Thread] DEBUG LoopRunner           - Starting loop
16:37:41.300 [JavaFX Application Thread] DEBUG LoopRunner           - Initializing JavaFX AnimationTimerLoop
16:37:41.304 [JavaFX Application Thread] DEBUG GameApplicationServi - Starting new game
16:37:41.305 [JavaFX Application Thread] DEBUG Input                - Clearing active input actions
16:37:41.335 [JavaFX Application Thread] DEBUG GameApplicationServi - Removing overlay from FXGLStartupScene and adding to FXGLLoadingScene
16:37:41.335 [JavaFX Application Thread] DEBUG PrimaryStageWindow   - FXGLStartupScene -> FXGLLoadingScene
16:37:41.335 [JavaFX Application Thread] DEBUG GameApplicationServi - Clearing previous game
16:37:41.336 [JavaFX Application Thread] DEBUG GameScene            - Clearing game scene
16:37:41.336 [JavaFX Application Thread] DEBUG GameWorld            - Clearing game world
16:37:41.336 [JavaFX Application Thread] DEBUG PhysicsWorld         - Clearing physics world
16:37:41.338 [FXGL Background Thread 1 ] DEBUG FXGLApplication      - Initializing game
16:37:41.404 [FXGL Background Thread 1 ] DEBUG FXGLAssetLoaderServi - Loading from file system: file:/C:/Users/Jainfamily/AP%20JAVA/fxgl%20graphics/mainProject/target/classes/assets/textures/circle.png
16:37:41.411 [FXGL Background Thread 1 ] DEBUG FXGLAssetLoaderServi - Loading from file system: file:/C:/Users/Jainfamily/AP%20JAVA/fxgl%20graphics/mainProject/target/classes/assets/textures/blueBrick.png
16:37:41.454 [FXGL Background Thread 1 ] INFO  FXGLApplication      - BreakoutGame initialization took: 0.115 sec
16:37:41.470 [JavaFX Application Thread] DEBUG Input                - Clearing active input actions
16:37:41.485 [JavaFX Application Thread] DEBUG GameApplicationServi - Removing overlay from FXGLLoadingScene and adding to GameScene
16:37:41.485 [JavaFX Application Thread] DEBUG PrimaryStageWindow   - FXGLLoadingScene -> GameScene
16:37:41.721 [FXGL Background Thread 4 ] DEBUG FXGLAssetLoaderServi - Loading from file system: jar:file:/C:/Users/Jainfamily/.m2/repository/com/github/almasb/fxgl/dev-SNAPSHOT/fxgl-dev-20210225.140003-1682.jar!/fxglassets/ui/fonts/Abel-Regular.ttf
16:37:41.732 [FXGL Background Thread 4 ] DEBUG FXGLAssetLoaderServi - Loading from file system: jar:file:/C:/Users/Jainfamily/.m2/repository/com/github/almasb/fxgl/dev-SNAPSHOT/fxgl-dev-20210225.140003-1682.jar!/fxglassets/ui/fonts/lucida_console.ttf
16:37:41.747 [FXGL Background Thread 4 ] DEBUG FXGLAssetLoaderServi - Loading from file system: jar:file:/C:/Users/Jainfamily/.m2/repository/com/github/almasb/fxgl/dev-SNAPSHOT/fxgl-dev-20210225.140003-1682.jar!/fxglassets/ui/fonts/Courier-Prime.ttf
16:37:41.770 [JavaFX Application Thread] DEBUG FXGLApplication      - Registering font factories with UI factory
16:37:42.240 [FXGL Background Thread 2 ] INFO  UpdaterService       - Your current version:  dev-SNAPSHOT
16:37:42.241 [FXGL Background Thread 2 ] INFO  UpdaterService       - Latest stable version: 11.14
16:37:44.131 [FXGL Background Thread 3 ] DEBUG Engine               - Logging environment variables
16:37:44.132 [FXGL Background Thread 3 ] DEBUG Engine               - achievements: []
16:37:44.133 [FXGL Background Thread 3 ] DEBUG Engine               - actualHeight: 600.0
16:37:44.133 [FXGL Background Thread 3 ] DEBUG Engine               - actualHeightProperty: ReadOnlyDoubleProperty [value: 600.0]
16:37:44.133 [FXGL Background Thread 3 ] DEBUG Engine               - actualWidth: 1000.0
16:37:44.134 [FXGL Background Thread 3 ] DEBUG Engine               - actualWidthProperty: ReadOnlyDoubleProperty [value: 1000.0]
16:37:44.134 [FXGL Background Thread 3 ] DEBUG Engine               - appIcon: fxgl_icon.png
16:37:44.134 [FXGL Background Thread 3 ] DEBUG Engine               - applicationMode: DEVELOPER
16:37:44.135 [FXGL Background Thread 3 ] DEBUG Engine               - cSSList: [fxgl_dark.css]
16:37:44.135 [FXGL Background Thread 3 ] DEBUG Engine               - collisionDetectionStrategy: BRUTE_FORCE
16:37:44.135 [FXGL Background Thread 3 ] DEBUG Engine               - configClass: Optional.empty
16:37:44.135 [FXGL Background Thread 3 ] DEBUG Engine               - credits: []
16:37:44.136 [FXGL Background Thread 3 ] DEBUG Engine               - devBBoxColorProperty: ObjectProperty [value: 0xff0000ff]
16:37:44.136 [FXGL Background Thread 3 ] DEBUG Engine               - devEnableDebugCameraProperty: BooleanProperty [value: false]
16:37:44.137 [FXGL Background Thread 3 ] DEBUG Engine               - devSensorColorProperty: ObjectProperty [value: 0xffff00ff]
16:37:44.137 [FXGL Background Thread 3 ] DEBUG Engine               - devShowBBoxProperty: BooleanProperty [value: false]
16:37:44.138 [FXGL Background Thread 3 ] DEBUG Engine               - devShowPositionProperty: BooleanProperty [value: false]
16:37:44.138 [FXGL Background Thread 3 ] DEBUG Engine               - enabledMenuItems: []
16:37:44.138 [FXGL Background Thread 3 ] DEBUG Engine               - engineServices: [class com.almasb.fxgl.app.services.FXGLAssetLoaderService, class com.almasb.fxgl.app.FXGLApplication$GameApplicationService, class com.almasb.fxgl.app.services.FXGLDialogService, class com.almasb.fxgl.app.services.IOTaskExecutorService, class com.almasb.fxgl.event.EventBusService, class com.almasb.fxgl.io.FileSystemService, class com.almasb.fxgl.localization.LocalizationService, class com.almasb.fxgl.app.services.SystemBundleService, class com.almasb.fxgl.profile.SaveLoadService, class com.almasb.fxgl.ui.FXGLUIFactoryServiceProvider, class com.almasb.fxgl.ui.FXGLDialogFactoryServiceProvider, class com.almasb.fxgl.audio.AudioPlayer, class com.almasb.fxgl.notification.impl.NotificationServiceProvider, class com.almasb.fxgl.achievement.AchievementService, class com.almasb.fxgl.cutscene.CutsceneService, class com.almasb.fxgl.minigames.MiniGameService, class com.almasb.fxgl.net.NetService, class com.almasb.fxgl.app.services.UpdaterService, class com.almasb.fxgl.dev.DevService]
16:37:44.139 [FXGL Background Thread 3 ] DEBUG Engine               - fontGame: Abel-Regular.ttf
16:37:44.139 [FXGL Background Thread 3 ] DEBUG Engine               - fontMono: lucida_console.ttf
16:37:44.139 [FXGL Background Thread 3 ] DEBUG Engine               - fontText: Courier-Prime.ttf
16:37:44.139 [FXGL Background Thread 3 ] DEBUG Engine               - fontUI: VarelaRound-Regular.ttf
16:37:44.139 [FXGL Background Thread 3 ] DEBUG Engine               - fullScreen: BooleanProperty [value: false]
16:37:44.140 [FXGL Background Thread 3 ] DEBUG Engine               - gameDifficulty: MEDIUM
16:37:44.140 [FXGL Background Thread 3 ] DEBUG Engine               - gameDifficultyProperty: ObjectProperty [value: MEDIUM]
16:37:44.140 [FXGL Background Thread 3 ] DEBUG Engine               - globalMusicVolume: 0.5
16:37:44.141 [FXGL Background Thread 3 ] DEBUG Engine               - globalMusicVolumeProperty: DoubleProperty [value: 0.5]
16:37:44.141 [FXGL Background Thread 3 ] DEBUG Engine               - globalSoundVolume: 0.5
16:37:44.141 [FXGL Background Thread 3 ] DEBUG Engine               - globalSoundVolumeProperty: DoubleProperty [value: 0.5]
16:37:44.142 [FXGL Background Thread 3 ] DEBUG Engine               - height: 600
16:37:44.143 [FXGL Background Thread 3 ] DEBUG Engine               - isAndroid: false
16:37:44.144 [FXGL Background Thread 3 ] DEBUG Engine               - isBrowser: false
16:37:44.145 [FXGL Background Thread 3 ] DEBUG Engine               - isClickFeedbackEnabled: false
16:37:44.147 [FXGL Background Thread 3 ] DEBUG Engine               - isCloseConfirmation: false
16:37:44.147 [FXGL Background Thread 3 ] DEBUG Engine               - isDesktop: true
16:37:44.148 [FXGL Background Thread 3 ] DEBUG Engine               - isDeveloperMenuEnabled: false
16:37:44.148 [FXGL Background Thread 3 ] DEBUG Engine               - isEntityPreloadEnabled: true
16:37:44.148 [FXGL Background Thread 3 ] DEBUG Engine               - isExperimental3D: false
16:37:44.149 [FXGL Background Thread 3 ] DEBUG Engine               - isExperimentalNative: false
16:37:44.149 [FXGL Background Thread 3 ] DEBUG Engine               - isExperimentalTiledLargeMap: false
16:37:44.149 [FXGL Background Thread 3 ] DEBUG Engine               - isFileSystemWriteAllowed: true
16:37:44.150 [FXGL Background Thread 3 ] DEBUG Engine               - isFullScreenAllowed: false
16:37:44.150 [FXGL Background Thread 3 ] DEBUG Engine               - isFullScreenFromStart: false
16:37:44.150 [FXGL Background Thread 3 ] DEBUG Engine               - isGameMenuEnabled: true
16:37:44.150 [FXGL Background Thread 3 ] DEBUG Engine               - isIOS: false
16:37:44.150 [FXGL Background Thread 3 ] DEBUG Engine               - isIntroEnabled: false
16:37:44.150 [FXGL Background Thread 3 ] DEBUG Engine               - isLinux: false
16:37:44.150 [FXGL Background Thread 3 ] DEBUG Engine               - isMac: false
16:37:44.150 [FXGL Background Thread 3 ] DEBUG Engine               - isMainMenuEnabled: false
16:37:44.150 [FXGL Background Thread 3 ] DEBUG Engine               - isManualResizeEnabled: false
16:37:44.151 [FXGL Background Thread 3 ] DEBUG Engine               - isMobile: false
16:37:44.151 [FXGL Background Thread 3 ] DEBUG Engine               - isPreserveResizeRatio: false
16:37:44.151 [FXGL Background Thread 3 ] DEBUG Engine               - isProfilingEnabled: false
16:37:44.151 [FXGL Background Thread 3 ] DEBUG Engine               - isScaleAffectedOnResize: true
16:37:44.151 [FXGL Background Thread 3 ] DEBUG Engine               - isSingleStep: false
16:37:44.151 [FXGL Background Thread 3 ] DEBUG Engine               - isUserProfileEnabled: false
16:37:44.151 [FXGL Background Thread 3 ] DEBUG Engine               - isWindows: true
16:37:44.151 [FXGL Background Thread 3 ] DEBUG Engine               - language: ObjectProperty [value: ENGLISH]
16:37:44.152 [FXGL Background Thread 3 ] DEBUG Engine               - menuKey: ESCAPE
16:37:44.152 [FXGL Background Thread 3 ] DEBUG Engine               - notificationViewClass: class com.almasb.fxgl.notification.view.XboxNotificationView
16:37:44.152 [FXGL Background Thread 3 ] DEBUG Engine               - pixelsPerMeter: 50.0
16:37:44.152 [FXGL Background Thread 3 ] DEBUG Engine               - platform: WINDOWS
16:37:44.152 [FXGL Background Thread 3 ] DEBUG Engine               - prefHeightProperty: ReadOnlyDoubleProperty [value: 600.0]
16:37:44.153 [FXGL Background Thread 3 ] DEBUG Engine               - prefWidthProperty: ReadOnlyDoubleProperty [value: 1000.0]
16:37:44.153 [FXGL Background Thread 3 ] DEBUG Engine               - profileDir: profiles/
16:37:44.153 [FXGL Background Thread 3 ] DEBUG Engine               - profileName: StringProperty [value: DEFAULT]
16:37:44.153 [FXGL Background Thread 3 ] DEBUG Engine               - randomSeed: -1
16:37:44.154 [FXGL Background Thread 3 ] DEBUG Engine               - runtimeInfo: RuntimeInfo(platform=WINDOWS, version=dev-SNAPSHOT, build=25.02.2021 13.59)
16:37:44.154 [FXGL Background Thread 3 ] DEBUG Engine               - saveFileExt: sav
16:37:44.154 [FXGL Background Thread 3 ] DEBUG Engine               - scaledHeightProp$fxgl: DoubleProperty [bound, value: 600.0]
16:37:44.154 [FXGL Background Thread 3 ] DEBUG Engine               - scaledWidthProp$fxgl: DoubleProperty [bound, value: 1000.0]
16:37:44.154 [FXGL Background Thread 3 ] DEBUG Engine               - sceneFactory: com.almasb.fxgl.app.scene.SceneFactory@390e2234
16:37:44.155 [FXGL Background Thread 3 ] DEBUG Engine               - secondsIn24h: 60
16:37:44.155 [FXGL Background Thread 3 ] DEBUG Engine               - soundMenuBack: menu/back.wav
16:37:44.155 [FXGL Background Thread 3 ] DEBUG Engine               - soundMenuPress: menu/press.wav
16:37:44.155 [FXGL Background Thread 3 ] DEBUG Engine               - soundMenuSelect: menu/select.wav
16:37:44.155 [FXGL Background Thread 3 ] DEBUG Engine               - soundNotification: core/notification.wav
16:37:44.155 [FXGL Background Thread 3 ] DEBUG Engine               - stageStyle: DECORATED
16:37:44.155 [FXGL Background Thread 3 ] DEBUG Engine               - supportedLanguages: [ENGLISH, FRENCH, GERMAN, HUNGARIAN, RUSSIAN]
16:37:44.156 [FXGL Background Thread 3 ] DEBUG Engine               - ticksPerSecond: -1
16:37:44.156 [FXGL Background Thread 3 ] DEBUG Engine               - title: test
16:37:44.156 [FXGL Background Thread 3 ] DEBUG Engine               - urlGithub: https://github.com/AlmasB/FXGL
16:37:44.156 [FXGL Background Thread 3 ] DEBUG Engine               - urlLeaderboard: http://fxgl-top.herokuapp.com/
16:37:44.156 [FXGL Background Thread 3 ] DEBUG Engine               - urlPOM: https://raw.githubusercontent.com/AlmasB/FXGL/release/README.md
16:37:44.156 [FXGL Background Thread 3 ] DEBUG Engine               - userAppClass: class BreakoutGame
16:37:44.157 [FXGL Background Thread 3 ] DEBUG Engine               - version: 1.0
16:37:44.157 [FXGL Background Thread 3 ] DEBUG Engine               - versionCheckDays: 7
16:37:44.157 [FXGL Background Thread 3 ] DEBUG Engine               - width: 1000
16:37:44.157 [FXGL Background Thread 3 ] DEBUG Engine               - Logging services
16:37:44.157 [FXGL Background Thread 3 ] DEBUG Engine               - class com.almasb.fxgl.app.services.FXGLAssetLoaderService
16:37:44.157 [FXGL Background Thread 3 ] DEBUG Engine               - class com.almasb.fxgl.app.FXGLApplication$GameApplicationService
16:37:44.157 [FXGL Background Thread 3 ] DEBUG Engine               - class com.almasb.fxgl.app.services.FXGLDialogService
16:37:44.158 [FXGL Background Thread 3 ] DEBUG Engine               - class com.almasb.fxgl.app.services.IOTaskExecutorService
16:37:44.158 [FXGL Background Thread 3 ] DEBUG Engine               - class com.almasb.fxgl.event.EventBusService
16:37:44.158 [FXGL Background Thread 3 ] DEBUG Engine               - class com.almasb.fxgl.io.FileSystemService
16:37:44.158 [FXGL Background Thread 3 ] DEBUG Engine               - class com.almasb.fxgl.localization.LocalizationService
16:37:44.158 [FXGL Background Thread 3 ] DEBUG Engine               - class com.almasb.fxgl.app.services.SystemBundleService
16:37:44.158 [FXGL Background Thread 3 ] DEBUG Engine               - class com.almasb.fxgl.profile.SaveLoadService
16:37:44.158 [FXGL Background Thread 3 ] DEBUG Engine               - class com.almasb.fxgl.ui.FXGLUIFactoryServiceProvider
16:37:44.159 [FXGL Background Thread 3 ] DEBUG Engine               - class com.almasb.fxgl.ui.FXGLDialogFactoryServiceProvider
16:37:44.159 [FXGL Background Thread 3 ] DEBUG Engine               - class com.almasb.fxgl.audio.AudioPlayer
16:37:44.159 [FXGL Background Thread 3 ] DEBUG Engine               - class com.almasb.fxgl.notification.impl.NotificationServiceProvider
16:37:44.159 [FXGL Background Thread 3 ] DEBUG Engine               - class com.almasb.fxgl.achievement.AchievementService
16:37:44.159 [FXGL Background Thread 3 ] DEBUG Engine               - class com.almasb.fxgl.cutscene.CutsceneService
16:37:44.159 [FXGL Background Thread 3 ] DEBUG Engine               - class com.almasb.fxgl.minigames.MiniGameService
16:37:44.160 [FXGL Background Thread 3 ] DEBUG Engine               - class com.almasb.fxgl.net.NetService
16:37:44.160 [FXGL Background Thread 3 ] DEBUG Engine               - class com.almasb.fxgl.app.services.UpdaterService
16:37:44.163 [FXGL Background Thread 3 ] DEBUG Engine               - class com.almasb.fxgl.dev.DevService
16:37:56.619 [JavaFX Application Thread] DEBUG FXGLAssetLoaderServi - Loading from file system: file:/C:/Users/Jainfamily/AP%20JAVA/fxgl%20graphics/mainProject/target/classes/assets/textures/bullet.png
16:38:35.568 [JavaFX Application Thread] DEBUG FXGLApplication      - Exiting FXGL
16:38:35.568 [JavaFX Application Thread] DEBUG LoopRunner           - Stopping loop
16:38:35.569 [JavaFX Application Thread] DEBUG SystemBundleService  - Saving FXGL system data
16:38:35.572 [JavaFX Application Thread] DEBUG FileSystemAccess     - Writing to: C:\Users\Jainfamily\AP JAVA\fxgl graphics\mainProject\system\fxgl.bundle
16:38:35.577 [JavaFX Application Thread] DEBUG Async                - Shutting down background threads
16:38:35.577 [JavaFX Application Thread] DEBUG PrimaryStageWindow   - Closing main window
16:38:35.594 [JavaFX Application Thread] DEBUG Logger               - Closing Logger
