17:14:45.342 [main                     ] DEBUG Logger               - Configured Logger
17:14:45.356 [main                     ] DEBUG GameApplication      - Logging settings
Title: test
Version: 1.0
Width: 1000
Height: 600
Fullscreen: false
Intro: false
Profiling: false
Single step:false
App Mode: DEVELOPER
Menu Key: ESCAPE
Stage Style: DECORATED
Scene Factory: class com.almasb.fxgl.app.scene.SceneFactory

17:14:47.026 [JavaFX Application Thread] DEBUG FXGLApplication      - Initializing FXGL
17:14:47.032 [JavaFX Application Thread] INFO  Engine               - FXGL-dev-SNAPSHOT (25.02.2021 13.59) on WINDOWS (J:14.0.2 FX:15)
17:14:47.032 [JavaFX Application Thread] DEBUG Engine               - JRE Vendor Name: Oracle Corporation
17:14:47.033 [JavaFX Application Thread] DEBUG Engine               - Running on OS: Windows 10 version 10.0
17:14:47.033 [JavaFX Application Thread] DEBUG Engine               - Architecture: amd64
17:14:47.033 [JavaFX Application Thread] INFO  Engine               - Source code and latest versions at: https://github.com/AlmasB/FXGL
17:14:47.034 [JavaFX Application Thread] INFO  Engine               -              Join the FXGL chat at: https://gitter.im/AlmasB/FXGL
17:14:47.342 [JavaFX Application Thread] DEBUG PrimaryStageWindow   - Creating a JavaFX scene
17:14:47.461 [JavaFX Application Thread] DEBUG PrimaryStageWindow   - Target settings size: 1000.0 x 600.0
17:14:47.461 [JavaFX Application Thread] DEBUG PrimaryStageWindow   - Scaled scene size:    1000.0 x 600.0
17:14:47.461 [JavaFX Application Thread] DEBUG PrimaryStageWindow   - Scaled ratio: (1.0, 1.0)
17:14:47.463 [JavaFX Application Thread] DEBUG PrimaryStageWindow   - Set initial scene to FXGLStartupScene
17:14:47.479 [JavaFX Application Thread] DEBUG PrimaryStageWindow   - Opening main window
17:14:47.666 [JavaFX Application Thread] DEBUG PrimaryStageWindow   - Window border size: (14.4000244140625, 37.5999755859375)
17:14:47.667 [JavaFX Application Thread] DEBUG PrimaryStageWindow   - Scaled size: 1000.0 x 600.0
17:14:47.667 [JavaFX Application Thread] DEBUG PrimaryStageWindow   - Scaled ratio: (1.0, 1.0)
17:14:47.667 [JavaFX Application Thread] DEBUG PrimaryStageWindow   - Scene size: 1000.0 x 600.0
17:14:47.668 [JavaFX Application Thread] DEBUG PrimaryStageWindow   - Stage size: 1014.4000244140625 x 637.5999755859375
17:14:47.778 [FXGL Background Thread 1 ] DEBUG Engine               - Initializing environment variables
17:14:47.855 [FXGL Background Thread 1 ] DEBUG FXGLAssetLoaderServi - User app class for loading assets: class BreakoutGame
17:14:47.855 [FXGL Background Thread 1 ] DEBUG GameApplicationServi - Applying CSS: fxgl_dark.css
17:14:47.857 [FXGL Background Thread 1 ] DEBUG FXGLAssetLoaderServi - Loading from file system: jar:file:/C:/Users/Jainfamily/.m2/repository/com/github/almasb/fxgl/dev-SNAPSHOT/fxgl-dev-20210225.140003-1682.jar!/fxglassets/ui/css/fxgl_dark.css
17:14:47.957 [FXGL Background Thread 1 ] DEBUG GameApplicationServi - Initializing application scenes
17:14:48.122 [FXGL Background Thread 1 ] DEBUG GameWorld            - BreakoutGame world initialized
17:14:48.218 [FXGL Background Thread 1 ] DEBUG PhysicsWorld         - Physics world initialized: appHeight=600, physics.ppm=50.0
17:14:48.218 [FXGL Background Thread 1 ] DEBUG PhysicsWorld         - Using strategy: BRUTE_FORCE
17:14:48.223 [FXGL Background Thread 1 ] DEBUG GameScene            - BreakoutGame scene initialized: 1000x600
17:14:48.274 [FXGL Background Thread 1 ] DEBUG FXGLAssetLoaderServi - Loading from file system: jar:file:/C:/Users/Jainfamily/.m2/repository/com/github/almasb/fxgl/dev-SNAPSHOT/fxgl-dev-20210225.140003-1682.jar!/fxglassets/textures/particles/trace_horizontal.png
17:14:48.348 [FXGL Background Thread 1 ] DEBUG FXGL.DefaultMenu     - createMenuBodyGameMenu()
17:14:48.371 [FXGL Background Thread 1 ] DEBUG FXGL.DefaultMenu     - createOptionsMenu()
17:14:48.380 [FXGL Background Thread 1 ] DEBUG FXGLAssetLoaderServi - Loading from file system: jar:file:/C:/Users/Jainfamily/.m2/repository/com/github/almasb/fxgl/dev-SNAPSHOT/fxgl-dev-20210225.140003-1682.jar!/fxglassets/textures/particles/smoke.png
17:14:48.464 [FXGL Background Thread 1 ] DEBUG GameApplicationServi - Application scenes initialized
17:14:48.484 [FXGL Background Thread 1 ] DEBUG SystemBundleService  - Loading FXGL system data
17:14:48.490 [FXGL Background Thread 1 ] DEBUG FileSystemAccess     - Reading from: C:\Users\Jainfamily\AP JAVA\fxgl graphics\mainProject\system\fxgl.bundle
17:14:48.499 [FXGL Background Thread 1 ] DEBUG SystemBundleService  - Bundle FXGL: {}
17:14:48.499 [FXGL Background Thread 1 ] DEBUG UpdaterService       - Checking for updates
17:14:48.509 [FXGL Background Thread 4 ] DEBUG FXGLApplication      - Loading fonts
17:14:48.510 [FXGL Background Thread 4 ] DEBUG FXGLAssetLoaderServi - Loading from file system: jar:file:/C:/Users/Jainfamily/.m2/repository/com/github/almasb/fxgl/dev-SNAPSHOT/fxgl-dev-20210225.140003-1682.jar!/fxglassets/ui/fonts/VarelaRound-Regular.ttf
17:14:48.510 [FXGL Background Thread 1 ] DEBUG FXGLApplication      - Loading default localization
17:14:48.512 [FXGL Background Thread 1 ] DEBUG FXGLAssetLoaderServi - Loading from file system: jar:file:/C:/Users/Jainfamily/.m2/repository/com/github/almasb/fxgl/dev-SNAPSHOT/fxgl-dev-20210225.140003-1682.jar!/fxglassets/languages/english.lang
17:14:48.564 [FXGL Background Thread 1 ] INFO  FXGLApplication      - FXGL initialization took: 0.786 sec
17:14:48.585 [JavaFX Application Thread] DEBUG Input                - Registered new binding: paddleLeft - Left
17:14:48.585 [JavaFX Application Thread] DEBUG Input                - Registered new binding: paddleRight - Right
17:14:48.585 [JavaFX Application Thread] DEBUG Input                - Registered new binding: shootBullet - Space
17:14:48.586 [JavaFX Application Thread] DEBUG FXGLAssetLoaderServi - Loading from file system: jar:file:/C:/Users/Jainfamily/.m2/repository/com/github/almasb/fxgl/dev-SNAPSHOT/fxgl-dev-20210225.140003-1682.jar!/fxglassets/textures/fxgl_icon.png
17:14:48.639 [JavaFX Application Thread] DEBUG FXGLAssetLoaderServi - Loading from file system: jar:file:/C:/Users/Jainfamily/.m2/repository/com/github/almasb/fxgl/dev-SNAPSHOT/fxgl-dev-20210225.140003-1682.jar!/fxglassets/ui/cursors/fxgl_default.png
17:14:48.646 [JavaFX Application Thread] DEBUG Input                - Registered new binding: Screenshot - P
17:14:48.647 [JavaFX Application Thread] DEBUG Input                - Registered new binding: System info dump - CTRL+9
17:14:48.648 [JavaFX Application Thread] DEBUG Input                - Registered new binding: Restart - CTRL+R
17:14:48.650 [JavaFX Application Thread] DEBUG Input                - Registered new binding: Toggle Debug Camera - CTRL+C
17:14:48.655 [JavaFX Application Thread] DEBUG LoopRunner           - Starting loop
17:14:48.656 [JavaFX Application Thread] DEBUG LoopRunner           - Initializing JavaFX AnimationTimerLoop
17:14:48.659 [JavaFX Application Thread] DEBUG GameApplicationServi - Starting new game
17:14:48.660 [JavaFX Application Thread] DEBUG Input                - Clearing active input actions
17:14:48.680 [JavaFX Application Thread] DEBUG GameApplicationServi - Removing overlay from FXGLStartupScene and adding to FXGLLoadingScene
17:14:48.681 [JavaFX Application Thread] DEBUG PrimaryStageWindow   - FXGLStartupScene -> FXGLLoadingScene
17:14:48.681 [JavaFX Application Thread] DEBUG GameApplicationServi - Clearing previous game
17:14:48.681 [JavaFX Application Thread] DEBUG GameScene            - Clearing game scene
17:14:48.681 [JavaFX Application Thread] DEBUG GameWorld            - Clearing game world
17:14:48.681 [JavaFX Application Thread] DEBUG PhysicsWorld         - Clearing physics world
17:14:48.684 [FXGL Background Thread 1 ] DEBUG FXGLApplication      - Initializing game
17:14:48.688 [FXGL Background Thread 1 ] DEBUG FXGLAssetLoaderServi - Loading from file system: file:/C:/Users/Jainfamily/AP%20JAVA/fxgl%20graphics/mainProject/target/classes/assets/textures/gradient_paddle.png
17:14:48.771 [FXGL Background Thread 1 ] DEBUG FXGLAssetLoaderServi - Loading from file system: file:/C:/Users/Jainfamily/AP%20JAVA/fxgl%20graphics/mainProject/target/classes/assets/textures/circle.png
17:14:48.776 [FXGL Background Thread 1 ] DEBUG FXGLAssetLoaderServi - Loading from file system: file:/C:/Users/Jainfamily/AP%20JAVA/fxgl%20graphics/mainProject/target/classes/assets/textures/blueBrick.png
17:14:48.843 [FXGL Background Thread 1 ] INFO  FXGLApplication      - BreakoutGame initialization took: 0.159 sec
17:14:48.961 [FXGL Background Thread 4 ] DEBUG FXGLAssetLoaderServi - Loading from file system: jar:file:/C:/Users/Jainfamily/.m2/repository/com/github/almasb/fxgl/dev-SNAPSHOT/fxgl-dev-20210225.140003-1682.jar!/fxglassets/ui/fonts/Abel-Regular.ttf
17:14:48.971 [FXGL Background Thread 4 ] DEBUG FXGLAssetLoaderServi - Loading from file system: jar:file:/C:/Users/Jainfamily/.m2/repository/com/github/almasb/fxgl/dev-SNAPSHOT/fxgl-dev-20210225.140003-1682.jar!/fxglassets/ui/fonts/lucida_console.ttf
17:14:49.007 [FXGL Background Thread 4 ] DEBUG FXGLAssetLoaderServi - Loading from file system: jar:file:/C:/Users/Jainfamily/.m2/repository/com/github/almasb/fxgl/dev-SNAPSHOT/fxgl-dev-20210225.140003-1682.jar!/fxglassets/ui/fonts/Courier-Prime.ttf
17:14:49.017 [JavaFX Application Thread] DEBUG Input                - Clearing active input actions
17:14:49.034 [JavaFX Application Thread] DEBUG GameApplicationServi - Removing overlay from FXGLLoadingScene and adding to GameScene
17:14:49.035 [JavaFX Application Thread] DEBUG PrimaryStageWindow   - FXGLLoadingScene -> GameScene
17:14:49.143 [JavaFX Application Thread] DEBUG FXGLApplication      - Registering font factories with UI factory
17:14:49.488 [FXGL Background Thread 2 ] INFO  UpdaterService       - Your current version:  dev-SNAPSHOT
17:14:49.488 [FXGL Background Thread 2 ] INFO  UpdaterService       - Latest stable version: 11.14
17:14:51.506 [FXGL Background Thread 3 ] DEBUG Engine               - Logging environment variables
17:14:51.507 [FXGL Background Thread 3 ] DEBUG Engine               - achievements: []
17:14:51.507 [FXGL Background Thread 3 ] DEBUG Engine               - actualHeight: 600.0
17:14:51.507 [FXGL Background Thread 3 ] DEBUG Engine               - actualHeightProperty: ReadOnlyDoubleProperty [value: 600.0]
17:14:51.507 [FXGL Background Thread 3 ] DEBUG Engine               - actualWidth: 1000.0
17:14:51.507 [FXGL Background Thread 3 ] DEBUG Engine               - actualWidthProperty: ReadOnlyDoubleProperty [value: 1000.0]
17:14:51.507 [FXGL Background Thread 3 ] DEBUG Engine               - appIcon: fxgl_icon.png
17:14:51.507 [FXGL Background Thread 3 ] DEBUG Engine               - applicationMode: DEVELOPER
17:14:51.507 [FXGL Background Thread 3 ] DEBUG Engine               - cSSList: [fxgl_dark.css]
17:14:51.508 [FXGL Background Thread 3 ] DEBUG Engine               - collisionDetectionStrategy: BRUTE_FORCE
17:14:51.508 [FXGL Background Thread 3 ] DEBUG Engine               - configClass: Optional.empty
17:14:51.508 [FXGL Background Thread 3 ] DEBUG Engine               - credits: []
17:14:51.508 [FXGL Background Thread 3 ] DEBUG Engine               - devBBoxColorProperty: ObjectProperty [value: 0xff0000ff]
17:14:51.508 [FXGL Background Thread 3 ] DEBUG Engine               - devEnableDebugCameraProperty: BooleanProperty [value: false]
17:14:51.509 [FXGL Background Thread 3 ] DEBUG Engine               - devSensorColorProperty: ObjectProperty [value: 0xffff00ff]
17:14:51.509 [FXGL Background Thread 3 ] DEBUG Engine               - devShowBBoxProperty: BooleanProperty [value: false]
17:14:51.509 [FXGL Background Thread 3 ] DEBUG Engine               - devShowPositionProperty: BooleanProperty [value: false]
17:14:51.509 [FXGL Background Thread 3 ] DEBUG Engine               - enabledMenuItems: []
17:14:51.509 [FXGL Background Thread 3 ] DEBUG Engine               - engineServices: [class com.almasb.fxgl.app.services.FXGLAssetLoaderService, class com.almasb.fxgl.app.FXGLApplication$GameApplicationService, class com.almasb.fxgl.app.services.FXGLDialogService, class com.almasb.fxgl.app.services.IOTaskExecutorService, class com.almasb.fxgl.event.EventBusService, class com.almasb.fxgl.io.FileSystemService, class com.almasb.fxgl.localization.LocalizationService, class com.almasb.fxgl.app.services.SystemBundleService, class com.almasb.fxgl.profile.SaveLoadService, class com.almasb.fxgl.ui.FXGLUIFactoryServiceProvider, class com.almasb.fxgl.ui.FXGLDialogFactoryServiceProvider, class com.almasb.fxgl.audio.AudioPlayer, class com.almasb.fxgl.notification.impl.NotificationServiceProvider, class com.almasb.fxgl.achievement.AchievementService, class com.almasb.fxgl.cutscene.CutsceneService, class com.almasb.fxgl.minigames.MiniGameService, class com.almasb.fxgl.net.NetService, class com.almasb.fxgl.app.services.UpdaterService, class com.almasb.fxgl.dev.DevService]
17:14:51.509 [FXGL Background Thread 3 ] DEBUG Engine               - fontGame: Abel-Regular.ttf
17:14:51.509 [FXGL Background Thread 3 ] DEBUG Engine               - fontMono: lucida_console.ttf
17:14:51.510 [FXGL Background Thread 3 ] DEBUG Engine               - fontText: Courier-Prime.ttf
17:14:51.510 [FXGL Background Thread 3 ] DEBUG Engine               - fontUI: VarelaRound-Regular.ttf
17:14:51.510 [FXGL Background Thread 3 ] DEBUG Engine               - fullScreen: BooleanProperty [value: false]
17:14:51.510 [FXGL Background Thread 3 ] DEBUG Engine               - gameDifficulty: MEDIUM
17:14:51.510 [FXGL Background Thread 3 ] DEBUG Engine               - gameDifficultyProperty: ObjectProperty [value: MEDIUM]
17:14:51.510 [FXGL Background Thread 3 ] DEBUG Engine               - globalMusicVolume: 0.5
17:14:51.511 [FXGL Background Thread 3 ] DEBUG Engine               - globalMusicVolumeProperty: DoubleProperty [value: 0.5]
17:14:51.511 [FXGL Background Thread 3 ] DEBUG Engine               - globalSoundVolume: 0.5
17:14:51.511 [FXGL Background Thread 3 ] DEBUG Engine               - globalSoundVolumeProperty: DoubleProperty [value: 0.5]
17:14:51.511 [FXGL Background Thread 3 ] DEBUG Engine               - height: 600
17:14:51.512 [FXGL Background Thread 3 ] DEBUG Engine               - isAndroid: false
17:14:51.513 [FXGL Background Thread 3 ] DEBUG Engine               - isBrowser: false
17:14:51.514 [FXGL Background Thread 3 ] DEBUG Engine               - isClickFeedbackEnabled: false
17:14:51.515 [FXGL Background Thread 3 ] DEBUG Engine               - isCloseConfirmation: false
17:14:51.515 [FXGL Background Thread 3 ] DEBUG Engine               - isDesktop: true
17:14:51.515 [FXGL Background Thread 3 ] DEBUG Engine               - isDeveloperMenuEnabled: false
17:14:51.515 [FXGL Background Thread 3 ] DEBUG Engine               - isEntityPreloadEnabled: true
17:14:51.515 [FXGL Background Thread 3 ] DEBUG Engine               - isExperimental3D: false
17:14:51.515 [FXGL Background Thread 3 ] DEBUG Engine               - isExperimentalNative: false
17:14:51.515 [FXGL Background Thread 3 ] DEBUG Engine               - isExperimentalTiledLargeMap: false
17:14:51.515 [FXGL Background Thread 3 ] DEBUG Engine               - isFileSystemWriteAllowed: true
17:14:51.516 [FXGL Background Thread 3 ] DEBUG Engine               - isFullScreenAllowed: false
17:14:51.516 [FXGL Background Thread 3 ] DEBUG Engine               - isFullScreenFromStart: false
17:14:51.516 [FXGL Background Thread 3 ] DEBUG Engine               - isGameMenuEnabled: true
17:14:51.516 [FXGL Background Thread 3 ] DEBUG Engine               - isIOS: false
17:14:51.516 [FXGL Background Thread 3 ] DEBUG Engine               - isIntroEnabled: false
17:14:51.516 [FXGL Background Thread 3 ] DEBUG Engine               - isLinux: false
17:14:51.516 [FXGL Background Thread 3 ] DEBUG Engine               - isMac: false
17:14:51.516 [FXGL Background Thread 3 ] DEBUG Engine               - isMainMenuEnabled: false
17:14:51.516 [FXGL Background Thread 3 ] DEBUG Engine               - isManualResizeEnabled: false
17:14:51.517 [FXGL Background Thread 3 ] DEBUG Engine               - isMobile: false
17:14:51.517 [FXGL Background Thread 3 ] DEBUG Engine               - isPreserveResizeRatio: false
17:14:51.517 [FXGL Background Thread 3 ] DEBUG Engine               - isProfilingEnabled: false
17:14:51.517 [FXGL Background Thread 3 ] DEBUG Engine               - isScaleAffectedOnResize: true
17:14:51.517 [FXGL Background Thread 3 ] DEBUG Engine               - isSingleStep: false
17:14:51.517 [FXGL Background Thread 3 ] DEBUG Engine               - isUserProfileEnabled: false
17:14:51.517 [FXGL Background Thread 3 ] DEBUG Engine               - isWindows: true
17:14:51.517 [FXGL Background Thread 3 ] DEBUG Engine               - language: ObjectProperty [value: ENGLISH]
17:14:51.517 [FXGL Background Thread 3 ] DEBUG Engine               - menuKey: ESCAPE
17:14:51.517 [FXGL Background Thread 3 ] DEBUG Engine               - notificationViewClass: class com.almasb.fxgl.notification.view.XboxNotificationView
17:14:51.517 [FXGL Background Thread 3 ] DEBUG Engine               - pixelsPerMeter: 50.0
17:14:51.518 [FXGL Background Thread 3 ] DEBUG Engine               - platform: WINDOWS
17:14:51.518 [FXGL Background Thread 3 ] DEBUG Engine               - prefHeightProperty: ReadOnlyDoubleProperty [value: 600.0]
17:14:51.518 [FXGL Background Thread 3 ] DEBUG Engine               - prefWidthProperty: ReadOnlyDoubleProperty [value: 1000.0]
17:14:51.518 [FXGL Background Thread 3 ] DEBUG Engine               - profileDir: profiles/
17:14:51.519 [FXGL Background Thread 3 ] DEBUG Engine               - profileName: StringProperty [value: DEFAULT]
17:14:51.519 [FXGL Background Thread 3 ] DEBUG Engine               - randomSeed: -1
17:14:51.519 [FXGL Background Thread 3 ] DEBUG Engine               - runtimeInfo: RuntimeInfo(platform=WINDOWS, version=dev-SNAPSHOT, build=25.02.2021 13.59)
17:14:51.519 [FXGL Background Thread 3 ] DEBUG Engine               - saveFileExt: sav
17:14:51.519 [FXGL Background Thread 3 ] DEBUG Engine               - scaledHeightProp$fxgl: DoubleProperty [bound, value: 600.0]
17:14:51.519 [FXGL Background Thread 3 ] DEBUG Engine               - scaledWidthProp$fxgl: DoubleProperty [bound, value: 1000.0]
17:14:51.519 [FXGL Background Thread 3 ] DEBUG Engine               - sceneFactory: com.almasb.fxgl.app.scene.SceneFactory@2dcd0b9b
17:14:51.520 [FXGL Background Thread 3 ] DEBUG Engine               - secondsIn24h: 60
17:14:51.520 [FXGL Background Thread 3 ] DEBUG Engine               - soundMenuBack: menu/back.wav
17:14:51.520 [FXGL Background Thread 3 ] DEBUG Engine               - soundMenuPress: menu/press.wav
17:14:51.520 [FXGL Background Thread 3 ] DEBUG Engine               - soundMenuSelect: menu/select.wav
17:14:51.520 [FXGL Background Thread 3 ] DEBUG Engine               - soundNotification: core/notification.wav
17:14:51.520 [FXGL Background Thread 3 ] DEBUG Engine               - stageStyle: DECORATED
17:14:51.520 [FXGL Background Thread 3 ] DEBUG Engine               - supportedLanguages: [ENGLISH, FRENCH, GERMAN, HUNGARIAN, RUSSIAN]
17:14:51.520 [FXGL Background Thread 3 ] DEBUG Engine               - ticksPerSecond: -1
17:14:51.520 [FXGL Background Thread 3 ] DEBUG Engine               - title: test
17:14:51.521 [FXGL Background Thread 3 ] DEBUG Engine               - urlGithub: https://github.com/AlmasB/FXGL
17:14:51.521 [FXGL Background Thread 3 ] DEBUG Engine               - urlLeaderboard: http://fxgl-top.herokuapp.com/
17:14:51.521 [FXGL Background Thread 3 ] DEBUG Engine               - urlPOM: https://raw.githubusercontent.com/AlmasB/FXGL/release/README.md
17:14:51.521 [FXGL Background Thread 3 ] DEBUG Engine               - userAppClass: class BreakoutGame
17:14:51.521 [FXGL Background Thread 3 ] DEBUG Engine               - version: 1.0
17:14:51.521 [FXGL Background Thread 3 ] DEBUG Engine               - versionCheckDays: 7
17:14:51.521 [FXGL Background Thread 3 ] DEBUG Engine               - width: 1000
17:14:51.521 [FXGL Background Thread 3 ] DEBUG Engine               - Logging services
17:14:51.522 [FXGL Background Thread 3 ] DEBUG Engine               - class com.almasb.fxgl.app.services.FXGLAssetLoaderService
17:14:51.522 [FXGL Background Thread 3 ] DEBUG Engine               - class com.almasb.fxgl.app.FXGLApplication$GameApplicationService
17:14:51.522 [FXGL Background Thread 3 ] DEBUG Engine               - class com.almasb.fxgl.app.services.FXGLDialogService
17:14:51.522 [FXGL Background Thread 3 ] DEBUG Engine               - class com.almasb.fxgl.app.services.IOTaskExecutorService
17:14:51.522 [FXGL Background Thread 3 ] DEBUG Engine               - class com.almasb.fxgl.event.EventBusService
17:14:51.522 [FXGL Background Thread 3 ] DEBUG Engine               - class com.almasb.fxgl.io.FileSystemService
17:14:51.522 [FXGL Background Thread 3 ] DEBUG Engine               - class com.almasb.fxgl.localization.LocalizationService
17:14:51.522 [FXGL Background Thread 3 ] DEBUG Engine               - class com.almasb.fxgl.app.services.SystemBundleService
17:14:51.523 [FXGL Background Thread 3 ] DEBUG Engine               - class com.almasb.fxgl.profile.SaveLoadService
17:14:51.523 [FXGL Background Thread 3 ] DEBUG Engine               - class com.almasb.fxgl.ui.FXGLUIFactoryServiceProvider
17:14:51.523 [FXGL Background Thread 3 ] DEBUG Engine               - class com.almasb.fxgl.ui.FXGLDialogFactoryServiceProvider
17:14:51.523 [FXGL Background Thread 3 ] DEBUG Engine               - class com.almasb.fxgl.audio.AudioPlayer
17:14:51.523 [FXGL Background Thread 3 ] DEBUG Engine               - class com.almasb.fxgl.notification.impl.NotificationServiceProvider
17:14:51.523 [FXGL Background Thread 3 ] DEBUG Engine               - class com.almasb.fxgl.achievement.AchievementService
17:14:51.523 [FXGL Background Thread 3 ] DEBUG Engine               - class com.almasb.fxgl.cutscene.CutsceneService
17:14:51.523 [FXGL Background Thread 3 ] DEBUG Engine               - class com.almasb.fxgl.minigames.MiniGameService
17:14:51.523 [FXGL Background Thread 3 ] DEBUG Engine               - class com.almasb.fxgl.net.NetService
17:14:51.523 [FXGL Background Thread 3 ] DEBUG Engine               - class com.almasb.fxgl.app.services.UpdaterService
17:14:51.523 [FXGL Background Thread 3 ] DEBUG Engine               - class com.almasb.fxgl.dev.DevService
17:14:52.867 [JavaFX Application Thread] DEBUG FXGLAssetLoaderServi - Loading from file system: file:/C:/Users/Jainfamily/AP%20JAVA/fxgl%20graphics/mainProject/target/classes/assets/textures/newBullet.png
17:15:05.653 [JavaFX Application Thread] DEBUG FXGLApplication      - Exiting FXGL
17:15:05.654 [JavaFX Application Thread] DEBUG LoopRunner           - Stopping loop
17:15:05.654 [JavaFX Application Thread] DEBUG SystemBundleService  - Saving FXGL system data
17:15:05.660 [JavaFX Application Thread] DEBUG FileSystemAccess     - Writing to: C:\Users\Jainfamily\AP JAVA\fxgl graphics\mainProject\system\fxgl.bundle
17:15:05.669 [JavaFX Application Thread] DEBUG Async                - Shutting down background threads
17:15:05.670 [JavaFX Application Thread] DEBUG PrimaryStageWindow   - Closing main window
17:15:05.710 [JavaFX Application Thread] DEBUG Logger               - Closing Logger
