17:37:02.144 [main                     ] DEBUG Logger               - Configured Logger
17:37:02.161 [main                     ] DEBUG GameApplication      - Logging settings
Title: test
Version: 1.0
Width: 1000
Height: 600
Fullscreen: false
Intro: false
Profiling: false
Single step:false
App Mode: DEVELOPER
Menu Key: ESCAPE
Stage Style: DECORATED
Scene Factory: class com.almasb.fxgl.app.scene.SceneFactory

17:37:15.064 [JavaFX Application Thread] DEBUG FXGLApplication      - Initializing FXGL
17:37:15.070 [JavaFX Application Thread] INFO  Engine               - FXGL-dev-SNAPSHOT (25.02.2021 13.59) on WINDOWS (J:14.0.2 FX:15)
17:37:15.070 [JavaFX Application Thread] DEBUG Engine               - JRE Vendor Name: Oracle Corporation
17:37:15.070 [JavaFX Application Thread] DEBUG Engine               - Running on OS: Windows 10 version 10.0
17:37:15.071 [JavaFX Application Thread] DEBUG Engine               - Architecture: amd64
17:37:15.071 [JavaFX Application Thread] INFO  Engine               - Source code and latest versions at: https://github.com/AlmasB/FXGL
17:37:15.071 [JavaFX Application Thread] INFO  Engine               -              Join the FXGL chat at: https://gitter.im/AlmasB/FXGL
17:37:15.263 [JavaFX Application Thread] DEBUG PrimaryStageWindow   - Creating a JavaFX scene
17:37:21.389 [JavaFX Application Thread] DEBUG PrimaryStageWindow   - Target settings size: 1000.0 x 600.0
17:37:21.389 [JavaFX Application Thread] DEBUG PrimaryStageWindow   - Scaled scene size:    1000.0 x 600.0
17:37:21.390 [JavaFX Application Thread] DEBUG PrimaryStageWindow   - Scaled ratio: (1.0, 1.0)
17:37:21.392 [JavaFX Application Thread] DEBUG PrimaryStageWindow   - Set initial scene to FXGLStartupScene
17:37:21.405 [JavaFX Application Thread] DEBUG PrimaryStageWindow   - Opening main window
17:37:21.546 [JavaFX Application Thread] DEBUG PrimaryStageWindow   - Window border size: (14.4000244140625, 37.5999755859375)
17:37:21.546 [JavaFX Application Thread] DEBUG PrimaryStageWindow   - Scaled size: 1000.0 x 600.0
17:37:21.547 [JavaFX Application Thread] DEBUG PrimaryStageWindow   - Scaled ratio: (1.0, 1.0)
17:37:21.547 [JavaFX Application Thread] DEBUG PrimaryStageWindow   - Scene size: 1000.0 x 600.0
17:37:21.547 [JavaFX Application Thread] DEBUG PrimaryStageWindow   - Stage size: 1014.4000244140625 x 637.5999755859375
17:37:21.556 [FXGL Background Thread 1 ] DEBUG Engine               - Initializing environment variables
17:37:21.620 [FXGL Background Thread 1 ] DEBUG FXGLAssetLoaderServi - User app class for loading assets: class BreakoutGame
17:37:21.621 [FXGL Background Thread 1 ] DEBUG GameApplicationServi - Applying CSS: fxgl_dark.css
17:37:21.622 [FXGL Background Thread 1 ] DEBUG FXGLAssetLoaderServi - Loading from file system: jar:file:/C:/Users/Jainfamily/.m2/repository/com/github/almasb/fxgl/dev-SNAPSHOT/fxgl-dev-20210225.140003-1682.jar!/fxglassets/ui/css/fxgl_dark.css
17:37:21.696 [FXGL Background Thread 1 ] DEBUG GameApplicationServi - Initializing application scenes
17:37:21.809 [FXGL Background Thread 1 ] DEBUG GameWorld            - BreakoutGame world initialized
17:37:21.914 [FXGL Background Thread 1 ] DEBUG PhysicsWorld         - Physics world initialized: appHeight=600, physics.ppm=50.0
17:37:21.915 [FXGL Background Thread 1 ] DEBUG PhysicsWorld         - Using strategy: BRUTE_FORCE
17:37:21.918 [FXGL Background Thread 1 ] DEBUG GameScene            - BreakoutGame scene initialized: 1000x600
17:37:21.974 [FXGL Background Thread 1 ] DEBUG FXGLAssetLoaderServi - Loading from file system: jar:file:/C:/Users/Jainfamily/.m2/repository/com/github/almasb/fxgl/dev-SNAPSHOT/fxgl-dev-20210225.140003-1682.jar!/fxglassets/textures/particles/trace_horizontal.png
17:37:22.054 [FXGL Background Thread 1 ] DEBUG FXGL.DefaultMenu     - createMenuBodyGameMenu()
17:37:22.077 [FXGL Background Thread 1 ] DEBUG FXGL.DefaultMenu     - createOptionsMenu()
17:37:22.086 [FXGL Background Thread 1 ] DEBUG FXGLAssetLoaderServi - Loading from file system: jar:file:/C:/Users/Jainfamily/.m2/repository/com/github/almasb/fxgl/dev-SNAPSHOT/fxgl-dev-20210225.140003-1682.jar!/fxglassets/textures/particles/smoke.png
17:37:22.189 [FXGL Background Thread 1 ] DEBUG GameApplicationServi - Application scenes initialized
17:37:22.209 [FXGL Background Thread 1 ] DEBUG SystemBundleService  - Loading FXGL system data
17:37:22.216 [FXGL Background Thread 1 ] DEBUG FileSystemAccess     - Reading from: C:\Users\Jainfamily\AP JAVA\fxgl graphics\mainProject\system\fxgl.bundle
17:37:22.226 [FXGL Background Thread 1 ] DEBUG SystemBundleService  - Bundle FXGL: {}
17:37:22.226 [FXGL Background Thread 1 ] DEBUG UpdaterService       - Checking for updates
17:37:22.238 [FXGL Background Thread 4 ] DEBUG FXGLApplication      - Loading fonts
17:37:22.240 [FXGL Background Thread 4 ] DEBUG FXGLAssetLoaderServi - Loading from file system: jar:file:/C:/Users/Jainfamily/.m2/repository/com/github/almasb/fxgl/dev-SNAPSHOT/fxgl-dev-20210225.140003-1682.jar!/fxglassets/ui/fonts/VarelaRound-Regular.ttf
17:37:22.239 [FXGL Background Thread 1 ] DEBUG FXGLApplication      - Loading default localization
17:37:22.277 [FXGL Background Thread 1 ] DEBUG FXGLAssetLoaderServi - Loading from file system: jar:file:/C:/Users/Jainfamily/.m2/repository/com/github/almasb/fxgl/dev-SNAPSHOT/fxgl-dev-20210225.140003-1682.jar!/fxglassets/languages/english.lang
17:37:22.328 [FXGL Background Thread 1 ] INFO  FXGLApplication      - FXGL initialization took: 0.772 sec
17:37:22.351 [JavaFX Application Thread] DEBUG Input                - Registered new binding: paddleLeft - Left
17:37:22.351 [JavaFX Application Thread] DEBUG Input                - Registered new binding: paddleRight - Right
17:37:22.351 [JavaFX Application Thread] DEBUG Input                - Registered new binding: shootBullet - Space
17:37:22.352 [JavaFX Application Thread] DEBUG FXGLAssetLoaderServi - Loading from file system: jar:file:/C:/Users/Jainfamily/.m2/repository/com/github/almasb/fxgl/dev-SNAPSHOT/fxgl-dev-20210225.140003-1682.jar!/fxglassets/textures/fxgl_icon.png
17:37:22.396 [JavaFX Application Thread] DEBUG FXGLAssetLoaderServi - Loading from file system: jar:file:/C:/Users/Jainfamily/.m2/repository/com/github/almasb/fxgl/dev-SNAPSHOT/fxgl-dev-20210225.140003-1682.jar!/fxglassets/ui/cursors/fxgl_default.png
17:37:22.400 [JavaFX Application Thread] DEBUG Input                - Registered new binding: Screenshot - P
17:37:22.401 [JavaFX Application Thread] DEBUG Input                - Registered new binding: System info dump - CTRL+9
17:37:22.402 [JavaFX Application Thread] DEBUG Input                - Registered new binding: Restart - CTRL+R
17:37:22.403 [JavaFX Application Thread] DEBUG Input                - Registered new binding: Toggle Debug Camera - CTRL+C
17:37:22.408 [JavaFX Application Thread] DEBUG LoopRunner           - Starting loop
17:37:22.409 [JavaFX Application Thread] DEBUG LoopRunner           - Initializing JavaFX AnimationTimerLoop
17:37:22.438 [JavaFX Application Thread] DEBUG GameApplicationServi - Starting new game
17:37:22.440 [JavaFX Application Thread] DEBUG Input                - Clearing active input actions
17:37:22.460 [JavaFX Application Thread] DEBUG GameApplicationServi - Removing overlay from FXGLStartupScene and adding to FXGLLoadingScene
17:37:22.460 [JavaFX Application Thread] DEBUG PrimaryStageWindow   - FXGLStartupScene -> FXGLLoadingScene
17:37:22.461 [JavaFX Application Thread] DEBUG GameApplicationServi - Clearing previous game
17:37:22.461 [JavaFX Application Thread] DEBUG GameScene            - Clearing game scene
17:37:22.461 [JavaFX Application Thread] DEBUG GameWorld            - Clearing game world
17:37:22.461 [JavaFX Application Thread] DEBUG PhysicsWorld         - Clearing physics world
17:37:22.464 [FXGL Background Thread 1 ] DEBUG FXGLApplication      - Initializing game
17:37:22.470 [FXGL Background Thread 1 ] DEBUG FXGLAssetLoaderServi - Loading from file system: file:/C:/Users/Jainfamily/AP%20JAVA/fxgl%20graphics/mainProject/target/classes/assets/textures/gradient_paddle.png
17:37:22.532 [FXGL Background Thread 1 ] DEBUG FXGLAssetLoaderServi - Loading from file system: file:/C:/Users/Jainfamily/AP%20JAVA/fxgl%20graphics/mainProject/target/classes/assets/textures/circle.png
17:37:22.542 [FXGL Background Thread 1 ] DEBUG FXGLAssetLoaderServi - Loading from file system: file:/C:/Users/Jainfamily/AP%20JAVA/fxgl%20graphics/mainProject/target/classes/assets/textures/blueBrick.png
17:37:22.561 [FXGL Background Thread 4 ] DEBUG FXGLAssetLoaderServi - Loading from file system: jar:file:/C:/Users/Jainfamily/.m2/repository/com/github/almasb/fxgl/dev-SNAPSHOT/fxgl-dev-20210225.140003-1682.jar!/fxglassets/ui/fonts/Abel-Regular.ttf
17:37:22.600 [FXGL Background Thread 1 ] INFO  FXGLApplication      - BreakoutGame initialization took: 0.135 sec
17:37:22.737 [FXGL Background Thread 4 ] DEBUG FXGLAssetLoaderServi - Loading from file system: jar:file:/C:/Users/Jainfamily/.m2/repository/com/github/almasb/fxgl/dev-SNAPSHOT/fxgl-dev-20210225.140003-1682.jar!/fxglassets/ui/fonts/lucida_console.ttf
17:37:22.755 [FXGL Background Thread 4 ] DEBUG FXGLAssetLoaderServi - Loading from file system: jar:file:/C:/Users/Jainfamily/.m2/repository/com/github/almasb/fxgl/dev-SNAPSHOT/fxgl-dev-20210225.140003-1682.jar!/fxglassets/ui/fonts/Courier-Prime.ttf
17:37:23.178 [JavaFX Application Thread] DEBUG Input                - Clearing active input actions
17:37:23.195 [JavaFX Application Thread] DEBUG GameApplicationServi - Removing overlay from FXGLLoadingScene and adding to GameScene
17:37:23.196 [JavaFX Application Thread] DEBUG PrimaryStageWindow   - FXGLLoadingScene -> GameScene
17:37:23.202 [JavaFX Application Thread] DEBUG FXGLApplication      - Registering font factories with UI factory
17:37:23.517 [FXGL Background Thread 2 ] INFO  UpdaterService       - Your current version:  dev-SNAPSHOT
17:37:23.517 [FXGL Background Thread 2 ] INFO  UpdaterService       - Latest stable version: 11.14
17:37:25.233 [FXGL Background Thread 3 ] DEBUG Engine               - Logging environment variables
17:37:25.234 [FXGL Background Thread 3 ] DEBUG Engine               - achievements: []
17:37:25.234 [FXGL Background Thread 3 ] DEBUG Engine               - actualHeight: 600.0
17:37:25.234 [FXGL Background Thread 3 ] DEBUG Engine               - actualHeightProperty: ReadOnlyDoubleProperty [value: 600.0]
17:37:25.234 [FXGL Background Thread 3 ] DEBUG Engine               - actualWidth: 1000.0
17:37:25.234 [FXGL Background Thread 3 ] DEBUG Engine               - actualWidthProperty: ReadOnlyDoubleProperty [value: 1000.0]
17:37:25.234 [FXGL Background Thread 3 ] DEBUG Engine               - appIcon: fxgl_icon.png
17:37:25.234 [FXGL Background Thread 3 ] DEBUG Engine               - applicationMode: DEVELOPER
17:37:25.234 [FXGL Background Thread 3 ] DEBUG Engine               - cSSList: [fxgl_dark.css]
17:37:25.234 [FXGL Background Thread 3 ] DEBUG Engine               - collisionDetectionStrategy: BRUTE_FORCE
17:37:25.235 [FXGL Background Thread 3 ] DEBUG Engine               - configClass: Optional.empty
17:37:25.235 [FXGL Background Thread 3 ] DEBUG Engine               - credits: []
17:37:25.235 [FXGL Background Thread 3 ] DEBUG Engine               - devBBoxColorProperty: ObjectProperty [value: 0xff0000ff]
17:37:25.235 [FXGL Background Thread 3 ] DEBUG Engine               - devEnableDebugCameraProperty: BooleanProperty [value: false]
17:37:25.235 [FXGL Background Thread 3 ] DEBUG Engine               - devSensorColorProperty: ObjectProperty [value: 0xffff00ff]
17:37:25.235 [FXGL Background Thread 3 ] DEBUG Engine               - devShowBBoxProperty: BooleanProperty [value: false]
17:37:25.235 [FXGL Background Thread 3 ] DEBUG Engine               - devShowPositionProperty: BooleanProperty [value: false]
17:37:25.235 [FXGL Background Thread 3 ] DEBUG Engine               - enabledMenuItems: []
17:37:25.235 [FXGL Background Thread 3 ] DEBUG Engine               - engineServices: [class com.almasb.fxgl.app.services.FXGLAssetLoaderService, class com.almasb.fxgl.app.FXGLApplication$GameApplicationService, class com.almasb.fxgl.app.services.FXGLDialogService, class com.almasb.fxgl.app.services.IOTaskExecutorService, class com.almasb.fxgl.event.EventBusService, class com.almasb.fxgl.io.FileSystemService, class com.almasb.fxgl.localization.LocalizationService, class com.almasb.fxgl.app.services.SystemBundleService, class com.almasb.fxgl.profile.SaveLoadService, class com.almasb.fxgl.ui.FXGLUIFactoryServiceProvider, class com.almasb.fxgl.ui.FXGLDialogFactoryServiceProvider, class com.almasb.fxgl.audio.AudioPlayer, class com.almasb.fxgl.notification.impl.NotificationServiceProvider, class com.almasb.fxgl.achievement.AchievementService, class com.almasb.fxgl.cutscene.CutsceneService, class com.almasb.fxgl.minigames.MiniGameService, class com.almasb.fxgl.net.NetService, class com.almasb.fxgl.app.services.UpdaterService, class com.almasb.fxgl.dev.DevService]
17:37:25.236 [FXGL Background Thread 3 ] DEBUG Engine               - fontGame: Abel-Regular.ttf
17:37:25.236 [FXGL Background Thread 3 ] DEBUG Engine               - fontMono: lucida_console.ttf
17:37:25.236 [FXGL Background Thread 3 ] DEBUG Engine               - fontText: Courier-Prime.ttf
17:37:25.236 [FXGL Background Thread 3 ] DEBUG Engine               - fontUI: VarelaRound-Regular.ttf
17:37:25.236 [FXGL Background Thread 3 ] DEBUG Engine               - fullScreen: BooleanProperty [value: false]
17:37:25.236 [FXGL Background Thread 3 ] DEBUG Engine               - gameDifficulty: MEDIUM
17:37:25.236 [FXGL Background Thread 3 ] DEBUG Engine               - gameDifficultyProperty: ObjectProperty [value: MEDIUM]
17:37:25.236 [FXGL Background Thread 3 ] DEBUG Engine               - globalMusicVolume: 0.5
17:37:25.237 [FXGL Background Thread 3 ] DEBUG Engine               - globalMusicVolumeProperty: DoubleProperty [value: 0.5]
17:37:25.237 [FXGL Background Thread 3 ] DEBUG Engine               - globalSoundVolume: 0.5
17:37:25.237 [FXGL Background Thread 3 ] DEBUG Engine               - globalSoundVolumeProperty: DoubleProperty [value: 0.5]
17:37:25.237 [FXGL Background Thread 3 ] DEBUG Engine               - height: 600
17:37:25.237 [FXGL Background Thread 3 ] DEBUG Engine               - isAndroid: false
17:37:25.237 [FXGL Background Thread 3 ] DEBUG Engine               - isBrowser: false
17:37:25.237 [FXGL Background Thread 3 ] DEBUG Engine               - isClickFeedbackEnabled: false
17:37:25.237 [FXGL Background Thread 3 ] DEBUG Engine               - isCloseConfirmation: false
17:37:25.237 [FXGL Background Thread 3 ] DEBUG Engine               - isDesktop: true
17:37:25.238 [FXGL Background Thread 3 ] DEBUG Engine               - isDeveloperMenuEnabled: false
17:37:25.238 [FXGL Background Thread 3 ] DEBUG Engine               - isEntityPreloadEnabled: true
17:37:25.238 [FXGL Background Thread 3 ] DEBUG Engine               - isExperimental3D: false
17:37:25.238 [FXGL Background Thread 3 ] DEBUG Engine               - isExperimentalNative: false
17:37:25.238 [FXGL Background Thread 3 ] DEBUG Engine               - isExperimentalTiledLargeMap: false
17:37:25.238 [FXGL Background Thread 3 ] DEBUG Engine               - isFileSystemWriteAllowed: true
17:37:25.238 [FXGL Background Thread 3 ] DEBUG Engine               - isFullScreenAllowed: false
17:37:25.238 [FXGL Background Thread 3 ] DEBUG Engine               - isFullScreenFromStart: false
17:37:25.238 [FXGL Background Thread 3 ] DEBUG Engine               - isGameMenuEnabled: true
17:37:25.238 [FXGL Background Thread 3 ] DEBUG Engine               - isIOS: false
17:37:25.238 [FXGL Background Thread 3 ] DEBUG Engine               - isIntroEnabled: false
17:37:25.238 [FXGL Background Thread 3 ] DEBUG Engine               - isLinux: false
17:37:25.238 [FXGL Background Thread 3 ] DEBUG Engine               - isMac: false
17:37:25.239 [FXGL Background Thread 3 ] DEBUG Engine               - isMainMenuEnabled: false
17:37:25.239 [FXGL Background Thread 3 ] DEBUG Engine               - isManualResizeEnabled: false
17:37:25.239 [FXGL Background Thread 3 ] DEBUG Engine               - isMobile: false
17:37:25.239 [FXGL Background Thread 3 ] DEBUG Engine               - isPreserveResizeRatio: false
17:37:25.239 [FXGL Background Thread 3 ] DEBUG Engine               - isProfilingEnabled: false
17:37:25.239 [FXGL Background Thread 3 ] DEBUG Engine               - isScaleAffectedOnResize: true
17:37:25.239 [FXGL Background Thread 3 ] DEBUG Engine               - isSingleStep: false
17:37:25.239 [FXGL Background Thread 3 ] DEBUG Engine               - isUserProfileEnabled: false
17:37:25.239 [FXGL Background Thread 3 ] DEBUG Engine               - isWindows: true
17:37:25.239 [FXGL Background Thread 3 ] DEBUG Engine               - language: ObjectProperty [value: ENGLISH]
17:37:25.239 [FXGL Background Thread 3 ] DEBUG Engine               - menuKey: ESCAPE
17:37:25.239 [FXGL Background Thread 3 ] DEBUG Engine               - notificationViewClass: class com.almasb.fxgl.notification.view.XboxNotificationView
17:37:25.239 [FXGL Background Thread 3 ] DEBUG Engine               - pixelsPerMeter: 50.0
17:37:25.240 [FXGL Background Thread 3 ] DEBUG Engine               - platform: WINDOWS
17:37:25.240 [FXGL Background Thread 3 ] DEBUG Engine               - prefHeightProperty: ReadOnlyDoubleProperty [value: 600.0]
17:37:25.240 [FXGL Background Thread 3 ] DEBUG Engine               - prefWidthProperty: ReadOnlyDoubleProperty [value: 1000.0]
17:37:25.240 [FXGL Background Thread 3 ] DEBUG Engine               - profileDir: profiles/
17:37:25.240 [FXGL Background Thread 3 ] DEBUG Engine               - profileName: StringProperty [value: DEFAULT]
17:37:25.240 [FXGL Background Thread 3 ] DEBUG Engine               - randomSeed: -1
17:37:25.240 [FXGL Background Thread 3 ] DEBUG Engine               - runtimeInfo: RuntimeInfo(platform=WINDOWS, version=dev-SNAPSHOT, build=25.02.2021 13.59)
17:37:25.240 [FXGL Background Thread 3 ] DEBUG Engine               - saveFileExt: sav
17:37:25.241 [FXGL Background Thread 3 ] DEBUG Engine               - scaledHeightProp$fxgl: DoubleProperty [bound, value: 600.0]
17:37:25.241 [FXGL Background Thread 3 ] DEBUG Engine               - scaledWidthProp$fxgl: DoubleProperty [bound, value: 1000.0]
17:37:25.241 [FXGL Background Thread 3 ] DEBUG Engine               - sceneFactory: com.almasb.fxgl.app.scene.SceneFactory@5ef5e6a6
17:37:25.241 [FXGL Background Thread 3 ] DEBUG Engine               - secondsIn24h: 60
17:37:25.241 [FXGL Background Thread 3 ] DEBUG Engine               - soundMenuBack: menu/back.wav
17:37:25.241 [FXGL Background Thread 3 ] DEBUG Engine               - soundMenuPress: menu/press.wav
17:37:25.241 [FXGL Background Thread 3 ] DEBUG Engine               - soundMenuSelect: menu/select.wav
17:37:25.241 [FXGL Background Thread 3 ] DEBUG Engine               - soundNotification: core/notification.wav
17:37:25.241 [FXGL Background Thread 3 ] DEBUG Engine               - stageStyle: DECORATED
17:37:25.241 [FXGL Background Thread 3 ] DEBUG Engine               - supportedLanguages: [ENGLISH, FRENCH, GERMAN, HUNGARIAN, RUSSIAN]
17:37:25.241 [FXGL Background Thread 3 ] DEBUG Engine               - ticksPerSecond: -1
17:37:25.241 [FXGL Background Thread 3 ] DEBUG Engine               - title: test
17:37:25.241 [FXGL Background Thread 3 ] DEBUG Engine               - urlGithub: https://github.com/AlmasB/FXGL
17:37:25.242 [FXGL Background Thread 3 ] DEBUG Engine               - urlLeaderboard: http://fxgl-top.herokuapp.com/
17:37:25.242 [FXGL Background Thread 3 ] DEBUG Engine               - urlPOM: https://raw.githubusercontent.com/AlmasB/FXGL/release/README.md
17:37:25.242 [FXGL Background Thread 3 ] DEBUG Engine               - userAppClass: class BreakoutGame
17:37:25.242 [FXGL Background Thread 3 ] DEBUG Engine               - version: 1.0
17:37:25.242 [FXGL Background Thread 3 ] DEBUG Engine               - versionCheckDays: 7
17:37:25.242 [FXGL Background Thread 3 ] DEBUG Engine               - width: 1000
17:37:25.242 [FXGL Background Thread 3 ] DEBUG Engine               - Logging services
17:37:25.242 [FXGL Background Thread 3 ] DEBUG Engine               - class com.almasb.fxgl.app.services.FXGLAssetLoaderService
17:37:25.242 [FXGL Background Thread 3 ] DEBUG Engine               - class com.almasb.fxgl.app.FXGLApplication$GameApplicationService
17:37:25.242 [FXGL Background Thread 3 ] DEBUG Engine               - class com.almasb.fxgl.app.services.FXGLDialogService
17:37:25.242 [FXGL Background Thread 3 ] DEBUG Engine               - class com.almasb.fxgl.app.services.IOTaskExecutorService
17:37:25.242 [FXGL Background Thread 3 ] DEBUG Engine               - class com.almasb.fxgl.event.EventBusService
17:37:25.242 [FXGL Background Thread 3 ] DEBUG Engine               - class com.almasb.fxgl.io.FileSystemService
17:37:25.242 [FXGL Background Thread 3 ] DEBUG Engine               - class com.almasb.fxgl.localization.LocalizationService
17:37:25.242 [FXGL Background Thread 3 ] DEBUG Engine               - class com.almasb.fxgl.app.services.SystemBundleService
17:37:25.243 [FXGL Background Thread 3 ] DEBUG Engine               - class com.almasb.fxgl.profile.SaveLoadService
17:37:25.243 [FXGL Background Thread 3 ] DEBUG Engine               - class com.almasb.fxgl.ui.FXGLUIFactoryServiceProvider
17:37:25.244 [FXGL Background Thread 3 ] DEBUG Engine               - class com.almasb.fxgl.ui.FXGLDialogFactoryServiceProvider
17:37:25.244 [FXGL Background Thread 3 ] DEBUG Engine               - class com.almasb.fxgl.audio.AudioPlayer
17:37:25.245 [FXGL Background Thread 3 ] DEBUG Engine               - class com.almasb.fxgl.notification.impl.NotificationServiceProvider
17:37:25.245 [FXGL Background Thread 3 ] DEBUG Engine               - class com.almasb.fxgl.achievement.AchievementService
17:37:25.245 [FXGL Background Thread 3 ] DEBUG Engine               - class com.almasb.fxgl.cutscene.CutsceneService
17:37:25.246 [FXGL Background Thread 3 ] DEBUG Engine               - class com.almasb.fxgl.minigames.MiniGameService
17:37:25.247 [FXGL Background Thread 3 ] DEBUG Engine               - class com.almasb.fxgl.net.NetService
17:37:25.247 [FXGL Background Thread 3 ] DEBUG Engine               - class com.almasb.fxgl.app.services.UpdaterService
17:37:25.247 [FXGL Background Thread 3 ] DEBUG Engine               - class com.almasb.fxgl.dev.DevService
17:37:31.381 [JavaFX Application Thread] DEBUG FXGLApplication      - Exiting FXGL
17:37:31.382 [JavaFX Application Thread] DEBUG LoopRunner           - Stopping loop
17:37:31.382 [JavaFX Application Thread] DEBUG SystemBundleService  - Saving FXGL system data
17:37:31.390 [JavaFX Application Thread] DEBUG FileSystemAccess     - Writing to: C:\Users\Jainfamily\AP JAVA\fxgl graphics\mainProject\system\fxgl.bundle
17:37:31.400 [JavaFX Application Thread] DEBUG Async                - Shutting down background threads
17:37:31.402 [JavaFX Application Thread] DEBUG PrimaryStageWindow   - Closing main window
17:37:31.437 [JavaFX Application Thread] DEBUG Logger               - Closing Logger
