14:05:23.599 [main                     ] DEBUG Logger               - Configured Logger
14:05:23.613 [main                     ] DEBUG GameApplication      - Logging settings
Title: Breakout Game
Version: 1.0
Width: 1000
Height: 600
Fullscreen: false
Intro: false
Profiling: false
Single step:false
App Mode: RELEASE
Menu Key: ESCAPE
Stage Style: DECORATED
Scene Factory: class com.almasb.fxgl.app.scene.SceneFactory

14:05:36.707 [JavaFX Application Thread] DEBUG FXGLApplication      - Initializing FXGL
14:05:36.712 [JavaFX Application Thread] INFO  Engine               - FXGL-dev-SNAPSHOT (25.02.2021 13.59) on WINDOWS (J:14.0.2 FX:15)
14:05:36.712 [JavaFX Application Thread] DEBUG Engine               - JRE Vendor Name: Oracle Corporation
14:05:36.712 [JavaFX Application Thread] DEBUG Engine               - Running on OS: Windows 10 version 10.0
14:05:36.712 [JavaFX Application Thread] DEBUG Engine               - Architecture: amd64
14:05:36.712 [JavaFX Application Thread] INFO  Engine               - Source code and latest versions at: https://github.com/AlmasB/FXGL
14:05:36.713 [JavaFX Application Thread] INFO  Engine               -              Join the FXGL chat at: https://gitter.im/AlmasB/FXGL
14:05:37.005 [JavaFX Application Thread] DEBUG PrimaryStageWindow   - Creating a JavaFX scene
14:05:43.168 [JavaFX Application Thread] DEBUG PrimaryStageWindow   - Target settings size: 1000.0 x 600.0
14:05:43.169 [JavaFX Application Thread] DEBUG PrimaryStageWindow   - Scaled scene size:    1000.0 x 600.0
14:05:43.170 [JavaFX Application Thread] DEBUG PrimaryStageWindow   - Scaled ratio: (1.0, 1.0)
14:05:43.173 [JavaFX Application Thread] DEBUG PrimaryStageWindow   - Set initial scene to FXGLStartupScene
14:05:43.184 [JavaFX Application Thread] DEBUG PrimaryStageWindow   - Opening main window
14:05:43.369 [JavaFX Application Thread] DEBUG PrimaryStageWindow   - Window border size: (14.4000244140625, 37.5999755859375)
14:05:43.370 [JavaFX Application Thread] DEBUG PrimaryStageWindow   - Scaled size: 1000.0 x 600.0
14:05:43.370 [JavaFX Application Thread] DEBUG PrimaryStageWindow   - Scaled ratio: (1.0, 1.0)
14:05:43.371 [JavaFX Application Thread] DEBUG PrimaryStageWindow   - Scene size: 1000.0 x 600.0
14:05:43.371 [JavaFX Application Thread] DEBUG PrimaryStageWindow   - Stage size: 1014.4000244140625 x 637.5999755859375
14:05:43.393 [FXGL Background Thread 1 ] DEBUG Engine               - Initializing environment variables
14:05:43.519 [FXGL Background Thread 1 ] DEBUG FXGLAssetLoaderServi - User app class for loading assets: class Game
14:05:43.520 [FXGL Background Thread 1 ] DEBUG GameApplicationServi - Applying CSS: fxgl_dark.css
14:05:43.521 [FXGL Background Thread 1 ] DEBUG FXGLAssetLoaderServi - Loading from file system: jar:file:/C:/Users/Jainfamily/.m2/repository/com/github/almasb/fxgl/dev-SNAPSHOT/fxgl-dev-20210225.140003-1682.jar!/fxglassets/ui/css/fxgl_dark.css
14:05:43.636 [FXGL Background Thread 1 ] DEBUG GameApplicationServi - Initializing application scenes
14:05:43.802 [FXGL Background Thread 1 ] DEBUG GameWorld            - Game world initialized
14:05:44.013 [FXGL Background Thread 1 ] DEBUG PhysicsWorld         - Physics world initialized: appHeight=600, physics.ppm=50.0
14:05:44.014 [FXGL Background Thread 1 ] DEBUG PhysicsWorld         - Using strategy: BRUTE_FORCE
14:05:44.021 [FXGL Background Thread 1 ] DEBUG GameScene            - Game scene initialized: 1000x600
14:05:44.122 [FXGL Background Thread 1 ] DEBUG FXGLAssetLoaderServi - Loading from file system: jar:file:/C:/Users/Jainfamily/.m2/repository/com/github/almasb/fxgl/dev-SNAPSHOT/fxgl-dev-20210225.140003-1682.jar!/fxglassets/textures/particles/trace_horizontal.png
14:05:44.301 [FXGL Background Thread 1 ] DEBUG FXGL.DefaultMenu     - createMenuBodyGameMenu()
14:05:44.339 [FXGL Background Thread 1 ] DEBUG FXGL.DefaultMenu     - createOptionsMenu()
14:05:44.369 [FXGL Background Thread 1 ] DEBUG FXGLAssetLoaderServi - Loading from file system: jar:file:/C:/Users/Jainfamily/.m2/repository/com/github/almasb/fxgl/dev-SNAPSHOT/fxgl-dev-20210225.140003-1682.jar!/fxglassets/textures/particles/smoke.png
14:05:44.559 [FXGL Background Thread 1 ] DEBUG GameApplicationServi - Application scenes initialized
14:05:44.607 [FXGL Background Thread 1 ] DEBUG SystemBundleService  - Loading FXGL system data
14:05:44.623 [FXGL Background Thread 1 ] DEBUG FileSystemAccess     - Reading from: C:\Users\Jainfamily\AP JAVA\fxgl graphics\mainProject\system\fxgl.bundle
14:05:44.640 [FXGL Background Thread 1 ] DEBUG SystemBundleService  - Bundle FXGL: {}
14:05:44.650 [FXGL Background Thread 1 ] DEBUG FXGLApplication      - Loading default localization
14:05:44.651 [FXGL Background Thread 1 ] DEBUG FXGLAssetLoaderServi - Loading from file system: jar:file:/C:/Users/Jainfamily/.m2/repository/com/github/almasb/fxgl/dev-SNAPSHOT/fxgl-dev-20210225.140003-1682.jar!/fxglassets/languages/english.lang
14:05:44.664 [FXGL Background Thread 3 ] DEBUG FXGLApplication      - Loading fonts
14:05:44.669 [FXGL Background Thread 3 ] DEBUG FXGLAssetLoaderServi - Loading from file system: jar:file:/C:/Users/Jainfamily/.m2/repository/com/github/almasb/fxgl/dev-SNAPSHOT/fxgl-dev-20210225.140003-1682.jar!/fxglassets/ui/fonts/VarelaRound-Regular.ttf
14:05:44.693 [FXGL Background Thread 1 ] INFO  FXGLApplication      - FXGL initialization took: 1.299 sec
14:05:44.726 [JavaFX Application Thread] DEBUG Input                - Registered new binding: paddleLeft - Left
14:05:44.727 [JavaFX Application Thread] DEBUG Input                - Registered new binding: paddleRight - Right
14:05:44.728 [JavaFX Application Thread] DEBUG Input                - Registered new binding: shootBullet - Space
14:05:44.729 [JavaFX Application Thread] DEBUG Input                - Registered new binding: enableBallMovement - Enter
14:05:44.730 [JavaFX Application Thread] DEBUG Input                - Registered new binding: restartLevel - R
14:05:44.730 [JavaFX Application Thread] DEBUG Input                - Registered new binding: nextLevel - N
14:05:44.731 [JavaFX Application Thread] DEBUG FXGLAssetLoaderServi - Loading from file system: jar:file:/C:/Users/Jainfamily/.m2/repository/com/github/almasb/fxgl/dev-SNAPSHOT/fxgl-dev-20210225.140003-1682.jar!/fxglassets/textures/fxgl_icon.png
14:05:44.794 [JavaFX Application Thread] DEBUG FXGLAssetLoaderServi - Loading from file system: jar:file:/C:/Users/Jainfamily/.m2/repository/com/github/almasb/fxgl/dev-SNAPSHOT/fxgl-dev-20210225.140003-1682.jar!/fxglassets/ui/cursors/fxgl_default.png
14:05:44.805 [JavaFX Application Thread] DEBUG Input                - Registered new binding: Screenshot - P
14:05:44.813 [JavaFX Application Thread] DEBUG LoopRunner           - Starting loop
14:05:44.814 [JavaFX Application Thread] DEBUG LoopRunner           - Initializing JavaFX AnimationTimerLoop
14:05:44.837 [JavaFX Application Thread] DEBUG GameApplicationServi - Starting new game
14:05:44.840 [JavaFX Application Thread] DEBUG Input                - Clearing active input actions
14:05:44.886 [JavaFX Application Thread] DEBUG GameApplicationServi - Removing overlay from FXGLStartupScene and adding to FXGLLoadingScene
14:05:44.887 [JavaFX Application Thread] DEBUG PrimaryStageWindow   - FXGLStartupScene -> FXGLLoadingScene
14:05:44.887 [JavaFX Application Thread] DEBUG GameApplicationServi - Clearing previous game
14:05:44.887 [JavaFX Application Thread] DEBUG GameScene            - Clearing game scene
14:05:44.887 [JavaFX Application Thread] DEBUG GameWorld            - Clearing game world
14:05:44.887 [JavaFX Application Thread] DEBUG PhysicsWorld         - Clearing physics world
14:05:44.895 [FXGL Background Thread 1 ] DEBUG FXGLApplication      - Initializing game
14:05:44.930 [FXGL Background Thread 1 ] DEBUG FXGLAssetLoaderServi - Loading from file system: file:/C:/Users/Jainfamily/AP%20JAVA/fxgl%20graphics/mainProject/target/classes/assets/textures/gradient_paddle.png
14:05:44.986 [FXGL Background Thread 1 ] DEBUG FXGLAssetLoaderServi - Loading from file system: file:/C:/Users/Jainfamily/AP%20JAVA/fxgl%20graphics/mainProject/target/classes/assets/textures/circle.png
14:05:45.002 [FXGL Background Thread 1 ] DEBUG FXGLAssetLoaderServi - Loading from file system: file:/C:/Users/Jainfamily/AP%20JAVA/fxgl%20graphics/mainProject/target/classes/assets/textures/blueBrick.png
14:05:45.060 [FXGL Background Thread 3 ] DEBUG FXGLAssetLoaderServi - Loading from file system: jar:file:/C:/Users/Jainfamily/.m2/repository/com/github/almasb/fxgl/dev-SNAPSHOT/fxgl-dev-20210225.140003-1682.jar!/fxglassets/ui/fonts/Abel-Regular.ttf
14:05:45.144 [FXGL Background Thread 1 ] INFO  FXGLApplication      - Game initialization took: 0.252 sec
14:05:45.145 [FXGL Background Thread 3 ] DEBUG FXGLAssetLoaderServi - Loading from file system: jar:file:/C:/Users/Jainfamily/.m2/repository/com/github/almasb/fxgl/dev-SNAPSHOT/fxgl-dev-20210225.140003-1682.jar!/fxglassets/ui/fonts/lucida_console.ttf
14:05:45.187 [FXGL Background Thread 3 ] DEBUG FXGLAssetLoaderServi - Loading from file system: jar:file:/C:/Users/Jainfamily/.m2/repository/com/github/almasb/fxgl/dev-SNAPSHOT/fxgl-dev-20210225.140003-1682.jar!/fxglassets/ui/fonts/Courier-Prime.ttf
14:05:45.295 [JavaFX Application Thread] DEBUG Input                - Clearing active input actions
14:05:45.323 [JavaFX Application Thread] DEBUG GameApplicationServi - Removing overlay from FXGLLoadingScene and adding to GameScene
14:05:45.324 [JavaFX Application Thread] DEBUG PrimaryStageWindow   - FXGLLoadingScene -> GameScene
14:05:45.326 [JavaFX Application Thread] DEBUG FXGLApplication      - Registering font factories with UI factory
14:05:47.643 [FXGL Background Thread 2 ] DEBUG Engine               - Logging environment variables
14:05:47.643 [FXGL Background Thread 2 ] DEBUG Engine               - achievements: []
14:05:47.643 [FXGL Background Thread 2 ] DEBUG Engine               - actualHeight: 600.0
14:05:47.644 [FXGL Background Thread 2 ] DEBUG Engine               - actualHeightProperty: ReadOnlyDoubleProperty [value: 600.0]
14:05:47.644 [FXGL Background Thread 2 ] DEBUG Engine               - actualWidth: 1000.0
14:05:47.644 [FXGL Background Thread 2 ] DEBUG Engine               - actualWidthProperty: ReadOnlyDoubleProperty [value: 1000.0]
14:05:47.644 [FXGL Background Thread 2 ] DEBUG Engine               - appIcon: fxgl_icon.png
14:05:47.644 [FXGL Background Thread 2 ] DEBUG Engine               - applicationMode: RELEASE
14:05:47.644 [FXGL Background Thread 2 ] DEBUG Engine               - cSSList: [fxgl_dark.css]
14:05:47.644 [FXGL Background Thread 2 ] DEBUG Engine               - collisionDetectionStrategy: BRUTE_FORCE
14:05:47.644 [FXGL Background Thread 2 ] DEBUG Engine               - configClass: Optional.empty
14:05:47.645 [FXGL Background Thread 2 ] DEBUG Engine               - credits: []
14:05:47.645 [FXGL Background Thread 2 ] DEBUG Engine               - devBBoxColorProperty: ObjectProperty [value: 0xff0000ff]
14:05:47.645 [FXGL Background Thread 2 ] DEBUG Engine               - devEnableDebugCameraProperty: BooleanProperty [value: false]
14:05:47.645 [FXGL Background Thread 2 ] DEBUG Engine               - devSensorColorProperty: ObjectProperty [value: 0xffff00ff]
14:05:47.645 [FXGL Background Thread 2 ] DEBUG Engine               - devShowBBoxProperty: BooleanProperty [value: false]
14:05:47.645 [FXGL Background Thread 2 ] DEBUG Engine               - devShowPositionProperty: BooleanProperty [value: false]
14:05:47.646 [FXGL Background Thread 2 ] DEBUG Engine               - enabledMenuItems: []
14:05:47.646 [FXGL Background Thread 2 ] DEBUG Engine               - engineServices: [class com.almasb.fxgl.app.services.FXGLAssetLoaderService, class com.almasb.fxgl.app.FXGLApplication$GameApplicationService, class com.almasb.fxgl.app.services.FXGLDialogService, class com.almasb.fxgl.app.services.IOTaskExecutorService, class com.almasb.fxgl.event.EventBusService, class com.almasb.fxgl.io.FileSystemService, class com.almasb.fxgl.localization.LocalizationService, class com.almasb.fxgl.app.services.SystemBundleService, class com.almasb.fxgl.profile.SaveLoadService, class com.almasb.fxgl.ui.FXGLUIFactoryServiceProvider, class com.almasb.fxgl.ui.FXGLDialogFactoryServiceProvider, class com.almasb.fxgl.audio.AudioPlayer, class com.almasb.fxgl.notification.impl.NotificationServiceProvider, class com.almasb.fxgl.achievement.AchievementService, class com.almasb.fxgl.cutscene.CutsceneService, class com.almasb.fxgl.minigames.MiniGameService, class com.almasb.fxgl.net.NetService, class com.almasb.fxgl.app.services.UpdaterService, class com.almasb.fxgl.dev.DevService]
14:05:47.646 [FXGL Background Thread 2 ] DEBUG Engine               - fontGame: Abel-Regular.ttf
14:05:47.646 [FXGL Background Thread 2 ] DEBUG Engine               - fontMono: lucida_console.ttf
14:05:47.646 [FXGL Background Thread 2 ] DEBUG Engine               - fontText: Courier-Prime.ttf
14:05:47.646 [FXGL Background Thread 2 ] DEBUG Engine               - fontUI: VarelaRound-Regular.ttf
14:05:47.647 [FXGL Background Thread 2 ] DEBUG Engine               - fullScreen: BooleanProperty [value: false]
14:05:47.647 [FXGL Background Thread 2 ] DEBUG Engine               - gameDifficulty: MEDIUM
14:05:47.647 [FXGL Background Thread 2 ] DEBUG Engine               - gameDifficultyProperty: ObjectProperty [value: MEDIUM]
14:05:47.647 [FXGL Background Thread 2 ] DEBUG Engine               - globalMusicVolume: 0.5
14:05:47.647 [FXGL Background Thread 2 ] DEBUG Engine               - globalMusicVolumeProperty: DoubleProperty [value: 0.5]
14:05:47.647 [FXGL Background Thread 2 ] DEBUG Engine               - globalSoundVolume: 0.5
14:05:47.647 [FXGL Background Thread 2 ] DEBUG Engine               - globalSoundVolumeProperty: DoubleProperty [value: 0.5]
14:05:47.647 [FXGL Background Thread 2 ] DEBUG Engine               - height: 600
14:05:47.648 [FXGL Background Thread 2 ] DEBUG Engine               - isAndroid: false
14:05:47.648 [FXGL Background Thread 2 ] DEBUG Engine               - isBrowser: false
14:05:47.648 [FXGL Background Thread 2 ] DEBUG Engine               - isClickFeedbackEnabled: false
14:05:47.648 [FXGL Background Thread 2 ] DEBUG Engine               - isCloseConfirmation: false
14:05:47.648 [FXGL Background Thread 2 ] DEBUG Engine               - isDesktop: true
14:05:47.649 [FXGL Background Thread 2 ] DEBUG Engine               - isDeveloperMenuEnabled: false
14:05:47.649 [FXGL Background Thread 2 ] DEBUG Engine               - isEntityPreloadEnabled: true
14:05:47.650 [FXGL Background Thread 2 ] DEBUG Engine               - isExperimental3D: false
14:05:47.650 [FXGL Background Thread 2 ] DEBUG Engine               - isExperimentalNative: false
14:05:47.650 [FXGL Background Thread 2 ] DEBUG Engine               - isExperimentalTiledLargeMap: false
14:05:47.651 [FXGL Background Thread 2 ] DEBUG Engine               - isFileSystemWriteAllowed: true
14:05:47.651 [FXGL Background Thread 2 ] DEBUG Engine               - isFullScreenAllowed: false
14:05:47.651 [FXGL Background Thread 2 ] DEBUG Engine               - isFullScreenFromStart: false
14:05:47.651 [FXGL Background Thread 2 ] DEBUG Engine               - isGameMenuEnabled: true
14:05:47.651 [FXGL Background Thread 2 ] DEBUG Engine               - isIOS: false
14:05:47.651 [FXGL Background Thread 2 ] DEBUG Engine               - isIntroEnabled: false
14:05:47.651 [FXGL Background Thread 2 ] DEBUG Engine               - isLinux: false
14:05:47.651 [FXGL Background Thread 2 ] DEBUG Engine               - isMac: false
14:05:47.651 [FXGL Background Thread 2 ] DEBUG Engine               - isMainMenuEnabled: false
14:05:47.651 [FXGL Background Thread 2 ] DEBUG Engine               - isManualResizeEnabled: false
14:05:47.652 [FXGL Background Thread 2 ] DEBUG Engine               - isMobile: false
14:05:47.652 [FXGL Background Thread 2 ] DEBUG Engine               - isPreserveResizeRatio: false
14:05:47.652 [FXGL Background Thread 2 ] DEBUG Engine               - isProfilingEnabled: false
14:05:47.652 [FXGL Background Thread 2 ] DEBUG Engine               - isScaleAffectedOnResize: true
14:05:47.652 [FXGL Background Thread 2 ] DEBUG Engine               - isSingleStep: false
14:05:47.653 [FXGL Background Thread 2 ] DEBUG Engine               - isUserProfileEnabled: false
14:05:47.654 [FXGL Background Thread 2 ] DEBUG Engine               - isWindows: true
14:05:47.654 [FXGL Background Thread 2 ] DEBUG Engine               - language: ObjectProperty [value: ENGLISH]
14:05:47.654 [FXGL Background Thread 2 ] DEBUG Engine               - menuKey: ESCAPE
14:05:47.654 [FXGL Background Thread 2 ] DEBUG Engine               - notificationViewClass: class com.almasb.fxgl.notification.view.XboxNotificationView
14:05:47.654 [FXGL Background Thread 2 ] DEBUG Engine               - pixelsPerMeter: 50.0
14:05:47.654 [FXGL Background Thread 2 ] DEBUG Engine               - platform: WINDOWS
14:05:47.654 [FXGL Background Thread 2 ] DEBUG Engine               - prefHeightProperty: ReadOnlyDoubleProperty [value: 600.0]
14:05:47.654 [FXGL Background Thread 2 ] DEBUG Engine               - prefWidthProperty: ReadOnlyDoubleProperty [value: 1000.0]
14:05:47.654 [FXGL Background Thread 2 ] DEBUG Engine               - profileDir: profiles/
14:05:47.655 [FXGL Background Thread 2 ] DEBUG Engine               - profileName: StringProperty [value: DEFAULT]
14:05:47.655 [FXGL Background Thread 2 ] DEBUG Engine               - randomSeed: -1
14:05:47.655 [FXGL Background Thread 2 ] DEBUG Engine               - runtimeInfo: RuntimeInfo(platform=WINDOWS, version=dev-SNAPSHOT, build=25.02.2021 13.59)
14:05:47.655 [FXGL Background Thread 2 ] DEBUG Engine               - saveFileExt: sav
14:05:47.655 [FXGL Background Thread 2 ] DEBUG Engine               - scaledHeightProp$fxgl: DoubleProperty [bound, value: 600.0]
14:05:47.655 [FXGL Background Thread 2 ] DEBUG Engine               - scaledWidthProp$fxgl: DoubleProperty [bound, value: 1000.0]
14:05:47.655 [FXGL Background Thread 2 ] DEBUG Engine               - sceneFactory: com.almasb.fxgl.app.scene.SceneFactory@46657c62
14:05:47.655 [FXGL Background Thread 2 ] DEBUG Engine               - secondsIn24h: 60
14:05:47.655 [FXGL Background Thread 2 ] DEBUG Engine               - soundMenuBack: menu/back.wav
14:05:47.655 [FXGL Background Thread 2 ] DEBUG Engine               - soundMenuPress: menu/press.wav
14:05:47.655 [FXGL Background Thread 2 ] DEBUG Engine               - soundMenuSelect: menu/select.wav
14:05:47.655 [FXGL Background Thread 2 ] DEBUG Engine               - soundNotification: core/notification.wav
14:05:47.655 [FXGL Background Thread 2 ] DEBUG Engine               - stageStyle: DECORATED
14:05:47.656 [FXGL Background Thread 2 ] DEBUG Engine               - supportedLanguages: [ENGLISH, FRENCH, GERMAN, HUNGARIAN, RUSSIAN]
14:05:47.656 [FXGL Background Thread 2 ] DEBUG Engine               - ticksPerSecond: -1
14:05:47.656 [FXGL Background Thread 2 ] DEBUG Engine               - title: Breakout Game
14:05:47.656 [FXGL Background Thread 2 ] DEBUG Engine               - urlGithub: https://github.com/AlmasB/FXGL
14:05:47.656 [FXGL Background Thread 2 ] DEBUG Engine               - urlLeaderboard: http://fxgl-top.herokuapp.com/
14:05:47.656 [FXGL Background Thread 2 ] DEBUG Engine               - urlPOM: https://raw.githubusercontent.com/AlmasB/FXGL/release/README.md
14:05:47.656 [FXGL Background Thread 2 ] DEBUG Engine               - userAppClass: class Game
14:05:47.656 [FXGL Background Thread 2 ] DEBUG Engine               - version: 1.0
14:05:47.656 [FXGL Background Thread 2 ] DEBUG Engine               - versionCheckDays: 7
14:05:47.656 [FXGL Background Thread 2 ] DEBUG Engine               - width: 1000
14:05:47.656 [FXGL Background Thread 2 ] DEBUG Engine               - Logging services
14:05:47.657 [FXGL Background Thread 2 ] DEBUG Engine               - class com.almasb.fxgl.app.services.FXGLAssetLoaderService
14:05:47.657 [FXGL Background Thread 2 ] DEBUG Engine               - class com.almasb.fxgl.app.FXGLApplication$GameApplicationService
14:05:47.657 [FXGL Background Thread 2 ] DEBUG Engine               - class com.almasb.fxgl.app.services.FXGLDialogService
14:05:47.657 [FXGL Background Thread 2 ] DEBUG Engine               - class com.almasb.fxgl.app.services.IOTaskExecutorService
14:05:47.657 [FXGL Background Thread 2 ] DEBUG Engine               - class com.almasb.fxgl.event.EventBusService
14:05:47.657 [FXGL Background Thread 2 ] DEBUG Engine               - class com.almasb.fxgl.io.FileSystemService
14:05:47.657 [FXGL Background Thread 2 ] DEBUG Engine               - class com.almasb.fxgl.localization.LocalizationService
14:05:47.657 [FXGL Background Thread 2 ] DEBUG Engine               - class com.almasb.fxgl.app.services.SystemBundleService
14:05:47.657 [FXGL Background Thread 2 ] DEBUG Engine               - class com.almasb.fxgl.profile.SaveLoadService
14:05:47.658 [FXGL Background Thread 2 ] DEBUG Engine               - class com.almasb.fxgl.ui.FXGLUIFactoryServiceProvider
14:05:47.658 [FXGL Background Thread 2 ] DEBUG Engine               - class com.almasb.fxgl.ui.FXGLDialogFactoryServiceProvider
14:05:47.658 [FXGL Background Thread 2 ] DEBUG Engine               - class com.almasb.fxgl.audio.AudioPlayer
14:05:47.658 [FXGL Background Thread 2 ] DEBUG Engine               - class com.almasb.fxgl.notification.impl.NotificationServiceProvider
14:05:47.658 [FXGL Background Thread 2 ] DEBUG Engine               - class com.almasb.fxgl.achievement.AchievementService
14:05:47.658 [FXGL Background Thread 2 ] DEBUG Engine               - class com.almasb.fxgl.cutscene.CutsceneService
14:05:47.659 [FXGL Background Thread 2 ] DEBUG Engine               - class com.almasb.fxgl.minigames.MiniGameService
14:05:47.659 [FXGL Background Thread 2 ] DEBUG Engine               - class com.almasb.fxgl.net.NetService
14:05:47.659 [FXGL Background Thread 2 ] DEBUG Engine               - class com.almasb.fxgl.app.services.UpdaterService
14:05:47.659 [FXGL Background Thread 2 ] DEBUG Engine               - class com.almasb.fxgl.dev.DevService
14:09:21.953 [JavaFX Application Thread] DEBUG FXGLAssetLoaderServi - Loading from file system: file:/C:/Users/Jainfamily/AP%20JAVA/fxgl%20graphics/mainProject/target/classes/assets/textures/newBullet.png
14:11:34.950 [JavaFX Application Thread] DEBUG FXGLApplication      - Exiting FXGL
14:11:34.951 [JavaFX Application Thread] DEBUG LoopRunner           - Stopping loop
14:11:34.951 [JavaFX Application Thread] DEBUG SystemBundleService  - Saving FXGL system data
14:11:34.957 [JavaFX Application Thread] DEBUG FileSystemAccess     - Writing to: C:\Users\Jainfamily\AP JAVA\fxgl graphics\mainProject\system\fxgl.bundle
14:11:34.962 [JavaFX Application Thread] DEBUG Async                - Shutting down background threads
14:11:34.963 [JavaFX Application Thread] DEBUG PrimaryStageWindow   - Closing main window
14:11:34.983 [JavaFX Application Thread] DEBUG Logger               - Closing Logger
