13:50:54.910 [main                     ] DEBUG Logger               - Configured Logger
13:50:54.926 [main                     ] DEBUG GameApplication      - Logging settings
Title: Breakout Game
Version: 1.0
Width: 1000
Height: 600
Fullscreen: false
Intro: false
Profiling: false
Single step:false
App Mode: RELEASE
Menu Key: ESCAPE
Stage Style: DECORATED
Scene Factory: class com.almasb.fxgl.app.scene.SceneFactory

13:50:56.346 [JavaFX Application Thread] DEBUG FXGLApplication      - Initializing FXGL
13:50:56.351 [JavaFX Application Thread] INFO  Engine               - FXGL-dev-SNAPSHOT (25.02.2021 13.59) on WINDOWS (J:14.0.2 FX:15)
13:50:56.351 [JavaFX Application Thread] DEBUG Engine               - JRE Vendor Name: Oracle Corporation
13:50:56.352 [JavaFX Application Thread] DEBUG Engine               - Running on OS: Windows 10 version 10.0
13:50:56.352 [JavaFX Application Thread] DEBUG Engine               - Architecture: amd64
13:50:56.353 [JavaFX Application Thread] INFO  Engine               - Source code and latest versions at: https://github.com/AlmasB/FXGL
13:50:56.353 [JavaFX Application Thread] INFO  Engine               -              Join the FXGL chat at: https://gitter.im/AlmasB/FXGL
13:50:56.625 [JavaFX Application Thread] DEBUG PrimaryStageWindow   - Creating a JavaFX scene
13:50:56.728 [JavaFX Application Thread] DEBUG PrimaryStageWindow   - Target settings size: 1000.0 x 600.0
13:50:56.729 [JavaFX Application Thread] DEBUG PrimaryStageWindow   - Scaled scene size:    1000.0 x 600.0
13:50:56.729 [JavaFX Application Thread] DEBUG PrimaryStageWindow   - Scaled ratio: (1.0, 1.0)
13:50:56.730 [JavaFX Application Thread] DEBUG PrimaryStageWindow   - Set initial scene to FXGLStartupScene
13:50:56.741 [JavaFX Application Thread] DEBUG PrimaryStageWindow   - Opening main window
13:50:56.887 [JavaFX Application Thread] DEBUG PrimaryStageWindow   - Window border size: (14.4000244140625, 37.5999755859375)
13:50:56.887 [JavaFX Application Thread] DEBUG PrimaryStageWindow   - Scaled size: 1000.0 x 600.0
13:50:56.887 [JavaFX Application Thread] DEBUG PrimaryStageWindow   - Scaled ratio: (1.0, 1.0)
13:50:56.888 [JavaFX Application Thread] DEBUG PrimaryStageWindow   - Scene size: 1000.0 x 600.0
13:50:56.888 [JavaFX Application Thread] DEBUG PrimaryStageWindow   - Stage size: 1014.4000244140625 x 637.5999755859375
13:50:56.907 [FXGL Background Thread 1 ] DEBUG Engine               - Initializing environment variables
13:50:56.978 [FXGL Background Thread 1 ] DEBUG FXGLAssetLoaderServi - User app class for loading assets: class Game
13:50:56.979 [FXGL Background Thread 1 ] DEBUG GameApplicationServi - Applying CSS: fxgl_dark.css
13:50:56.981 [FXGL Background Thread 1 ] DEBUG FXGLAssetLoaderServi - Loading from file system: jar:file:/C:/Users/Jainfamily/.m2/repository/com/github/almasb/fxgl/dev-SNAPSHOT/fxgl-dev-20210225.140003-1682.jar!/fxglassets/ui/css/fxgl_dark.css
13:50:57.066 [FXGL Background Thread 1 ] DEBUG GameApplicationServi - Initializing application scenes
13:50:57.231 [FXGL Background Thread 1 ] DEBUG GameWorld            - Game world initialized
13:50:57.330 [FXGL Background Thread 1 ] DEBUG PhysicsWorld         - Physics world initialized: appHeight=600, physics.ppm=50.0
13:50:57.330 [FXGL Background Thread 1 ] DEBUG PhysicsWorld         - Using strategy: BRUTE_FORCE
13:50:57.334 [FXGL Background Thread 1 ] DEBUG GameScene            - Game scene initialized: 1000x600
13:50:57.402 [FXGL Background Thread 1 ] DEBUG FXGLAssetLoaderServi - Loading from file system: jar:file:/C:/Users/Jainfamily/.m2/repository/com/github/almasb/fxgl/dev-SNAPSHOT/fxgl-dev-20210225.140003-1682.jar!/fxglassets/textures/particles/trace_horizontal.png
13:50:57.502 [FXGL Background Thread 1 ] DEBUG FXGL.DefaultMenu     - createMenuBodyGameMenu()
13:50:57.528 [FXGL Background Thread 1 ] DEBUG FXGL.DefaultMenu     - createOptionsMenu()
13:50:57.539 [FXGL Background Thread 1 ] DEBUG FXGLAssetLoaderServi - Loading from file system: jar:file:/C:/Users/Jainfamily/.m2/repository/com/github/almasb/fxgl/dev-SNAPSHOT/fxgl-dev-20210225.140003-1682.jar!/fxglassets/textures/particles/smoke.png
13:50:57.661 [FXGL Background Thread 1 ] DEBUG GameApplicationServi - Application scenes initialized
13:50:57.682 [FXGL Background Thread 1 ] DEBUG SystemBundleService  - Loading FXGL system data
13:50:57.689 [FXGL Background Thread 1 ] DEBUG FileSystemAccess     - Reading from: C:\Users\Jainfamily\AP JAVA\fxgl graphics\mainProject\system\fxgl.bundle
13:50:57.699 [FXGL Background Thread 1 ] DEBUG SystemBundleService  - Bundle FXGL: {}
13:50:57.704 [FXGL Background Thread 3 ] DEBUG FXGLApplication      - Loading fonts
13:50:57.706 [FXGL Background Thread 1 ] DEBUG FXGLApplication      - Loading default localization
13:50:57.706 [FXGL Background Thread 3 ] DEBUG FXGLAssetLoaderServi - Loading from file system: jar:file:/C:/Users/Jainfamily/.m2/repository/com/github/almasb/fxgl/dev-SNAPSHOT/fxgl-dev-20210225.140003-1682.jar!/fxglassets/ui/fonts/VarelaRound-Regular.ttf
13:50:57.707 [FXGL Background Thread 1 ] DEBUG FXGLAssetLoaderServi - Loading from file system: jar:file:/C:/Users/Jainfamily/.m2/repository/com/github/almasb/fxgl/dev-SNAPSHOT/fxgl-dev-20210225.140003-1682.jar!/fxglassets/languages/english.lang
13:50:57.734 [FXGL Background Thread 1 ] INFO  FXGLApplication      - FXGL initialization took: 0.827 sec
13:50:57.745 [JavaFX Application Thread] DEBUG Input                - Registered new binding: paddleLeft - Left
13:50:57.746 [JavaFX Application Thread] DEBUG Input                - Registered new binding: paddleRight - Right
13:50:57.746 [JavaFX Application Thread] DEBUG Input                - Registered new binding: shootBullet - Space
13:50:57.747 [JavaFX Application Thread] DEBUG Input                - Registered new binding: enableBallMovement - Enter
13:50:57.747 [JavaFX Application Thread] DEBUG Input                - Registered new binding: restartLevel - R
13:50:57.747 [JavaFX Application Thread] DEBUG Input                - Registered new binding: nextLevel - N
13:50:57.748 [JavaFX Application Thread] DEBUG FXGLAssetLoaderServi - Loading from file system: jar:file:/C:/Users/Jainfamily/.m2/repository/com/github/almasb/fxgl/dev-SNAPSHOT/fxgl-dev-20210225.140003-1682.jar!/fxglassets/textures/fxgl_icon.png
13:50:57.786 [JavaFX Application Thread] DEBUG FXGLAssetLoaderServi - Loading from file system: jar:file:/C:/Users/Jainfamily/.m2/repository/com/github/almasb/fxgl/dev-SNAPSHOT/fxgl-dev-20210225.140003-1682.jar!/fxglassets/ui/cursors/fxgl_default.png
13:50:57.791 [JavaFX Application Thread] DEBUG Input                - Registered new binding: Screenshot - P
13:50:57.798 [JavaFX Application Thread] DEBUG LoopRunner           - Starting loop
13:50:57.798 [JavaFX Application Thread] DEBUG LoopRunner           - Initializing JavaFX AnimationTimerLoop
13:50:57.801 [JavaFX Application Thread] DEBUG GameApplicationServi - Starting new game
13:50:57.802 [JavaFX Application Thread] DEBUG Input                - Clearing active input actions
13:50:57.820 [FXGL Background Thread 3 ] DEBUG FXGLAssetLoaderServi - Loading from file system: jar:file:/C:/Users/Jainfamily/.m2/repository/com/github/almasb/fxgl/dev-SNAPSHOT/fxgl-dev-20210225.140003-1682.jar!/fxglassets/ui/fonts/Abel-Regular.ttf
13:50:57.821 [JavaFX Application Thread] DEBUG GameApplicationServi - Removing overlay from FXGLStartupScene and adding to FXGLLoadingScene
13:50:57.822 [JavaFX Application Thread] DEBUG PrimaryStageWindow   - FXGLStartupScene -> FXGLLoadingScene
13:50:57.822 [JavaFX Application Thread] DEBUG GameApplicationServi - Clearing previous game
13:50:57.822 [JavaFX Application Thread] DEBUG GameScene            - Clearing game scene
13:50:57.823 [JavaFX Application Thread] DEBUG GameWorld            - Clearing game world
13:50:57.823 [JavaFX Application Thread] DEBUG PhysicsWorld         - Clearing physics world
13:50:57.825 [FXGL Background Thread 1 ] DEBUG FXGLApplication      - Initializing game
13:50:57.833 [FXGL Background Thread 3 ] DEBUG FXGLAssetLoaderServi - Loading from file system: jar:file:/C:/Users/Jainfamily/.m2/repository/com/github/almasb/fxgl/dev-SNAPSHOT/fxgl-dev-20210225.140003-1682.jar!/fxglassets/ui/fonts/lucida_console.ttf
13:50:57.863 [FXGL Background Thread 1 ] DEBUG FXGLAssetLoaderServi - Loading from file system: file:/C:/Users/Jainfamily/AP%20JAVA/fxgl%20graphics/mainProject/target/classes/assets/textures/gradient_paddle.png
13:50:57.880 [FXGL Background Thread 1 ] DEBUG FXGLAssetLoaderServi - Loading from file system: file:/C:/Users/Jainfamily/AP%20JAVA/fxgl%20graphics/mainProject/target/classes/assets/textures/circle.png
13:50:57.883 [FXGL Background Thread 3 ] DEBUG FXGLAssetLoaderServi - Loading from file system: jar:file:/C:/Users/Jainfamily/.m2/repository/com/github/almasb/fxgl/dev-SNAPSHOT/fxgl-dev-20210225.140003-1682.jar!/fxglassets/ui/fonts/Courier-Prime.ttf
13:50:57.884 [FXGL Background Thread 1 ] DEBUG FXGLAssetLoaderServi - Loading from file system: file:/C:/Users/Jainfamily/AP%20JAVA/fxgl%20graphics/mainProject/target/classes/assets/textures/blueBrick.png
13:50:57.935 [JavaFX Application Thread] DEBUG FXGLApplication      - Registering font factories with UI factory
13:50:57.968 [FXGL Background Thread 1 ] INFO  FXGLApplication      - Game initialization took: 0.143 sec
13:50:58.045 [JavaFX Application Thread] DEBUG Input                - Clearing active input actions
13:50:58.059 [JavaFX Application Thread] DEBUG GameApplicationServi - Removing overlay from FXGLLoadingScene and adding to GameScene
13:50:58.059 [JavaFX Application Thread] DEBUG PrimaryStageWindow   - FXGLLoadingScene -> GameScene
13:51:00.702 [FXGL Background Thread 2 ] DEBUG Engine               - Logging environment variables
13:51:00.704 [FXGL Background Thread 2 ] DEBUG Engine               - achievements: []
13:51:00.704 [FXGL Background Thread 2 ] DEBUG Engine               - actualHeight: 600.0
13:51:00.705 [FXGL Background Thread 2 ] DEBUG Engine               - actualHeightProperty: ReadOnlyDoubleProperty [value: 600.0]
13:51:00.705 [FXGL Background Thread 2 ] DEBUG Engine               - actualWidth: 1000.0
13:51:00.706 [FXGL Background Thread 2 ] DEBUG Engine               - actualWidthProperty: ReadOnlyDoubleProperty [value: 1000.0]
13:51:00.706 [FXGL Background Thread 2 ] DEBUG Engine               - appIcon: fxgl_icon.png
13:51:00.706 [FXGL Background Thread 2 ] DEBUG Engine               - applicationMode: RELEASE
13:51:00.707 [FXGL Background Thread 2 ] DEBUG Engine               - cSSList: [fxgl_dark.css]
13:51:00.707 [FXGL Background Thread 2 ] DEBUG Engine               - collisionDetectionStrategy: BRUTE_FORCE
13:51:00.708 [FXGL Background Thread 2 ] DEBUG Engine               - configClass: Optional.empty
13:51:00.708 [FXGL Background Thread 2 ] DEBUG Engine               - credits: []
13:51:00.709 [FXGL Background Thread 2 ] DEBUG Engine               - devBBoxColorProperty: ObjectProperty [value: 0xff0000ff]
13:51:00.709 [FXGL Background Thread 2 ] DEBUG Engine               - devEnableDebugCameraProperty: BooleanProperty [value: false]
13:51:00.709 [FXGL Background Thread 2 ] DEBUG Engine               - devSensorColorProperty: ObjectProperty [value: 0xffff00ff]
13:51:00.710 [FXGL Background Thread 2 ] DEBUG Engine               - devShowBBoxProperty: BooleanProperty [value: false]
13:51:00.710 [FXGL Background Thread 2 ] DEBUG Engine               - devShowPositionProperty: BooleanProperty [value: false]
13:51:00.711 [FXGL Background Thread 2 ] DEBUG Engine               - enabledMenuItems: []
13:51:00.711 [FXGL Background Thread 2 ] DEBUG Engine               - engineServices: [class com.almasb.fxgl.app.services.FXGLAssetLoaderService, class com.almasb.fxgl.app.FXGLApplication$GameApplicationService, class com.almasb.fxgl.app.services.FXGLDialogService, class com.almasb.fxgl.app.services.IOTaskExecutorService, class com.almasb.fxgl.event.EventBusService, class com.almasb.fxgl.io.FileSystemService, class com.almasb.fxgl.localization.LocalizationService, class com.almasb.fxgl.app.services.SystemBundleService, class com.almasb.fxgl.profile.SaveLoadService, class com.almasb.fxgl.ui.FXGLUIFactoryServiceProvider, class com.almasb.fxgl.ui.FXGLDialogFactoryServiceProvider, class com.almasb.fxgl.audio.AudioPlayer, class com.almasb.fxgl.notification.impl.NotificationServiceProvider, class com.almasb.fxgl.achievement.AchievementService, class com.almasb.fxgl.cutscene.CutsceneService, class com.almasb.fxgl.minigames.MiniGameService, class com.almasb.fxgl.net.NetService, class com.almasb.fxgl.app.services.UpdaterService, class com.almasb.fxgl.dev.DevService]
13:51:00.711 [FXGL Background Thread 2 ] DEBUG Engine               - fontGame: Abel-Regular.ttf
13:51:00.712 [FXGL Background Thread 2 ] DEBUG Engine               - fontMono: lucida_console.ttf
13:51:00.712 [FXGL Background Thread 2 ] DEBUG Engine               - fontText: Courier-Prime.ttf
13:51:00.713 [FXGL Background Thread 2 ] DEBUG Engine               - fontUI: VarelaRound-Regular.ttf
13:51:00.714 [FXGL Background Thread 2 ] DEBUG Engine               - fullScreen: BooleanProperty [value: false]
13:51:00.714 [FXGL Background Thread 2 ] DEBUG Engine               - gameDifficulty: MEDIUM
13:51:00.714 [FXGL Background Thread 2 ] DEBUG Engine               - gameDifficultyProperty: ObjectProperty [value: MEDIUM]
13:51:00.715 [FXGL Background Thread 2 ] DEBUG Engine               - globalMusicVolume: 0.5
13:51:00.716 [FXGL Background Thread 2 ] DEBUG Engine               - globalMusicVolumeProperty: DoubleProperty [value: 0.5]
13:51:00.716 [FXGL Background Thread 2 ] DEBUG Engine               - globalSoundVolume: 0.5
13:51:00.717 [FXGL Background Thread 2 ] DEBUG Engine               - globalSoundVolumeProperty: DoubleProperty [value: 0.5]
13:51:00.717 [FXGL Background Thread 2 ] DEBUG Engine               - height: 600
13:51:00.717 [FXGL Background Thread 2 ] DEBUG Engine               - isAndroid: false
13:51:00.718 [FXGL Background Thread 2 ] DEBUG Engine               - isBrowser: false
13:51:00.718 [FXGL Background Thread 2 ] DEBUG Engine               - isClickFeedbackEnabled: false
13:51:00.718 [FXGL Background Thread 2 ] DEBUG Engine               - isCloseConfirmation: false
13:51:00.719 [FXGL Background Thread 2 ] DEBUG Engine               - isDesktop: true
13:51:00.719 [FXGL Background Thread 2 ] DEBUG Engine               - isDeveloperMenuEnabled: false
13:51:00.720 [FXGL Background Thread 2 ] DEBUG Engine               - isEntityPreloadEnabled: true
13:51:00.720 [FXGL Background Thread 2 ] DEBUG Engine               - isExperimental3D: false
13:51:00.720 [FXGL Background Thread 2 ] DEBUG Engine               - isExperimentalNative: false
13:51:00.721 [FXGL Background Thread 2 ] DEBUG Engine               - isExperimentalTiledLargeMap: false
13:51:00.721 [FXGL Background Thread 2 ] DEBUG Engine               - isFileSystemWriteAllowed: true
13:51:00.721 [FXGL Background Thread 2 ] DEBUG Engine               - isFullScreenAllowed: false
13:51:00.722 [FXGL Background Thread 2 ] DEBUG Engine               - isFullScreenFromStart: false
13:51:00.722 [FXGL Background Thread 2 ] DEBUG Engine               - isGameMenuEnabled: true
13:51:00.722 [FXGL Background Thread 2 ] DEBUG Engine               - isIOS: false
13:51:00.723 [FXGL Background Thread 2 ] DEBUG Engine               - isIntroEnabled: false
13:51:00.723 [FXGL Background Thread 2 ] DEBUG Engine               - isLinux: false
13:51:00.724 [FXGL Background Thread 2 ] DEBUG Engine               - isMac: false
13:51:00.724 [FXGL Background Thread 2 ] DEBUG Engine               - isMainMenuEnabled: false
13:51:00.724 [FXGL Background Thread 2 ] DEBUG Engine               - isManualResizeEnabled: false
13:51:00.725 [FXGL Background Thread 2 ] DEBUG Engine               - isMobile: false
13:51:00.725 [FXGL Background Thread 2 ] DEBUG Engine               - isPreserveResizeRatio: false
13:51:00.726 [FXGL Background Thread 2 ] DEBUG Engine               - isProfilingEnabled: false
13:51:00.726 [FXGL Background Thread 2 ] DEBUG Engine               - isScaleAffectedOnResize: true
13:51:00.727 [FXGL Background Thread 2 ] DEBUG Engine               - isSingleStep: false
13:51:00.727 [FXGL Background Thread 2 ] DEBUG Engine               - isUserProfileEnabled: false
13:51:00.727 [FXGL Background Thread 2 ] DEBUG Engine               - isWindows: true
13:51:00.727 [FXGL Background Thread 2 ] DEBUG Engine               - language: ObjectProperty [value: ENGLISH]
13:51:00.728 [FXGL Background Thread 2 ] DEBUG Engine               - menuKey: ESCAPE
13:51:00.728 [FXGL Background Thread 2 ] DEBUG Engine               - notificationViewClass: class com.almasb.fxgl.notification.view.XboxNotificationView
13:51:00.728 [FXGL Background Thread 2 ] DEBUG Engine               - pixelsPerMeter: 50.0
13:51:00.729 [FXGL Background Thread 2 ] DEBUG Engine               - platform: WINDOWS
13:51:00.729 [FXGL Background Thread 2 ] DEBUG Engine               - prefHeightProperty: ReadOnlyDoubleProperty [value: 600.0]
13:51:00.729 [FXGL Background Thread 2 ] DEBUG Engine               - prefWidthProperty: ReadOnlyDoubleProperty [value: 1000.0]
13:51:00.730 [FXGL Background Thread 2 ] DEBUG Engine               - profileDir: profiles/
13:51:00.730 [FXGL Background Thread 2 ] DEBUG Engine               - profileName: StringProperty [value: DEFAULT]
13:51:00.730 [FXGL Background Thread 2 ] DEBUG Engine               - randomSeed: -1
13:51:00.731 [FXGL Background Thread 2 ] DEBUG Engine               - runtimeInfo: RuntimeInfo(platform=WINDOWS, version=dev-SNAPSHOT, build=25.02.2021 13.59)
13:51:00.732 [FXGL Background Thread 2 ] DEBUG Engine               - saveFileExt: sav
13:51:00.732 [FXGL Background Thread 2 ] DEBUG Engine               - scaledHeightProp$fxgl: DoubleProperty [bound, value: 600.0]
13:51:00.732 [FXGL Background Thread 2 ] DEBUG Engine               - scaledWidthProp$fxgl: DoubleProperty [bound, value: 1000.0]
13:51:00.733 [FXGL Background Thread 2 ] DEBUG Engine               - sceneFactory: com.almasb.fxgl.app.scene.SceneFactory@70b1c299
13:51:00.733 [FXGL Background Thread 2 ] DEBUG Engine               - secondsIn24h: 60
13:51:00.734 [FXGL Background Thread 2 ] DEBUG Engine               - soundMenuBack: menu/back.wav
13:51:00.734 [FXGL Background Thread 2 ] DEBUG Engine               - soundMenuPress: menu/press.wav
13:51:00.734 [FXGL Background Thread 2 ] DEBUG Engine               - soundMenuSelect: menu/select.wav
13:51:00.735 [FXGL Background Thread 2 ] DEBUG Engine               - soundNotification: core/notification.wav
13:51:00.735 [FXGL Background Thread 2 ] DEBUG Engine               - stageStyle: DECORATED
13:51:00.735 [FXGL Background Thread 2 ] DEBUG Engine               - supportedLanguages: [ENGLISH, FRENCH, GERMAN, HUNGARIAN, RUSSIAN]
13:51:00.736 [FXGL Background Thread 2 ] DEBUG Engine               - ticksPerSecond: -1
13:51:00.736 [FXGL Background Thread 2 ] DEBUG Engine               - title: Breakout Game
13:51:00.736 [FXGL Background Thread 2 ] DEBUG Engine               - urlGithub: https://github.com/AlmasB/FXGL
13:51:00.737 [FXGL Background Thread 2 ] DEBUG Engine               - urlLeaderboard: http://fxgl-top.herokuapp.com/
13:51:00.737 [FXGL Background Thread 2 ] DEBUG Engine               - urlPOM: https://raw.githubusercontent.com/AlmasB/FXGL/release/README.md
13:51:00.737 [FXGL Background Thread 2 ] DEBUG Engine               - userAppClass: class Game
13:51:00.737 [FXGL Background Thread 2 ] DEBUG Engine               - version: 1.0
13:51:00.737 [FXGL Background Thread 2 ] DEBUG Engine               - versionCheckDays: 7
13:51:00.737 [FXGL Background Thread 2 ] DEBUG Engine               - width: 1000
13:51:00.737 [FXGL Background Thread 2 ] DEBUG Engine               - Logging services
13:51:00.738 [FXGL Background Thread 2 ] DEBUG Engine               - class com.almasb.fxgl.app.services.FXGLAssetLoaderService
13:51:00.738 [FXGL Background Thread 2 ] DEBUG Engine               - class com.almasb.fxgl.app.FXGLApplication$GameApplicationService
13:51:00.738 [FXGL Background Thread 2 ] DEBUG Engine               - class com.almasb.fxgl.app.services.FXGLDialogService
13:51:00.738 [FXGL Background Thread 2 ] DEBUG Engine               - class com.almasb.fxgl.app.services.IOTaskExecutorService
13:51:00.738 [FXGL Background Thread 2 ] DEBUG Engine               - class com.almasb.fxgl.event.EventBusService
13:51:00.738 [FXGL Background Thread 2 ] DEBUG Engine               - class com.almasb.fxgl.io.FileSystemService
13:51:00.738 [FXGL Background Thread 2 ] DEBUG Engine               - class com.almasb.fxgl.localization.LocalizationService
13:51:00.738 [FXGL Background Thread 2 ] DEBUG Engine               - class com.almasb.fxgl.app.services.SystemBundleService
13:51:00.739 [FXGL Background Thread 2 ] DEBUG Engine               - class com.almasb.fxgl.profile.SaveLoadService
13:51:00.739 [FXGL Background Thread 2 ] DEBUG Engine               - class com.almasb.fxgl.ui.FXGLUIFactoryServiceProvider
13:51:00.739 [FXGL Background Thread 2 ] DEBUG Engine               - class com.almasb.fxgl.ui.FXGLDialogFactoryServiceProvider
13:51:00.739 [FXGL Background Thread 2 ] DEBUG Engine               - class com.almasb.fxgl.audio.AudioPlayer
13:51:00.739 [FXGL Background Thread 2 ] DEBUG Engine               - class com.almasb.fxgl.notification.impl.NotificationServiceProvider
13:51:00.739 [FXGL Background Thread 2 ] DEBUG Engine               - class com.almasb.fxgl.achievement.AchievementService
13:51:00.740 [FXGL Background Thread 2 ] DEBUG Engine               - class com.almasb.fxgl.cutscene.CutsceneService
13:51:00.740 [FXGL Background Thread 2 ] DEBUG Engine               - class com.almasb.fxgl.minigames.MiniGameService
13:51:00.740 [FXGL Background Thread 2 ] DEBUG Engine               - class com.almasb.fxgl.net.NetService
13:51:00.740 [FXGL Background Thread 2 ] DEBUG Engine               - class com.almasb.fxgl.app.services.UpdaterService
13:51:00.740 [FXGL Background Thread 2 ] DEBUG Engine               - class com.almasb.fxgl.dev.DevService
13:51:49.187 [JavaFX Application Thread] DEBUG FXGLAssetLoaderServi - Loading from file system: file:/C:/Users/Jainfamily/AP%20JAVA/fxgl%20graphics/mainProject/target/classes/assets/textures/newBullet.png
13:52:32.066 [JavaFX Application Thread] DEBUG FXGLApplication      - Exiting FXGL
13:52:32.068 [JavaFX Application Thread] DEBUG LoopRunner           - Stopping loop
13:52:32.069 [JavaFX Application Thread] DEBUG SystemBundleService  - Saving FXGL system data
13:52:32.080 [JavaFX Application Thread] DEBUG FileSystemAccess     - Writing to: C:\Users\Jainfamily\AP JAVA\fxgl graphics\mainProject\system\fxgl.bundle
13:52:32.091 [JavaFX Application Thread] DEBUG Async                - Shutting down background threads
13:52:32.092 [JavaFX Application Thread] DEBUG PrimaryStageWindow   - Closing main window
13:52:32.127 [JavaFX Application Thread] DEBUG Logger               - Closing Logger
