13:46:15.528 [main                     ] DEBUG Logger               - Configured Logger
13:46:15.591 [main                     ] DEBUG GameApplication      - Logging settings
Title: Breakout Game
Version: 1.0
Width: 1000
Height: 600
Fullscreen: false
Intro: false
Profiling: false
Single step:false
App Mode: RELEASE
Menu Key: ESCAPE
Stage Style: DECORATED
Scene Factory: class com.almasb.fxgl.app.scene.SceneFactory

13:46:16.844 [JavaFX Application Thread] DEBUG FXGLApplication      - Initializing FXGL
13:46:16.849 [JavaFX Application Thread] INFO  Engine               - FXGL-dev-SNAPSHOT (25.02.2021 13.59) on WINDOWS (J:14.0.2 FX:15)
13:46:16.850 [JavaFX Application Thread] DEBUG Engine               - JRE Vendor Name: Oracle Corporation
13:46:16.850 [JavaFX Application Thread] DEBUG Engine               - Running on OS: Windows 10 version 10.0
13:46:16.851 [JavaFX Application Thread] DEBUG Engine               - Architecture: amd64
13:46:16.851 [JavaFX Application Thread] INFO  Engine               - Source code and latest versions at: https://github.com/AlmasB/FXGL
13:46:16.851 [JavaFX Application Thread] INFO  Engine               -              Join the FXGL chat at: https://gitter.im/AlmasB/FXGL
13:46:17.172 [JavaFX Application Thread] DEBUG PrimaryStageWindow   - Creating a JavaFX scene
13:46:17.316 [JavaFX Application Thread] DEBUG PrimaryStageWindow   - Target settings size: 1000.0 x 600.0
13:46:17.317 [JavaFX Application Thread] DEBUG PrimaryStageWindow   - Scaled scene size:    1000.0 x 600.0
13:46:17.317 [JavaFX Application Thread] DEBUG PrimaryStageWindow   - Scaled ratio: (1.0, 1.0)
13:46:17.319 [JavaFX Application Thread] DEBUG PrimaryStageWindow   - Set initial scene to FXGLStartupScene
13:46:17.330 [JavaFX Application Thread] DEBUG PrimaryStageWindow   - Opening main window
13:46:17.505 [JavaFX Application Thread] DEBUG PrimaryStageWindow   - Window border size: (14.4000244140625, 37.5999755859375)
13:46:17.506 [JavaFX Application Thread] DEBUG PrimaryStageWindow   - Scaled size: 1000.0 x 600.0
13:46:17.506 [JavaFX Application Thread] DEBUG PrimaryStageWindow   - Scaled ratio: (1.0, 1.0)
13:46:17.506 [JavaFX Application Thread] DEBUG PrimaryStageWindow   - Scene size: 1000.0 x 600.0
13:46:17.507 [JavaFX Application Thread] DEBUG PrimaryStageWindow   - Stage size: 1014.4000244140625 x 637.5999755859375
13:46:17.587 [FXGL Background Thread 1 ] DEBUG Engine               - Initializing environment variables
13:46:17.662 [FXGL Background Thread 1 ] DEBUG FXGLAssetLoaderServi - User app class for loading assets: class Game
13:46:17.662 [FXGL Background Thread 1 ] DEBUG GameApplicationServi - Applying CSS: fxgl_dark.css
13:46:17.664 [FXGL Background Thread 1 ] DEBUG FXGLAssetLoaderServi - Loading from file system: jar:file:/C:/Users/Jainfamily/.m2/repository/com/github/almasb/fxgl/dev-SNAPSHOT/fxgl-dev-20210225.140003-1682.jar!/fxglassets/ui/css/fxgl_dark.css
13:46:17.775 [FXGL Background Thread 1 ] DEBUG GameApplicationServi - Initializing application scenes
13:46:17.966 [FXGL Background Thread 1 ] DEBUG GameWorld            - Game world initialized
13:46:18.064 [FXGL Background Thread 1 ] DEBUG PhysicsWorld         - Physics world initialized: appHeight=600, physics.ppm=50.0
13:46:18.065 [FXGL Background Thread 1 ] DEBUG PhysicsWorld         - Using strategy: BRUTE_FORCE
13:46:18.069 [FXGL Background Thread 1 ] DEBUG GameScene            - Game scene initialized: 1000x600
13:46:18.142 [FXGL Background Thread 1 ] DEBUG FXGLAssetLoaderServi - Loading from file system: jar:file:/C:/Users/Jainfamily/.m2/repository/com/github/almasb/fxgl/dev-SNAPSHOT/fxgl-dev-20210225.140003-1682.jar!/fxglassets/textures/particles/trace_horizontal.png
13:46:18.224 [FXGL Background Thread 1 ] DEBUG FXGL.DefaultMenu     - createMenuBodyGameMenu()
13:46:18.247 [FXGL Background Thread 1 ] DEBUG FXGL.DefaultMenu     - createOptionsMenu()
13:46:18.257 [FXGL Background Thread 1 ] DEBUG FXGLAssetLoaderServi - Loading from file system: jar:file:/C:/Users/Jainfamily/.m2/repository/com/github/almasb/fxgl/dev-SNAPSHOT/fxgl-dev-20210225.140003-1682.jar!/fxglassets/textures/particles/smoke.png
13:46:18.359 [FXGL Background Thread 1 ] DEBUG GameApplicationServi - Application scenes initialized
13:46:18.381 [FXGL Background Thread 1 ] DEBUG SystemBundleService  - Loading FXGL system data
13:46:18.401 [FXGL Background Thread 1 ] DEBUG FileSystemAccess     - Reading from: C:\Users\Jainfamily\AP JAVA\fxgl graphics\mainProject\system\fxgl.bundle
13:46:18.421 [FXGL Background Thread 1 ] DEBUG SystemBundleService  - Bundle FXGL: {}
13:46:18.425 [FXGL Background Thread 3 ] DEBUG FXGLApplication      - Loading fonts
13:46:18.426 [FXGL Background Thread 1 ] DEBUG FXGLApplication      - Loading default localization
13:46:18.427 [FXGL Background Thread 1 ] DEBUG FXGLAssetLoaderServi - Loading from file system: jar:file:/C:/Users/Jainfamily/.m2/repository/com/github/almasb/fxgl/dev-SNAPSHOT/fxgl-dev-20210225.140003-1682.jar!/fxglassets/languages/english.lang
13:46:18.429 [FXGL Background Thread 3 ] DEBUG FXGLAssetLoaderServi - Loading from file system: jar:file:/C:/Users/Jainfamily/.m2/repository/com/github/almasb/fxgl/dev-SNAPSHOT/fxgl-dev-20210225.140003-1682.jar!/fxglassets/ui/fonts/VarelaRound-Regular.ttf
13:46:18.457 [FXGL Background Thread 1 ] INFO  FXGLApplication      - FXGL initialization took: 0.870 sec
13:46:18.501 [JavaFX Application Thread] DEBUG Input                - Registered new binding: paddleLeft - Left
13:46:18.502 [JavaFX Application Thread] DEBUG Input                - Registered new binding: paddleRight - Right
13:46:18.502 [JavaFX Application Thread] DEBUG Input                - Registered new binding: shootBullet - Space
13:46:18.502 [JavaFX Application Thread] DEBUG Input                - Registered new binding: enableBallMovement - Enter
13:46:18.503 [JavaFX Application Thread] DEBUG Input                - Registered new binding: restartLevel - R
13:46:18.503 [JavaFX Application Thread] DEBUG Input                - Registered new binding: nextLevel - N
13:46:18.504 [JavaFX Application Thread] DEBUG FXGLAssetLoaderServi - Loading from file system: jar:file:/C:/Users/Jainfamily/.m2/repository/com/github/almasb/fxgl/dev-SNAPSHOT/fxgl-dev-20210225.140003-1682.jar!/fxglassets/textures/fxgl_icon.png
13:46:18.517 [FXGL Background Thread 3 ] DEBUG FXGLAssetLoaderServi - Loading from file system: jar:file:/C:/Users/Jainfamily/.m2/repository/com/github/almasb/fxgl/dev-SNAPSHOT/fxgl-dev-20210225.140003-1682.jar!/fxglassets/ui/fonts/Abel-Regular.ttf
13:46:18.525 [FXGL Background Thread 3 ] DEBUG FXGLAssetLoaderServi - Loading from file system: jar:file:/C:/Users/Jainfamily/.m2/repository/com/github/almasb/fxgl/dev-SNAPSHOT/fxgl-dev-20210225.140003-1682.jar!/fxglassets/ui/fonts/lucida_console.ttf
13:46:18.538 [FXGL Background Thread 3 ] DEBUG FXGLAssetLoaderServi - Loading from file system: jar:file:/C:/Users/Jainfamily/.m2/repository/com/github/almasb/fxgl/dev-SNAPSHOT/fxgl-dev-20210225.140003-1682.jar!/fxglassets/ui/fonts/Courier-Prime.ttf
13:46:18.550 [JavaFX Application Thread] DEBUG FXGLAssetLoaderServi - Loading from file system: jar:file:/C:/Users/Jainfamily/.m2/repository/com/github/almasb/fxgl/dev-SNAPSHOT/fxgl-dev-20210225.140003-1682.jar!/fxglassets/ui/cursors/fxgl_default.png
13:46:18.553 [JavaFX Application Thread] DEBUG Input                - Registered new binding: Screenshot - P
13:46:18.557 [JavaFX Application Thread] DEBUG LoopRunner           - Starting loop
13:46:18.558 [JavaFX Application Thread] DEBUG LoopRunner           - Initializing JavaFX AnimationTimerLoop
13:46:18.561 [JavaFX Application Thread] DEBUG GameApplicationServi - Starting new game
13:46:18.561 [JavaFX Application Thread] DEBUG Input                - Clearing active input actions
13:46:18.581 [JavaFX Application Thread] DEBUG GameApplicationServi - Removing overlay from FXGLStartupScene and adding to FXGLLoadingScene
13:46:18.582 [JavaFX Application Thread] DEBUG PrimaryStageWindow   - FXGLStartupScene -> FXGLLoadingScene
13:46:18.582 [JavaFX Application Thread] DEBUG GameApplicationServi - Clearing previous game
13:46:18.582 [JavaFX Application Thread] DEBUG GameScene            - Clearing game scene
13:46:18.582 [JavaFX Application Thread] DEBUG GameWorld            - Clearing game world
13:46:18.582 [JavaFX Application Thread] DEBUG PhysicsWorld         - Clearing physics world
13:46:18.585 [FXGL Background Thread 3 ] DEBUG FXGLApplication      - Initializing game
13:46:18.585 [JavaFX Application Thread] DEBUG FXGLApplication      - Registering font factories with UI factory
13:46:18.614 [FXGL Background Thread 3 ] DEBUG FXGLAssetLoaderServi - Loading from file system: file:/C:/Users/Jainfamily/AP%20JAVA/fxgl%20graphics/mainProject/target/classes/assets/textures/gradient_paddle.png
13:46:18.647 [FXGL Background Thread 3 ] DEBUG FXGLAssetLoaderServi - Loading from file system: file:/C:/Users/Jainfamily/AP%20JAVA/fxgl%20graphics/mainProject/target/classes/assets/textures/circle.png
13:46:18.651 [FXGL Background Thread 3 ] DEBUG FXGLAssetLoaderServi - Loading from file system: file:/C:/Users/Jainfamily/AP%20JAVA/fxgl%20graphics/mainProject/target/classes/assets/textures/blueBrick.png
13:46:18.673 [FXGL Background Thread 3 ] INFO  FXGLApplication      - Game initialization took: 0.087 sec
13:46:18.679 [JavaFX Application Thread] DEBUG Input                - Clearing active input actions
13:46:18.692 [JavaFX Application Thread] DEBUG GameApplicationServi - Removing overlay from FXGLLoadingScene and adding to GameScene
13:46:18.692 [JavaFX Application Thread] DEBUG PrimaryStageWindow   - FXGLLoadingScene -> GameScene
13:46:21.424 [FXGL Background Thread 2 ] DEBUG Engine               - Logging environment variables
13:46:21.424 [FXGL Background Thread 2 ] DEBUG Engine               - achievements: []
13:46:21.425 [FXGL Background Thread 2 ] DEBUG Engine               - actualHeight: 600.0
13:46:21.425 [FXGL Background Thread 2 ] DEBUG Engine               - actualHeightProperty: ReadOnlyDoubleProperty [value: 600.0]
13:46:21.425 [FXGL Background Thread 2 ] DEBUG Engine               - actualWidth: 1000.0
13:46:21.425 [FXGL Background Thread 2 ] DEBUG Engine               - actualWidthProperty: ReadOnlyDoubleProperty [value: 1000.0]
13:46:21.425 [FXGL Background Thread 2 ] DEBUG Engine               - appIcon: fxgl_icon.png
13:46:21.426 [FXGL Background Thread 2 ] DEBUG Engine               - applicationMode: RELEASE
13:46:21.426 [FXGL Background Thread 2 ] DEBUG Engine               - cSSList: [fxgl_dark.css]
13:46:21.426 [FXGL Background Thread 2 ] DEBUG Engine               - collisionDetectionStrategy: BRUTE_FORCE
13:46:21.426 [FXGL Background Thread 2 ] DEBUG Engine               - configClass: Optional.empty
13:46:21.426 [FXGL Background Thread 2 ] DEBUG Engine               - credits: []
13:46:21.427 [FXGL Background Thread 2 ] DEBUG Engine               - devBBoxColorProperty: ObjectProperty [value: 0xff0000ff]
13:46:21.427 [FXGL Background Thread 2 ] DEBUG Engine               - devEnableDebugCameraProperty: BooleanProperty [value: false]
13:46:21.427 [FXGL Background Thread 2 ] DEBUG Engine               - devSensorColorProperty: ObjectProperty [value: 0xffff00ff]
13:46:21.427 [FXGL Background Thread 2 ] DEBUG Engine               - devShowBBoxProperty: BooleanProperty [value: false]
13:46:21.427 [FXGL Background Thread 2 ] DEBUG Engine               - devShowPositionProperty: BooleanProperty [value: false]
13:46:21.428 [FXGL Background Thread 2 ] DEBUG Engine               - enabledMenuItems: []
13:46:21.429 [FXGL Background Thread 2 ] DEBUG Engine               - engineServices: [class com.almasb.fxgl.app.services.FXGLAssetLoaderService, class com.almasb.fxgl.app.FXGLApplication$GameApplicationService, class com.almasb.fxgl.app.services.FXGLDialogService, class com.almasb.fxgl.app.services.IOTaskExecutorService, class com.almasb.fxgl.event.EventBusService, class com.almasb.fxgl.io.FileSystemService, class com.almasb.fxgl.localization.LocalizationService, class com.almasb.fxgl.app.services.SystemBundleService, class com.almasb.fxgl.profile.SaveLoadService, class com.almasb.fxgl.ui.FXGLUIFactoryServiceProvider, class com.almasb.fxgl.ui.FXGLDialogFactoryServiceProvider, class com.almasb.fxgl.audio.AudioPlayer, class com.almasb.fxgl.notification.impl.NotificationServiceProvider, class com.almasb.fxgl.achievement.AchievementService, class com.almasb.fxgl.cutscene.CutsceneService, class com.almasb.fxgl.minigames.MiniGameService, class com.almasb.fxgl.net.NetService, class com.almasb.fxgl.app.services.UpdaterService, class com.almasb.fxgl.dev.DevService]
13:46:21.430 [FXGL Background Thread 2 ] DEBUG Engine               - fontGame: Abel-Regular.ttf
13:46:21.430 [FXGL Background Thread 2 ] DEBUG Engine               - fontMono: lucida_console.ttf
13:46:21.430 [FXGL Background Thread 2 ] DEBUG Engine               - fontText: Courier-Prime.ttf
13:46:21.431 [FXGL Background Thread 2 ] DEBUG Engine               - fontUI: VarelaRound-Regular.ttf
13:46:21.431 [FXGL Background Thread 2 ] DEBUG Engine               - fullScreen: BooleanProperty [value: false]
13:46:21.431 [FXGL Background Thread 2 ] DEBUG Engine               - gameDifficulty: MEDIUM
13:46:21.431 [FXGL Background Thread 2 ] DEBUG Engine               - gameDifficultyProperty: ObjectProperty [value: MEDIUM]
13:46:21.431 [FXGL Background Thread 2 ] DEBUG Engine               - globalMusicVolume: 0.5
13:46:21.432 [FXGL Background Thread 2 ] DEBUG Engine               - globalMusicVolumeProperty: DoubleProperty [value: 0.5]
13:46:21.432 [FXGL Background Thread 2 ] DEBUG Engine               - globalSoundVolume: 0.5
13:46:21.433 [FXGL Background Thread 2 ] DEBUG Engine               - globalSoundVolumeProperty: DoubleProperty [value: 0.5]
13:46:21.433 [FXGL Background Thread 2 ] DEBUG Engine               - height: 600
13:46:21.433 [FXGL Background Thread 2 ] DEBUG Engine               - isAndroid: false
13:46:21.433 [FXGL Background Thread 2 ] DEBUG Engine               - isBrowser: false
13:46:21.434 [FXGL Background Thread 2 ] DEBUG Engine               - isClickFeedbackEnabled: false
13:46:21.434 [FXGL Background Thread 2 ] DEBUG Engine               - isCloseConfirmation: false
13:46:21.434 [FXGL Background Thread 2 ] DEBUG Engine               - isDesktop: true
13:46:21.434 [FXGL Background Thread 2 ] DEBUG Engine               - isDeveloperMenuEnabled: false
13:46:21.434 [FXGL Background Thread 2 ] DEBUG Engine               - isEntityPreloadEnabled: true
13:46:21.434 [FXGL Background Thread 2 ] DEBUG Engine               - isExperimental3D: false
13:46:21.434 [FXGL Background Thread 2 ] DEBUG Engine               - isExperimentalNative: false
13:46:21.435 [FXGL Background Thread 2 ] DEBUG Engine               - isExperimentalTiledLargeMap: false
13:46:21.436 [FXGL Background Thread 2 ] DEBUG Engine               - isFileSystemWriteAllowed: true
13:46:21.436 [FXGL Background Thread 2 ] DEBUG Engine               - isFullScreenAllowed: false
13:46:21.437 [FXGL Background Thread 2 ] DEBUG Engine               - isFullScreenFromStart: false
13:46:21.437 [FXGL Background Thread 2 ] DEBUG Engine               - isGameMenuEnabled: true
13:46:21.437 [FXGL Background Thread 2 ] DEBUG Engine               - isIOS: false
13:46:21.438 [FXGL Background Thread 2 ] DEBUG Engine               - isIntroEnabled: false
13:46:21.438 [FXGL Background Thread 2 ] DEBUG Engine               - isLinux: false
13:46:21.438 [FXGL Background Thread 2 ] DEBUG Engine               - isMac: false
13:46:21.438 [FXGL Background Thread 2 ] DEBUG Engine               - isMainMenuEnabled: false
13:46:21.438 [FXGL Background Thread 2 ] DEBUG Engine               - isManualResizeEnabled: false
13:46:21.438 [FXGL Background Thread 2 ] DEBUG Engine               - isMobile: false
13:46:21.438 [FXGL Background Thread 2 ] DEBUG Engine               - isPreserveResizeRatio: false
13:46:21.438 [FXGL Background Thread 2 ] DEBUG Engine               - isProfilingEnabled: false
13:46:21.439 [FXGL Background Thread 2 ] DEBUG Engine               - isScaleAffectedOnResize: true
13:46:21.439 [FXGL Background Thread 2 ] DEBUG Engine               - isSingleStep: false
13:46:21.439 [FXGL Background Thread 2 ] DEBUG Engine               - isUserProfileEnabled: false
13:46:21.439 [FXGL Background Thread 2 ] DEBUG Engine               - isWindows: true
13:46:21.439 [FXGL Background Thread 2 ] DEBUG Engine               - language: ObjectProperty [value: ENGLISH]
13:46:21.439 [FXGL Background Thread 2 ] DEBUG Engine               - menuKey: ESCAPE
13:46:21.439 [FXGL Background Thread 2 ] DEBUG Engine               - notificationViewClass: class com.almasb.fxgl.notification.view.XboxNotificationView
13:46:21.440 [FXGL Background Thread 2 ] DEBUG Engine               - pixelsPerMeter: 50.0
13:46:21.440 [FXGL Background Thread 2 ] DEBUG Engine               - platform: WINDOWS
13:46:21.440 [FXGL Background Thread 2 ] DEBUG Engine               - prefHeightProperty: ReadOnlyDoubleProperty [value: 600.0]
13:46:21.440 [FXGL Background Thread 2 ] DEBUG Engine               - prefWidthProperty: ReadOnlyDoubleProperty [value: 1000.0]
13:46:21.440 [FXGL Background Thread 2 ] DEBUG Engine               - profileDir: profiles/
13:46:21.440 [FXGL Background Thread 2 ] DEBUG Engine               - profileName: StringProperty [value: DEFAULT]
13:46:21.440 [FXGL Background Thread 2 ] DEBUG Engine               - randomSeed: -1
13:46:21.440 [FXGL Background Thread 2 ] DEBUG Engine               - runtimeInfo: RuntimeInfo(platform=WINDOWS, version=dev-SNAPSHOT, build=25.02.2021 13.59)
13:46:21.441 [FXGL Background Thread 2 ] DEBUG Engine               - saveFileExt: sav
13:46:21.441 [FXGL Background Thread 2 ] DEBUG Engine               - scaledHeightProp$fxgl: DoubleProperty [bound, value: 600.0]
13:46:21.441 [FXGL Background Thread 2 ] DEBUG Engine               - scaledWidthProp$fxgl: DoubleProperty [bound, value: 1000.0]
13:46:21.441 [FXGL Background Thread 2 ] DEBUG Engine               - sceneFactory: com.almasb.fxgl.app.scene.SceneFactory@6a1a9c93
13:46:21.441 [FXGL Background Thread 2 ] DEBUG Engine               - secondsIn24h: 60
13:46:21.441 [FXGL Background Thread 2 ] DEBUG Engine               - soundMenuBack: menu/back.wav
13:46:21.441 [FXGL Background Thread 2 ] DEBUG Engine               - soundMenuPress: menu/press.wav
13:46:21.441 [FXGL Background Thread 2 ] DEBUG Engine               - soundMenuSelect: menu/select.wav
13:46:21.441 [FXGL Background Thread 2 ] DEBUG Engine               - soundNotification: core/notification.wav
13:46:21.442 [FXGL Background Thread 2 ] DEBUG Engine               - stageStyle: DECORATED
13:46:21.442 [FXGL Background Thread 2 ] DEBUG Engine               - supportedLanguages: [ENGLISH, FRENCH, GERMAN, HUNGARIAN, RUSSIAN]
13:46:21.442 [FXGL Background Thread 2 ] DEBUG Engine               - ticksPerSecond: -1
13:46:21.442 [FXGL Background Thread 2 ] DEBUG Engine               - title: Breakout Game
13:46:21.442 [FXGL Background Thread 2 ] DEBUG Engine               - urlGithub: https://github.com/AlmasB/FXGL
13:46:21.442 [FXGL Background Thread 2 ] DEBUG Engine               - urlLeaderboard: http://fxgl-top.herokuapp.com/
13:46:21.442 [FXGL Background Thread 2 ] DEBUG Engine               - urlPOM: https://raw.githubusercontent.com/AlmasB/FXGL/release/README.md
13:46:21.442 [FXGL Background Thread 2 ] DEBUG Engine               - userAppClass: class Game
13:46:21.442 [FXGL Background Thread 2 ] DEBUG Engine               - version: 1.0
13:46:21.442 [FXGL Background Thread 2 ] DEBUG Engine               - versionCheckDays: 7
13:46:21.443 [FXGL Background Thread 2 ] DEBUG Engine               - width: 1000
13:46:21.443 [FXGL Background Thread 2 ] DEBUG Engine               - Logging services
13:46:21.443 [FXGL Background Thread 2 ] DEBUG Engine               - class com.almasb.fxgl.app.services.FXGLAssetLoaderService
13:46:21.443 [FXGL Background Thread 2 ] DEBUG Engine               - class com.almasb.fxgl.app.FXGLApplication$GameApplicationService
13:46:21.443 [FXGL Background Thread 2 ] DEBUG Engine               - class com.almasb.fxgl.app.services.FXGLDialogService
13:46:21.443 [FXGL Background Thread 2 ] DEBUG Engine               - class com.almasb.fxgl.app.services.IOTaskExecutorService
13:46:21.443 [FXGL Background Thread 2 ] DEBUG Engine               - class com.almasb.fxgl.event.EventBusService
13:46:21.443 [FXGL Background Thread 2 ] DEBUG Engine               - class com.almasb.fxgl.io.FileSystemService
13:46:21.443 [FXGL Background Thread 2 ] DEBUG Engine               - class com.almasb.fxgl.localization.LocalizationService
13:46:21.443 [FXGL Background Thread 2 ] DEBUG Engine               - class com.almasb.fxgl.app.services.SystemBundleService
13:46:21.444 [FXGL Background Thread 2 ] DEBUG Engine               - class com.almasb.fxgl.profile.SaveLoadService
13:46:21.444 [FXGL Background Thread 2 ] DEBUG Engine               - class com.almasb.fxgl.ui.FXGLUIFactoryServiceProvider
13:46:21.444 [FXGL Background Thread 2 ] DEBUG Engine               - class com.almasb.fxgl.ui.FXGLDialogFactoryServiceProvider
13:46:21.444 [FXGL Background Thread 2 ] DEBUG Engine               - class com.almasb.fxgl.audio.AudioPlayer
13:46:21.444 [FXGL Background Thread 2 ] DEBUG Engine               - class com.almasb.fxgl.notification.impl.NotificationServiceProvider
13:46:21.444 [FXGL Background Thread 2 ] DEBUG Engine               - class com.almasb.fxgl.achievement.AchievementService
13:46:21.444 [FXGL Background Thread 2 ] DEBUG Engine               - class com.almasb.fxgl.cutscene.CutsceneService
13:46:21.444 [FXGL Background Thread 2 ] DEBUG Engine               - class com.almasb.fxgl.minigames.MiniGameService
13:46:21.444 [FXGL Background Thread 2 ] DEBUG Engine               - class com.almasb.fxgl.net.NetService
13:46:21.444 [FXGL Background Thread 2 ] DEBUG Engine               - class com.almasb.fxgl.app.services.UpdaterService
13:46:21.444 [FXGL Background Thread 2 ] DEBUG Engine               - class com.almasb.fxgl.dev.DevService
13:46:22.507 [JavaFX Application Thread] DEBUG FXGLAssetLoaderServi - Loading from file system: file:/C:/Users/Jainfamily/AP%20JAVA/fxgl%20graphics/mainProject/target/classes/assets/textures/newBullet.png
13:47:40.070 [JavaFX Application Thread] DEBUG FXGLApplication      - Exiting FXGL
13:47:40.071 [JavaFX Application Thread] DEBUG LoopRunner           - Stopping loop
13:47:40.071 [JavaFX Application Thread] DEBUG SystemBundleService  - Saving FXGL system data
13:47:40.113 [JavaFX Application Thread] DEBUG FileSystemAccess     - Writing to: C:\Users\Jainfamily\AP JAVA\fxgl graphics\mainProject\system\fxgl.bundle
13:47:40.126 [JavaFX Application Thread] DEBUG Async                - Shutting down background threads
13:47:40.127 [JavaFX Application Thread] DEBUG PrimaryStageWindow   - Closing main window
13:47:40.169 [JavaFX Application Thread] DEBUG Logger               - Closing Logger
