13:49:23.659 [main                     ] DEBUG Logger               - Configured Logger
13:49:23.675 [main                     ] DEBUG GameApplication      - Logging settings
Title: Breakout Game
Version: 1.0
Width: 1000
Height: 600
Fullscreen: false
Intro: false
Profiling: false
Single step:false
App Mode: RELEASE
Menu Key: ESCAPE
Stage Style: DECORATED
Scene Factory: class com.almasb.fxgl.app.scene.SceneFactory

13:49:24.561 [JavaFX Application Thread] DEBUG FXGLApplication      - Initializing FXGL
13:49:24.566 [JavaFX Application Thread] INFO  Engine               - FXGL-dev-SNAPSHOT (25.02.2021 13.59) on WINDOWS (J:14.0.2 FX:15)
13:49:24.566 [JavaFX Application Thread] DEBUG Engine               - JRE Vendor Name: Oracle Corporation
13:49:24.567 [JavaFX Application Thread] DEBUG Engine               - Running on OS: Windows 10 version 10.0
13:49:24.567 [JavaFX Application Thread] DEBUG Engine               - Architecture: amd64
13:49:24.567 [JavaFX Application Thread] INFO  Engine               - Source code and latest versions at: https://github.com/AlmasB/FXGL
13:49:24.568 [JavaFX Application Thread] INFO  Engine               -              Join the FXGL chat at: https://gitter.im/AlmasB/FXGL
13:49:24.962 [JavaFX Application Thread] DEBUG PrimaryStageWindow   - Creating a JavaFX scene
13:49:31.114 [JavaFX Application Thread] DEBUG PrimaryStageWindow   - Target settings size: 1000.0 x 600.0
13:49:31.115 [JavaFX Application Thread] DEBUG PrimaryStageWindow   - Scaled scene size:    1000.0 x 600.0
13:49:31.115 [JavaFX Application Thread] DEBUG PrimaryStageWindow   - Scaled ratio: (1.0, 1.0)
13:49:31.116 [JavaFX Application Thread] DEBUG PrimaryStageWindow   - Set initial scene to FXGLStartupScene
13:49:31.126 [JavaFX Application Thread] DEBUG PrimaryStageWindow   - Opening main window
13:49:31.272 [JavaFX Application Thread] DEBUG PrimaryStageWindow   - Window border size: (14.4000244140625, 37.5999755859375)
13:49:31.273 [JavaFX Application Thread] DEBUG PrimaryStageWindow   - Scaled size: 1000.0 x 600.0
13:49:31.273 [JavaFX Application Thread] DEBUG PrimaryStageWindow   - Scaled ratio: (1.0, 1.0)
13:49:31.274 [JavaFX Application Thread] DEBUG PrimaryStageWindow   - Scene size: 1000.0 x 600.0
13:49:31.274 [JavaFX Application Thread] DEBUG PrimaryStageWindow   - Stage size: 1014.4000244140625 x 637.5999755859375
13:49:31.297 [FXGL Background Thread 1 ] DEBUG Engine               - Initializing environment variables
13:49:31.369 [FXGL Background Thread 1 ] DEBUG FXGLAssetLoaderServi - User app class for loading assets: class Game
13:49:31.369 [FXGL Background Thread 1 ] DEBUG GameApplicationServi - Applying CSS: fxgl_dark.css
13:49:31.371 [FXGL Background Thread 1 ] DEBUG FXGLAssetLoaderServi - Loading from file system: jar:file:/C:/Users/Jainfamily/.m2/repository/com/github/almasb/fxgl/dev-SNAPSHOT/fxgl-dev-20210225.140003-1682.jar!/fxglassets/ui/css/fxgl_dark.css
13:49:31.451 [FXGL Background Thread 1 ] DEBUG GameApplicationServi - Initializing application scenes
13:49:31.581 [FXGL Background Thread 1 ] DEBUG GameWorld            - Game world initialized
13:49:31.701 [FXGL Background Thread 1 ] DEBUG PhysicsWorld         - Physics world initialized: appHeight=600, physics.ppm=50.0
13:49:31.701 [FXGL Background Thread 1 ] DEBUG PhysicsWorld         - Using strategy: BRUTE_FORCE
13:49:31.706 [FXGL Background Thread 1 ] DEBUG GameScene            - Game scene initialized: 1000x600
13:49:31.761 [FXGL Background Thread 1 ] DEBUG FXGLAssetLoaderServi - Loading from file system: jar:file:/C:/Users/Jainfamily/.m2/repository/com/github/almasb/fxgl/dev-SNAPSHOT/fxgl-dev-20210225.140003-1682.jar!/fxglassets/textures/particles/trace_horizontal.png
13:49:31.846 [FXGL Background Thread 1 ] DEBUG FXGL.DefaultMenu     - createMenuBodyGameMenu()
13:49:31.867 [FXGL Background Thread 1 ] DEBUG FXGL.DefaultMenu     - createOptionsMenu()
13:49:31.876 [FXGL Background Thread 1 ] DEBUG FXGLAssetLoaderServi - Loading from file system: jar:file:/C:/Users/Jainfamily/.m2/repository/com/github/almasb/fxgl/dev-SNAPSHOT/fxgl-dev-20210225.140003-1682.jar!/fxglassets/textures/particles/smoke.png
13:49:31.969 [FXGL Background Thread 1 ] DEBUG GameApplicationServi - Application scenes initialized
13:49:31.991 [FXGL Background Thread 1 ] DEBUG SystemBundleService  - Loading FXGL system data
13:49:31.998 [FXGL Background Thread 1 ] DEBUG FileSystemAccess     - Reading from: C:\Users\Jainfamily\AP JAVA\fxgl graphics\mainProject\system\fxgl.bundle
13:49:32.008 [FXGL Background Thread 1 ] DEBUG SystemBundleService  - Bundle FXGL: {}
13:49:32.015 [FXGL Background Thread 1 ] DEBUG FXGLApplication      - Loading default localization
13:49:32.016 [FXGL Background Thread 1 ] DEBUG FXGLAssetLoaderServi - Loading from file system: jar:file:/C:/Users/Jainfamily/.m2/repository/com/github/almasb/fxgl/dev-SNAPSHOT/fxgl-dev-20210225.140003-1682.jar!/fxglassets/languages/english.lang
13:49:32.019 [FXGL Background Thread 3 ] DEBUG FXGLApplication      - Loading fonts
13:49:32.021 [FXGL Background Thread 3 ] DEBUG FXGLAssetLoaderServi - Loading from file system: jar:file:/C:/Users/Jainfamily/.m2/repository/com/github/almasb/fxgl/dev-SNAPSHOT/fxgl-dev-20210225.140003-1682.jar!/fxglassets/ui/fonts/VarelaRound-Regular.ttf
13:49:32.051 [FXGL Background Thread 1 ] INFO  FXGLApplication      - FXGL initialization took: 0.754 sec
13:49:32.064 [JavaFX Application Thread] DEBUG Input                - Registered new binding: paddleLeft - Left
13:49:32.064 [JavaFX Application Thread] DEBUG Input                - Registered new binding: paddleRight - Right
13:49:32.065 [JavaFX Application Thread] DEBUG Input                - Registered new binding: shootBullet - Space
13:49:32.065 [JavaFX Application Thread] DEBUG Input                - Registered new binding: enableBallMovement - Enter
13:49:32.066 [JavaFX Application Thread] DEBUG Input                - Registered new binding: restartLevel - R
13:49:32.066 [JavaFX Application Thread] DEBUG Input                - Registered new binding: nextLevel - N
13:49:32.067 [JavaFX Application Thread] DEBUG FXGLAssetLoaderServi - Loading from file system: jar:file:/C:/Users/Jainfamily/.m2/repository/com/github/almasb/fxgl/dev-SNAPSHOT/fxgl-dev-20210225.140003-1682.jar!/fxglassets/textures/fxgl_icon.png
13:49:32.112 [JavaFX Application Thread] DEBUG FXGLAssetLoaderServi - Loading from file system: jar:file:/C:/Users/Jainfamily/.m2/repository/com/github/almasb/fxgl/dev-SNAPSHOT/fxgl-dev-20210225.140003-1682.jar!/fxglassets/ui/cursors/fxgl_default.png
13:49:32.116 [JavaFX Application Thread] DEBUG Input                - Registered new binding: Screenshot - P
13:49:32.120 [JavaFX Application Thread] DEBUG LoopRunner           - Starting loop
13:49:32.121 [JavaFX Application Thread] DEBUG LoopRunner           - Initializing JavaFX AnimationTimerLoop
13:49:32.126 [JavaFX Application Thread] DEBUG GameApplicationServi - Starting new game
13:49:32.127 [JavaFX Application Thread] DEBUG Input                - Clearing active input actions
13:49:32.138 [FXGL Background Thread 3 ] DEBUG FXGLAssetLoaderServi - Loading from file system: jar:file:/C:/Users/Jainfamily/.m2/repository/com/github/almasb/fxgl/dev-SNAPSHOT/fxgl-dev-20210225.140003-1682.jar!/fxglassets/ui/fonts/Abel-Regular.ttf
13:49:32.145 [JavaFX Application Thread] DEBUG GameApplicationServi - Removing overlay from FXGLStartupScene and adding to FXGLLoadingScene
13:49:32.145 [JavaFX Application Thread] DEBUG PrimaryStageWindow   - FXGLStartupScene -> FXGLLoadingScene
13:49:32.145 [JavaFX Application Thread] DEBUG GameApplicationServi - Clearing previous game
13:49:32.145 [JavaFX Application Thread] DEBUG GameScene            - Clearing game scene
13:49:32.146 [JavaFX Application Thread] DEBUG GameWorld            - Clearing game world
13:49:32.146 [JavaFX Application Thread] DEBUG PhysicsWorld         - Clearing physics world
13:49:32.148 [FXGL Background Thread 1 ] DEBUG FXGLApplication      - Initializing game
13:49:32.168 [FXGL Background Thread 1 ] DEBUG FXGLAssetLoaderServi - Loading from file system: file:/C:/Users/Jainfamily/AP%20JAVA/fxgl%20graphics/mainProject/target/classes/assets/textures/gradient_paddle.png
13:49:32.195 [FXGL Background Thread 1 ] DEBUG FXGLAssetLoaderServi - Loading from file system: file:/C:/Users/Jainfamily/AP%20JAVA/fxgl%20graphics/mainProject/target/classes/assets/textures/circle.png
13:49:32.196 [FXGL Background Thread 3 ] DEBUG FXGLAssetLoaderServi - Loading from file system: jar:file:/C:/Users/Jainfamily/.m2/repository/com/github/almasb/fxgl/dev-SNAPSHOT/fxgl-dev-20210225.140003-1682.jar!/fxglassets/ui/fonts/lucida_console.ttf
13:49:32.199 [FXGL Background Thread 1 ] DEBUG FXGLAssetLoaderServi - Loading from file system: file:/C:/Users/Jainfamily/AP%20JAVA/fxgl%20graphics/mainProject/target/classes/assets/textures/blueBrick.png
13:49:32.211 [FXGL Background Thread 1 ] INFO  FXGLApplication      - Game initialization took: 0.063 sec
13:49:32.226 [FXGL Background Thread 3 ] DEBUG FXGLAssetLoaderServi - Loading from file system: jar:file:/C:/Users/Jainfamily/.m2/repository/com/github/almasb/fxgl/dev-SNAPSHOT/fxgl-dev-20210225.140003-1682.jar!/fxglassets/ui/fonts/Courier-Prime.ttf
13:49:32.237 [JavaFX Application Thread] DEBUG Input                - Clearing active input actions
13:49:32.252 [JavaFX Application Thread] DEBUG GameApplicationServi - Removing overlay from FXGLLoadingScene and adding to GameScene
13:49:32.252 [JavaFX Application Thread] DEBUG PrimaryStageWindow   - FXGLLoadingScene -> GameScene
13:49:32.369 [JavaFX Application Thread] DEBUG FXGLApplication      - Registering font factories with UI factory
13:49:35.011 [FXGL Background Thread 2 ] DEBUG Engine               - Logging environment variables
13:49:35.013 [FXGL Background Thread 2 ] DEBUG Engine               - achievements: []
13:49:35.014 [FXGL Background Thread 2 ] DEBUG Engine               - actualHeight: 600.0
13:49:35.015 [FXGL Background Thread 2 ] DEBUG Engine               - actualHeightProperty: ReadOnlyDoubleProperty [value: 600.0]
13:49:35.016 [FXGL Background Thread 2 ] DEBUG Engine               - actualWidth: 1000.0
13:49:35.016 [FXGL Background Thread 2 ] DEBUG Engine               - actualWidthProperty: ReadOnlyDoubleProperty [value: 1000.0]
13:49:35.017 [FXGL Background Thread 2 ] DEBUG Engine               - appIcon: fxgl_icon.png
13:49:35.017 [FXGL Background Thread 2 ] DEBUG Engine               - applicationMode: RELEASE
13:49:35.018 [FXGL Background Thread 2 ] DEBUG Engine               - cSSList: [fxgl_dark.css]
13:49:35.019 [FXGL Background Thread 2 ] DEBUG Engine               - collisionDetectionStrategy: BRUTE_FORCE
13:49:35.019 [FXGL Background Thread 2 ] DEBUG Engine               - configClass: Optional.empty
13:49:35.020 [FXGL Background Thread 2 ] DEBUG Engine               - credits: []
13:49:35.022 [FXGL Background Thread 2 ] DEBUG Engine               - devBBoxColorProperty: ObjectProperty [value: 0xff0000ff]
13:49:35.022 [FXGL Background Thread 2 ] DEBUG Engine               - devEnableDebugCameraProperty: BooleanProperty [value: false]
13:49:35.023 [FXGL Background Thread 2 ] DEBUG Engine               - devSensorColorProperty: ObjectProperty [value: 0xffff00ff]
13:49:35.023 [FXGL Background Thread 2 ] DEBUG Engine               - devShowBBoxProperty: BooleanProperty [value: false]
13:49:35.024 [FXGL Background Thread 2 ] DEBUG Engine               - devShowPositionProperty: BooleanProperty [value: false]
13:49:35.025 [FXGL Background Thread 2 ] DEBUG Engine               - enabledMenuItems: []
13:49:35.025 [FXGL Background Thread 2 ] DEBUG Engine               - engineServices: [class com.almasb.fxgl.app.services.FXGLAssetLoaderService, class com.almasb.fxgl.app.FXGLApplication$GameApplicationService, class com.almasb.fxgl.app.services.FXGLDialogService, class com.almasb.fxgl.app.services.IOTaskExecutorService, class com.almasb.fxgl.event.EventBusService, class com.almasb.fxgl.io.FileSystemService, class com.almasb.fxgl.localization.LocalizationService, class com.almasb.fxgl.app.services.SystemBundleService, class com.almasb.fxgl.profile.SaveLoadService, class com.almasb.fxgl.ui.FXGLUIFactoryServiceProvider, class com.almasb.fxgl.ui.FXGLDialogFactoryServiceProvider, class com.almasb.fxgl.audio.AudioPlayer, class com.almasb.fxgl.notification.impl.NotificationServiceProvider, class com.almasb.fxgl.achievement.AchievementService, class com.almasb.fxgl.cutscene.CutsceneService, class com.almasb.fxgl.minigames.MiniGameService, class com.almasb.fxgl.net.NetService, class com.almasb.fxgl.app.services.UpdaterService, class com.almasb.fxgl.dev.DevService]
13:49:35.026 [FXGL Background Thread 2 ] DEBUG Engine               - fontGame: Abel-Regular.ttf
13:49:35.026 [FXGL Background Thread 2 ] DEBUG Engine               - fontMono: lucida_console.ttf
13:49:35.027 [FXGL Background Thread 2 ] DEBUG Engine               - fontText: Courier-Prime.ttf
13:49:35.027 [FXGL Background Thread 2 ] DEBUG Engine               - fontUI: VarelaRound-Regular.ttf
13:49:35.028 [FXGL Background Thread 2 ] DEBUG Engine               - fullScreen: BooleanProperty [value: false]
13:49:35.028 [FXGL Background Thread 2 ] DEBUG Engine               - gameDifficulty: MEDIUM
13:49:35.029 [FXGL Background Thread 2 ] DEBUG Engine               - gameDifficultyProperty: ObjectProperty [value: MEDIUM]
13:49:35.029 [FXGL Background Thread 2 ] DEBUG Engine               - globalMusicVolume: 0.5
13:49:35.030 [FXGL Background Thread 2 ] DEBUG Engine               - globalMusicVolumeProperty: DoubleProperty [value: 0.5]
13:49:35.030 [FXGL Background Thread 2 ] DEBUG Engine               - globalSoundVolume: 0.5
13:49:35.031 [FXGL Background Thread 2 ] DEBUG Engine               - globalSoundVolumeProperty: DoubleProperty [value: 0.5]
13:49:35.031 [FXGL Background Thread 2 ] DEBUG Engine               - height: 600
13:49:35.031 [FXGL Background Thread 2 ] DEBUG Engine               - isAndroid: false
13:49:35.032 [FXGL Background Thread 2 ] DEBUG Engine               - isBrowser: false
13:49:35.032 [FXGL Background Thread 2 ] DEBUG Engine               - isClickFeedbackEnabled: false
13:49:35.032 [FXGL Background Thread 2 ] DEBUG Engine               - isCloseConfirmation: false
13:49:35.033 [FXGL Background Thread 2 ] DEBUG Engine               - isDesktop: true
13:49:35.033 [FXGL Background Thread 2 ] DEBUG Engine               - isDeveloperMenuEnabled: false
13:49:35.034 [FXGL Background Thread 2 ] DEBUG Engine               - isEntityPreloadEnabled: true
13:49:35.034 [FXGL Background Thread 2 ] DEBUG Engine               - isExperimental3D: false
13:49:35.034 [FXGL Background Thread 2 ] DEBUG Engine               - isExperimentalNative: false
13:49:35.035 [FXGL Background Thread 2 ] DEBUG Engine               - isExperimentalTiledLargeMap: false
13:49:35.035 [FXGL Background Thread 2 ] DEBUG Engine               - isFileSystemWriteAllowed: true
13:49:35.035 [FXGL Background Thread 2 ] DEBUG Engine               - isFullScreenAllowed: false
13:49:35.036 [FXGL Background Thread 2 ] DEBUG Engine               - isFullScreenFromStart: false
13:49:35.036 [FXGL Background Thread 2 ] DEBUG Engine               - isGameMenuEnabled: true
13:49:35.036 [FXGL Background Thread 2 ] DEBUG Engine               - isIOS: false
13:49:35.037 [FXGL Background Thread 2 ] DEBUG Engine               - isIntroEnabled: false
13:49:35.037 [FXGL Background Thread 2 ] DEBUG Engine               - isLinux: false
13:49:35.038 [FXGL Background Thread 2 ] DEBUG Engine               - isMac: false
13:49:35.038 [FXGL Background Thread 2 ] DEBUG Engine               - isMainMenuEnabled: false
13:49:35.038 [FXGL Background Thread 2 ] DEBUG Engine               - isManualResizeEnabled: false
13:49:35.039 [FXGL Background Thread 2 ] DEBUG Engine               - isMobile: false
13:49:35.039 [FXGL Background Thread 2 ] DEBUG Engine               - isPreserveResizeRatio: false
13:49:35.040 [FXGL Background Thread 2 ] DEBUG Engine               - isProfilingEnabled: false
13:49:35.040 [FXGL Background Thread 2 ] DEBUG Engine               - isScaleAffectedOnResize: true
13:49:35.041 [FXGL Background Thread 2 ] DEBUG Engine               - isSingleStep: false
13:49:35.041 [FXGL Background Thread 2 ] DEBUG Engine               - isUserProfileEnabled: false
13:49:35.042 [FXGL Background Thread 2 ] DEBUG Engine               - isWindows: true
13:49:35.042 [FXGL Background Thread 2 ] DEBUG Engine               - language: ObjectProperty [value: ENGLISH]
13:49:35.042 [FXGL Background Thread 2 ] DEBUG Engine               - menuKey: ESCAPE
13:49:35.042 [FXGL Background Thread 2 ] DEBUG Engine               - notificationViewClass: class com.almasb.fxgl.notification.view.XboxNotificationView
13:49:35.042 [FXGL Background Thread 2 ] DEBUG Engine               - pixelsPerMeter: 50.0
13:49:35.042 [FXGL Background Thread 2 ] DEBUG Engine               - platform: WINDOWS
13:49:35.042 [FXGL Background Thread 2 ] DEBUG Engine               - prefHeightProperty: ReadOnlyDoubleProperty [value: 600.0]
13:49:35.043 [FXGL Background Thread 2 ] DEBUG Engine               - prefWidthProperty: ReadOnlyDoubleProperty [value: 1000.0]
13:49:35.043 [FXGL Background Thread 2 ] DEBUG Engine               - profileDir: profiles/
13:49:35.043 [FXGL Background Thread 2 ] DEBUG Engine               - profileName: StringProperty [value: DEFAULT]
13:49:35.043 [FXGL Background Thread 2 ] DEBUG Engine               - randomSeed: -1
13:49:35.043 [FXGL Background Thread 2 ] DEBUG Engine               - runtimeInfo: RuntimeInfo(platform=WINDOWS, version=dev-SNAPSHOT, build=25.02.2021 13.59)
13:49:35.044 [FXGL Background Thread 2 ] DEBUG Engine               - saveFileExt: sav
13:49:35.044 [FXGL Background Thread 2 ] DEBUG Engine               - scaledHeightProp$fxgl: DoubleProperty [bound, value: 600.0]
13:49:35.044 [FXGL Background Thread 2 ] DEBUG Engine               - scaledWidthProp$fxgl: DoubleProperty [bound, value: 1000.0]
13:49:35.044 [FXGL Background Thread 2 ] DEBUG Engine               - sceneFactory: com.almasb.fxgl.app.scene.SceneFactory@3ef7b6a0
13:49:35.045 [FXGL Background Thread 2 ] DEBUG Engine               - secondsIn24h: 60
13:49:35.045 [FXGL Background Thread 2 ] DEBUG Engine               - soundMenuBack: menu/back.wav
13:49:35.045 [FXGL Background Thread 2 ] DEBUG Engine               - soundMenuPress: menu/press.wav
13:49:35.045 [FXGL Background Thread 2 ] DEBUG Engine               - soundMenuSelect: menu/select.wav
13:49:35.045 [FXGL Background Thread 2 ] DEBUG Engine               - soundNotification: core/notification.wav
13:49:35.046 [FXGL Background Thread 2 ] DEBUG Engine               - stageStyle: DECORATED
13:49:35.046 [FXGL Background Thread 2 ] DEBUG Engine               - supportedLanguages: [ENGLISH, FRENCH, GERMAN, HUNGARIAN, RUSSIAN]
13:49:35.046 [FXGL Background Thread 2 ] DEBUG Engine               - ticksPerSecond: -1
13:49:35.046 [FXGL Background Thread 2 ] DEBUG Engine               - title: Breakout Game
13:49:35.046 [FXGL Background Thread 2 ] DEBUG Engine               - urlGithub: https://github.com/AlmasB/FXGL
13:49:35.046 [FXGL Background Thread 2 ] DEBUG Engine               - urlLeaderboard: http://fxgl-top.herokuapp.com/
13:49:35.047 [FXGL Background Thread 2 ] DEBUG Engine               - urlPOM: https://raw.githubusercontent.com/AlmasB/FXGL/release/README.md
13:49:35.047 [FXGL Background Thread 2 ] DEBUG Engine               - userAppClass: class Game
13:49:35.047 [FXGL Background Thread 2 ] DEBUG Engine               - version: 1.0
13:49:35.047 [FXGL Background Thread 2 ] DEBUG Engine               - versionCheckDays: 7
13:49:35.047 [FXGL Background Thread 2 ] DEBUG Engine               - width: 1000
13:49:35.048 [FXGL Background Thread 2 ] DEBUG Engine               - Logging services
13:49:35.048 [FXGL Background Thread 2 ] DEBUG Engine               - class com.almasb.fxgl.app.services.FXGLAssetLoaderService
13:49:35.048 [FXGL Background Thread 2 ] DEBUG Engine               - class com.almasb.fxgl.app.FXGLApplication$GameApplicationService
13:49:35.048 [FXGL Background Thread 2 ] DEBUG Engine               - class com.almasb.fxgl.app.services.FXGLDialogService
13:49:35.048 [FXGL Background Thread 2 ] DEBUG Engine               - class com.almasb.fxgl.app.services.IOTaskExecutorService
13:49:35.049 [FXGL Background Thread 2 ] DEBUG Engine               - class com.almasb.fxgl.event.EventBusService
13:49:35.049 [FXGL Background Thread 2 ] DEBUG Engine               - class com.almasb.fxgl.io.FileSystemService
13:49:35.049 [FXGL Background Thread 2 ] DEBUG Engine               - class com.almasb.fxgl.localization.LocalizationService
13:49:35.049 [FXGL Background Thread 2 ] DEBUG Engine               - class com.almasb.fxgl.app.services.SystemBundleService
13:49:35.049 [FXGL Background Thread 2 ] DEBUG Engine               - class com.almasb.fxgl.profile.SaveLoadService
13:49:35.050 [FXGL Background Thread 2 ] DEBUG Engine               - class com.almasb.fxgl.ui.FXGLUIFactoryServiceProvider
13:49:35.050 [FXGL Background Thread 2 ] DEBUG Engine               - class com.almasb.fxgl.ui.FXGLDialogFactoryServiceProvider
13:49:35.050 [FXGL Background Thread 2 ] DEBUG Engine               - class com.almasb.fxgl.audio.AudioPlayer
13:49:35.050 [FXGL Background Thread 2 ] DEBUG Engine               - class com.almasb.fxgl.notification.impl.NotificationServiceProvider
13:49:35.050 [FXGL Background Thread 2 ] DEBUG Engine               - class com.almasb.fxgl.achievement.AchievementService
13:49:35.050 [FXGL Background Thread 2 ] DEBUG Engine               - class com.almasb.fxgl.cutscene.CutsceneService
13:49:35.050 [FXGL Background Thread 2 ] DEBUG Engine               - class com.almasb.fxgl.minigames.MiniGameService
13:49:35.051 [FXGL Background Thread 2 ] DEBUG Engine               - class com.almasb.fxgl.net.NetService
13:49:35.051 [FXGL Background Thread 2 ] DEBUG Engine               - class com.almasb.fxgl.app.services.UpdaterService
13:49:35.051 [FXGL Background Thread 2 ] DEBUG Engine               - class com.almasb.fxgl.dev.DevService
13:49:47.007 [JavaFX Application Thread] DEBUG FXGLAssetLoaderServi - Loading from file system: file:/C:/Users/Jainfamily/AP%20JAVA/fxgl%20graphics/mainProject/target/classes/assets/textures/newBullet.png
13:50:22.082 [JavaFX Application Thread] DEBUG FXGLApplication      - Exiting FXGL
13:50:22.082 [JavaFX Application Thread] DEBUG LoopRunner           - Stopping loop
13:50:22.083 [JavaFX Application Thread] DEBUG SystemBundleService  - Saving FXGL system data
13:50:22.090 [JavaFX Application Thread] DEBUG FileSystemAccess     - Writing to: C:\Users\Jainfamily\AP JAVA\fxgl graphics\mainProject\system\fxgl.bundle
13:50:22.099 [JavaFX Application Thread] DEBUG Async                - Shutting down background threads
13:50:22.100 [JavaFX Application Thread] DEBUG PrimaryStageWindow   - Closing main window
13:50:22.118 [JavaFX Application Thread] DEBUG Logger               - Closing Logger
