10:23:16.429 [main                     ] DEBUG Logger               - Configured Logger
10:23:16.449 [main                     ] DEBUG GameApplication      - Logging settings
Title: test
Version: 1.0
Width: 1000
Height: 600
Fullscreen: false
Intro: false
Profiling: false
Single step:false
App Mode: DEVELOPER
Menu Key: ESCAPE
Stage Style: DECORATED
Scene Factory: class com.almasb.fxgl.app.scene.SceneFactory

10:23:17.383 [JavaFX Application Thread] DEBUG FXGLApplication      - Initializing FXGL
10:23:17.389 [JavaFX Application Thread] INFO  Engine               - FXGL-dev-SNAPSHOT (21.02.2021 13.59) on WINDOWS (J:14.0.2 FX:15)
10:23:17.390 [JavaFX Application Thread] DEBUG Engine               - JRE Vendor Name: Oracle Corporation
10:23:17.391 [JavaFX Application Thread] DEBUG Engine               - Running on OS: Windows 10 version 10.0
10:23:17.391 [JavaFX Application Thread] DEBUG Engine               - Architecture: amd64
10:23:17.392 [JavaFX Application Thread] INFO  Engine               - Source code and latest versions at: https://github.com/AlmasB/FXGL
10:23:17.392 [JavaFX Application Thread] INFO  Engine               -              Join the FXGL chat at: https://gitter.im/AlmasB/FXGL
10:23:17.835 [JavaFX Application Thread] DEBUG PrimaryStageWindow   - Creating a JavaFX scene
10:23:18.048 [JavaFX Application Thread] DEBUG PrimaryStageWindow   - Target settings size: 1000.0 x 600.0
10:23:18.049 [JavaFX Application Thread] DEBUG PrimaryStageWindow   - Scaled scene size:    1000.0 x 600.0
10:23:18.049 [JavaFX Application Thread] DEBUG PrimaryStageWindow   - Scaled ratio: (1.0, 1.0)
10:23:18.052 [JavaFX Application Thread] DEBUG PrimaryStageWindow   - Set initial scene to FXGLStartupScene
10:23:18.067 [JavaFX Application Thread] DEBUG PrimaryStageWindow   - Opening main window
10:23:18.254 [JavaFX Application Thread] DEBUG PrimaryStageWindow   - Window border size: (14.4000244140625, 37.5999755859375)
10:23:18.254 [JavaFX Application Thread] DEBUG PrimaryStageWindow   - Scaled size: 1000.0 x 600.0
10:23:18.254 [JavaFX Application Thread] DEBUG PrimaryStageWindow   - Scaled ratio: (1.0, 1.0)
10:23:18.255 [JavaFX Application Thread] DEBUG PrimaryStageWindow   - Scene size: 1000.0 x 600.0
10:23:18.255 [JavaFX Application Thread] DEBUG PrimaryStageWindow   - Stage size: 1014.4000244140625 x 637.5999755859375
10:23:18.325 [FXGL Background Thread 1 ] DEBUG Engine               - Initializing environment variables
10:23:18.408 [FXGL Background Thread 1 ] DEBUG FXGLAssetLoaderServi - User app class for loading assets: class Game
10:23:18.409 [FXGL Background Thread 1 ] DEBUG GameApplicationServi - Applying CSS: fxgl_dark.css
10:23:18.411 [FXGL Background Thread 1 ] DEBUG FXGLAssetLoaderServi - Loading from file system: jar:file:/C:/Users/Jainfamily/.m2/repository/com/github/almasb/fxgl/dev-SNAPSHOT/fxgl-dev-20210221.140046-1674.jar!/fxglassets/ui/css/fxgl_dark.css
10:23:18.513 [FXGL Background Thread 1 ] DEBUG GameApplicationServi - Initializing application scenes
10:23:18.700 [FXGL Background Thread 1 ] DEBUG GameWorld            - Game world initialized
10:23:18.861 [FXGL Background Thread 1 ] DEBUG PhysicsWorld         - Physics world initialized: appHeight=600, physics.ppm=50.0
10:23:18.862 [FXGL Background Thread 1 ] DEBUG PhysicsWorld         - Using strategy: BRUTE_FORCE
10:23:18.868 [FXGL Background Thread 1 ] DEBUG GameScene            - Game scene initialized: 1000x600
10:23:18.958 [FXGL Background Thread 1 ] DEBUG FXGLAssetLoaderServi - Loading from file system: jar:file:/C:/Users/Jainfamily/.m2/repository/com/github/almasb/fxgl/dev-SNAPSHOT/fxgl-dev-20210221.140046-1674.jar!/fxglassets/textures/particles/trace_horizontal.png
10:23:19.084 [FXGL Background Thread 1 ] DEBUG FXGL.DefaultMenu     - createMenuBodyGameMenu()
10:23:19.118 [FXGL Background Thread 1 ] DEBUG FXGL.DefaultMenu     - createOptionsMenu()
10:23:19.131 [FXGL Background Thread 1 ] DEBUG FXGLAssetLoaderServi - Loading from file system: jar:file:/C:/Users/Jainfamily/.m2/repository/com/github/almasb/fxgl/dev-SNAPSHOT/fxgl-dev-20210221.140046-1674.jar!/fxglassets/textures/particles/smoke.png
10:23:19.249 [FXGL Background Thread 1 ] DEBUG GameApplicationServi - Application scenes initialized
10:23:19.279 [FXGL Background Thread 1 ] DEBUG SystemBundleService  - Loading FXGL system data
10:23:19.288 [FXGL Background Thread 1 ] DEBUG FileSystemAccess     - Reading from: C:\Users\Jainfamily\AP JAVA\fxgl graphics\fxgl blank project\system\fxgl.bundle
10:23:19.301 [FXGL Background Thread 1 ] DEBUG SystemBundleService  - Bundle FXGL: {}
10:23:19.301 [FXGL Background Thread 1 ] DEBUG UpdaterService       - Checking for updates
10:23:19.312 [FXGL Background Thread 4 ] DEBUG FXGLApplication      - Loading fonts
10:23:19.314 [FXGL Background Thread 4 ] DEBUG FXGLAssetLoaderServi - Loading from file system: jar:file:/C:/Users/Jainfamily/.m2/repository/com/github/almasb/fxgl/dev-SNAPSHOT/fxgl-dev-20210221.140046-1674.jar!/fxglassets/ui/fonts/VarelaRound-Regular.ttf
10:23:19.319 [FXGL Background Thread 1 ] DEBUG FXGLApplication      - Loading default localization
10:23:19.322 [FXGL Background Thread 1 ] DEBUG FXGLAssetLoaderServi - Loading from file system: jar:file:/C:/Users/Jainfamily/.m2/repository/com/github/almasb/fxgl/dev-SNAPSHOT/fxgl-dev-20210221.140046-1674.jar!/fxglassets/languages/english.lang
10:23:19.357 [FXGL Background Thread 1 ] INFO  FXGLApplication      - FXGL initialization took: 1.032 sec
10:23:19.379 [JavaFX Application Thread] DEBUG Input                - Registered new binding: Up - Up
10:23:19.379 [JavaFX Application Thread] DEBUG Input                - Registered new binding: Down - Down
10:23:19.380 [JavaFX Application Thread] DEBUG Input                - Registered new binding: Left - Left
10:23:19.380 [JavaFX Application Thread] DEBUG Input                - Registered new binding: Right - Right
10:23:19.380 [JavaFX Application Thread] DEBUG Input                - Registered new binding: Up1 - W
10:23:19.380 [JavaFX Application Thread] DEBUG Input                - Registered new binding: Down1 - S
10:23:19.381 [JavaFX Application Thread] DEBUG Input                - Registered new binding: Left1 - A
10:23:19.381 [JavaFX Application Thread] DEBUG Input                - Registered new binding: Right1 - D
10:23:19.382 [JavaFX Application Thread] DEBUG FXGLAssetLoaderServi - Loading from file system: jar:file:/C:/Users/Jainfamily/.m2/repository/com/github/almasb/fxgl/dev-SNAPSHOT/fxgl-dev-20210221.140046-1674.jar!/fxglassets/textures/fxgl_icon.png
10:23:19.440 [JavaFX Application Thread] DEBUG FXGLAssetLoaderServi - Loading from file system: jar:file:/C:/Users/Jainfamily/.m2/repository/com/github/almasb/fxgl/dev-SNAPSHOT/fxgl-dev-20210221.140046-1674.jar!/fxglassets/ui/cursors/fxgl_default.png
10:23:19.454 [JavaFX Application Thread] DEBUG Input                - Registered new binding: Screenshot - P
10:23:19.456 [JavaFX Application Thread] DEBUG Input                - Registered new binding: System info dump - CTRL+9
10:23:19.457 [JavaFX Application Thread] DEBUG Input                - Registered new binding: Restart - CTRL+R
10:23:19.458 [JavaFX Application Thread] DEBUG Input                - Registered new binding: Toggle Debug Camera - CTRL+C
10:23:19.464 [JavaFX Application Thread] DEBUG LoopRunner           - Starting loop
10:23:19.465 [JavaFX Application Thread] DEBUG LoopRunner           - Initializing JavaFX AnimationTimerLoop
10:23:19.469 [JavaFX Application Thread] DEBUG GameApplicationServi - Starting new game
10:23:19.470 [JavaFX Application Thread] DEBUG Input                - Clearing active input actions
10:23:19.494 [JavaFX Application Thread] DEBUG GameApplicationServi - Removing overlay from FXGLStartupScene and adding to FXGLLoadingScene
10:23:19.495 [JavaFX Application Thread] DEBUG PrimaryStageWindow   - FXGLStartupScene -> FXGLLoadingScene
10:23:19.495 [JavaFX Application Thread] DEBUG GameApplicationServi - Clearing previous game
10:23:19.495 [JavaFX Application Thread] DEBUG GameScene            - Clearing game scene
10:23:19.495 [JavaFX Application Thread] DEBUG GameWorld            - Clearing game world
10:23:19.495 [JavaFX Application Thread] DEBUG PhysicsWorld         - Clearing physics world
10:23:19.497 [FXGL Background Thread 1 ] DEBUG FXGLApplication      - Initializing game
10:23:19.502 [FXGL Background Thread 1 ] DEBUG FXGLAssetLoaderServi - Loading from file system: file:/C:/Users/Jainfamily/AP%20JAVA/fxgl%20graphics/fxgl%20blank%20project/target/classes/assets/textures/block.png
10:23:19.844 [FXGL Background Thread 4 ] DEBUG FXGLAssetLoaderServi - Loading from file system: jar:file:/C:/Users/Jainfamily/.m2/repository/com/github/almasb/fxgl/dev-SNAPSHOT/fxgl-dev-20210221.140046-1674.jar!/fxglassets/ui/fonts/Abel-Regular.ttf
10:23:19.856 [FXGL Background Thread 4 ] DEBUG FXGLAssetLoaderServi - Loading from file system: jar:file:/C:/Users/Jainfamily/.m2/repository/com/github/almasb/fxgl/dev-SNAPSHOT/fxgl-dev-20210221.140046-1674.jar!/fxglassets/ui/fonts/lucida_console.ttf
10:23:19.870 [FXGL Background Thread 4 ] DEBUG FXGLAssetLoaderServi - Loading from file system: jar:file:/C:/Users/Jainfamily/.m2/repository/com/github/almasb/fxgl/dev-SNAPSHOT/fxgl-dev-20210221.140046-1674.jar!/fxglassets/ui/fonts/Courier-Prime.ttf
10:23:19.911 [JavaFX Application Thread] DEBUG LoopRunner           - Stopping loop
10:23:19.914 [JavaFX Application Thread] FATAL FXGLApplication      - Uncaught Exception:
java.lang.RuntimeException: Initialization failed
	at com.almasb.fxgl.app.FXGLApplication$InitAppTask.failed(FXGLApplication.kt:376)
	at javafx.concurrent.Task.setState(Task.java:710)
	at javafx.concurrent.Task$TaskCallable.lambda$call$2(Task.java:1455)
	at com.sun.javafx.application.PlatformImpl.lambda$runLater$10(PlatformImpl.java:428)
	at java.base/java.security.AccessController.doPrivileged(AccessController.java:391)
	at com.sun.javafx.application.PlatformImpl.lambda$runLater$11(PlatformImpl.java:427)
	at com.sun.glass.ui.InvokeLaterDispatcher$Future.run(InvokeLaterDispatcher.java:96)
	at com.sun.glass.ui.win.WinApplication._runLoop(Native Method)
	at com.sun.glass.ui.win.WinApplication.lambda$runLoop$3(WinApplication.java:174)
	at java.base/java.lang.Thread.run(Thread.java:832)
Caused by: java.lang.IllegalArgumentException: Entity is already attached to world
	at com.almasb.fxgl.entity.GameWorld.addEntity(GameWorld.kt:73)
	at Game.initPhysics(Game.java:142)
	at com.almasb.fxgl.app.FXGLApplication$InitAppTask.call(FXGLApplication.kt:353)
	at com.almasb.fxgl.app.FXGLApplication$InitAppTask.call(FXGLApplication.kt:344)
	at javafx.concurrent.Task$TaskCallable.call(Task.java:1425)
	at java.base/java.util.concurrent.FutureTask.run(FutureTask.java:264)
	at java.base/java.util.concurrent.Executors$RunnableAdapter.call(Executors.java:515)
	at java.base/java.util.concurrent.FutureTask.run(FutureTask.java:264)
	at java.base/java.util.concurrent.ThreadPoolExecutor.runWorker(ThreadPoolExecutor.java:1130)
	at java.base/java.util.concurrent.ThreadPoolExecutor$Worker.run(ThreadPoolExecutor.java:630)
	... 1 more

10:23:19.914 [JavaFX Application Thread] FATAL FXGLApplication      - Application will now exit
10:23:19.998 [JavaFX Application Thread] DEBUG PrimaryStageWindow   - Push state: ErrorSubScene
10:23:19.999 [JavaFX Application Thread] DEBUG Input                - Clearing active input actions
10:23:20.040 [JavaFX Application Thread] DEBUG GameApplicationServi - Removing overlay from FXGLLoadingScene and adding to ErrorSubScene
10:23:20.041 [JavaFX Application Thread] DEBUG PrimaryStageWindow   - FXGLLoadingScene -> ErrorSubScene
10:23:20.041 [JavaFX Application Thread] DEBUG FXGLApplication      - Registering font factories with UI factory
10:23:20.382 [FXGL Background Thread 2 ] INFO  UpdaterService       - Your current version:  dev-SNAPSHOT
10:23:20.382 [FXGL Background Thread 2 ] INFO  UpdaterService       - Latest stable version: 11.13
10:23:22.309 [FXGL Background Thread 3 ] DEBUG Engine               - Logging environment variables
10:23:22.310 [FXGL Background Thread 3 ] DEBUG Engine               - achievements: []
10:23:22.310 [FXGL Background Thread 3 ] DEBUG Engine               - actualHeight: 600.0
10:23:22.313 [FXGL Background Thread 3 ] DEBUG Engine               - actualHeightProperty: ReadOnlyDoubleProperty [value: 600.0]
10:23:22.315 [FXGL Background Thread 3 ] DEBUG Engine               - actualWidth: 1000.0
10:23:22.315 [FXGL Background Thread 3 ] DEBUG Engine               - actualWidthProperty: ReadOnlyDoubleProperty [value: 1000.0]
10:23:22.315 [FXGL Background Thread 3 ] DEBUG Engine               - appIcon: fxgl_icon.png
10:23:22.316 [FXGL Background Thread 3 ] DEBUG Engine               - applicationMode: DEVELOPER
10:23:22.316 [FXGL Background Thread 3 ] DEBUG Engine               - cSSList: [fxgl_dark.css]
10:23:22.319 [FXGL Background Thread 3 ] DEBUG Engine               - collisionDetectionStrategy: BRUTE_FORCE
10:23:22.319 [FXGL Background Thread 3 ] DEBUG Engine               - configClass: Optional.empty
10:23:22.319 [FXGL Background Thread 3 ] DEBUG Engine               - credits: []
10:23:22.319 [FXGL Background Thread 3 ] DEBUG Engine               - devBBoxColorProperty: ObjectProperty [value: 0xff0000ff]
10:23:22.321 [FXGL Background Thread 3 ] DEBUG Engine               - devEnableDebugCameraProperty: BooleanProperty [value: false]
10:23:22.321 [FXGL Background Thread 3 ] DEBUG Engine               - devSensorColorProperty: ObjectProperty [value: 0xffff00ff]
10:23:22.322 [FXGL Background Thread 3 ] DEBUG Engine               - devShowBBoxProperty: BooleanProperty [value: false]
10:23:22.322 [FXGL Background Thread 3 ] DEBUG Engine               - devShowPositionProperty: BooleanProperty [value: false]
10:23:22.322 [FXGL Background Thread 3 ] DEBUG Engine               - enabledMenuItems: []
10:23:22.322 [FXGL Background Thread 3 ] DEBUG Engine               - engineServices: [class com.almasb.fxgl.app.services.FXGLAssetLoaderService, class com.almasb.fxgl.app.FXGLApplication$GameApplicationService, class com.almasb.fxgl.app.services.FXGLDialogService, class com.almasb.fxgl.app.services.IOTaskExecutorService, class com.almasb.fxgl.event.EventBusService, class com.almasb.fxgl.io.FileSystemService, class com.almasb.fxgl.localization.LocalizationService, class com.almasb.fxgl.app.services.SystemBundleService, class com.almasb.fxgl.profile.SaveLoadService, class com.almasb.fxgl.ui.FXGLUIFactoryServiceProvider, class com.almasb.fxgl.ui.FXGLDialogFactoryServiceProvider, class com.almasb.fxgl.audio.AudioPlayer, class com.almasb.fxgl.notification.impl.NotificationServiceProvider, class com.almasb.fxgl.achievement.AchievementService, class com.almasb.fxgl.cutscene.CutsceneService, class com.almasb.fxgl.minigames.MiniGameService, class com.almasb.fxgl.net.NetService, class com.almasb.fxgl.app.services.UpdaterService, class com.almasb.fxgl.dev.DevService]
10:23:22.322 [FXGL Background Thread 3 ] DEBUG Engine               - fontGame: Abel-Regular.ttf
10:23:22.322 [FXGL Background Thread 3 ] DEBUG Engine               - fontMono: lucida_console.ttf
10:23:22.322 [FXGL Background Thread 3 ] DEBUG Engine               - fontText: Courier-Prime.ttf
10:23:22.322 [FXGL Background Thread 3 ] DEBUG Engine               - fontUI: VarelaRound-Regular.ttf
10:23:22.322 [FXGL Background Thread 3 ] DEBUG Engine               - fullScreen: BooleanProperty [value: false]
10:23:22.323 [FXGL Background Thread 3 ] DEBUG Engine               - gameDifficulty: MEDIUM
10:23:22.323 [FXGL Background Thread 3 ] DEBUG Engine               - gameDifficultyProperty: ObjectProperty [value: MEDIUM]
10:23:22.323 [FXGL Background Thread 3 ] DEBUG Engine               - globalMusicVolume: 0.5
10:23:22.323 [FXGL Background Thread 3 ] DEBUG Engine               - globalMusicVolumeProperty: DoubleProperty [value: 0.5]
10:23:22.323 [FXGL Background Thread 3 ] DEBUG Engine               - globalSoundVolume: 0.5
10:23:22.323 [FXGL Background Thread 3 ] DEBUG Engine               - globalSoundVolumeProperty: DoubleProperty [value: 0.5]
10:23:22.323 [FXGL Background Thread 3 ] DEBUG Engine               - height: 600
10:23:22.323 [FXGL Background Thread 3 ] DEBUG Engine               - isAndroid: false
10:23:22.324 [FXGL Background Thread 3 ] DEBUG Engine               - isBrowser: false
10:23:22.324 [FXGL Background Thread 3 ] DEBUG Engine               - isClickFeedbackEnabled: false
10:23:22.324 [FXGL Background Thread 3 ] DEBUG Engine               - isCloseConfirmation: false
10:23:22.324 [FXGL Background Thread 3 ] DEBUG Engine               - isDesktop: true
10:23:22.324 [FXGL Background Thread 3 ] DEBUG Engine               - isDeveloperMenuEnabled: false
10:23:22.324 [FXGL Background Thread 3 ] DEBUG Engine               - isEntityPreloadEnabled: true
10:23:22.324 [FXGL Background Thread 3 ] DEBUG Engine               - isExperimental3D: false
10:23:22.324 [FXGL Background Thread 3 ] DEBUG Engine               - isExperimentalNative: false
10:23:22.325 [FXGL Background Thread 3 ] DEBUG Engine               - isExperimentalTiledLargeMap: false
10:23:22.325 [FXGL Background Thread 3 ] DEBUG Engine               - isFileSystemWriteAllowed: true
10:23:22.325 [FXGL Background Thread 3 ] DEBUG Engine               - isFullScreenAllowed: false
10:23:22.325 [FXGL Background Thread 3 ] DEBUG Engine               - isFullScreenFromStart: false
10:23:22.325 [FXGL Background Thread 3 ] DEBUG Engine               - isGameMenuEnabled: true
10:23:22.325 [FXGL Background Thread 3 ] DEBUG Engine               - isIOS: false
10:23:22.325 [FXGL Background Thread 3 ] DEBUG Engine               - isIntroEnabled: false
10:23:22.325 [FXGL Background Thread 3 ] DEBUG Engine               - isLinux: false
10:23:22.326 [FXGL Background Thread 3 ] DEBUG Engine               - isMac: false
10:23:22.326 [FXGL Background Thread 3 ] DEBUG Engine               - isMainMenuEnabled: false
10:23:22.326 [FXGL Background Thread 3 ] DEBUG Engine               - isManualResizeEnabled: false
10:23:22.326 [FXGL Background Thread 3 ] DEBUG Engine               - isMobile: false
10:23:22.326 [FXGL Background Thread 3 ] DEBUG Engine               - isPreserveResizeRatio: false
10:23:22.326 [FXGL Background Thread 3 ] DEBUG Engine               - isProfilingEnabled: false
10:23:22.326 [FXGL Background Thread 3 ] DEBUG Engine               - isScaleAffectedOnResize: true
10:23:22.326 [FXGL Background Thread 3 ] DEBUG Engine               - isSingleStep: false
10:23:22.326 [FXGL Background Thread 3 ] DEBUG Engine               - isUserProfileEnabled: false
10:23:22.326 [FXGL Background Thread 3 ] DEBUG Engine               - isWindows: true
10:23:22.331 [FXGL Background Thread 3 ] DEBUG Engine               - language: ObjectProperty [value: ENGLISH]
10:23:22.331 [FXGL Background Thread 3 ] DEBUG Engine               - menuKey: ESCAPE
10:23:22.331 [FXGL Background Thread 3 ] DEBUG Engine               - notificationViewClass: class com.almasb.fxgl.notification.view.XboxNotificationView
10:23:22.331 [FXGL Background Thread 3 ] DEBUG Engine               - pixelsPerMeter: 50.0
10:23:22.331 [FXGL Background Thread 3 ] DEBUG Engine               - platform: WINDOWS
10:23:22.332 [FXGL Background Thread 3 ] DEBUG Engine               - prefHeightProperty: ReadOnlyDoubleProperty [value: 600.0]
10:23:22.332 [FXGL Background Thread 3 ] DEBUG Engine               - prefWidthProperty: ReadOnlyDoubleProperty [value: 1000.0]
10:23:22.332 [FXGL Background Thread 3 ] DEBUG Engine               - profileDir: profiles/
10:23:22.332 [FXGL Background Thread 3 ] DEBUG Engine               - profileName: StringProperty [value: DEFAULT]
10:23:22.332 [FXGL Background Thread 3 ] DEBUG Engine               - randomSeed: -1
10:23:22.332 [FXGL Background Thread 3 ] DEBUG Engine               - runtimeInfo: RuntimeInfo(platform=WINDOWS, version=dev-SNAPSHOT, build=21.02.2021 13.59)
10:23:22.332 [FXGL Background Thread 3 ] DEBUG Engine               - saveFileExt: sav
10:23:22.332 [FXGL Background Thread 3 ] DEBUG Engine               - scaledHeightProp$fxgl: DoubleProperty [bound, value: 600.0]
10:23:22.332 [FXGL Background Thread 3 ] DEBUG Engine               - scaledWidthProp$fxgl: DoubleProperty [bound, value: 1000.0]
10:23:22.332 [FXGL Background Thread 3 ] DEBUG Engine               - sceneFactory: com.almasb.fxgl.app.scene.SceneFactory@65079ab5
10:23:22.333 [FXGL Background Thread 3 ] DEBUG Engine               - secondsIn24h: 60
10:23:22.333 [FXGL Background Thread 3 ] DEBUG Engine               - soundMenuBack: menu/back.wav
10:23:22.333 [FXGL Background Thread 3 ] DEBUG Engine               - soundMenuPress: menu/press.wav
10:23:22.333 [FXGL Background Thread 3 ] DEBUG Engine               - soundMenuSelect: menu/select.wav
10:23:22.333 [FXGL Background Thread 3 ] DEBUG Engine               - soundNotification: core/notification.wav
10:23:22.333 [FXGL Background Thread 3 ] DEBUG Engine               - stageStyle: DECORATED
10:23:22.333 [FXGL Background Thread 3 ] DEBUG Engine               - supportedLanguages: [ENGLISH, FRENCH, GERMAN, HUNGARIAN, RUSSIAN]
10:23:22.333 [FXGL Background Thread 3 ] DEBUG Engine               - ticksPerSecond: -1
10:23:22.333 [FXGL Background Thread 3 ] DEBUG Engine               - title: test
10:23:22.333 [FXGL Background Thread 3 ] DEBUG Engine               - urlGithub: https://github.com/AlmasB/FXGL
10:23:22.334 [FXGL Background Thread 3 ] DEBUG Engine               - urlLeaderboard: http://fxgl-top.herokuapp.com/
10:23:22.334 [FXGL Background Thread 3 ] DEBUG Engine               - urlPOM: https://raw.githubusercontent.com/AlmasB/FXGL/master/README.md
10:23:22.334 [FXGL Background Thread 3 ] DEBUG Engine               - userAppClass: class Game
10:23:22.334 [FXGL Background Thread 3 ] DEBUG Engine               - version: 1.0
10:23:22.334 [FXGL Background Thread 3 ] DEBUG Engine               - versionCheckDays: 7
10:23:22.334 [FXGL Background Thread 3 ] DEBUG Engine               - width: 1000
10:23:22.334 [FXGL Background Thread 3 ] DEBUG Engine               - Logging services
10:23:22.334 [FXGL Background Thread 3 ] DEBUG Engine               - class com.almasb.fxgl.app.services.FXGLAssetLoaderService
10:23:22.334 [FXGL Background Thread 3 ] DEBUG Engine               - class com.almasb.fxgl.app.FXGLApplication$GameApplicationService
10:23:22.334 [FXGL Background Thread 3 ] DEBUG Engine               - class com.almasb.fxgl.app.services.FXGLDialogService
10:23:22.334 [FXGL Background Thread 3 ] DEBUG Engine               - class com.almasb.fxgl.app.services.IOTaskExecutorService
10:23:22.335 [FXGL Background Thread 3 ] DEBUG Engine               - class com.almasb.fxgl.event.EventBusService
10:23:22.335 [FXGL Background Thread 3 ] DEBUG Engine               - class com.almasb.fxgl.io.FileSystemService
10:23:22.335 [FXGL Background Thread 3 ] DEBUG Engine               - class com.almasb.fxgl.localization.LocalizationService
10:23:22.335 [FXGL Background Thread 3 ] DEBUG Engine               - class com.almasb.fxgl.app.services.SystemBundleService
10:23:22.335 [FXGL Background Thread 3 ] DEBUG Engine               - class com.almasb.fxgl.profile.SaveLoadService
10:23:22.335 [FXGL Background Thread 3 ] DEBUG Engine               - class com.almasb.fxgl.ui.FXGLUIFactoryServiceProvider
10:23:22.335 [FXGL Background Thread 3 ] DEBUG Engine               - class com.almasb.fxgl.ui.FXGLDialogFactoryServiceProvider
10:23:22.335 [FXGL Background Thread 3 ] DEBUG Engine               - class com.almasb.fxgl.audio.AudioPlayer
10:23:22.335 [FXGL Background Thread 3 ] DEBUG Engine               - class com.almasb.fxgl.notification.impl.NotificationServiceProvider
10:23:22.335 [FXGL Background Thread 3 ] DEBUG Engine               - class com.almasb.fxgl.achievement.AchievementService
10:23:22.335 [FXGL Background Thread 3 ] DEBUG Engine               - class com.almasb.fxgl.cutscene.CutsceneService
10:23:22.335 [FXGL Background Thread 3 ] DEBUG Engine               - class com.almasb.fxgl.minigames.MiniGameService
10:23:22.335 [FXGL Background Thread 3 ] DEBUG Engine               - class com.almasb.fxgl.net.NetService
10:23:22.336 [FXGL Background Thread 3 ] DEBUG Engine               - class com.almasb.fxgl.app.services.UpdaterService
10:23:22.336 [FXGL Background Thread 3 ] DEBUG Engine               - class com.almasb.fxgl.dev.DevService
10:23:30.953 [JavaFX Application Thread] DEBUG FXGLApplication      - Exiting FXGL
10:23:30.954 [JavaFX Application Thread] DEBUG Async                - Shutting down background threads
10:23:30.955 [JavaFX Application Thread] DEBUG PrimaryStageWindow   - Closing main window
10:23:30.990 [JavaFX Application Thread] DEBUG Logger               - Closing Logger
