10:12:01.951 [main                     ] DEBUG Logger               - Configured Logger
10:12:01.971 [main                     ] DEBUG GameApplication      - Logging settings
Title: test
Version: 1.0
Width: 1000
Height: 600
Fullscreen: false
Intro: false
Profiling: false
Single step:false
App Mode: DEVELOPER
Menu Key: ESCAPE
Stage Style: DECORATED
Scene Factory: class com.almasb.fxgl.app.scene.SceneFactory

10:12:04.497 [JavaFX Application Thread] DEBUG FXGLApplication      - Initializing FXGL
10:12:04.505 [JavaFX Application Thread] INFO  Engine               - FXGL-dev-SNAPSHOT (21.02.2021 13.59) on WINDOWS (J:14.0.2 FX:15)
10:12:04.506 [JavaFX Application Thread] DEBUG Engine               - JRE Vendor Name: Oracle Corporation
10:12:04.506 [JavaFX Application Thread] DEBUG Engine               - Running on OS: Windows 10 version 10.0
10:12:04.506 [JavaFX Application Thread] DEBUG Engine               - Architecture: amd64
10:12:04.507 [JavaFX Application Thread] INFO  Engine               - Source code and latest versions at: https://github.com/AlmasB/FXGL
10:12:04.507 [JavaFX Application Thread] INFO  Engine               -              Join the FXGL chat at: https://gitter.im/AlmasB/FXGL
10:12:05.138 [JavaFX Application Thread] DEBUG PrimaryStageWindow   - Creating a JavaFX scene
10:12:05.545 [JavaFX Application Thread] DEBUG PrimaryStageWindow   - Target settings size: 1000.0 x 600.0
10:12:05.546 [JavaFX Application Thread] DEBUG PrimaryStageWindow   - Scaled scene size:    1000.0 x 600.0
10:12:05.547 [JavaFX Application Thread] DEBUG PrimaryStageWindow   - Scaled ratio: (1.0, 1.0)
10:12:05.552 [JavaFX Application Thread] DEBUG PrimaryStageWindow   - Set initial scene to FXGLStartupScene
10:12:05.599 [JavaFX Application Thread] DEBUG PrimaryStageWindow   - Opening main window
10:12:05.942 [JavaFX Application Thread] DEBUG PrimaryStageWindow   - Window border size: (14.4000244140625, 37.5999755859375)
10:12:05.943 [JavaFX Application Thread] DEBUG PrimaryStageWindow   - Scaled size: 1000.0 x 600.0
10:12:05.943 [JavaFX Application Thread] DEBUG PrimaryStageWindow   - Scaled ratio: (1.0, 1.0)
10:12:05.943 [JavaFX Application Thread] DEBUG PrimaryStageWindow   - Scene size: 1000.0 x 600.0
10:12:05.944 [JavaFX Application Thread] DEBUG PrimaryStageWindow   - Stage size: 1014.4000244140625 x 637.5999755859375
10:12:05.972 [FXGL Background Thread 1 ] DEBUG Engine               - Initializing environment variables
10:12:06.173 [FXGL Background Thread 1 ] DEBUG FXGLAssetLoaderServi - User app class for loading assets: class Game
10:12:06.175 [FXGL Background Thread 1 ] DEBUG GameApplicationServi - Applying CSS: fxgl_dark.css
10:12:06.182 [FXGL Background Thread 1 ] DEBUG FXGLAssetLoaderServi - Loading from file system: jar:file:/C:/Users/Jainfamily/.m2/repository/com/github/almasb/fxgl/dev-SNAPSHOT/fxgl-dev-20210221.140046-1674.jar!/fxglassets/ui/css/fxgl_dark.css
10:12:06.334 [FXGL Background Thread 1 ] DEBUG GameApplicationServi - Initializing application scenes
10:12:06.612 [FXGL Background Thread 1 ] DEBUG GameWorld            - Game world initialized
10:12:06.816 [FXGL Background Thread 1 ] DEBUG PhysicsWorld         - Physics world initialized: appHeight=600, physics.ppm=50.0
10:12:06.817 [FXGL Background Thread 1 ] DEBUG PhysicsWorld         - Using strategy: BRUTE_FORCE
10:12:06.832 [FXGL Background Thread 1 ] DEBUG GameScene            - Game scene initialized: 1000x600
10:12:06.929 [FXGL Background Thread 1 ] DEBUG FXGLAssetLoaderServi - Loading from file system: jar:file:/C:/Users/Jainfamily/.m2/repository/com/github/almasb/fxgl/dev-SNAPSHOT/fxgl-dev-20210221.140046-1674.jar!/fxglassets/textures/particles/trace_horizontal.png
10:12:07.098 [FXGL Background Thread 1 ] DEBUG FXGL.DefaultMenu     - createMenuBodyGameMenu()
10:12:07.144 [FXGL Background Thread 1 ] DEBUG FXGL.DefaultMenu     - createOptionsMenu()
10:12:07.171 [FXGL Background Thread 1 ] DEBUG FXGLAssetLoaderServi - Loading from file system: jar:file:/C:/Users/Jainfamily/.m2/repository/com/github/almasb/fxgl/dev-SNAPSHOT/fxgl-dev-20210221.140046-1674.jar!/fxglassets/textures/particles/smoke.png
10:12:07.453 [FXGL Background Thread 1 ] DEBUG GameApplicationServi - Application scenes initialized
10:12:07.550 [FXGL Background Thread 1 ] DEBUG SystemBundleService  - Loading FXGL system data
10:12:07.564 [FXGL Background Thread 1 ] DEBUG FileSystemAccess     - Reading from: C:\Users\Jainfamily\AP JAVA\fxgl graphics\fxgl blank project\system\fxgl.bundle
10:12:07.592 [FXGL Background Thread 1 ] DEBUG SystemBundleService  - Bundle FXGL: {}
10:12:07.592 [FXGL Background Thread 1 ] DEBUG UpdaterService       - Checking for updates
10:12:07.602 [FXGL Background Thread 4 ] DEBUG FXGLApplication      - Loading fonts
10:12:07.605 [FXGL Background Thread 4 ] DEBUG FXGLAssetLoaderServi - Loading from file system: jar:file:/C:/Users/Jainfamily/.m2/repository/com/github/almasb/fxgl/dev-SNAPSHOT/fxgl-dev-20210221.140046-1674.jar!/fxglassets/ui/fonts/VarelaRound-Regular.ttf
10:12:07.605 [FXGL Background Thread 1 ] DEBUG FXGLApplication      - Loading default localization
10:12:07.609 [FXGL Background Thread 1 ] DEBUG FXGLAssetLoaderServi - Loading from file system: jar:file:/C:/Users/Jainfamily/.m2/repository/com/github/almasb/fxgl/dev-SNAPSHOT/fxgl-dev-20210221.140046-1674.jar!/fxglassets/languages/english.lang
10:12:07.743 [FXGL Background Thread 1 ] INFO  FXGLApplication      - FXGL initialization took: 1.769 sec
10:12:07.794 [JavaFX Application Thread] DEBUG Input                - Registered new binding: Up - Up
10:12:07.794 [JavaFX Application Thread] DEBUG Input                - Registered new binding: Down - Down
10:12:07.795 [JavaFX Application Thread] DEBUG Input                - Registered new binding: Left - Left
10:12:07.795 [JavaFX Application Thread] DEBUG Input                - Registered new binding: Right - Right
10:12:07.795 [JavaFX Application Thread] DEBUG Input                - Registered new binding: Up1 - W
10:12:07.796 [JavaFX Application Thread] DEBUG Input                - Registered new binding: Down1 - S
10:12:07.797 [JavaFX Application Thread] DEBUG Input                - Registered new binding: Left1 - A
10:12:07.797 [JavaFX Application Thread] DEBUG Input                - Registered new binding: Right1 - D
10:12:07.798 [JavaFX Application Thread] DEBUG FXGLAssetLoaderServi - Loading from file system: jar:file:/C:/Users/Jainfamily/.m2/repository/com/github/almasb/fxgl/dev-SNAPSHOT/fxgl-dev-20210221.140046-1674.jar!/fxglassets/textures/fxgl_icon.png
10:12:07.958 [JavaFX Application Thread] DEBUG FXGLAssetLoaderServi - Loading from file system: jar:file:/C:/Users/Jainfamily/.m2/repository/com/github/almasb/fxgl/dev-SNAPSHOT/fxgl-dev-20210221.140046-1674.jar!/fxglassets/ui/cursors/fxgl_default.png
10:12:07.968 [JavaFX Application Thread] DEBUG Input                - Registered new binding: Screenshot - P
10:12:07.972 [JavaFX Application Thread] DEBUG Input                - Registered new binding: System info dump - CTRL+9
10:12:07.973 [JavaFX Application Thread] DEBUG Input                - Registered new binding: Restart - CTRL+R
10:12:07.974 [JavaFX Application Thread] DEBUG Input                - Registered new binding: Toggle Debug Camera - CTRL+C
10:12:07.982 [JavaFX Application Thread] DEBUG LoopRunner           - Starting loop
10:12:07.982 [JavaFX Application Thread] DEBUG LoopRunner           - Initializing JavaFX AnimationTimerLoop
10:12:07.995 [JavaFX Application Thread] DEBUG GameApplicationServi - Starting new game
10:12:07.995 [JavaFX Application Thread] DEBUG Input                - Clearing active input actions
10:12:08.117 [JavaFX Application Thread] DEBUG GameApplicationServi - Removing overlay from FXGLStartupScene and adding to FXGLLoadingScene
10:12:08.128 [JavaFX Application Thread] DEBUG PrimaryStageWindow   - FXGLStartupScene -> FXGLLoadingScene
10:12:08.129 [JavaFX Application Thread] DEBUG GameApplicationServi - Clearing previous game
10:12:08.131 [JavaFX Application Thread] DEBUG GameScene            - Clearing game scene
10:12:08.131 [JavaFX Application Thread] DEBUG GameWorld            - Clearing game world
10:12:08.132 [JavaFX Application Thread] DEBUG PhysicsWorld         - Clearing physics world
10:12:08.155 [FXGL Background Thread 1 ] DEBUG FXGLApplication      - Initializing game
10:12:08.162 [FXGL Background Thread 1 ] WARN  FXGLAssetLoaderServi - Asset "/assets/textures//main/resources/pictures/block.png" was not found!
10:12:08.162 [FXGL Background Thread 1 ] WARN  FXGLAssetLoaderServi - Failed to load IMAGE
10:12:08.513 [FXGL Background Thread 4 ] DEBUG FXGLAssetLoaderServi - Loading from file system: jar:file:/C:/Users/Jainfamily/.m2/repository/com/github/almasb/fxgl/dev-SNAPSHOT/fxgl-dev-20210221.140046-1674.jar!/fxglassets/ui/fonts/Abel-Regular.ttf
10:12:08.548 [FXGL Background Thread 4 ] DEBUG FXGLAssetLoaderServi - Loading from file system: jar:file:/C:/Users/Jainfamily/.m2/repository/com/github/almasb/fxgl/dev-SNAPSHOT/fxgl-dev-20210221.140046-1674.jar!/fxglassets/ui/fonts/lucida_console.ttf
10:12:08.589 [FXGL Background Thread 4 ] DEBUG FXGLAssetLoaderServi - Loading from file system: jar:file:/C:/Users/Jainfamily/.m2/repository/com/github/almasb/fxgl/dev-SNAPSHOT/fxgl-dev-20210221.140046-1674.jar!/fxglassets/ui/fonts/Courier-Prime.ttf
10:12:09.441 [JavaFX Application Thread] DEBUG FXGLApplication      - Registering font factories with UI factory
10:12:09.565 [FXGL Background Thread 1 ] WARN  FXGLAssetLoaderServi - Asset "/assets/textures/block.png" was not found!
10:12:09.566 [FXGL Background Thread 1 ] WARN  FXGLAssetLoaderServi - Failed to load IMAGE
10:12:09.575 [FXGL Background Thread 1 ] INFO  FXGLApplication      - Game initialization took: 1.419 sec
10:12:09.812 [JavaFX Application Thread] DEBUG Input                - Clearing active input actions
10:12:09.852 [FXGL Background Thread 2 ] INFO  UpdaterService       - Your current version:  dev-SNAPSHOT
10:12:09.853 [FXGL Background Thread 2 ] INFO  UpdaterService       - Latest stable version: 11.13
10:12:09.873 [JavaFX Application Thread] DEBUG GameApplicationServi - Removing overlay from FXGLLoadingScene and adding to GameScene
10:12:09.874 [JavaFX Application Thread] DEBUG PrimaryStageWindow   - FXGLLoadingScene -> GameScene
10:12:10.598 [FXGL Background Thread 3 ] DEBUG Engine               - Logging environment variables
10:12:10.601 [FXGL Background Thread 3 ] DEBUG Engine               - achievements: []
10:12:10.601 [FXGL Background Thread 3 ] DEBUG Engine               - actualHeight: 600.0
10:12:10.602 [FXGL Background Thread 3 ] DEBUG Engine               - actualHeightProperty: ReadOnlyDoubleProperty [value: 600.0]
10:12:10.602 [FXGL Background Thread 3 ] DEBUG Engine               - actualWidth: 1000.0
10:12:10.602 [FXGL Background Thread 3 ] DEBUG Engine               - actualWidthProperty: ReadOnlyDoubleProperty [value: 1000.0]
10:12:10.602 [FXGL Background Thread 3 ] DEBUG Engine               - appIcon: fxgl_icon.png
10:12:10.602 [FXGL Background Thread 3 ] DEBUG Engine               - applicationMode: DEVELOPER
10:12:10.603 [FXGL Background Thread 3 ] DEBUG Engine               - cSSList: [fxgl_dark.css]
10:12:10.603 [FXGL Background Thread 3 ] DEBUG Engine               - collisionDetectionStrategy: BRUTE_FORCE
10:12:10.603 [FXGL Background Thread 3 ] DEBUG Engine               - configClass: Optional.empty
10:12:10.604 [FXGL Background Thread 3 ] DEBUG Engine               - credits: []
10:12:10.606 [FXGL Background Thread 3 ] DEBUG Engine               - devBBoxColorProperty: ObjectProperty [value: 0xff0000ff]
10:12:10.606 [FXGL Background Thread 3 ] DEBUG Engine               - devEnableDebugCameraProperty: BooleanProperty [value: false]
10:12:10.606 [FXGL Background Thread 3 ] DEBUG Engine               - devSensorColorProperty: ObjectProperty [value: 0xffff00ff]
10:12:10.606 [FXGL Background Thread 3 ] DEBUG Engine               - devShowBBoxProperty: BooleanProperty [value: false]
10:12:10.606 [FXGL Background Thread 3 ] DEBUG Engine               - devShowPositionProperty: BooleanProperty [value: false]
10:12:10.606 [FXGL Background Thread 3 ] DEBUG Engine               - enabledMenuItems: []
10:12:10.607 [FXGL Background Thread 3 ] DEBUG Engine               - engineServices: [class com.almasb.fxgl.app.services.FXGLAssetLoaderService, class com.almasb.fxgl.app.FXGLApplication$GameApplicationService, class com.almasb.fxgl.app.services.FXGLDialogService, class com.almasb.fxgl.app.services.IOTaskExecutorService, class com.almasb.fxgl.event.EventBusService, class com.almasb.fxgl.io.FileSystemService, class com.almasb.fxgl.localization.LocalizationService, class com.almasb.fxgl.app.services.SystemBundleService, class com.almasb.fxgl.profile.SaveLoadService, class com.almasb.fxgl.ui.FXGLUIFactoryServiceProvider, class com.almasb.fxgl.ui.FXGLDialogFactoryServiceProvider, class com.almasb.fxgl.audio.AudioPlayer, class com.almasb.fxgl.notification.impl.NotificationServiceProvider, class com.almasb.fxgl.achievement.AchievementService, class com.almasb.fxgl.cutscene.CutsceneService, class com.almasb.fxgl.minigames.MiniGameService, class com.almasb.fxgl.net.NetService, class com.almasb.fxgl.app.services.UpdaterService, class com.almasb.fxgl.dev.DevService]
10:12:10.607 [FXGL Background Thread 3 ] DEBUG Engine               - fontGame: Abel-Regular.ttf
10:12:10.607 [FXGL Background Thread 3 ] DEBUG Engine               - fontMono: lucida_console.ttf
10:12:10.607 [FXGL Background Thread 3 ] DEBUG Engine               - fontText: Courier-Prime.ttf
10:12:10.607 [FXGL Background Thread 3 ] DEBUG Engine               - fontUI: VarelaRound-Regular.ttf
10:12:10.607 [FXGL Background Thread 3 ] DEBUG Engine               - fullScreen: BooleanProperty [value: false]
10:12:10.607 [FXGL Background Thread 3 ] DEBUG Engine               - gameDifficulty: MEDIUM
10:12:10.607 [FXGL Background Thread 3 ] DEBUG Engine               - gameDifficultyProperty: ObjectProperty [value: MEDIUM]
10:12:10.608 [FXGL Background Thread 3 ] DEBUG Engine               - globalMusicVolume: 0.5
10:12:10.608 [FXGL Background Thread 3 ] DEBUG Engine               - globalMusicVolumeProperty: DoubleProperty [value: 0.5]
10:12:10.608 [FXGL Background Thread 3 ] DEBUG Engine               - globalSoundVolume: 0.5
10:12:10.608 [FXGL Background Thread 3 ] DEBUG Engine               - globalSoundVolumeProperty: DoubleProperty [value: 0.5]
10:12:10.608 [FXGL Background Thread 3 ] DEBUG Engine               - height: 600
10:12:10.609 [FXGL Background Thread 3 ] DEBUG Engine               - isAndroid: false
10:12:10.609 [FXGL Background Thread 3 ] DEBUG Engine               - isBrowser: false
10:12:10.609 [FXGL Background Thread 3 ] DEBUG Engine               - isClickFeedbackEnabled: false
10:12:10.609 [FXGL Background Thread 3 ] DEBUG Engine               - isCloseConfirmation: false
10:12:10.609 [FXGL Background Thread 3 ] DEBUG Engine               - isDesktop: true
10:12:10.609 [FXGL Background Thread 3 ] DEBUG Engine               - isDeveloperMenuEnabled: false
10:12:10.609 [FXGL Background Thread 3 ] DEBUG Engine               - isEntityPreloadEnabled: true
10:12:10.609 [FXGL Background Thread 3 ] DEBUG Engine               - isExperimental3D: false
10:12:10.610 [FXGL Background Thread 3 ] DEBUG Engine               - isExperimentalNative: false
10:12:10.610 [FXGL Background Thread 3 ] DEBUG Engine               - isExperimentalTiledLargeMap: false
10:12:10.610 [FXGL Background Thread 3 ] DEBUG Engine               - isFileSystemWriteAllowed: true
10:12:10.611 [FXGL Background Thread 3 ] DEBUG Engine               - isFullScreenAllowed: false
10:12:10.611 [FXGL Background Thread 3 ] DEBUG Engine               - isFullScreenFromStart: false
10:12:10.611 [FXGL Background Thread 3 ] DEBUG Engine               - isGameMenuEnabled: true
10:12:10.611 [FXGL Background Thread 3 ] DEBUG Engine               - isIOS: false
10:12:10.612 [FXGL Background Thread 3 ] DEBUG Engine               - isIntroEnabled: false
10:12:10.612 [FXGL Background Thread 3 ] DEBUG Engine               - isLinux: false
10:12:10.612 [FXGL Background Thread 3 ] DEBUG Engine               - isMac: false
10:12:10.612 [FXGL Background Thread 3 ] DEBUG Engine               - isMainMenuEnabled: false
10:12:10.612 [FXGL Background Thread 3 ] DEBUG Engine               - isManualResizeEnabled: false
10:12:10.612 [FXGL Background Thread 3 ] DEBUG Engine               - isMobile: false
10:12:10.612 [FXGL Background Thread 3 ] DEBUG Engine               - isPreserveResizeRatio: false
10:12:10.612 [FXGL Background Thread 3 ] DEBUG Engine               - isProfilingEnabled: false
10:12:10.612 [FXGL Background Thread 3 ] DEBUG Engine               - isScaleAffectedOnResize: true
10:12:10.612 [FXGL Background Thread 3 ] DEBUG Engine               - isSingleStep: false
10:12:10.613 [FXGL Background Thread 3 ] DEBUG Engine               - isUserProfileEnabled: false
10:12:10.613 [FXGL Background Thread 3 ] DEBUG Engine               - isWindows: true
10:12:10.613 [FXGL Background Thread 3 ] DEBUG Engine               - language: ObjectProperty [value: ENGLISH]
10:12:10.613 [FXGL Background Thread 3 ] DEBUG Engine               - menuKey: ESCAPE
10:12:10.613 [FXGL Background Thread 3 ] DEBUG Engine               - notificationViewClass: class com.almasb.fxgl.notification.view.XboxNotificationView
10:12:10.613 [FXGL Background Thread 3 ] DEBUG Engine               - pixelsPerMeter: 50.0
10:12:10.613 [FXGL Background Thread 3 ] DEBUG Engine               - platform: WINDOWS
10:12:10.613 [FXGL Background Thread 3 ] DEBUG Engine               - prefHeightProperty: ReadOnlyDoubleProperty [value: 600.0]
10:12:10.613 [FXGL Background Thread 3 ] DEBUG Engine               - prefWidthProperty: ReadOnlyDoubleProperty [value: 1000.0]
10:12:10.614 [FXGL Background Thread 3 ] DEBUG Engine               - profileDir: profiles/
10:12:10.614 [FXGL Background Thread 3 ] DEBUG Engine               - profileName: StringProperty [value: DEFAULT]
10:12:10.614 [FXGL Background Thread 3 ] DEBUG Engine               - randomSeed: -1
10:12:10.614 [FXGL Background Thread 3 ] DEBUG Engine               - runtimeInfo: RuntimeInfo(platform=WINDOWS, version=dev-SNAPSHOT, build=21.02.2021 13.59)
10:12:10.614 [FXGL Background Thread 3 ] DEBUG Engine               - saveFileExt: sav
10:12:10.615 [FXGL Background Thread 3 ] DEBUG Engine               - scaledHeightProp$fxgl: DoubleProperty [bound, value: 600.0]
10:12:10.615 [FXGL Background Thread 3 ] DEBUG Engine               - scaledWidthProp$fxgl: DoubleProperty [bound, value: 1000.0]
10:12:10.615 [FXGL Background Thread 3 ] DEBUG Engine               - sceneFactory: com.almasb.fxgl.app.scene.SceneFactory@6ab7894c
10:12:10.615 [FXGL Background Thread 3 ] DEBUG Engine               - secondsIn24h: 60
10:12:10.615 [FXGL Background Thread 3 ] DEBUG Engine               - soundMenuBack: menu/back.wav
10:12:10.615 [FXGL Background Thread 3 ] DEBUG Engine               - soundMenuPress: menu/press.wav
10:12:10.616 [FXGL Background Thread 3 ] DEBUG Engine               - soundMenuSelect: menu/select.wav
10:12:10.616 [FXGL Background Thread 3 ] DEBUG Engine               - soundNotification: core/notification.wav
10:12:10.616 [FXGL Background Thread 3 ] DEBUG Engine               - stageStyle: DECORATED
10:12:10.616 [FXGL Background Thread 3 ] DEBUG Engine               - supportedLanguages: [ENGLISH, FRENCH, GERMAN, HUNGARIAN, RUSSIAN]
10:12:10.616 [FXGL Background Thread 3 ] DEBUG Engine               - ticksPerSecond: -1
10:12:10.616 [FXGL Background Thread 3 ] DEBUG Engine               - title: test
10:12:10.616 [FXGL Background Thread 3 ] DEBUG Engine               - urlGithub: https://github.com/AlmasB/FXGL
10:12:10.616 [FXGL Background Thread 3 ] DEBUG Engine               - urlLeaderboard: http://fxgl-top.herokuapp.com/
10:12:10.617 [FXGL Background Thread 3 ] DEBUG Engine               - urlPOM: https://raw.githubusercontent.com/AlmasB/FXGL/master/README.md
10:12:10.617 [FXGL Background Thread 3 ] DEBUG Engine               - userAppClass: class Game
10:12:10.617 [FXGL Background Thread 3 ] DEBUG Engine               - version: 1.0
10:12:10.617 [FXGL Background Thread 3 ] DEBUG Engine               - versionCheckDays: 7
10:12:10.617 [FXGL Background Thread 3 ] DEBUG Engine               - width: 1000
10:12:10.617 [FXGL Background Thread 3 ] DEBUG Engine               - Logging services
10:12:10.617 [FXGL Background Thread 3 ] DEBUG Engine               - class com.almasb.fxgl.app.services.FXGLAssetLoaderService
10:12:10.618 [FXGL Background Thread 3 ] DEBUG Engine               - class com.almasb.fxgl.app.FXGLApplication$GameApplicationService
10:12:10.618 [FXGL Background Thread 3 ] DEBUG Engine               - class com.almasb.fxgl.app.services.FXGLDialogService
10:12:10.618 [FXGL Background Thread 3 ] DEBUG Engine               - class com.almasb.fxgl.app.services.IOTaskExecutorService
10:12:10.618 [FXGL Background Thread 3 ] DEBUG Engine               - class com.almasb.fxgl.event.EventBusService
10:12:10.618 [FXGL Background Thread 3 ] DEBUG Engine               - class com.almasb.fxgl.io.FileSystemService
10:12:10.618 [FXGL Background Thread 3 ] DEBUG Engine               - class com.almasb.fxgl.localization.LocalizationService
10:12:10.618 [FXGL Background Thread 3 ] DEBUG Engine               - class com.almasb.fxgl.app.services.SystemBundleService
10:12:10.619 [FXGL Background Thread 3 ] DEBUG Engine               - class com.almasb.fxgl.profile.SaveLoadService
10:12:10.619 [FXGL Background Thread 3 ] DEBUG Engine               - class com.almasb.fxgl.ui.FXGLUIFactoryServiceProvider
10:12:10.619 [FXGL Background Thread 3 ] DEBUG Engine               - class com.almasb.fxgl.ui.FXGLDialogFactoryServiceProvider
10:12:10.619 [FXGL Background Thread 3 ] DEBUG Engine               - class com.almasb.fxgl.audio.AudioPlayer
10:12:10.619 [FXGL Background Thread 3 ] DEBUG Engine               - class com.almasb.fxgl.notification.impl.NotificationServiceProvider
10:12:10.619 [FXGL Background Thread 3 ] DEBUG Engine               - class com.almasb.fxgl.achievement.AchievementService
10:12:10.619 [FXGL Background Thread 3 ] DEBUG Engine               - class com.almasb.fxgl.cutscene.CutsceneService
10:12:10.619 [FXGL Background Thread 3 ] DEBUG Engine               - class com.almasb.fxgl.minigames.MiniGameService
10:12:10.620 [FXGL Background Thread 3 ] DEBUG Engine               - class com.almasb.fxgl.net.NetService
10:12:10.620 [FXGL Background Thread 3 ] DEBUG Engine               - class com.almasb.fxgl.app.services.UpdaterService
10:12:10.620 [FXGL Background Thread 3 ] DEBUG Engine               - class com.almasb.fxgl.dev.DevService
10:12:30.567 [JavaFX Application Thread] DEBUG FXGLApplication      - Exiting FXGL
10:12:30.568 [JavaFX Application Thread] DEBUG LoopRunner           - Stopping loop
10:12:30.569 [JavaFX Application Thread] DEBUG SystemBundleService  - Saving FXGL system data
10:12:30.577 [JavaFX Application Thread] DEBUG FileSystemAccess     - Writing to: C:\Users\Jainfamily\AP JAVA\fxgl graphics\fxgl blank project\system\fxgl.bundle
10:12:30.584 [JavaFX Application Thread] DEBUG Async                - Shutting down background threads
10:12:30.585 [JavaFX Application Thread] DEBUG PrimaryStageWindow   - Closing main window
10:12:30.649 [JavaFX Application Thread] DEBUG Logger               - Closing Logger
