20:38:39.052 [main                     ] DEBUG Logger               - Configured Logger
20:38:39.065 [main                     ] DEBUG GameApplication      - Logging settings
Title: test
Version: 1.0
Width: 1000
Height: 600
Fullscreen: false
Intro: false
Profiling: false
Single step:false
App Mode: DEVELOPER
Menu Key: ESCAPE
Stage Style: DECORATED
Scene Factory: class com.almasb.fxgl.app.scene.SceneFactory

20:38:52.034 [JavaFX Application Thread] DEBUG FXGLApplication      - Initializing FXGL
20:38:52.041 [JavaFX Application Thread] INFO  Engine               - FXGL-dev-SNAPSHOT (21.02.2021 13.59) on WINDOWS (J:14.0.2 FX:15)
20:38:52.042 [JavaFX Application Thread] DEBUG Engine               - JRE Vendor Name: Oracle Corporation
20:38:52.042 [JavaFX Application Thread] DEBUG Engine               - Running on OS: Windows 10 version 10.0
20:38:52.042 [JavaFX Application Thread] DEBUG Engine               - Architecture: amd64
20:38:52.042 [JavaFX Application Thread] INFO  Engine               - Source code and latest versions at: https://github.com/AlmasB/FXGL
20:38:52.043 [JavaFX Application Thread] INFO  Engine               -              Join the FXGL chat at: https://gitter.im/AlmasB/FXGL
20:38:52.243 [JavaFX Application Thread] DEBUG PrimaryStageWindow   - Creating a JavaFX scene
20:38:58.390 [JavaFX Application Thread] DEBUG PrimaryStageWindow   - Target settings size: 1000.0 x 600.0
20:38:58.391 [JavaFX Application Thread] DEBUG PrimaryStageWindow   - Scaled scene size:    1000.0 x 600.0
20:38:58.391 [JavaFX Application Thread] DEBUG PrimaryStageWindow   - Scaled ratio: (1.0, 1.0)
20:38:58.393 [JavaFX Application Thread] DEBUG PrimaryStageWindow   - Set initial scene to FXGLStartupScene
20:38:58.406 [JavaFX Application Thread] DEBUG PrimaryStageWindow   - Opening main window
20:38:58.551 [JavaFX Application Thread] DEBUG PrimaryStageWindow   - Window border size: (14.4000244140625, 37.5999755859375)
20:38:58.552 [JavaFX Application Thread] DEBUG PrimaryStageWindow   - Scaled size: 1000.0 x 600.0
20:38:58.552 [JavaFX Application Thread] DEBUG PrimaryStageWindow   - Scaled ratio: (1.0, 1.0)
20:38:58.552 [JavaFX Application Thread] DEBUG PrimaryStageWindow   - Scene size: 1000.0 x 600.0
20:38:58.553 [JavaFX Application Thread] DEBUG PrimaryStageWindow   - Stage size: 1014.4000244140625 x 637.5999755859375
20:38:58.619 [FXGL Background Thread 1 ] DEBUG Engine               - Initializing environment variables
20:38:58.696 [FXGL Background Thread 1 ] DEBUG FXGLAssetLoaderServi - User app class for loading assets: class Game
20:38:58.696 [FXGL Background Thread 1 ] DEBUG GameApplicationServi - Applying CSS: fxgl_dark.css
20:38:58.698 [FXGL Background Thread 1 ] DEBUG FXGLAssetLoaderServi - Loading from file system: jar:file:/C:/Users/Jainfamily/.m2/repository/com/github/almasb/fxgl/dev-SNAPSHOT/fxgl-dev-20210221.140046-1674.jar!/fxglassets/ui/css/fxgl_dark.css
20:38:58.786 [FXGL Background Thread 1 ] DEBUG GameApplicationServi - Initializing application scenes
20:38:58.971 [FXGL Background Thread 1 ] DEBUG GameWorld            - Game world initialized
20:38:59.090 [FXGL Background Thread 1 ] DEBUG PhysicsWorld         - Physics world initialized: appHeight=600, physics.ppm=50.0
20:38:59.091 [FXGL Background Thread 1 ] DEBUG PhysicsWorld         - Using strategy: BRUTE_FORCE
20:38:59.094 [FXGL Background Thread 1 ] DEBUG GameScene            - Game scene initialized: 1000x600
20:38:59.148 [FXGL Background Thread 1 ] DEBUG FXGLAssetLoaderServi - Loading from file system: jar:file:/C:/Users/Jainfamily/.m2/repository/com/github/almasb/fxgl/dev-SNAPSHOT/fxgl-dev-20210221.140046-1674.jar!/fxglassets/textures/particles/trace_horizontal.png
20:38:59.232 [FXGL Background Thread 1 ] DEBUG FXGL.DefaultMenu     - createMenuBodyGameMenu()
20:38:59.253 [FXGL Background Thread 1 ] DEBUG FXGL.DefaultMenu     - createOptionsMenu()
20:38:59.261 [FXGL Background Thread 1 ] DEBUG FXGLAssetLoaderServi - Loading from file system: jar:file:/C:/Users/Jainfamily/.m2/repository/com/github/almasb/fxgl/dev-SNAPSHOT/fxgl-dev-20210221.140046-1674.jar!/fxglassets/textures/particles/smoke.png
20:38:59.371 [FXGL Background Thread 1 ] DEBUG GameApplicationServi - Application scenes initialized
20:38:59.390 [FXGL Background Thread 1 ] DEBUG SystemBundleService  - Loading FXGL system data
20:38:59.396 [FXGL Background Thread 1 ] DEBUG FileSystemAccess     - Reading from: C:\Users\Jainfamily\AP JAVA\fxgl graphics\fxgl blank project\system\fxgl.bundle
20:38:59.404 [FXGL Background Thread 1 ] DEBUG SystemBundleService  - Bundle FXGL: {}
20:38:59.404 [FXGL Background Thread 1 ] DEBUG UpdaterService       - Checking for updates
20:38:59.411 [FXGL Background Thread 4 ] DEBUG FXGLApplication      - Loading fonts
20:38:59.414 [FXGL Background Thread 1 ] DEBUG FXGLApplication      - Loading default localization
20:38:59.415 [FXGL Background Thread 1 ] DEBUG FXGLAssetLoaderServi - Loading from file system: jar:file:/C:/Users/Jainfamily/.m2/repository/com/github/almasb/fxgl/dev-SNAPSHOT/fxgl-dev-20210221.140046-1674.jar!/fxglassets/languages/english.lang
20:38:59.416 [FXGL Background Thread 4 ] DEBUG FXGLAssetLoaderServi - Loading from file system: jar:file:/C:/Users/Jainfamily/.m2/repository/com/github/almasb/fxgl/dev-SNAPSHOT/fxgl-dev-20210221.140046-1674.jar!/fxglassets/ui/fonts/VarelaRound-Regular.ttf
20:38:59.473 [FXGL Background Thread 1 ] INFO  FXGLApplication      - FXGL initialization took: 0.853 sec
20:38:59.490 [JavaFX Application Thread] DEBUG Input                - Registered new binding: Up - Up
20:38:59.490 [JavaFX Application Thread] DEBUG Input                - Registered new binding: Down - Down
20:38:59.491 [JavaFX Application Thread] DEBUG Input                - Registered new binding: Left - Left
20:38:59.491 [JavaFX Application Thread] DEBUG Input                - Registered new binding: Right - Right
20:38:59.492 [JavaFX Application Thread] DEBUG FXGLAssetLoaderServi - Loading from file system: jar:file:/C:/Users/Jainfamily/.m2/repository/com/github/almasb/fxgl/dev-SNAPSHOT/fxgl-dev-20210221.140046-1674.jar!/fxglassets/textures/fxgl_icon.png
20:38:59.526 [JavaFX Application Thread] DEBUG FXGLAssetLoaderServi - Loading from file system: jar:file:/C:/Users/Jainfamily/.m2/repository/com/github/almasb/fxgl/dev-SNAPSHOT/fxgl-dev-20210221.140046-1674.jar!/fxglassets/ui/cursors/fxgl_default.png
20:38:59.530 [JavaFX Application Thread] DEBUG Input                - Registered new binding: Screenshot - P
20:38:59.530 [JavaFX Application Thread] DEBUG Input                - Registered new binding: System info dump - CTRL+9
20:38:59.531 [JavaFX Application Thread] DEBUG Input                - Registered new binding: Restart - CTRL+R
20:38:59.533 [JavaFX Application Thread] DEBUG Input                - Registered new binding: Toggle Debug Camera - CTRL+C
20:38:59.537 [JavaFX Application Thread] DEBUG LoopRunner           - Starting loop
20:38:59.537 [JavaFX Application Thread] DEBUG LoopRunner           - Initializing JavaFX AnimationTimerLoop
20:38:59.562 [JavaFX Application Thread] DEBUG GameApplicationServi - Starting new game
20:38:59.563 [JavaFX Application Thread] DEBUG Input                - Clearing active input actions
20:38:59.593 [JavaFX Application Thread] DEBUG GameApplicationServi - Removing overlay from FXGLStartupScene and adding to FXGLLoadingScene
20:38:59.594 [JavaFX Application Thread] DEBUG PrimaryStageWindow   - FXGLStartupScene -> FXGLLoadingScene
20:38:59.594 [JavaFX Application Thread] DEBUG GameApplicationServi - Clearing previous game
20:38:59.594 [JavaFX Application Thread] DEBUG GameScene            - Clearing game scene
20:38:59.594 [JavaFX Application Thread] DEBUG GameWorld            - Clearing game world
20:38:59.594 [JavaFX Application Thread] DEBUG PhysicsWorld         - Clearing physics world
20:38:59.599 [FXGL Background Thread 1 ] DEBUG FXGLApplication      - Initializing game
20:38:59.604 [FXGL Background Thread 1 ] WARN  FXGLAssetLoaderServi - Asset "/assets/textures/block.png" was not found!
20:38:59.605 [FXGL Background Thread 1 ] WARN  FXGLAssetLoaderServi - Failed to load IMAGE
20:38:59.641 [FXGL Background Thread 4 ] DEBUG FXGLAssetLoaderServi - Loading from file system: jar:file:/C:/Users/Jainfamily/.m2/repository/com/github/almasb/fxgl/dev-SNAPSHOT/fxgl-dev-20210221.140046-1674.jar!/fxglassets/ui/fonts/Abel-Regular.ttf
20:38:59.732 [FXGL Background Thread 4 ] DEBUG FXGLAssetLoaderServi - Loading from file system: jar:file:/C:/Users/Jainfamily/.m2/repository/com/github/almasb/fxgl/dev-SNAPSHOT/fxgl-dev-20210221.140046-1674.jar!/fxglassets/ui/fonts/lucida_console.ttf
20:38:59.749 [FXGL Background Thread 4 ] DEBUG FXGLAssetLoaderServi - Loading from file system: jar:file:/C:/Users/Jainfamily/.m2/repository/com/github/almasb/fxgl/dev-SNAPSHOT/fxgl-dev-20210221.140046-1674.jar!/fxglassets/ui/fonts/Courier-Prime.ttf
20:38:59.934 [JavaFX Application Thread] DEBUG FXGLApplication      - Registering font factories with UI factory
20:38:59.947 [FXGL Background Thread 1 ] INFO  FXGLApplication      - Game initialization took: 0.347 sec
20:39:00.004 [JavaFX Application Thread] DEBUG Input                - Clearing active input actions
20:39:00.022 [JavaFX Application Thread] DEBUG GameApplicationServi - Removing overlay from FXGLLoadingScene and adding to GameScene
20:39:00.022 [JavaFX Application Thread] DEBUG PrimaryStageWindow   - FXGLLoadingScene -> GameScene
20:39:00.282 [FXGL Background Thread 2 ] INFO  UpdaterService       - Your current version:  dev-SNAPSHOT
20:39:00.283 [FXGL Background Thread 2 ] INFO  UpdaterService       - Latest stable version: 11.13
20:39:02.409 [FXGL Background Thread 3 ] DEBUG Engine               - Logging environment variables
20:39:02.411 [FXGL Background Thread 3 ] DEBUG Engine               - achievements: []
20:39:02.412 [FXGL Background Thread 3 ] DEBUG Engine               - actualHeight: 600.0
20:39:02.412 [FXGL Background Thread 3 ] DEBUG Engine               - actualHeightProperty: ReadOnlyDoubleProperty [value: 600.0]
20:39:02.413 [FXGL Background Thread 3 ] DEBUG Engine               - actualWidth: 1000.0
20:39:02.413 [FXGL Background Thread 3 ] DEBUG Engine               - actualWidthProperty: ReadOnlyDoubleProperty [value: 1000.0]
20:39:02.413 [FXGL Background Thread 3 ] DEBUG Engine               - appIcon: fxgl_icon.png
20:39:02.414 [FXGL Background Thread 3 ] DEBUG Engine               - applicationMode: DEVELOPER
20:39:02.414 [FXGL Background Thread 3 ] DEBUG Engine               - cSSList: [fxgl_dark.css]
20:39:02.414 [FXGL Background Thread 3 ] DEBUG Engine               - collisionDetectionStrategy: BRUTE_FORCE
20:39:02.415 [FXGL Background Thread 3 ] DEBUG Engine               - configClass: Optional.empty
20:39:02.415 [FXGL Background Thread 3 ] DEBUG Engine               - credits: []
20:39:02.416 [FXGL Background Thread 3 ] DEBUG Engine               - devBBoxColorProperty: ObjectProperty [value: 0xff0000ff]
20:39:02.416 [FXGL Background Thread 3 ] DEBUG Engine               - devEnableDebugCameraProperty: BooleanProperty [value: false]
20:39:02.417 [FXGL Background Thread 3 ] DEBUG Engine               - devSensorColorProperty: ObjectProperty [value: 0xffff00ff]
20:39:02.418 [FXGL Background Thread 3 ] DEBUG Engine               - devShowBBoxProperty: BooleanProperty [value: false]
20:39:02.418 [FXGL Background Thread 3 ] DEBUG Engine               - devShowPositionProperty: BooleanProperty [value: false]
20:39:02.419 [FXGL Background Thread 3 ] DEBUG Engine               - enabledMenuItems: []
20:39:02.420 [FXGL Background Thread 3 ] DEBUG Engine               - engineServices: [class com.almasb.fxgl.app.services.FXGLAssetLoaderService, class com.almasb.fxgl.app.FXGLApplication$GameApplicationService, class com.almasb.fxgl.app.services.FXGLDialogService, class com.almasb.fxgl.app.services.IOTaskExecutorService, class com.almasb.fxgl.event.EventBusService, class com.almasb.fxgl.io.FileSystemService, class com.almasb.fxgl.localization.LocalizationService, class com.almasb.fxgl.app.services.SystemBundleService, class com.almasb.fxgl.profile.SaveLoadService, class com.almasb.fxgl.ui.FXGLUIFactoryServiceProvider, class com.almasb.fxgl.ui.FXGLDialogFactoryServiceProvider, class com.almasb.fxgl.audio.AudioPlayer, class com.almasb.fxgl.notification.impl.NotificationServiceProvider, class com.almasb.fxgl.achievement.AchievementService, class com.almasb.fxgl.cutscene.CutsceneService, class com.almasb.fxgl.minigames.MiniGameService, class com.almasb.fxgl.net.NetService, class com.almasb.fxgl.app.services.UpdaterService, class com.almasb.fxgl.dev.DevService]
20:39:02.420 [FXGL Background Thread 3 ] DEBUG Engine               - fontGame: Abel-Regular.ttf
20:39:02.421 [FXGL Background Thread 3 ] DEBUG Engine               - fontMono: lucida_console.ttf
20:39:02.421 [FXGL Background Thread 3 ] DEBUG Engine               - fontText: Courier-Prime.ttf
20:39:02.422 [FXGL Background Thread 3 ] DEBUG Engine               - fontUI: VarelaRound-Regular.ttf
20:39:02.422 [FXGL Background Thread 3 ] DEBUG Engine               - fullScreen: BooleanProperty [value: false]
20:39:02.423 [FXGL Background Thread 3 ] DEBUG Engine               - gameDifficulty: MEDIUM
20:39:02.423 [FXGL Background Thread 3 ] DEBUG Engine               - gameDifficultyProperty: ObjectProperty [value: MEDIUM]
20:39:02.424 [FXGL Background Thread 3 ] DEBUG Engine               - globalMusicVolume: 0.5
20:39:02.425 [FXGL Background Thread 3 ] DEBUG Engine               - globalMusicVolumeProperty: DoubleProperty [value: 0.5]
20:39:02.425 [FXGL Background Thread 3 ] DEBUG Engine               - globalSoundVolume: 0.5
20:39:02.426 [FXGL Background Thread 3 ] DEBUG Engine               - globalSoundVolumeProperty: DoubleProperty [value: 0.5]
20:39:02.426 [FXGL Background Thread 3 ] DEBUG Engine               - height: 600
20:39:02.426 [FXGL Background Thread 3 ] DEBUG Engine               - isAndroid: false
20:39:02.427 [FXGL Background Thread 3 ] DEBUG Engine               - isBrowser: false
20:39:02.427 [FXGL Background Thread 3 ] DEBUG Engine               - isClickFeedbackEnabled: false
20:39:02.428 [FXGL Background Thread 3 ] DEBUG Engine               - isCloseConfirmation: false
20:39:02.428 [FXGL Background Thread 3 ] DEBUG Engine               - isDesktop: true
20:39:02.429 [FXGL Background Thread 3 ] DEBUG Engine               - isDeveloperMenuEnabled: false
20:39:02.429 [FXGL Background Thread 3 ] DEBUG Engine               - isEntityPreloadEnabled: true
20:39:02.430 [FXGL Background Thread 3 ] DEBUG Engine               - isExperimental3D: false
20:39:02.430 [FXGL Background Thread 3 ] DEBUG Engine               - isExperimentalNative: false
20:39:02.430 [FXGL Background Thread 3 ] DEBUG Engine               - isExperimentalTiledLargeMap: false
20:39:02.430 [FXGL Background Thread 3 ] DEBUG Engine               - isFileSystemWriteAllowed: true
20:39:02.431 [FXGL Background Thread 3 ] DEBUG Engine               - isFullScreenAllowed: false
20:39:02.431 [FXGL Background Thread 3 ] DEBUG Engine               - isFullScreenFromStart: false
20:39:02.431 [FXGL Background Thread 3 ] DEBUG Engine               - isGameMenuEnabled: true
20:39:02.431 [FXGL Background Thread 3 ] DEBUG Engine               - isIOS: false
20:39:02.432 [FXGL Background Thread 3 ] DEBUG Engine               - isIntroEnabled: false
20:39:02.432 [FXGL Background Thread 3 ] DEBUG Engine               - isLinux: false
20:39:02.432 [FXGL Background Thread 3 ] DEBUG Engine               - isMac: false
20:39:02.432 [FXGL Background Thread 3 ] DEBUG Engine               - isMainMenuEnabled: false
20:39:02.432 [FXGL Background Thread 3 ] DEBUG Engine               - isManualResizeEnabled: false
20:39:02.433 [FXGL Background Thread 3 ] DEBUG Engine               - isMobile: false
20:39:02.433 [FXGL Background Thread 3 ] DEBUG Engine               - isPreserveResizeRatio: false
20:39:02.433 [FXGL Background Thread 3 ] DEBUG Engine               - isProfilingEnabled: false
20:39:02.433 [FXGL Background Thread 3 ] DEBUG Engine               - isScaleAffectedOnResize: true
20:39:02.434 [FXGL Background Thread 3 ] DEBUG Engine               - isSingleStep: false
20:39:02.434 [FXGL Background Thread 3 ] DEBUG Engine               - isUserProfileEnabled: false
20:39:02.434 [FXGL Background Thread 3 ] DEBUG Engine               - isWindows: true
20:39:02.434 [FXGL Background Thread 3 ] DEBUG Engine               - language: ObjectProperty [value: ENGLISH]
20:39:02.434 [FXGL Background Thread 3 ] DEBUG Engine               - menuKey: ESCAPE
20:39:02.435 [FXGL Background Thread 3 ] DEBUG Engine               - notificationViewClass: class com.almasb.fxgl.notification.view.XboxNotificationView
20:39:02.435 [FXGL Background Thread 3 ] DEBUG Engine               - pixelsPerMeter: 50.0
20:39:02.435 [FXGL Background Thread 3 ] DEBUG Engine               - platform: WINDOWS
20:39:02.435 [FXGL Background Thread 3 ] DEBUG Engine               - prefHeightProperty: ReadOnlyDoubleProperty [value: 600.0]
20:39:02.436 [FXGL Background Thread 3 ] DEBUG Engine               - prefWidthProperty: ReadOnlyDoubleProperty [value: 1000.0]
20:39:02.436 [FXGL Background Thread 3 ] DEBUG Engine               - profileDir: profiles/
20:39:02.436 [FXGL Background Thread 3 ] DEBUG Engine               - profileName: StringProperty [value: DEFAULT]
20:39:02.436 [FXGL Background Thread 3 ] DEBUG Engine               - randomSeed: -1
20:39:02.437 [FXGL Background Thread 3 ] DEBUG Engine               - runtimeInfo: RuntimeInfo(platform=WINDOWS, version=dev-SNAPSHOT, build=21.02.2021 13.59)
20:39:02.437 [FXGL Background Thread 3 ] DEBUG Engine               - saveFileExt: sav
20:39:02.437 [FXGL Background Thread 3 ] DEBUG Engine               - scaledHeightProp$fxgl: DoubleProperty [bound, value: 600.0]
20:39:02.438 [FXGL Background Thread 3 ] DEBUG Engine               - scaledWidthProp$fxgl: DoubleProperty [bound, value: 1000.0]
20:39:02.438 [FXGL Background Thread 3 ] DEBUG Engine               - sceneFactory: com.almasb.fxgl.app.scene.SceneFactory@250e846a
20:39:02.438 [FXGL Background Thread 3 ] DEBUG Engine               - secondsIn24h: 60
20:39:02.438 [FXGL Background Thread 3 ] DEBUG Engine               - soundMenuBack: menu/back.wav
20:39:02.438 [FXGL Background Thread 3 ] DEBUG Engine               - soundMenuPress: menu/press.wav
20:39:02.439 [FXGL Background Thread 3 ] DEBUG Engine               - soundMenuSelect: menu/select.wav
20:39:02.439 [FXGL Background Thread 3 ] DEBUG Engine               - soundNotification: core/notification.wav
20:39:02.439 [FXGL Background Thread 3 ] DEBUG Engine               - stageStyle: DECORATED
20:39:02.439 [FXGL Background Thread 3 ] DEBUG Engine               - supportedLanguages: [ENGLISH, FRENCH, GERMAN, HUNGARIAN, RUSSIAN]
20:39:02.439 [FXGL Background Thread 3 ] DEBUG Engine               - ticksPerSecond: -1
20:39:02.440 [FXGL Background Thread 3 ] DEBUG Engine               - title: test
20:39:02.440 [FXGL Background Thread 3 ] DEBUG Engine               - urlGithub: https://github.com/AlmasB/FXGL
20:39:02.440 [FXGL Background Thread 3 ] DEBUG Engine               - urlLeaderboard: http://fxgl-top.herokuapp.com/
20:39:02.440 [FXGL Background Thread 3 ] DEBUG Engine               - urlPOM: https://raw.githubusercontent.com/AlmasB/FXGL/master/README.md
20:39:02.441 [FXGL Background Thread 3 ] DEBUG Engine               - userAppClass: class Game
20:39:02.441 [FXGL Background Thread 3 ] DEBUG Engine               - version: 1.0
20:39:02.441 [FXGL Background Thread 3 ] DEBUG Engine               - versionCheckDays: 7
20:39:02.441 [FXGL Background Thread 3 ] DEBUG Engine               - width: 1000
20:39:02.441 [FXGL Background Thread 3 ] DEBUG Engine               - Logging services
20:39:02.442 [FXGL Background Thread 3 ] DEBUG Engine               - class com.almasb.fxgl.app.services.FXGLAssetLoaderService
20:39:02.442 [FXGL Background Thread 3 ] DEBUG Engine               - class com.almasb.fxgl.app.FXGLApplication$GameApplicationService
20:39:02.442 [FXGL Background Thread 3 ] DEBUG Engine               - class com.almasb.fxgl.app.services.FXGLDialogService
20:39:02.442 [FXGL Background Thread 3 ] DEBUG Engine               - class com.almasb.fxgl.app.services.IOTaskExecutorService
20:39:02.442 [FXGL Background Thread 3 ] DEBUG Engine               - class com.almasb.fxgl.event.EventBusService
20:39:02.443 [FXGL Background Thread 3 ] DEBUG Engine               - class com.almasb.fxgl.io.FileSystemService
20:39:02.443 [FXGL Background Thread 3 ] DEBUG Engine               - class com.almasb.fxgl.localization.LocalizationService
20:39:02.443 [FXGL Background Thread 3 ] DEBUG Engine               - class com.almasb.fxgl.app.services.SystemBundleService
20:39:02.443 [FXGL Background Thread 3 ] DEBUG Engine               - class com.almasb.fxgl.profile.SaveLoadService
20:39:02.444 [FXGL Background Thread 3 ] DEBUG Engine               - class com.almasb.fxgl.ui.FXGLUIFactoryServiceProvider
20:39:02.444 [FXGL Background Thread 3 ] DEBUG Engine               - class com.almasb.fxgl.ui.FXGLDialogFactoryServiceProvider
20:39:02.444 [FXGL Background Thread 3 ] DEBUG Engine               - class com.almasb.fxgl.audio.AudioPlayer
20:39:02.444 [FXGL Background Thread 3 ] DEBUG Engine               - class com.almasb.fxgl.notification.impl.NotificationServiceProvider
20:39:02.444 [FXGL Background Thread 3 ] DEBUG Engine               - class com.almasb.fxgl.achievement.AchievementService
20:39:02.444 [FXGL Background Thread 3 ] DEBUG Engine               - class com.almasb.fxgl.cutscene.CutsceneService
20:39:02.445 [FXGL Background Thread 3 ] DEBUG Engine               - class com.almasb.fxgl.minigames.MiniGameService
20:39:02.445 [FXGL Background Thread 3 ] DEBUG Engine               - class com.almasb.fxgl.net.NetService
20:39:02.445 [FXGL Background Thread 3 ] DEBUG Engine               - class com.almasb.fxgl.app.services.UpdaterService
20:39:02.445 [FXGL Background Thread 3 ] DEBUG Engine               - class com.almasb.fxgl.dev.DevService
20:39:19.413 [JavaFX Application Thread] DEBUG FXGLApplication      - Exiting FXGL
20:39:19.414 [JavaFX Application Thread] DEBUG LoopRunner           - Stopping loop
20:39:19.414 [JavaFX Application Thread] DEBUG SystemBundleService  - Saving FXGL system data
20:39:19.419 [JavaFX Application Thread] DEBUG FileSystemAccess     - Writing to: C:\Users\Jainfamily\AP JAVA\fxgl graphics\fxgl blank project\system\fxgl.bundle
20:39:19.423 [JavaFX Application Thread] DEBUG Async                - Shutting down background threads
20:39:19.424 [JavaFX Application Thread] DEBUG PrimaryStageWindow   - Closing main window
20:39:19.448 [JavaFX Application Thread] DEBUG Logger               - Closing Logger
