20:35:20.661 [main                     ] DEBUG Logger               - Configured Logger
20:35:20.672 [main                     ] DEBUG GameApplication      - Logging settings
Title: test
Version: 1.0
Width: 1000
Height: 600
Fullscreen: false
Intro: false
Profiling: false
Single step:false
App Mode: DEVELOPER
Menu Key: ESCAPE
Stage Style: DECORATED
Scene Factory: class com.almasb.fxgl.app.scene.SceneFactory

20:35:21.612 [JavaFX Application Thread] DEBUG FXGLApplication      - Initializing FXGL
20:35:21.617 [JavaFX Application Thread] INFO  Engine               - FXGL-dev-SNAPSHOT (21.02.2021 13.59) on WINDOWS (J:14.0.2 FX:15)
20:35:21.618 [JavaFX Application Thread] DEBUG Engine               - JRE Vendor Name: Oracle Corporation
20:35:21.618 [JavaFX Application Thread] DEBUG Engine               - Running on OS: Windows 10 version 10.0
20:35:21.618 [JavaFX Application Thread] DEBUG Engine               - Architecture: amd64
20:35:21.619 [JavaFX Application Thread] INFO  Engine               - Source code and latest versions at: https://github.com/AlmasB/FXGL
20:35:21.619 [JavaFX Application Thread] INFO  Engine               -              Join the FXGL chat at: https://gitter.im/AlmasB/FXGL
20:35:22.045 [JavaFX Application Thread] DEBUG PrimaryStageWindow   - Creating a JavaFX scene
20:35:22.200 [JavaFX Application Thread] DEBUG PrimaryStageWindow   - Target settings size: 1000.0 x 600.0
20:35:22.201 [JavaFX Application Thread] DEBUG PrimaryStageWindow   - Scaled scene size:    1000.0 x 600.0
20:35:22.201 [JavaFX Application Thread] DEBUG PrimaryStageWindow   - Scaled ratio: (1.0, 1.0)
20:35:22.203 [JavaFX Application Thread] DEBUG PrimaryStageWindow   - Set initial scene to FXGLStartupScene
20:35:22.222 [JavaFX Application Thread] DEBUG PrimaryStageWindow   - Opening main window
20:35:22.430 [JavaFX Application Thread] DEBUG PrimaryStageWindow   - Window border size: (14.4000244140625, 37.5999755859375)
20:35:22.431 [JavaFX Application Thread] DEBUG PrimaryStageWindow   - Scaled size: 1000.0 x 600.0
20:35:22.431 [JavaFX Application Thread] DEBUG PrimaryStageWindow   - Scaled ratio: (1.0, 1.0)
20:35:22.432 [JavaFX Application Thread] DEBUG PrimaryStageWindow   - Scene size: 1000.0 x 600.0
20:35:22.433 [JavaFX Application Thread] DEBUG PrimaryStageWindow   - Stage size: 1014.4000244140625 x 637.5999755859375
20:35:22.489 [FXGL Background Thread 1 ] DEBUG Engine               - Initializing environment variables
20:35:22.560 [FXGL Background Thread 1 ] DEBUG FXGLAssetLoaderServi - User app class for loading assets: class Game
20:35:22.561 [FXGL Background Thread 1 ] DEBUG GameApplicationServi - Applying CSS: fxgl_dark.css
20:35:22.564 [FXGL Background Thread 1 ] DEBUG FXGLAssetLoaderServi - Loading from file system: jar:file:/C:/Users/Jainfamily/.m2/repository/com/github/almasb/fxgl/dev-SNAPSHOT/fxgl-dev-20210221.140046-1674.jar!/fxglassets/ui/css/fxgl_dark.css
20:35:22.656 [FXGL Background Thread 1 ] DEBUG GameApplicationServi - Initializing application scenes
20:35:22.846 [FXGL Background Thread 1 ] DEBUG GameWorld            - Game world initialized
20:35:22.977 [FXGL Background Thread 1 ] DEBUG PhysicsWorld         - Physics world initialized: appHeight=600, physics.ppm=50.0
20:35:22.978 [FXGL Background Thread 1 ] DEBUG PhysicsWorld         - Using strategy: BRUTE_FORCE
20:35:22.981 [FXGL Background Thread 1 ] DEBUG GameScene            - Game scene initialized: 1000x600
20:35:23.038 [FXGL Background Thread 1 ] DEBUG FXGLAssetLoaderServi - Loading from file system: jar:file:/C:/Users/Jainfamily/.m2/repository/com/github/almasb/fxgl/dev-SNAPSHOT/fxgl-dev-20210221.140046-1674.jar!/fxglassets/textures/particles/trace_horizontal.png
20:35:23.126 [FXGL Background Thread 1 ] DEBUG FXGL.DefaultMenu     - createMenuBodyGameMenu()
20:35:23.147 [FXGL Background Thread 1 ] DEBUG FXGL.DefaultMenu     - createOptionsMenu()
20:35:23.156 [FXGL Background Thread 1 ] DEBUG FXGLAssetLoaderServi - Loading from file system: jar:file:/C:/Users/Jainfamily/.m2/repository/com/github/almasb/fxgl/dev-SNAPSHOT/fxgl-dev-20210221.140046-1674.jar!/fxglassets/textures/particles/smoke.png
20:35:23.262 [FXGL Background Thread 1 ] DEBUG GameApplicationServi - Application scenes initialized
20:35:23.282 [FXGL Background Thread 1 ] DEBUG SystemBundleService  - Loading FXGL system data
20:35:23.289 [FXGL Background Thread 1 ] DEBUG FileSystemAccess     - Reading from: C:\Users\Jainfamily\AP JAVA\fxgl graphics\fxgl blank project\system\fxgl.bundle
20:35:23.300 [FXGL Background Thread 1 ] DEBUG SystemBundleService  - Bundle FXGL: {}
20:35:23.300 [FXGL Background Thread 1 ] DEBUG UpdaterService       - Checking for updates
20:35:23.309 [FXGL Background Thread 4 ] DEBUG FXGLApplication      - Loading fonts
20:35:23.311 [FXGL Background Thread 1 ] DEBUG FXGLApplication      - Loading default localization
20:35:23.312 [FXGL Background Thread 4 ] DEBUG FXGLAssetLoaderServi - Loading from file system: jar:file:/C:/Users/Jainfamily/.m2/repository/com/github/almasb/fxgl/dev-SNAPSHOT/fxgl-dev-20210221.140046-1674.jar!/fxglassets/ui/fonts/VarelaRound-Regular.ttf
20:35:23.313 [FXGL Background Thread 1 ] DEBUG FXGLAssetLoaderServi - Loading from file system: jar:file:/C:/Users/Jainfamily/.m2/repository/com/github/almasb/fxgl/dev-SNAPSHOT/fxgl-dev-20210221.140046-1674.jar!/fxglassets/languages/english.lang
20:35:23.356 [FXGL Background Thread 1 ] INFO  FXGLApplication      - FXGL initialization took: 0.867 sec
20:35:23.374 [JavaFX Application Thread] DEBUG Input                - Registered new binding: Up - Up
20:35:23.374 [JavaFX Application Thread] DEBUG Input                - Registered new binding: Down - Down
20:35:23.374 [JavaFX Application Thread] DEBUG Input                - Registered new binding: Left - Left
20:35:23.375 [JavaFX Application Thread] DEBUG Input                - Registered new binding: Right - Right
20:35:23.375 [JavaFX Application Thread] DEBUG FXGLAssetLoaderServi - Loading from file system: jar:file:/C:/Users/Jainfamily/.m2/repository/com/github/almasb/fxgl/dev-SNAPSHOT/fxgl-dev-20210221.140046-1674.jar!/fxglassets/textures/fxgl_icon.png
20:35:23.435 [JavaFX Application Thread] DEBUG FXGLAssetLoaderServi - Loading from file system: jar:file:/C:/Users/Jainfamily/.m2/repository/com/github/almasb/fxgl/dev-SNAPSHOT/fxgl-dev-20210221.140046-1674.jar!/fxglassets/ui/cursors/fxgl_default.png
20:35:23.442 [JavaFX Application Thread] DEBUG Input                - Registered new binding: Screenshot - P
20:35:23.443 [JavaFX Application Thread] DEBUG Input                - Registered new binding: System info dump - CTRL+9
20:35:23.446 [JavaFX Application Thread] DEBUG Input                - Registered new binding: Restart - CTRL+R
20:35:23.447 [JavaFX Application Thread] DEBUG Input                - Registered new binding: Toggle Debug Camera - CTRL+C
20:35:23.451 [JavaFX Application Thread] DEBUG LoopRunner           - Starting loop
20:35:23.452 [JavaFX Application Thread] DEBUG LoopRunner           - Initializing JavaFX AnimationTimerLoop
20:35:23.454 [JavaFX Application Thread] DEBUG GameApplicationServi - Starting new game
20:35:23.455 [JavaFX Application Thread] DEBUG Input                - Clearing active input actions
20:35:23.493 [JavaFX Application Thread] DEBUG GameApplicationServi - Removing overlay from FXGLStartupScene and adding to FXGLLoadingScene
20:35:23.494 [JavaFX Application Thread] DEBUG PrimaryStageWindow   - FXGLStartupScene -> FXGLLoadingScene
20:35:23.494 [JavaFX Application Thread] DEBUG GameApplicationServi - Clearing previous game
20:35:23.494 [JavaFX Application Thread] DEBUG GameScene            - Clearing game scene
20:35:23.495 [JavaFX Application Thread] DEBUG GameWorld            - Clearing game world
20:35:23.495 [JavaFX Application Thread] DEBUG PhysicsWorld         - Clearing physics world
20:35:23.511 [FXGL Background Thread 1 ] DEBUG FXGLApplication      - Initializing game
20:35:23.517 [FXGL Background Thread 1 ] WARN  FXGLAssetLoaderServi - Asset "/assets/textures/block.png" was not found!
20:35:23.517 [FXGL Background Thread 1 ] WARN  FXGLAssetLoaderServi - Failed to load IMAGE
20:35:23.521 [FXGL Background Thread 4 ] DEBUG FXGLAssetLoaderServi - Loading from file system: jar:file:/C:/Users/Jainfamily/.m2/repository/com/github/almasb/fxgl/dev-SNAPSHOT/fxgl-dev-20210221.140046-1674.jar!/fxglassets/ui/fonts/Abel-Regular.ttf
20:35:23.531 [FXGL Background Thread 4 ] DEBUG FXGLAssetLoaderServi - Loading from file system: jar:file:/C:/Users/Jainfamily/.m2/repository/com/github/almasb/fxgl/dev-SNAPSHOT/fxgl-dev-20210221.140046-1674.jar!/fxglassets/ui/fonts/lucida_console.ttf
20:35:23.551 [FXGL Background Thread 4 ] DEBUG FXGLAssetLoaderServi - Loading from file system: jar:file:/C:/Users/Jainfamily/.m2/repository/com/github/almasb/fxgl/dev-SNAPSHOT/fxgl-dev-20210221.140046-1674.jar!/fxglassets/ui/fonts/Courier-Prime.ttf
20:35:23.823 [JavaFX Application Thread] DEBUG FXGLApplication      - Registering font factories with UI factory
20:35:23.870 [FXGL Background Thread 1 ] INFO  FXGLApplication      - Game initialization took: 0.373 sec
20:35:23.958 [JavaFX Application Thread] DEBUG Input                - Clearing active input actions
20:35:23.971 [JavaFX Application Thread] DEBUG GameApplicationServi - Removing overlay from FXGLLoadingScene and adding to GameScene
20:35:23.971 [JavaFX Application Thread] DEBUG PrimaryStageWindow   - FXGLLoadingScene -> GameScene
20:35:24.172 [FXGL Background Thread 2 ] INFO  UpdaterService       - Your current version:  dev-SNAPSHOT
20:35:24.172 [FXGL Background Thread 2 ] INFO  UpdaterService       - Latest stable version: 11.13
20:35:26.306 [FXGL Background Thread 3 ] DEBUG Engine               - Logging environment variables
20:35:26.308 [FXGL Background Thread 3 ] DEBUG Engine               - achievements: []
20:35:26.308 [FXGL Background Thread 3 ] DEBUG Engine               - actualHeight: 600.0
20:35:26.309 [FXGL Background Thread 3 ] DEBUG Engine               - actualHeightProperty: ReadOnlyDoubleProperty [value: 600.0]
20:35:26.309 [FXGL Background Thread 3 ] DEBUG Engine               - actualWidth: 1000.0
20:35:26.309 [FXGL Background Thread 3 ] DEBUG Engine               - actualWidthProperty: ReadOnlyDoubleProperty [value: 1000.0]
20:35:26.309 [FXGL Background Thread 3 ] DEBUG Engine               - appIcon: fxgl_icon.png
20:35:26.310 [FXGL Background Thread 3 ] DEBUG Engine               - applicationMode: DEVELOPER
20:35:26.310 [FXGL Background Thread 3 ] DEBUG Engine               - cSSList: [fxgl_dark.css]
20:35:26.310 [FXGL Background Thread 3 ] DEBUG Engine               - collisionDetectionStrategy: BRUTE_FORCE
20:35:26.310 [FXGL Background Thread 3 ] DEBUG Engine               - configClass: Optional.empty
20:35:26.311 [FXGL Background Thread 3 ] DEBUG Engine               - credits: []
20:35:26.311 [FXGL Background Thread 3 ] DEBUG Engine               - devBBoxColorProperty: ObjectProperty [value: 0xff0000ff]
20:35:26.312 [FXGL Background Thread 3 ] DEBUG Engine               - devEnableDebugCameraProperty: BooleanProperty [value: false]
20:35:26.312 [FXGL Background Thread 3 ] DEBUG Engine               - devSensorColorProperty: ObjectProperty [value: 0xffff00ff]
20:35:26.312 [FXGL Background Thread 3 ] DEBUG Engine               - devShowBBoxProperty: BooleanProperty [value: false]
20:35:26.313 [FXGL Background Thread 3 ] DEBUG Engine               - devShowPositionProperty: BooleanProperty [value: false]
20:35:26.313 [FXGL Background Thread 3 ] DEBUG Engine               - enabledMenuItems: []
20:35:26.313 [FXGL Background Thread 3 ] DEBUG Engine               - engineServices: [class com.almasb.fxgl.app.services.FXGLAssetLoaderService, class com.almasb.fxgl.app.FXGLApplication$GameApplicationService, class com.almasb.fxgl.app.services.FXGLDialogService, class com.almasb.fxgl.app.services.IOTaskExecutorService, class com.almasb.fxgl.event.EventBusService, class com.almasb.fxgl.io.FileSystemService, class com.almasb.fxgl.localization.LocalizationService, class com.almasb.fxgl.app.services.SystemBundleService, class com.almasb.fxgl.profile.SaveLoadService, class com.almasb.fxgl.ui.FXGLUIFactoryServiceProvider, class com.almasb.fxgl.ui.FXGLDialogFactoryServiceProvider, class com.almasb.fxgl.audio.AudioPlayer, class com.almasb.fxgl.notification.impl.NotificationServiceProvider, class com.almasb.fxgl.achievement.AchievementService, class com.almasb.fxgl.cutscene.CutsceneService, class com.almasb.fxgl.minigames.MiniGameService, class com.almasb.fxgl.net.NetService, class com.almasb.fxgl.app.services.UpdaterService, class com.almasb.fxgl.dev.DevService]
20:35:26.314 [FXGL Background Thread 3 ] DEBUG Engine               - fontGame: Abel-Regular.ttf
20:35:26.314 [FXGL Background Thread 3 ] DEBUG Engine               - fontMono: lucida_console.ttf
20:35:26.314 [FXGL Background Thread 3 ] DEBUG Engine               - fontText: Courier-Prime.ttf
20:35:26.314 [FXGL Background Thread 3 ] DEBUG Engine               - fontUI: VarelaRound-Regular.ttf
20:35:26.315 [FXGL Background Thread 3 ] DEBUG Engine               - fullScreen: BooleanProperty [value: false]
20:35:26.315 [FXGL Background Thread 3 ] DEBUG Engine               - gameDifficulty: MEDIUM
20:35:26.316 [FXGL Background Thread 3 ] DEBUG Engine               - gameDifficultyProperty: ObjectProperty [value: MEDIUM]
20:35:26.316 [FXGL Background Thread 3 ] DEBUG Engine               - globalMusicVolume: 0.5
20:35:26.317 [FXGL Background Thread 3 ] DEBUG Engine               - globalMusicVolumeProperty: DoubleProperty [value: 0.5]
20:35:26.317 [FXGL Background Thread 3 ] DEBUG Engine               - globalSoundVolume: 0.5
20:35:26.317 [FXGL Background Thread 3 ] DEBUG Engine               - globalSoundVolumeProperty: DoubleProperty [value: 0.5]
20:35:26.317 [FXGL Background Thread 3 ] DEBUG Engine               - height: 600
20:35:26.318 [FXGL Background Thread 3 ] DEBUG Engine               - isAndroid: false
20:35:26.318 [FXGL Background Thread 3 ] DEBUG Engine               - isBrowser: false
20:35:26.318 [FXGL Background Thread 3 ] DEBUG Engine               - isClickFeedbackEnabled: false
20:35:26.319 [FXGL Background Thread 3 ] DEBUG Engine               - isCloseConfirmation: false
20:35:26.319 [FXGL Background Thread 3 ] DEBUG Engine               - isDesktop: true
20:35:26.319 [FXGL Background Thread 3 ] DEBUG Engine               - isDeveloperMenuEnabled: false
20:35:26.320 [FXGL Background Thread 3 ] DEBUG Engine               - isEntityPreloadEnabled: true
20:35:26.320 [FXGL Background Thread 3 ] DEBUG Engine               - isExperimental3D: false
20:35:26.320 [FXGL Background Thread 3 ] DEBUG Engine               - isExperimentalNative: false
20:35:26.321 [FXGL Background Thread 3 ] DEBUG Engine               - isExperimentalTiledLargeMap: false
20:35:26.321 [FXGL Background Thread 3 ] DEBUG Engine               - isFileSystemWriteAllowed: true
20:35:26.321 [FXGL Background Thread 3 ] DEBUG Engine               - isFullScreenAllowed: false
20:35:26.322 [FXGL Background Thread 3 ] DEBUG Engine               - isFullScreenFromStart: false
20:35:26.322 [FXGL Background Thread 3 ] DEBUG Engine               - isGameMenuEnabled: true
20:35:26.322 [FXGL Background Thread 3 ] DEBUG Engine               - isIOS: false
20:35:26.323 [FXGL Background Thread 3 ] DEBUG Engine               - isIntroEnabled: false
20:35:26.323 [FXGL Background Thread 3 ] DEBUG Engine               - isLinux: false
20:35:26.323 [FXGL Background Thread 3 ] DEBUG Engine               - isMac: false
20:35:26.323 [FXGL Background Thread 3 ] DEBUG Engine               - isMainMenuEnabled: false
20:35:26.324 [FXGL Background Thread 3 ] DEBUG Engine               - isManualResizeEnabled: false
20:35:26.324 [FXGL Background Thread 3 ] DEBUG Engine               - isMobile: false
20:35:26.325 [FXGL Background Thread 3 ] DEBUG Engine               - isPreserveResizeRatio: false
20:35:26.325 [FXGL Background Thread 3 ] DEBUG Engine               - isProfilingEnabled: false
20:35:26.326 [FXGL Background Thread 3 ] DEBUG Engine               - isScaleAffectedOnResize: true
20:35:26.326 [FXGL Background Thread 3 ] DEBUG Engine               - isSingleStep: false
20:35:26.326 [FXGL Background Thread 3 ] DEBUG Engine               - isUserProfileEnabled: false
20:35:26.326 [FXGL Background Thread 3 ] DEBUG Engine               - isWindows: true
20:35:26.327 [FXGL Background Thread 3 ] DEBUG Engine               - language: ObjectProperty [value: ENGLISH]
20:35:26.327 [FXGL Background Thread 3 ] DEBUG Engine               - menuKey: ESCAPE
20:35:26.327 [FXGL Background Thread 3 ] DEBUG Engine               - notificationViewClass: class com.almasb.fxgl.notification.view.XboxNotificationView
20:35:26.328 [FXGL Background Thread 3 ] DEBUG Engine               - pixelsPerMeter: 50.0
20:35:26.328 [FXGL Background Thread 3 ] DEBUG Engine               - platform: WINDOWS
20:35:26.328 [FXGL Background Thread 3 ] DEBUG Engine               - prefHeightProperty: ReadOnlyDoubleProperty [value: 600.0]
20:35:26.329 [FXGL Background Thread 3 ] DEBUG Engine               - prefWidthProperty: ReadOnlyDoubleProperty [value: 1000.0]
20:35:26.329 [FXGL Background Thread 3 ] DEBUG Engine               - profileDir: profiles/
20:35:26.329 [FXGL Background Thread 3 ] DEBUG Engine               - profileName: StringProperty [value: DEFAULT]
20:35:26.329 [FXGL Background Thread 3 ] DEBUG Engine               - randomSeed: -1
20:35:26.330 [FXGL Background Thread 3 ] DEBUG Engine               - runtimeInfo: RuntimeInfo(platform=WINDOWS, version=dev-SNAPSHOT, build=21.02.2021 13.59)
20:35:26.330 [FXGL Background Thread 3 ] DEBUG Engine               - saveFileExt: sav
20:35:26.330 [FXGL Background Thread 3 ] DEBUG Engine               - scaledHeightProp$fxgl: DoubleProperty [bound, value: 600.0]
20:35:26.330 [FXGL Background Thread 3 ] DEBUG Engine               - scaledWidthProp$fxgl: DoubleProperty [bound, value: 1000.0]
20:35:26.330 [FXGL Background Thread 3 ] DEBUG Engine               - sceneFactory: com.almasb.fxgl.app.scene.SceneFactory@353fb320
20:35:26.331 [FXGL Background Thread 3 ] DEBUG Engine               - secondsIn24h: 60
20:35:26.331 [FXGL Background Thread 3 ] DEBUG Engine               - soundMenuBack: menu/back.wav
20:35:26.331 [FXGL Background Thread 3 ] DEBUG Engine               - soundMenuPress: menu/press.wav
20:35:26.331 [FXGL Background Thread 3 ] DEBUG Engine               - soundMenuSelect: menu/select.wav
20:35:26.332 [FXGL Background Thread 3 ] DEBUG Engine               - soundNotification: core/notification.wav
20:35:26.332 [FXGL Background Thread 3 ] DEBUG Engine               - stageStyle: DECORATED
20:35:26.332 [FXGL Background Thread 3 ] DEBUG Engine               - supportedLanguages: [ENGLISH, FRENCH, GERMAN, HUNGARIAN, RUSSIAN]
20:35:26.333 [FXGL Background Thread 3 ] DEBUG Engine               - ticksPerSecond: -1
20:35:26.333 [FXGL Background Thread 3 ] DEBUG Engine               - title: test
20:35:26.333 [FXGL Background Thread 3 ] DEBUG Engine               - urlGithub: https://github.com/AlmasB/FXGL
20:35:26.333 [FXGL Background Thread 3 ] DEBUG Engine               - urlLeaderboard: http://fxgl-top.herokuapp.com/
20:35:26.334 [FXGL Background Thread 3 ] DEBUG Engine               - urlPOM: https://raw.githubusercontent.com/AlmasB/FXGL/master/README.md
20:35:26.334 [FXGL Background Thread 3 ] DEBUG Engine               - userAppClass: class Game
20:35:26.334 [FXGL Background Thread 3 ] DEBUG Engine               - version: 1.0
20:35:26.335 [FXGL Background Thread 3 ] DEBUG Engine               - versionCheckDays: 7
20:35:26.335 [FXGL Background Thread 3 ] DEBUG Engine               - width: 1000
20:35:26.335 [FXGL Background Thread 3 ] DEBUG Engine               - Logging services
20:35:26.335 [FXGL Background Thread 3 ] DEBUG Engine               - class com.almasb.fxgl.app.services.FXGLAssetLoaderService
20:35:26.335 [FXGL Background Thread 3 ] DEBUG Engine               - class com.almasb.fxgl.app.FXGLApplication$GameApplicationService
20:35:26.336 [FXGL Background Thread 3 ] DEBUG Engine               - class com.almasb.fxgl.app.services.FXGLDialogService
20:35:26.336 [FXGL Background Thread 3 ] DEBUG Engine               - class com.almasb.fxgl.app.services.IOTaskExecutorService
20:35:26.336 [FXGL Background Thread 3 ] DEBUG Engine               - class com.almasb.fxgl.event.EventBusService
20:35:26.336 [FXGL Background Thread 3 ] DEBUG Engine               - class com.almasb.fxgl.io.FileSystemService
20:35:26.337 [FXGL Background Thread 3 ] DEBUG Engine               - class com.almasb.fxgl.localization.LocalizationService
20:35:26.337 [FXGL Background Thread 3 ] DEBUG Engine               - class com.almasb.fxgl.app.services.SystemBundleService
20:35:26.337 [FXGL Background Thread 3 ] DEBUG Engine               - class com.almasb.fxgl.profile.SaveLoadService
20:35:26.337 [FXGL Background Thread 3 ] DEBUG Engine               - class com.almasb.fxgl.ui.FXGLUIFactoryServiceProvider
20:35:26.337 [FXGL Background Thread 3 ] DEBUG Engine               - class com.almasb.fxgl.ui.FXGLDialogFactoryServiceProvider
20:35:26.338 [FXGL Background Thread 3 ] DEBUG Engine               - class com.almasb.fxgl.audio.AudioPlayer
20:35:26.338 [FXGL Background Thread 3 ] DEBUG Engine               - class com.almasb.fxgl.notification.impl.NotificationServiceProvider
20:35:26.338 [FXGL Background Thread 3 ] DEBUG Engine               - class com.almasb.fxgl.achievement.AchievementService
20:35:26.338 [FXGL Background Thread 3 ] DEBUG Engine               - class com.almasb.fxgl.cutscene.CutsceneService
20:35:26.339 [FXGL Background Thread 3 ] DEBUG Engine               - class com.almasb.fxgl.minigames.MiniGameService
20:35:26.339 [FXGL Background Thread 3 ] DEBUG Engine               - class com.almasb.fxgl.net.NetService
20:35:26.339 [FXGL Background Thread 3 ] DEBUG Engine               - class com.almasb.fxgl.app.services.UpdaterService
20:35:26.339 [FXGL Background Thread 3 ] DEBUG Engine               - class com.almasb.fxgl.dev.DevService
20:35:28.396 [JavaFX Application Thread] DEBUG LoopRunner           - Stopping loop
20:35:28.400 [JavaFX Application Thread] FATAL FXGLApplication      - Uncaught Exception:
java.lang.RuntimeException: A bound value cannot be set.
	at javafx.beans.property.DoublePropertyBase.set(DoublePropertyBase.java:144)
	at javafx.beans.property.DoubleProperty.setValue(DoubleProperty.java:72)
	at com.almasb.fxgl.entity.components.TransformComponent.setX(TransformComponent.kt:58)
	at com.almasb.fxgl.entity.components.TransformComponent.translateX(TransformComponent.kt:165)
	at com.almasb.fxgl.entity.Entity.translateX(Entity.java:761)
	at Game$4.onAction(Game.java:62)
	at com.almasb.fxgl.input.UserAction.action$fxgl_input(UserAction.kt:38)
	at com.almasb.fxgl.input.Input.update(Input.kt:271)
	at com.almasb.fxgl.scene.Scene.update(Scene.kt:102)
	at com.almasb.fxgl.app.MainWindow$update$1.invoke(MainWindow.kt:101)
	at com.almasb.fxgl.app.MainWindow$update$1.invoke(MainWindow.kt:41)
	at com.almasb.fxgl.core.fsm.StateMachine.runOnActiveStates(StateMachine.kt:69)
	at com.almasb.fxgl.app.MainWindow.update(MainWindow.kt:101)
	at com.almasb.fxgl.app.FXGLApplication$GameApplicationService.onUpdate(FXGLApplication.kt:457)
	at com.almasb.fxgl.app.Engine.loop(Engine.kt:133)
	at com.almasb.fxgl.app.Engine.access$loop(Engine.kt:24)
	at com.almasb.fxgl.app.Engine$loop$1.invoke(Engine.kt:28)
	at com.almasb.fxgl.app.Engine$loop$1.invoke(Engine.kt:24)
	at com.almasb.fxgl.app.LoopRunner.frame(LoopRunner.kt:100)
	at com.almasb.fxgl.app.LoopRunner.access$frame(LoopRunner.kt:23)
	at com.almasb.fxgl.app.LoopRunner$impl$2$1.onTick(LoopRunner.kt:57)
	at com.almasb.fxgl.app.AnimationTimerLoop$timer$1.handle(LoopRunner.kt:130)
	at javafx.animation.AnimationTimer$AnimationTimerReceiver.lambda$handle$0(AnimationTimer.java:57)
	at java.base/java.security.AccessController.doPrivileged(AccessController.java:391)
	at javafx.animation.AnimationTimer$AnimationTimerReceiver.handle(AnimationTimer.java:56)
	at com.sun.scenario.animation.AbstractMasterTimer.timePulseImpl(AbstractMasterTimer.java:357)
	at com.sun.scenario.animation.AbstractMasterTimer$MainLoop.run(AbstractMasterTimer.java:267)
	at com.sun.javafx.tk.quantum.QuantumToolkit.pulse(QuantumToolkit.java:559)
	at com.sun.javafx.tk.quantum.QuantumToolkit.pulse(QuantumToolkit.java:543)
	at com.sun.javafx.tk.quantum.QuantumToolkit.pulseFromQueue(QuantumToolkit.java:536)
	at com.sun.javafx.tk.quantum.QuantumToolkit.lambda$runToolkit$11(QuantumToolkit.java:342)
	at com.sun.glass.ui.InvokeLaterDispatcher$Future.run(InvokeLaterDispatcher.java:96)
	at com.sun.glass.ui.win.WinApplication._runLoop(Native Method)
	at com.sun.glass.ui.win.WinApplication.lambda$runLoop$3(WinApplication.java:174)
	at java.base/java.lang.Thread.run(Thread.java:832)

20:35:28.400 [JavaFX Application Thread] FATAL FXGLApplication      - Application will now exit
20:35:28.430 [JavaFX Application Thread] DEBUG PrimaryStageWindow   - Push state: ErrorSubScene
20:35:28.431 [JavaFX Application Thread] DEBUG Input                - Clearing active input actions
20:35:28.440 [JavaFX Application Thread] DEBUG GameApplicationServi - Removing overlay from GameScene and adding to ErrorSubScene
20:35:28.441 [JavaFX Application Thread] DEBUG PrimaryStageWindow   - GameScene -> ErrorSubScene
20:35:33.651 [JavaFX Application Thread] DEBUG FXGLApplication      - Exiting FXGL
20:35:33.651 [JavaFX Application Thread] DEBUG Async                - Shutting down background threads
20:35:33.652 [JavaFX Application Thread] DEBUG PrimaryStageWindow   - Closing main window
20:35:33.692 [JavaFX Application Thread] DEBUG Logger               - Closing Logger
