20:33:27.193 [main                     ] DEBUG Logger               - Configured Logger
20:33:27.203 [main                     ] DEBUG GameApplication      - Logging settings
Title: test
Version: 1.0
Width: 1000
Height: 600
Fullscreen: false
Intro: false
Profiling: false
Single step:false
App Mode: DEVELOPER
Menu Key: ESCAPE
Stage Style: DECORATED
Scene Factory: class com.almasb.fxgl.app.scene.SceneFactory

20:33:40.163 [JavaFX Application Thread] DEBUG FXGLApplication      - Initializing FXGL
20:33:40.169 [JavaFX Application Thread] INFO  Engine               - FXGL-dev-SNAPSHOT (21.02.2021 13.59) on WINDOWS (J:14.0.2 FX:15)
20:33:40.170 [JavaFX Application Thread] DEBUG Engine               - JRE Vendor Name: Oracle Corporation
20:33:40.170 [JavaFX Application Thread] DEBUG Engine               - Running on OS: Windows 10 version 10.0
20:33:40.170 [JavaFX Application Thread] DEBUG Engine               - Architecture: amd64
20:33:40.171 [JavaFX Application Thread] INFO  Engine               - Source code and latest versions at: https://github.com/AlmasB/FXGL
20:33:40.171 [JavaFX Application Thread] INFO  Engine               -              Join the FXGL chat at: https://gitter.im/AlmasB/FXGL
20:33:40.368 [JavaFX Application Thread] DEBUG PrimaryStageWindow   - Creating a JavaFX scene
20:33:46.465 [JavaFX Application Thread] DEBUG PrimaryStageWindow   - Target settings size: 1000.0 x 600.0
20:33:46.466 [JavaFX Application Thread] DEBUG PrimaryStageWindow   - Scaled scene size:    1000.0 x 600.0
20:33:46.466 [JavaFX Application Thread] DEBUG PrimaryStageWindow   - Scaled ratio: (1.0, 1.0)
20:33:46.467 [JavaFX Application Thread] DEBUG PrimaryStageWindow   - Set initial scene to FXGLStartupScene
20:33:46.477 [JavaFX Application Thread] DEBUG PrimaryStageWindow   - Opening main window
20:33:46.632 [JavaFX Application Thread] DEBUG PrimaryStageWindow   - Window border size: (14.4000244140625, 37.5999755859375)
20:33:46.632 [JavaFX Application Thread] DEBUG PrimaryStageWindow   - Scaled size: 1000.0 x 600.0
20:33:46.633 [JavaFX Application Thread] DEBUG PrimaryStageWindow   - Scaled ratio: (1.0, 1.0)
20:33:46.633 [JavaFX Application Thread] DEBUG PrimaryStageWindow   - Scene size: 1000.0 x 600.0
20:33:46.633 [JavaFX Application Thread] DEBUG PrimaryStageWindow   - Stage size: 1014.4000244140625 x 637.5999755859375
20:33:46.704 [FXGL Background Thread 1 ] DEBUG Engine               - Initializing environment variables
20:33:46.788 [FXGL Background Thread 1 ] DEBUG FXGLAssetLoaderServi - User app class for loading assets: class Game
20:33:46.789 [FXGL Background Thread 1 ] DEBUG GameApplicationServi - Applying CSS: fxgl_dark.css
20:33:46.791 [FXGL Background Thread 1 ] DEBUG FXGLAssetLoaderServi - Loading from file system: jar:file:/C:/Users/Jainfamily/.m2/repository/com/github/almasb/fxgl/dev-SNAPSHOT/fxgl-dev-20210221.140046-1674.jar!/fxglassets/ui/css/fxgl_dark.css
20:33:46.897 [FXGL Background Thread 1 ] DEBUG GameApplicationServi - Initializing application scenes
20:33:47.079 [FXGL Background Thread 1 ] DEBUG GameWorld            - Game world initialized
20:33:47.190 [FXGL Background Thread 1 ] DEBUG PhysicsWorld         - Physics world initialized: appHeight=600, physics.ppm=50.0
20:33:47.190 [FXGL Background Thread 1 ] DEBUG PhysicsWorld         - Using strategy: BRUTE_FORCE
20:33:47.195 [FXGL Background Thread 1 ] DEBUG GameScene            - Game scene initialized: 1000x600
20:33:47.251 [FXGL Background Thread 1 ] DEBUG FXGLAssetLoaderServi - Loading from file system: jar:file:/C:/Users/Jainfamily/.m2/repository/com/github/almasb/fxgl/dev-SNAPSHOT/fxgl-dev-20210221.140046-1674.jar!/fxglassets/textures/particles/trace_horizontal.png
20:33:47.385 [FXGL Background Thread 1 ] DEBUG FXGL.DefaultMenu     - createMenuBodyGameMenu()
20:33:47.426 [FXGL Background Thread 1 ] DEBUG FXGL.DefaultMenu     - createOptionsMenu()
20:33:47.438 [FXGL Background Thread 1 ] DEBUG FXGLAssetLoaderServi - Loading from file system: jar:file:/C:/Users/Jainfamily/.m2/repository/com/github/almasb/fxgl/dev-SNAPSHOT/fxgl-dev-20210221.140046-1674.jar!/fxglassets/textures/particles/smoke.png
20:33:47.555 [FXGL Background Thread 1 ] DEBUG GameApplicationServi - Application scenes initialized
20:33:47.584 [FXGL Background Thread 1 ] DEBUG SystemBundleService  - Loading FXGL system data
20:33:47.593 [FXGL Background Thread 1 ] DEBUG FileSystemAccess     - Reading from: C:\Users\Jainfamily\AP JAVA\fxgl graphics\fxgl blank project\system\fxgl.bundle
20:33:47.605 [FXGL Background Thread 1 ] DEBUG SystemBundleService  - Bundle FXGL: {}
20:33:47.605 [FXGL Background Thread 1 ] DEBUG UpdaterService       - Checking for updates
20:33:47.624 [FXGL Background Thread 4 ] DEBUG FXGLApplication      - Loading fonts
20:33:47.626 [FXGL Background Thread 1 ] DEBUG FXGLApplication      - Loading default localization
20:33:47.626 [FXGL Background Thread 4 ] DEBUG FXGLAssetLoaderServi - Loading from file system: jar:file:/C:/Users/Jainfamily/.m2/repository/com/github/almasb/fxgl/dev-SNAPSHOT/fxgl-dev-20210221.140046-1674.jar!/fxglassets/ui/fonts/VarelaRound-Regular.ttf
20:33:47.627 [FXGL Background Thread 1 ] DEBUG FXGLAssetLoaderServi - Loading from file system: jar:file:/C:/Users/Jainfamily/.m2/repository/com/github/almasb/fxgl/dev-SNAPSHOT/fxgl-dev-20210221.140046-1674.jar!/fxglassets/languages/english.lang
20:33:47.663 [FXGL Background Thread 1 ] INFO  FXGLApplication      - FXGL initialization took: 0.958 sec
20:33:47.681 [JavaFX Application Thread] DEBUG Input                - Registered new binding: Up - Up
20:33:47.682 [JavaFX Application Thread] DEBUG Input                - Registered new binding: Down - Down
20:33:47.682 [JavaFX Application Thread] DEBUG Input                - Registered new binding: Left - Left
20:33:47.682 [JavaFX Application Thread] DEBUG Input                - Registered new binding: Right - Right
20:33:47.683 [JavaFX Application Thread] DEBUG FXGLAssetLoaderServi - Loading from file system: jar:file:/C:/Users/Jainfamily/.m2/repository/com/github/almasb/fxgl/dev-SNAPSHOT/fxgl-dev-20210221.140046-1674.jar!/fxglassets/textures/fxgl_icon.png
20:33:47.726 [JavaFX Application Thread] DEBUG FXGLAssetLoaderServi - Loading from file system: jar:file:/C:/Users/Jainfamily/.m2/repository/com/github/almasb/fxgl/dev-SNAPSHOT/fxgl-dev-20210221.140046-1674.jar!/fxglassets/ui/cursors/fxgl_default.png
20:33:47.733 [JavaFX Application Thread] DEBUG Input                - Registered new binding: Screenshot - P
20:33:47.734 [JavaFX Application Thread] DEBUG Input                - Registered new binding: System info dump - CTRL+9
20:33:47.735 [JavaFX Application Thread] DEBUG Input                - Registered new binding: Restart - CTRL+R
20:33:47.737 [JavaFX Application Thread] DEBUG Input                - Registered new binding: Toggle Debug Camera - CTRL+C
20:33:47.744 [JavaFX Application Thread] DEBUG LoopRunner           - Starting loop
20:33:47.744 [JavaFX Application Thread] DEBUG LoopRunner           - Initializing JavaFX AnimationTimerLoop
20:33:47.748 [JavaFX Application Thread] DEBUG GameApplicationServi - Starting new game
20:33:47.749 [JavaFX Application Thread] DEBUG Input                - Clearing active input actions
20:33:47.768 [JavaFX Application Thread] DEBUG GameApplicationServi - Removing overlay from FXGLStartupScene and adding to FXGLLoadingScene
20:33:47.769 [JavaFX Application Thread] DEBUG PrimaryStageWindow   - FXGLStartupScene -> FXGLLoadingScene
20:33:47.769 [JavaFX Application Thread] DEBUG GameApplicationServi - Clearing previous game
20:33:47.769 [JavaFX Application Thread] DEBUG GameScene            - Clearing game scene
20:33:47.769 [JavaFX Application Thread] DEBUG GameWorld            - Clearing game world
20:33:47.769 [JavaFX Application Thread] DEBUG PhysicsWorld         - Clearing physics world
20:33:47.771 [FXGL Background Thread 1 ] DEBUG FXGLApplication      - Initializing game
20:33:47.776 [FXGL Background Thread 1 ] WARN  FXGLAssetLoaderServi - Asset "/assets/textures/block.png" was not found!
20:33:47.776 [FXGL Background Thread 1 ] WARN  FXGLAssetLoaderServi - Failed to load IMAGE
20:33:48.098 [FXGL Background Thread 1 ] INFO  FXGLApplication      - Game initialization took: 0.327 sec
20:33:48.199 [FXGL Background Thread 4 ] DEBUG FXGLAssetLoaderServi - Loading from file system: jar:file:/C:/Users/Jainfamily/.m2/repository/com/github/almasb/fxgl/dev-SNAPSHOT/fxgl-dev-20210221.140046-1674.jar!/fxglassets/ui/fonts/Abel-Regular.ttf
20:33:48.208 [JavaFX Application Thread] DEBUG Input                - Clearing active input actions
20:33:48.227 [JavaFX Application Thread] DEBUG GameApplicationServi - Removing overlay from FXGLLoadingScene and adding to GameScene
20:33:48.227 [JavaFX Application Thread] DEBUG PrimaryStageWindow   - FXGLLoadingScene -> GameScene
20:33:48.245 [FXGL Background Thread 4 ] DEBUG FXGLAssetLoaderServi - Loading from file system: jar:file:/C:/Users/Jainfamily/.m2/repository/com/github/almasb/fxgl/dev-SNAPSHOT/fxgl-dev-20210221.140046-1674.jar!/fxglassets/ui/fonts/lucida_console.ttf
20:33:48.291 [FXGL Background Thread 4 ] DEBUG FXGLAssetLoaderServi - Loading from file system: jar:file:/C:/Users/Jainfamily/.m2/repository/com/github/almasb/fxgl/dev-SNAPSHOT/fxgl-dev-20210221.140046-1674.jar!/fxglassets/ui/fonts/Courier-Prime.ttf
20:33:48.301 [JavaFX Application Thread] DEBUG FXGLApplication      - Registering font factories with UI factory
20:33:48.653 [FXGL Background Thread 2 ] INFO  UpdaterService       - Your current version:  dev-SNAPSHOT
20:33:48.653 [FXGL Background Thread 2 ] INFO  UpdaterService       - Latest stable version: 11.13
20:33:49.552 [JavaFX Application Thread] DEBUG LoopRunner           - Stopping loop
20:33:49.554 [JavaFX Application Thread] FATAL FXGLApplication      - Uncaught Exception:
java.lang.RuntimeException: A bound value cannot be set.
	at javafx.beans.property.DoublePropertyBase.set(DoublePropertyBase.java:144)
	at javafx.beans.property.DoubleProperty.setValue(DoubleProperty.java:72)
	at com.almasb.fxgl.entity.components.TransformComponent.setX(TransformComponent.kt:58)
	at com.almasb.fxgl.entity.components.TransformComponent.translateX(TransformComponent.kt:165)
	at com.almasb.fxgl.entity.Entity.translateX(Entity.java:761)
	at Game$4.onAction(Game.java:62)
	at com.almasb.fxgl.input.UserAction.action$fxgl_input(UserAction.kt:38)
	at com.almasb.fxgl.input.Input.update(Input.kt:271)
	at com.almasb.fxgl.scene.Scene.update(Scene.kt:102)
	at com.almasb.fxgl.app.MainWindow$update$1.invoke(MainWindow.kt:101)
	at com.almasb.fxgl.app.MainWindow$update$1.invoke(MainWindow.kt:41)
	at com.almasb.fxgl.core.fsm.StateMachine.runOnActiveStates(StateMachine.kt:69)
	at com.almasb.fxgl.app.MainWindow.update(MainWindow.kt:101)
	at com.almasb.fxgl.app.FXGLApplication$GameApplicationService.onUpdate(FXGLApplication.kt:457)
	at com.almasb.fxgl.app.Engine.loop(Engine.kt:133)
	at com.almasb.fxgl.app.Engine.access$loop(Engine.kt:24)
	at com.almasb.fxgl.app.Engine$loop$1.invoke(Engine.kt:28)
	at com.almasb.fxgl.app.Engine$loop$1.invoke(Engine.kt:24)
	at com.almasb.fxgl.app.LoopRunner.frame(LoopRunner.kt:100)
	at com.almasb.fxgl.app.LoopRunner.access$frame(LoopRunner.kt:23)
	at com.almasb.fxgl.app.LoopRunner$impl$2$1.onTick(LoopRunner.kt:57)
	at com.almasb.fxgl.app.AnimationTimerLoop$timer$1.handle(LoopRunner.kt:130)
	at javafx.animation.AnimationTimer$AnimationTimerReceiver.lambda$handle$0(AnimationTimer.java:57)
	at java.base/java.security.AccessController.doPrivileged(AccessController.java:391)
	at javafx.animation.AnimationTimer$AnimationTimerReceiver.handle(AnimationTimer.java:56)
	at com.sun.scenario.animation.AbstractMasterTimer.timePulseImpl(AbstractMasterTimer.java:357)
	at com.sun.scenario.animation.AbstractMasterTimer$MainLoop.run(AbstractMasterTimer.java:267)
	at com.sun.javafx.tk.quantum.QuantumToolkit.pulse(QuantumToolkit.java:559)
	at com.sun.javafx.tk.quantum.QuantumToolkit.pulse(QuantumToolkit.java:543)
	at com.sun.javafx.tk.quantum.QuantumToolkit.pulseFromQueue(QuantumToolkit.java:536)
	at com.sun.javafx.tk.quantum.QuantumToolkit.lambda$runToolkit$11(QuantumToolkit.java:342)
	at com.sun.glass.ui.InvokeLaterDispatcher$Future.run(InvokeLaterDispatcher.java:96)
	at com.sun.glass.ui.win.WinApplication._runLoop(Native Method)
	at com.sun.glass.ui.win.WinApplication.lambda$runLoop$3(WinApplication.java:174)
	at java.base/java.lang.Thread.run(Thread.java:832)

20:33:49.555 [JavaFX Application Thread] FATAL FXGLApplication      - Application will now exit
20:33:49.603 [JavaFX Application Thread] DEBUG PrimaryStageWindow   - Push state: ErrorSubScene
20:33:49.603 [JavaFX Application Thread] DEBUG Input                - Clearing active input actions
20:33:49.615 [JavaFX Application Thread] DEBUG GameApplicationServi - Removing overlay from GameScene and adding to ErrorSubScene
20:33:49.616 [JavaFX Application Thread] DEBUG PrimaryStageWindow   - GameScene -> ErrorSubScene
20:33:50.614 [FXGL Background Thread 3 ] DEBUG Engine               - Logging environment variables
20:33:50.615 [FXGL Background Thread 3 ] DEBUG Engine               - achievements: []
20:33:50.615 [FXGL Background Thread 3 ] DEBUG Engine               - actualHeight: 600.0
20:33:50.615 [FXGL Background Thread 3 ] DEBUG Engine               - actualHeightProperty: ReadOnlyDoubleProperty [value: 600.0]
20:33:50.615 [FXGL Background Thread 3 ] DEBUG Engine               - actualWidth: 1000.0
20:33:50.615 [FXGL Background Thread 3 ] DEBUG Engine               - actualWidthProperty: ReadOnlyDoubleProperty [value: 1000.0]
20:33:50.615 [FXGL Background Thread 3 ] DEBUG Engine               - appIcon: fxgl_icon.png
20:33:50.615 [FXGL Background Thread 3 ] DEBUG Engine               - applicationMode: DEVELOPER
20:33:50.616 [FXGL Background Thread 3 ] DEBUG Engine               - cSSList: [fxgl_dark.css]
20:33:50.616 [FXGL Background Thread 3 ] DEBUG Engine               - collisionDetectionStrategy: BRUTE_FORCE
20:33:50.616 [FXGL Background Thread 3 ] DEBUG Engine               - configClass: Optional.empty
20:33:50.616 [FXGL Background Thread 3 ] DEBUG Engine               - credits: []
20:33:50.616 [FXGL Background Thread 3 ] DEBUG Engine               - devBBoxColorProperty: ObjectProperty [value: 0xff0000ff]
20:33:50.616 [FXGL Background Thread 3 ] DEBUG Engine               - devEnableDebugCameraProperty: BooleanProperty [value: false]
20:33:50.616 [FXGL Background Thread 3 ] DEBUG Engine               - devSensorColorProperty: ObjectProperty [value: 0xffff00ff]
20:33:50.617 [FXGL Background Thread 3 ] DEBUG Engine               - devShowBBoxProperty: BooleanProperty [value: false]
20:33:50.617 [FXGL Background Thread 3 ] DEBUG Engine               - devShowPositionProperty: BooleanProperty [value: false]
20:33:50.617 [FXGL Background Thread 3 ] DEBUG Engine               - enabledMenuItems: []
20:33:50.617 [FXGL Background Thread 3 ] DEBUG Engine               - engineServices: [class com.almasb.fxgl.app.services.FXGLAssetLoaderService, class com.almasb.fxgl.app.FXGLApplication$GameApplicationService, class com.almasb.fxgl.app.services.FXGLDialogService, class com.almasb.fxgl.app.services.IOTaskExecutorService, class com.almasb.fxgl.event.EventBusService, class com.almasb.fxgl.io.FileSystemService, class com.almasb.fxgl.localization.LocalizationService, class com.almasb.fxgl.app.services.SystemBundleService, class com.almasb.fxgl.profile.SaveLoadService, class com.almasb.fxgl.ui.FXGLUIFactoryServiceProvider, class com.almasb.fxgl.ui.FXGLDialogFactoryServiceProvider, class com.almasb.fxgl.audio.AudioPlayer, class com.almasb.fxgl.notification.impl.NotificationServiceProvider, class com.almasb.fxgl.achievement.AchievementService, class com.almasb.fxgl.cutscene.CutsceneService, class com.almasb.fxgl.minigames.MiniGameService, class com.almasb.fxgl.net.NetService, class com.almasb.fxgl.app.services.UpdaterService, class com.almasb.fxgl.dev.DevService]
20:33:50.617 [FXGL Background Thread 3 ] DEBUG Engine               - fontGame: Abel-Regular.ttf
20:33:50.617 [FXGL Background Thread 3 ] DEBUG Engine               - fontMono: lucida_console.ttf
20:33:50.617 [FXGL Background Thread 3 ] DEBUG Engine               - fontText: Courier-Prime.ttf
20:33:50.617 [FXGL Background Thread 3 ] DEBUG Engine               - fontUI: VarelaRound-Regular.ttf
20:33:50.617 [FXGL Background Thread 3 ] DEBUG Engine               - fullScreen: BooleanProperty [value: false]
20:33:50.618 [FXGL Background Thread 3 ] DEBUG Engine               - gameDifficulty: MEDIUM
20:33:50.618 [FXGL Background Thread 3 ] DEBUG Engine               - gameDifficultyProperty: ObjectProperty [value: MEDIUM]
20:33:50.618 [FXGL Background Thread 3 ] DEBUG Engine               - globalMusicVolume: 0.5
20:33:50.618 [FXGL Background Thread 3 ] DEBUG Engine               - globalMusicVolumeProperty: DoubleProperty [value: 0.5]
20:33:50.618 [FXGL Background Thread 3 ] DEBUG Engine               - globalSoundVolume: 0.5
20:33:50.618 [FXGL Background Thread 3 ] DEBUG Engine               - globalSoundVolumeProperty: DoubleProperty [value: 0.5]
20:33:50.618 [FXGL Background Thread 3 ] DEBUG Engine               - height: 600
20:33:50.618 [FXGL Background Thread 3 ] DEBUG Engine               - isAndroid: false
20:33:50.619 [FXGL Background Thread 3 ] DEBUG Engine               - isBrowser: false
20:33:50.619 [FXGL Background Thread 3 ] DEBUG Engine               - isClickFeedbackEnabled: false
20:33:50.619 [FXGL Background Thread 3 ] DEBUG Engine               - isCloseConfirmation: false
20:33:50.619 [FXGL Background Thread 3 ] DEBUG Engine               - isDesktop: true
20:33:50.619 [FXGL Background Thread 3 ] DEBUG Engine               - isDeveloperMenuEnabled: false
20:33:50.619 [FXGL Background Thread 3 ] DEBUG Engine               - isEntityPreloadEnabled: true
20:33:50.619 [FXGL Background Thread 3 ] DEBUG Engine               - isExperimental3D: false
20:33:50.619 [FXGL Background Thread 3 ] DEBUG Engine               - isExperimentalNative: false
20:33:50.619 [FXGL Background Thread 3 ] DEBUG Engine               - isExperimentalTiledLargeMap: false
20:33:50.619 [FXGL Background Thread 3 ] DEBUG Engine               - isFileSystemWriteAllowed: true
20:33:50.620 [FXGL Background Thread 3 ] DEBUG Engine               - isFullScreenAllowed: false
20:33:50.620 [FXGL Background Thread 3 ] DEBUG Engine               - isFullScreenFromStart: false
20:33:50.620 [FXGL Background Thread 3 ] DEBUG Engine               - isGameMenuEnabled: true
20:33:50.620 [FXGL Background Thread 3 ] DEBUG Engine               - isIOS: false
20:33:50.620 [FXGL Background Thread 3 ] DEBUG Engine               - isIntroEnabled: false
20:33:50.620 [FXGL Background Thread 3 ] DEBUG Engine               - isLinux: false
20:33:50.620 [FXGL Background Thread 3 ] DEBUG Engine               - isMac: false
20:33:50.621 [FXGL Background Thread 3 ] DEBUG Engine               - isMainMenuEnabled: false
20:33:50.621 [FXGL Background Thread 3 ] DEBUG Engine               - isManualResizeEnabled: false
20:33:50.621 [FXGL Background Thread 3 ] DEBUG Engine               - isMobile: false
20:33:50.621 [FXGL Background Thread 3 ] DEBUG Engine               - isPreserveResizeRatio: false
20:33:50.621 [FXGL Background Thread 3 ] DEBUG Engine               - isProfilingEnabled: false
20:33:50.621 [FXGL Background Thread 3 ] DEBUG Engine               - isScaleAffectedOnResize: true
20:33:50.621 [FXGL Background Thread 3 ] DEBUG Engine               - isSingleStep: false
20:33:50.621 [FXGL Background Thread 3 ] DEBUG Engine               - isUserProfileEnabled: false
20:33:50.621 [FXGL Background Thread 3 ] DEBUG Engine               - isWindows: true
20:33:50.621 [FXGL Background Thread 3 ] DEBUG Engine               - language: ObjectProperty [value: ENGLISH]
20:33:50.621 [FXGL Background Thread 3 ] DEBUG Engine               - menuKey: ESCAPE
20:33:50.622 [FXGL Background Thread 3 ] DEBUG Engine               - notificationViewClass: class com.almasb.fxgl.notification.view.XboxNotificationView
20:33:50.622 [FXGL Background Thread 3 ] DEBUG Engine               - pixelsPerMeter: 50.0
20:33:50.622 [FXGL Background Thread 3 ] DEBUG Engine               - platform: WINDOWS
20:33:50.622 [FXGL Background Thread 3 ] DEBUG Engine               - prefHeightProperty: ReadOnlyDoubleProperty [value: 600.0]
20:33:50.622 [FXGL Background Thread 3 ] DEBUG Engine               - prefWidthProperty: ReadOnlyDoubleProperty [value: 1000.0]
20:33:50.622 [FXGL Background Thread 3 ] DEBUG Engine               - profileDir: profiles/
20:33:50.622 [FXGL Background Thread 3 ] DEBUG Engine               - profileName: StringProperty [value: DEFAULT]
20:33:50.622 [FXGL Background Thread 3 ] DEBUG Engine               - randomSeed: -1
20:33:50.622 [FXGL Background Thread 3 ] DEBUG Engine               - runtimeInfo: RuntimeInfo(platform=WINDOWS, version=dev-SNAPSHOT, build=21.02.2021 13.59)
20:33:50.623 [FXGL Background Thread 3 ] DEBUG Engine               - saveFileExt: sav
20:33:50.623 [FXGL Background Thread 3 ] DEBUG Engine               - scaledHeightProp$fxgl: DoubleProperty [bound, value: 600.0]
20:33:50.623 [FXGL Background Thread 3 ] DEBUG Engine               - scaledWidthProp$fxgl: DoubleProperty [bound, value: 1000.0]
20:33:50.623 [FXGL Background Thread 3 ] DEBUG Engine               - sceneFactory: com.almasb.fxgl.app.scene.SceneFactory@2a865f88
20:33:50.623 [FXGL Background Thread 3 ] DEBUG Engine               - secondsIn24h: 60
20:33:50.623 [FXGL Background Thread 3 ] DEBUG Engine               - soundMenuBack: menu/back.wav
20:33:50.623 [FXGL Background Thread 3 ] DEBUG Engine               - soundMenuPress: menu/press.wav
20:33:50.623 [FXGL Background Thread 3 ] DEBUG Engine               - soundMenuSelect: menu/select.wav
20:33:50.623 [FXGL Background Thread 3 ] DEBUG Engine               - soundNotification: core/notification.wav
20:33:50.623 [FXGL Background Thread 3 ] DEBUG Engine               - stageStyle: DECORATED
20:33:50.623 [FXGL Background Thread 3 ] DEBUG Engine               - supportedLanguages: [ENGLISH, FRENCH, GERMAN, HUNGARIAN, RUSSIAN]
20:33:50.624 [FXGL Background Thread 3 ] DEBUG Engine               - ticksPerSecond: -1
20:33:50.624 [FXGL Background Thread 3 ] DEBUG Engine               - title: test
20:33:50.624 [FXGL Background Thread 3 ] DEBUG Engine               - urlGithub: https://github.com/AlmasB/FXGL
20:33:50.624 [FXGL Background Thread 3 ] DEBUG Engine               - urlLeaderboard: http://fxgl-top.herokuapp.com/
20:33:50.624 [FXGL Background Thread 3 ] DEBUG Engine               - urlPOM: https://raw.githubusercontent.com/AlmasB/FXGL/master/README.md
20:33:50.624 [FXGL Background Thread 3 ] DEBUG Engine               - userAppClass: class Game
20:33:50.624 [FXGL Background Thread 3 ] DEBUG Engine               - version: 1.0
20:33:50.624 [FXGL Background Thread 3 ] DEBUG Engine               - versionCheckDays: 7
20:33:50.624 [FXGL Background Thread 3 ] DEBUG Engine               - width: 1000
20:33:50.624 [FXGL Background Thread 3 ] DEBUG Engine               - Logging services
20:33:50.625 [FXGL Background Thread 3 ] DEBUG Engine               - class com.almasb.fxgl.app.services.FXGLAssetLoaderService
20:33:50.625 [FXGL Background Thread 3 ] DEBUG Engine               - class com.almasb.fxgl.app.FXGLApplication$GameApplicationService
20:33:50.625 [FXGL Background Thread 3 ] DEBUG Engine               - class com.almasb.fxgl.app.services.FXGLDialogService
20:33:50.625 [FXGL Background Thread 3 ] DEBUG Engine               - class com.almasb.fxgl.app.services.IOTaskExecutorService
20:33:50.625 [FXGL Background Thread 3 ] DEBUG Engine               - class com.almasb.fxgl.event.EventBusService
20:33:50.625 [FXGL Background Thread 3 ] DEBUG Engine               - class com.almasb.fxgl.io.FileSystemService
20:33:50.625 [FXGL Background Thread 3 ] DEBUG Engine               - class com.almasb.fxgl.localization.LocalizationService
20:33:50.625 [FXGL Background Thread 3 ] DEBUG Engine               - class com.almasb.fxgl.app.services.SystemBundleService
20:33:50.625 [FXGL Background Thread 3 ] DEBUG Engine               - class com.almasb.fxgl.profile.SaveLoadService
20:33:50.625 [FXGL Background Thread 3 ] DEBUG Engine               - class com.almasb.fxgl.ui.FXGLUIFactoryServiceProvider
20:33:50.625 [FXGL Background Thread 3 ] DEBUG Engine               - class com.almasb.fxgl.ui.FXGLDialogFactoryServiceProvider
20:33:50.625 [FXGL Background Thread 3 ] DEBUG Engine               - class com.almasb.fxgl.audio.AudioPlayer
20:33:50.626 [FXGL Background Thread 3 ] DEBUG Engine               - class com.almasb.fxgl.notification.impl.NotificationServiceProvider
20:33:50.626 [FXGL Background Thread 3 ] DEBUG Engine               - class com.almasb.fxgl.achievement.AchievementService
20:33:50.626 [FXGL Background Thread 3 ] DEBUG Engine               - class com.almasb.fxgl.cutscene.CutsceneService
20:33:50.626 [FXGL Background Thread 3 ] DEBUG Engine               - class com.almasb.fxgl.minigames.MiniGameService
20:33:50.626 [FXGL Background Thread 3 ] DEBUG Engine               - class com.almasb.fxgl.net.NetService
20:33:50.626 [FXGL Background Thread 3 ] DEBUG Engine               - class com.almasb.fxgl.app.services.UpdaterService
20:33:50.626 [FXGL Background Thread 3 ] DEBUG Engine               - class com.almasb.fxgl.dev.DevService
20:33:57.430 [JavaFX Application Thread] DEBUG FXGLApplication      - Exiting FXGL
20:33:57.430 [JavaFX Application Thread] DEBUG Async                - Shutting down background threads
20:33:57.431 [JavaFX Application Thread] DEBUG PrimaryStageWindow   - Closing main window
20:33:57.448 [JavaFX Application Thread] DEBUG Logger               - Closing Logger
