17:43:25.268 [main                     ] DEBUG Logger               - Configured Logger
17:43:25.273 [main                     ] DEBUG GameApplication      - Logging settings
Title: Untitled
Version: 0.0
Width: 800
Height: 600
Fullscreen: false
Intro: false
Profiling: false
Single step:false
App Mode: DEVELOPER
Menu Key: ESCAPE
Stage Style: DECORATED
Scene Factory: class com.almasb.fxgl.app.scene.SceneFactory

17:43:25.596 [JavaFX Application Thread] DEBUG FXGLApplication      - Initializing FXGL
17:43:25.599 [JavaFX Application Thread] INFO  Engine               - FXGL-dev-SNAPSHOT (21.02.2021 13.59) on WINDOWS (J:14.0.2 FX:14.0.2.1)
17:43:25.599 [JavaFX Application Thread] DEBUG Engine               - JRE Vendor Name: Oracle Corporation
17:43:25.599 [JavaFX Application Thread] DEBUG Engine               - Running on OS: Windows 10 version 10.0
17:43:25.599 [JavaFX Application Thread] DEBUG Engine               - Architecture: amd64
17:43:25.599 [JavaFX Application Thread] INFO  Engine               - Source code and latest versions at: https://github.com/AlmasB/FXGL
17:43:25.599 [JavaFX Application Thread] INFO  Engine               -              Join the FXGL chat at: https://gitter.im/AlmasB/FXGL
17:43:25.897 [JavaFX Application Thread] DEBUG PrimaryStageWindow   - Creating a JavaFX scene
17:43:26.003 [JavaFX Application Thread] DEBUG PrimaryStageWindow   - Target settings size: 800.0 x 600.0
17:43:26.003 [JavaFX Application Thread] DEBUG PrimaryStageWindow   - Scaled scene size:    800.0 x 600.0
17:43:26.003 [JavaFX Application Thread] DEBUG PrimaryStageWindow   - Scaled ratio: (1.0, 1.0)
17:43:26.004 [JavaFX Application Thread] DEBUG PrimaryStageWindow   - Set initial scene to FXGLStartupScene
17:43:26.013 [JavaFX Application Thread] DEBUG PrimaryStageWindow   - Opening main window
17:43:26.111 [JavaFX Application Thread] DEBUG PrimaryStageWindow   - Window border size: (16.0, 39.0)
17:43:26.111 [JavaFX Application Thread] DEBUG PrimaryStageWindow   - Scaled size: 800.0 x 600.0
17:43:26.111 [JavaFX Application Thread] DEBUG PrimaryStageWindow   - Scaled ratio: (1.0, 1.0)
17:43:26.111 [JavaFX Application Thread] DEBUG PrimaryStageWindow   - Scene size: 800.0 x 600.0
17:43:26.111 [JavaFX Application Thread] DEBUG PrimaryStageWindow   - Stage size: 816.0 x 639.0
17:43:26.117 [FXGL Background Thread 1 ] DEBUG Engine               - Initializing environment variables
17:43:26.149 [FXGL Background Thread 1 ] DEBUG FXGLAssetLoaderServi - User app class for loading assets: class DropApp1
17:43:26.149 [FXGL Background Thread 1 ] DEBUG GameApplicationServi - Applying CSS: fxgl_dark.css
17:43:26.150 [FXGL Background Thread 1 ] DEBUG FXGLAssetLoaderServi - Loading from file system: jar:file:/C:/Users/rcortez/.m2/repository/com/github/almasb/fxgl/dev-SNAPSHOT/fxgl-dev-20210221.140046-1674.jar!/fxglassets/ui/css/fxgl_dark.css
17:43:26.185 [FXGL Background Thread 1 ] DEBUG GameApplicationServi - Initializing application scenes
17:43:26.228 [FXGL Background Thread 1 ] DEBUG GameWorld            - Game world initialized
17:43:26.275 [FXGL Background Thread 1 ] DEBUG PhysicsWorld         - Physics world initialized: appHeight=600, physics.ppm=50.0
17:43:26.275 [FXGL Background Thread 1 ] DEBUG PhysicsWorld         - Using strategy: BRUTE_FORCE
17:43:26.278 [FXGL Background Thread 1 ] DEBUG GameScene            - Game scene initialized: 800x600
17:43:26.311 [FXGL Background Thread 1 ] DEBUG FXGLAssetLoaderServi - Loading from file system: jar:file:/C:/Users/rcortez/.m2/repository/com/github/almasb/fxgl/dev-SNAPSHOT/fxgl-dev-20210221.140046-1674.jar!/fxglassets/textures/particles/trace_horizontal.png
17:43:26.356 [FXGL Background Thread 1 ] DEBUG FXGL.DefaultMenu     - createMenuBodyGameMenu()
17:43:26.373 [FXGL Background Thread 1 ] DEBUG FXGL.DefaultMenu     - createOptionsMenu()
17:43:26.378 [FXGL Background Thread 1 ] DEBUG FXGLAssetLoaderServi - Loading from file system: jar:file:/C:/Users/rcortez/.m2/repository/com/github/almasb/fxgl/dev-SNAPSHOT/fxgl-dev-20210221.140046-1674.jar!/fxglassets/textures/particles/smoke.png
17:43:26.429 [FXGL Background Thread 1 ] DEBUG GameApplicationServi - Application scenes initialized
17:43:26.442 [FXGL Background Thread 1 ] DEBUG SystemBundleService  - Loading default FXGL system data
17:43:26.443 [FXGL Background Thread 1 ] DEBUG UpdaterService       - Checking for updates
17:43:26.447 [FXGL Background Thread 4 ] DEBUG FXGLApplication      - Loading fonts
17:43:26.447 [FXGL Background Thread 1 ] DEBUG FXGLApplication      - Loading default localization
17:43:26.448 [FXGL Background Thread 4 ] DEBUG FXGLAssetLoaderServi - Loading from file system: jar:file:/C:/Users/rcortez/.m2/repository/com/github/almasb/fxgl/dev-SNAPSHOT/fxgl-dev-20210221.140046-1674.jar!/fxglassets/ui/fonts/VarelaRound-Regular.ttf
17:43:26.448 [FXGL Background Thread 1 ] DEBUG FXGLAssetLoaderServi - Loading from file system: jar:file:/C:/Users/rcortez/.m2/repository/com/github/almasb/fxgl/dev-SNAPSHOT/fxgl-dev-20210221.140046-1674.jar!/fxglassets/languages/english.lang
17:43:26.462 [FXGL Background Thread 1 ] INFO  FXGLApplication      - FXGL initialization took: 0.345 sec
17:43:26.463 [JavaFX Application Thread] DEBUG FXGLAssetLoaderServi - Loading from file system: jar:file:/C:/Users/rcortez/.m2/repository/com/github/almasb/fxgl/dev-SNAPSHOT/fxgl-dev-20210221.140046-1674.jar!/fxglassets/textures/fxgl_icon.png
17:43:26.485 [JavaFX Application Thread] DEBUG FXGLAssetLoaderServi - Loading from file system: jar:file:/C:/Users/rcortez/.m2/repository/com/github/almasb/fxgl/dev-SNAPSHOT/fxgl-dev-20210221.140046-1674.jar!/fxglassets/ui/cursors/fxgl_default.png
17:43:26.494 [JavaFX Application Thread] DEBUG Input                - Registered new binding: Screenshot - P
17:43:26.494 [JavaFX Application Thread] DEBUG Input                - Registered new binding: System info dump - CTRL+9
17:43:26.494 [JavaFX Application Thread] DEBUG Input                - Registered new binding: Restart - CTRL+R
17:43:26.495 [JavaFX Application Thread] DEBUG Input                - Registered new binding: Toggle Debug Camera - CTRL+C
17:43:26.497 [JavaFX Application Thread] DEBUG LoopRunner           - Starting loop
17:43:26.497 [JavaFX Application Thread] DEBUG LoopRunner           - Initializing JavaFX AnimationTimerLoop
17:43:26.499 [JavaFX Application Thread] DEBUG GameApplicationServi - Starting new game
17:43:26.500 [JavaFX Application Thread] DEBUG Input                - Clearing active input actions
17:43:26.509 [JavaFX Application Thread] DEBUG GameApplicationServi - Removing overlay from FXGLStartupScene and adding to FXGLLoadingScene
17:43:26.510 [JavaFX Application Thread] DEBUG PrimaryStageWindow   - FXGLStartupScene -> FXGLLoadingScene
17:43:26.510 [JavaFX Application Thread] DEBUG GameApplicationServi - Clearing previous game
17:43:26.510 [JavaFX Application Thread] DEBUG GameScene            - Clearing game scene
17:43:26.510 [JavaFX Application Thread] DEBUG GameWorld            - Clearing game world
17:43:26.510 [JavaFX Application Thread] DEBUG PhysicsWorld         - Clearing physics world
17:43:26.511 [FXGL Background Thread 1 ] DEBUG FXGLApplication      - Initializing game
17:43:26.512 [FXGL Background Thread 1 ] INFO  FXGLApplication      - Game initialization took: 0.001 sec
17:43:26.515 [FXGL Background Thread 4 ] DEBUG FXGLAssetLoaderServi - Loading from file system: jar:file:/C:/Users/rcortez/.m2/repository/com/github/almasb/fxgl/dev-SNAPSHOT/fxgl-dev-20210221.140046-1674.jar!/fxglassets/ui/fonts/Abel-Regular.ttf
17:43:26.518 [FXGL Background Thread 4 ] DEBUG FXGLAssetLoaderServi - Loading from file system: jar:file:/C:/Users/rcortez/.m2/repository/com/github/almasb/fxgl/dev-SNAPSHOT/fxgl-dev-20210221.140046-1674.jar!/fxglassets/ui/fonts/lucida_console.ttf
17:43:26.522 [FXGL Background Thread 4 ] DEBUG FXGLAssetLoaderServi - Loading from file system: jar:file:/C:/Users/rcortez/.m2/repository/com/github/almasb/fxgl/dev-SNAPSHOT/fxgl-dev-20210221.140046-1674.jar!/fxglassets/ui/fonts/Courier-Prime.ttf
17:43:26.551 [JavaFX Application Thread] DEBUG Input                - Clearing active input actions
17:43:26.557 [JavaFX Application Thread] DEBUG GameApplicationServi - Removing overlay from FXGLLoadingScene and adding to GameScene
17:43:26.557 [JavaFX Application Thread] DEBUG PrimaryStageWindow   - FXGLLoadingScene -> GameScene
17:43:26.557 [JavaFX Application Thread] DEBUG FXGLApplication      - Registering font factories with UI factory
17:43:26.901 [FXGL Background Thread 2 ] INFO  UpdaterService       - Your current version:  dev-SNAPSHOT
17:43:26.902 [FXGL Background Thread 2 ] INFO  UpdaterService       - Latest stable version: 11.13
17:43:29.447 [FXGL Background Thread 3 ] DEBUG Engine               - Logging environment variables
17:43:29.447 [FXGL Background Thread 3 ] DEBUG Engine               - achievements: []
17:43:29.447 [FXGL Background Thread 3 ] DEBUG Engine               - actualHeight: 600.0
17:43:29.448 [FXGL Background Thread 3 ] DEBUG Engine               - actualHeightProperty: ReadOnlyDoubleProperty [value: 600.0]
17:43:29.448 [FXGL Background Thread 3 ] DEBUG Engine               - actualWidth: 800.0
17:43:29.448 [FXGL Background Thread 3 ] DEBUG Engine               - actualWidthProperty: ReadOnlyDoubleProperty [value: 800.0]
17:43:29.448 [FXGL Background Thread 3 ] DEBUG Engine               - appIcon: fxgl_icon.png
17:43:29.448 [FXGL Background Thread 3 ] DEBUG Engine               - applicationMode: DEVELOPER
17:43:29.448 [FXGL Background Thread 3 ] DEBUG Engine               - cSSList: [fxgl_dark.css]
17:43:29.448 [FXGL Background Thread 3 ] DEBUG Engine               - collisionDetectionStrategy: BRUTE_FORCE
17:43:29.448 [FXGL Background Thread 3 ] DEBUG Engine               - configClass: Optional.empty
17:43:29.448 [FXGL Background Thread 3 ] DEBUG Engine               - credits: []
17:43:29.448 [FXGL Background Thread 3 ] DEBUG Engine               - devBBoxColorProperty: ObjectProperty [value: 0xff0000ff]
17:43:29.448 [FXGL Background Thread 3 ] DEBUG Engine               - devEnableDebugCameraProperty: BooleanProperty [value: false]
17:43:29.448 [FXGL Background Thread 3 ] DEBUG Engine               - devSensorColorProperty: ObjectProperty [value: 0xffff00ff]
17:43:29.448 [FXGL Background Thread 3 ] DEBUG Engine               - devShowBBoxProperty: BooleanProperty [value: false]
17:43:29.448 [FXGL Background Thread 3 ] DEBUG Engine               - devShowPositionProperty: BooleanProperty [value: false]
17:43:29.448 [FXGL Background Thread 3 ] DEBUG Engine               - enabledMenuItems: []
17:43:29.448 [FXGL Background Thread 3 ] DEBUG Engine               - engineServices: [class com.almasb.fxgl.app.services.FXGLAssetLoaderService, class com.almasb.fxgl.app.FXGLApplication$GameApplicationService, class com.almasb.fxgl.app.services.FXGLDialogService, class com.almasb.fxgl.app.services.IOTaskExecutorService, class com.almasb.fxgl.event.EventBusService, class com.almasb.fxgl.io.FileSystemService, class com.almasb.fxgl.localization.LocalizationService, class com.almasb.fxgl.app.services.SystemBundleService, class com.almasb.fxgl.profile.SaveLoadService, class com.almasb.fxgl.ui.FXGLUIFactoryServiceProvider, class com.almasb.fxgl.ui.FXGLDialogFactoryServiceProvider, class com.almasb.fxgl.audio.AudioPlayer, class com.almasb.fxgl.notification.impl.NotificationServiceProvider, class com.almasb.fxgl.achievement.AchievementService, class com.almasb.fxgl.cutscene.CutsceneService, class com.almasb.fxgl.minigames.MiniGameService, class com.almasb.fxgl.net.NetService, class com.almasb.fxgl.app.services.UpdaterService, class com.almasb.fxgl.dev.DevService]
17:43:29.448 [FXGL Background Thread 3 ] DEBUG Engine               - fontGame: Abel-Regular.ttf
17:43:29.448 [FXGL Background Thread 3 ] DEBUG Engine               - fontMono: lucida_console.ttf
17:43:29.448 [FXGL Background Thread 3 ] DEBUG Engine               - fontText: Courier-Prime.ttf
17:43:29.448 [FXGL Background Thread 3 ] DEBUG Engine               - fontUI: VarelaRound-Regular.ttf
17:43:29.449 [FXGL Background Thread 3 ] DEBUG Engine               - fullScreen: BooleanProperty [value: false]
17:43:29.449 [FXGL Background Thread 3 ] DEBUG Engine               - gameDifficulty: MEDIUM
17:43:29.449 [FXGL Background Thread 3 ] DEBUG Engine               - gameDifficultyProperty: ObjectProperty [value: MEDIUM]
17:43:29.449 [FXGL Background Thread 3 ] DEBUG Engine               - globalMusicVolume: 0.5
17:43:29.449 [FXGL Background Thread 3 ] DEBUG Engine               - globalMusicVolumeProperty: DoubleProperty [value: 0.5]
17:43:29.449 [FXGL Background Thread 3 ] DEBUG Engine               - globalSoundVolume: 0.5
17:43:29.449 [FXGL Background Thread 3 ] DEBUG Engine               - globalSoundVolumeProperty: DoubleProperty [value: 0.5]
17:43:29.449 [FXGL Background Thread 3 ] DEBUG Engine               - height: 600
17:43:29.449 [FXGL Background Thread 3 ] DEBUG Engine               - isAndroid: false
17:43:29.449 [FXGL Background Thread 3 ] DEBUG Engine               - isBrowser: false
17:43:29.449 [FXGL Background Thread 3 ] DEBUG Engine               - isClickFeedbackEnabled: false
17:43:29.449 [FXGL Background Thread 3 ] DEBUG Engine               - isCloseConfirmation: false
17:43:29.451 [FXGL Background Thread 3 ] DEBUG Engine               - isDesktop: true
17:43:29.451 [FXGL Background Thread 3 ] DEBUG Engine               - isDeveloperMenuEnabled: false
17:43:29.451 [FXGL Background Thread 3 ] DEBUG Engine               - isEntityPreloadEnabled: true
17:43:29.451 [FXGL Background Thread 3 ] DEBUG Engine               - isExperimental3D: false
17:43:29.451 [FXGL Background Thread 3 ] DEBUG Engine               - isExperimentalNative: false
17:43:29.451 [FXGL Background Thread 3 ] DEBUG Engine               - isExperimentalTiledLargeMap: false
17:43:29.451 [FXGL Background Thread 3 ] DEBUG Engine               - isFileSystemWriteAllowed: true
17:43:29.451 [FXGL Background Thread 3 ] DEBUG Engine               - isFullScreenAllowed: false
17:43:29.451 [FXGL Background Thread 3 ] DEBUG Engine               - isFullScreenFromStart: false
17:43:29.451 [FXGL Background Thread 3 ] DEBUG Engine               - isGameMenuEnabled: true
17:43:29.451 [FXGL Background Thread 3 ] DEBUG Engine               - isIOS: false
17:43:29.451 [FXGL Background Thread 3 ] DEBUG Engine               - isIntroEnabled: false
17:43:29.451 [FXGL Background Thread 3 ] DEBUG Engine               - isLinux: false
17:43:29.451 [FXGL Background Thread 3 ] DEBUG Engine               - isMac: false
17:43:29.452 [FXGL Background Thread 3 ] DEBUG Engine               - isMainMenuEnabled: false
17:43:29.452 [FXGL Background Thread 3 ] DEBUG Engine               - isManualResizeEnabled: false
17:43:29.452 [FXGL Background Thread 3 ] DEBUG Engine               - isMobile: false
17:43:29.452 [FXGL Background Thread 3 ] DEBUG Engine               - isPreserveResizeRatio: false
17:43:29.452 [FXGL Background Thread 3 ] DEBUG Engine               - isProfilingEnabled: false
17:43:29.452 [FXGL Background Thread 3 ] DEBUG Engine               - isScaleAffectedOnResize: true
17:43:29.452 [FXGL Background Thread 3 ] DEBUG Engine               - isSingleStep: false
17:43:29.452 [FXGL Background Thread 3 ] DEBUG Engine               - isUserProfileEnabled: false
17:43:29.452 [FXGL Background Thread 3 ] DEBUG Engine               - isWindows: true
17:43:29.452 [FXGL Background Thread 3 ] DEBUG Engine               - language: ObjectProperty [value: ENGLISH]
17:43:29.452 [FXGL Background Thread 3 ] DEBUG Engine               - menuKey: ESCAPE
17:43:29.452 [FXGL Background Thread 3 ] DEBUG Engine               - notificationViewClass: class com.almasb.fxgl.notification.view.XboxNotificationView
17:43:29.452 [FXGL Background Thread 3 ] DEBUG Engine               - pixelsPerMeter: 50.0
17:43:29.452 [FXGL Background Thread 3 ] DEBUG Engine               - platform: WINDOWS
17:43:29.452 [FXGL Background Thread 3 ] DEBUG Engine               - prefHeightProperty: ReadOnlyDoubleProperty [value: 600.0]
17:43:29.453 [FXGL Background Thread 3 ] DEBUG Engine               - prefWidthProperty: ReadOnlyDoubleProperty [value: 800.0]
17:43:29.453 [FXGL Background Thread 3 ] DEBUG Engine               - profileDir: profiles/
17:43:29.453 [FXGL Background Thread 3 ] DEBUG Engine               - profileName: StringProperty [value: DEFAULT]
17:43:29.453 [FXGL Background Thread 3 ] DEBUG Engine               - randomSeed: -1
17:43:29.453 [FXGL Background Thread 3 ] DEBUG Engine               - runtimeInfo: RuntimeInfo(platform=WINDOWS, version=dev-SNAPSHOT, build=21.02.2021 13.59)
17:43:29.453 [FXGL Background Thread 3 ] DEBUG Engine               - saveFileExt: sav
17:43:29.453 [FXGL Background Thread 3 ] DEBUG Engine               - scaledHeightProp$fxgl: DoubleProperty [bound, value: 600.0]
17:43:29.453 [FXGL Background Thread 3 ] DEBUG Engine               - scaledWidthProp$fxgl: DoubleProperty [bound, value: 800.0]
17:43:29.453 [FXGL Background Thread 3 ] DEBUG Engine               - sceneFactory: com.almasb.fxgl.app.scene.SceneFactory@457224fa
17:43:29.453 [FXGL Background Thread 3 ] DEBUG Engine               - secondsIn24h: 60
17:43:29.453 [FXGL Background Thread 3 ] DEBUG Engine               - soundMenuBack: menu/back.wav
17:43:29.453 [FXGL Background Thread 3 ] DEBUG Engine               - soundMenuPress: menu/press.wav
17:43:29.453 [FXGL Background Thread 3 ] DEBUG Engine               - soundMenuSelect: menu/select.wav
17:43:29.453 [FXGL Background Thread 3 ] DEBUG Engine               - soundNotification: core/notification.wav
17:43:29.453 [FXGL Background Thread 3 ] DEBUG Engine               - stageStyle: DECORATED
17:43:29.453 [FXGL Background Thread 3 ] DEBUG Engine               - supportedLanguages: [ENGLISH, FRENCH, GERMAN, HUNGARIAN, RUSSIAN]
17:43:29.453 [FXGL Background Thread 3 ] DEBUG Engine               - ticksPerSecond: -1
17:43:29.453 [FXGL Background Thread 3 ] DEBUG Engine               - title: Untitled
17:43:29.453 [FXGL Background Thread 3 ] DEBUG Engine               - urlGithub: https://github.com/AlmasB/FXGL
17:43:29.453 [FXGL Background Thread 3 ] DEBUG Engine               - urlLeaderboard: http://fxgl-top.herokuapp.com/
17:43:29.453 [FXGL Background Thread 3 ] DEBUG Engine               - urlPOM: https://raw.githubusercontent.com/AlmasB/FXGL/master/README.md
17:43:29.453 [FXGL Background Thread 3 ] DEBUG Engine               - userAppClass: class DropApp1
17:43:29.453 [FXGL Background Thread 3 ] DEBUG Engine               - version: 0.0
17:43:29.453 [FXGL Background Thread 3 ] DEBUG Engine               - versionCheckDays: 7
17:43:29.453 [FXGL Background Thread 3 ] DEBUG Engine               - width: 800
17:43:29.453 [FXGL Background Thread 3 ] DEBUG Engine               - Logging services
17:43:29.453 [FXGL Background Thread 3 ] DEBUG Engine               - class com.almasb.fxgl.app.services.FXGLAssetLoaderService
17:43:29.453 [FXGL Background Thread 3 ] DEBUG Engine               - class com.almasb.fxgl.app.FXGLApplication$GameApplicationService
17:43:29.453 [FXGL Background Thread 3 ] DEBUG Engine               - class com.almasb.fxgl.app.services.FXGLDialogService
17:43:29.453 [FXGL Background Thread 3 ] DEBUG Engine               - class com.almasb.fxgl.app.services.IOTaskExecutorService
17:43:29.453 [FXGL Background Thread 3 ] DEBUG Engine               - class com.almasb.fxgl.event.EventBusService
17:43:29.453 [FXGL Background Thread 3 ] DEBUG Engine               - class com.almasb.fxgl.io.FileSystemService
17:43:29.453 [FXGL Background Thread 3 ] DEBUG Engine               - class com.almasb.fxgl.localization.LocalizationService
17:43:29.453 [FXGL Background Thread 3 ] DEBUG Engine               - class com.almasb.fxgl.app.services.SystemBundleService
17:43:29.453 [FXGL Background Thread 3 ] DEBUG Engine               - class com.almasb.fxgl.profile.SaveLoadService
17:43:29.453 [FXGL Background Thread 3 ] DEBUG Engine               - class com.almasb.fxgl.ui.FXGLUIFactoryServiceProvider
17:43:29.453 [FXGL Background Thread 3 ] DEBUG Engine               - class com.almasb.fxgl.ui.FXGLDialogFactoryServiceProvider
17:43:29.453 [FXGL Background Thread 3 ] DEBUG Engine               - class com.almasb.fxgl.audio.AudioPlayer
17:43:29.453 [FXGL Background Thread 3 ] DEBUG Engine               - class com.almasb.fxgl.notification.impl.NotificationServiceProvider
17:43:29.453 [FXGL Background Thread 3 ] DEBUG Engine               - class com.almasb.fxgl.achievement.AchievementService
17:43:29.455 [FXGL Background Thread 3 ] DEBUG Engine               - class com.almasb.fxgl.cutscene.CutsceneService
17:43:29.455 [FXGL Background Thread 3 ] DEBUG Engine               - class com.almasb.fxgl.minigames.MiniGameService
17:43:29.455 [FXGL Background Thread 3 ] DEBUG Engine               - class com.almasb.fxgl.net.NetService
17:43:29.455 [FXGL Background Thread 3 ] DEBUG Engine               - class com.almasb.fxgl.app.services.UpdaterService
17:43:29.455 [FXGL Background Thread 3 ] DEBUG Engine               - class com.almasb.fxgl.dev.DevService
17:43:30.199 [JavaFX Application Thread] DEBUG FXGLApplication      - Exiting FXGL
17:43:30.199 [JavaFX Application Thread] DEBUG LoopRunner           - Stopping loop
17:43:30.199 [JavaFX Application Thread] DEBUG SystemBundleService  - Saving FXGL system data
17:43:30.207 [JavaFX Application Thread] DEBUG FileSystemAccess     - Writing to: C:\Users\rcortez\Desktop\FXGL Projects\untitled4\system\fxgl.bundle
17:43:30.212 [JavaFX Application Thread] DEBUG Async                - Shutting down background threads
17:43:30.212 [JavaFX Application Thread] DEBUG PrimaryStageWindow   - Closing main window
17:43:30.220 [JavaFX Application Thread] DEBUG Logger               - Closing Logger
