17:47:26.597 [main                     ] DEBUG Logger               - Configured Logger
17:47:26.604 [main                     ] DEBUG GameApplication      - Logging settings
Title: Drop
Version: 1.0
Width: 480
Height: 800
Fullscreen: false
Intro: false
Profiling: false
Single step:false
App Mode: DEVELOPER
Menu Key: ESCAPE
Stage Style: DECORATED
Scene Factory: class com.almasb.fxgl.app.scene.SceneFactory

17:47:26.966 [JavaFX Application Thread] DEBUG FXGLApplication      - Initializing FXGL
17:47:26.969 [JavaFX Application Thread] INFO  Engine               - FXGL-dev-SNAPSHOT (21.02.2021 13.59) on WINDOWS (J:14.0.2 FX:14.0.2.1)
17:47:26.969 [JavaFX Application Thread] DEBUG Engine               - JRE Vendor Name: Oracle Corporation
17:47:26.969 [JavaFX Application Thread] DEBUG Engine               - Running on OS: Windows 10 version 10.0
17:47:26.969 [JavaFX Application Thread] DEBUG Engine               - Architecture: amd64
17:47:26.970 [JavaFX Application Thread] INFO  Engine               - Source code and latest versions at: https://github.com/AlmasB/FXGL
17:47:26.970 [JavaFX Application Thread] INFO  Engine               -              Join the FXGL chat at: https://gitter.im/AlmasB/FXGL
17:47:27.139 [JavaFX Application Thread] DEBUG PrimaryStageWindow   - Creating a JavaFX scene
17:47:27.139 [JavaFX Application Thread] DEBUG PrimaryStageWindow   - Target size > screen size
17:47:27.197 [JavaFX Application Thread] DEBUG PrimaryStageWindow   - Target settings size: 480.0 x 800.0
17:47:27.197 [JavaFX Application Thread] DEBUG PrimaryStageWindow   - Scaled scene size:    411.0 x 726.0
17:47:27.197 [JavaFX Application Thread] DEBUG PrimaryStageWindow   - Scaled ratio: (0.85625, 0.9075)
17:47:27.198 [JavaFX Application Thread] DEBUG PrimaryStageWindow   - Set initial scene to FXGLStartupScene
17:47:27.206 [JavaFX Application Thread] DEBUG PrimaryStageWindow   - Opening main window
17:47:27.312 [JavaFX Application Thread] DEBUG PrimaryStageWindow   - Window border size: (16.0, 39.0)
17:47:27.312 [JavaFX Application Thread] DEBUG PrimaryStageWindow   - Scaled size: 411.0 x 726.0
17:47:27.312 [JavaFX Application Thread] DEBUG PrimaryStageWindow   - Scaled ratio: (0.85625, 0.9075)
17:47:27.312 [JavaFX Application Thread] DEBUG PrimaryStageWindow   - Scene size: 411.0 x 726.0
17:47:27.312 [JavaFX Application Thread] DEBUG PrimaryStageWindow   - Stage size: 427.0 x 765.0
17:47:27.318 [FXGL Background Thread 1 ] DEBUG Engine               - Initializing environment variables
17:47:27.353 [FXGL Background Thread 1 ] DEBUG FXGLAssetLoaderServi - User app class for loading assets: class DropApp
17:47:27.354 [FXGL Background Thread 1 ] DEBUG GameApplicationServi - Applying CSS: fxgl_dark.css
17:47:27.355 [FXGL Background Thread 1 ] DEBUG FXGLAssetLoaderServi - Loading from file system: jar:file:/C:/Users/rcortez/.m2/repository/com/github/almasb/fxgl/dev-SNAPSHOT/fxgl-dev-20210221.140046-1674.jar!/fxglassets/ui/css/fxgl_dark.css
17:47:27.411 [FXGL Background Thread 1 ] DEBUG GameApplicationServi - Initializing application scenes
17:47:27.450 [FXGL Background Thread 1 ] DEBUG GameWorld            - Game world initialized
17:47:27.515 [FXGL Background Thread 1 ] DEBUG PhysicsWorld         - Physics world initialized: appHeight=800, physics.ppm=50.0
17:47:27.515 [FXGL Background Thread 1 ] DEBUG PhysicsWorld         - Using strategy: BRUTE_FORCE
17:47:27.518 [FXGL Background Thread 1 ] DEBUG GameScene            - Game scene initialized: 480x800
17:47:27.529 [FXGL Background Thread 1 ] WARN  FXGL.DefaultMenu     - FXGLDefaultMenu is not designed for resolutions < 800x600
17:47:27.551 [FXGL Background Thread 1 ] DEBUG FXGLAssetLoaderServi - Loading from file system: jar:file:/C:/Users/rcortez/.m2/repository/com/github/almasb/fxgl/dev-SNAPSHOT/fxgl-dev-20210221.140046-1674.jar!/fxglassets/textures/particles/trace_horizontal.png
17:47:27.597 [FXGL Background Thread 1 ] DEBUG FXGL.DefaultMenu     - createMenuBodyGameMenu()
17:47:27.615 [FXGL Background Thread 1 ] DEBUG FXGL.DefaultMenu     - createOptionsMenu()
17:47:27.623 [FXGL Background Thread 1 ] DEBUG FXGLAssetLoaderServi - Loading from file system: jar:file:/C:/Users/rcortez/.m2/repository/com/github/almasb/fxgl/dev-SNAPSHOT/fxgl-dev-20210221.140046-1674.jar!/fxglassets/textures/particles/smoke.png
17:47:27.661 [FXGL Background Thread 1 ] DEBUG GameApplicationServi - Application scenes initialized
17:47:27.673 [FXGL Background Thread 1 ] DEBUG SystemBundleService  - Loading FXGL system data
17:47:27.676 [FXGL Background Thread 1 ] DEBUG FileSystemAccess     - Reading from: C:\Users\rcortez\Desktop\FXGL Projects\untitled4\system\fxgl.bundle
17:47:27.682 [FXGL Background Thread 1 ] DEBUG SystemBundleService  - Bundle FXGL: {}
17:47:27.682 [FXGL Background Thread 1 ] DEBUG UpdaterService       - Checking for updates
17:47:27.686 [FXGL Background Thread 4 ] DEBUG FXGLApplication      - Loading fonts
17:47:27.687 [FXGL Background Thread 1 ] DEBUG FXGLApplication      - Loading default localization
17:47:27.687 [FXGL Background Thread 4 ] DEBUG FXGLAssetLoaderServi - Loading from file system: jar:file:/C:/Users/rcortez/.m2/repository/com/github/almasb/fxgl/dev-SNAPSHOT/fxgl-dev-20210221.140046-1674.jar!/fxglassets/ui/fonts/VarelaRound-Regular.ttf
17:47:27.687 [FXGL Background Thread 1 ] DEBUG FXGLAssetLoaderServi - Loading from file system: jar:file:/C:/Users/rcortez/.m2/repository/com/github/almasb/fxgl/dev-SNAPSHOT/fxgl-dev-20210221.140046-1674.jar!/fxglassets/languages/english.lang
17:47:27.702 [FXGL Background Thread 1 ] INFO  FXGLApplication      - FXGL initialization took: 0.384 sec
17:47:27.703 [JavaFX Application Thread] DEBUG FXGLAssetLoaderServi - Loading from file system: jar:file:/C:/Users/rcortez/.m2/repository/com/github/almasb/fxgl/dev-SNAPSHOT/fxgl-dev-20210221.140046-1674.jar!/fxglassets/textures/fxgl_icon.png
17:47:27.729 [JavaFX Application Thread] DEBUG FXGLAssetLoaderServi - Loading from file system: jar:file:/C:/Users/rcortez/.m2/repository/com/github/almasb/fxgl/dev-SNAPSHOT/fxgl-dev-20210221.140046-1674.jar!/fxglassets/ui/cursors/fxgl_default.png
17:47:27.742 [JavaFX Application Thread] DEBUG Input                - Registered new binding: Screenshot - P
17:47:27.742 [JavaFX Application Thread] DEBUG Input                - Registered new binding: System info dump - CTRL+9
17:47:27.743 [JavaFX Application Thread] DEBUG Input                - Registered new binding: Restart - CTRL+R
17:47:27.743 [JavaFX Application Thread] DEBUG Input                - Registered new binding: Toggle Debug Camera - CTRL+C
17:47:27.746 [JavaFX Application Thread] DEBUG LoopRunner           - Starting loop
17:47:27.746 [JavaFX Application Thread] DEBUG LoopRunner           - Initializing JavaFX AnimationTimerLoop
17:47:27.747 [JavaFX Application Thread] DEBUG GameApplicationServi - Starting new game
17:47:27.748 [JavaFX Application Thread] DEBUG Input                - Clearing active input actions
17:47:27.756 [FXGL Background Thread 4 ] DEBUG FXGLAssetLoaderServi - Loading from file system: jar:file:/C:/Users/rcortez/.m2/repository/com/github/almasb/fxgl/dev-SNAPSHOT/fxgl-dev-20210221.140046-1674.jar!/fxglassets/ui/fonts/Abel-Regular.ttf
17:47:27.760 [FXGL Background Thread 4 ] DEBUG FXGLAssetLoaderServi - Loading from file system: jar:file:/C:/Users/rcortez/.m2/repository/com/github/almasb/fxgl/dev-SNAPSHOT/fxgl-dev-20210221.140046-1674.jar!/fxglassets/ui/fonts/lucida_console.ttf
17:47:27.760 [JavaFX Application Thread] DEBUG PrimaryStageWindow   - FXGLStartupScene -> FXGLLoadingScene
17:47:27.760 [JavaFX Application Thread] DEBUG GameApplicationServi - Clearing previous game
17:47:27.760 [JavaFX Application Thread] DEBUG GameScene            - Clearing game scene
17:47:27.760 [JavaFX Application Thread] DEBUG GameWorld            - Clearing game world
17:47:27.760 [JavaFX Application Thread] DEBUG PhysicsWorld         - Clearing physics world
17:47:27.762 [FXGL Background Thread 1 ] DEBUG FXGLApplication      - Initializing game
17:47:27.764 [FXGL Background Thread 1 ] DEBUG FXGLAssetLoaderServi - Loading from file system: file:/C:/Users/rcortez/Desktop/FXGL%20Projects/untitled4/target/classes/assets/textures/bucket.png
17:47:27.765 [FXGL Background Thread 4 ] DEBUG FXGLAssetLoaderServi - Loading from file system: jar:file:/C:/Users/rcortez/.m2/repository/com/github/almasb/fxgl/dev-SNAPSHOT/fxgl-dev-20210221.140046-1674.jar!/fxglassets/ui/fonts/Courier-Prime.ttf
17:47:27.781 [FXGL Background Thread 1 ] DEBUG FXGLAssetLoaderServi - Loading from file system: file:/C:/Users/rcortez/Desktop/FXGL%20Projects/untitled4/target/classes/assets/music/bgm.mp3
17:47:27.798 [JavaFX Application Thread] DEBUG FXGLApplication      - Registering font factories with UI factory
17:47:27.956 [FXGL Background Thread 1 ] DEBUG AudioPlayer          - Playing music com.almasb.fxgl.audio.Music@7d27ae1f
17:47:27.958 [FXGL Background Thread 1 ] INFO  FXGLApplication      - Game initialization took: 0.197 sec
17:47:27.971 [JavaFX Application Thread] DEBUG Input                - Clearing active input actions
17:47:27.978 [JavaFX Application Thread] DEBUG GameApplicationServi - Removing overlay from FXGLLoadingScene and adding to GameScene
17:47:27.979 [JavaFX Application Thread] DEBUG PrimaryStageWindow   - FXGLLoadingScene -> GameScene
17:47:28.105 [FXGL Background Thread 2 ] INFO  UpdaterService       - Your current version:  dev-SNAPSHOT
17:47:28.105 [FXGL Background Thread 2 ] INFO  UpdaterService       - Latest stable version: 11.13
17:47:29.348 [JavaFX Application Thread] DEBUG FXGLAssetLoaderServi - Loading from file system: file:/C:/Users/rcortez/Desktop/FXGL%20Projects/untitled4/target/classes/assets/textures/droplet.png
17:47:30.686 [FXGL Background Thread 3 ] DEBUG Engine               - Logging environment variables
17:47:30.686 [FXGL Background Thread 3 ] DEBUG Engine               - achievements: []
17:47:30.687 [FXGL Background Thread 3 ] DEBUG Engine               - actualHeight: 726.0
17:47:30.687 [FXGL Background Thread 3 ] DEBUG Engine               - actualHeightProperty: ReadOnlyDoubleProperty [value: 726.0]
17:47:30.687 [FXGL Background Thread 3 ] DEBUG Engine               - actualWidth: 411.0
17:47:30.687 [FXGL Background Thread 3 ] DEBUG Engine               - actualWidthProperty: ReadOnlyDoubleProperty [value: 411.0]
17:47:30.687 [FXGL Background Thread 3 ] DEBUG Engine               - appIcon: fxgl_icon.png
17:47:30.687 [FXGL Background Thread 3 ] DEBUG Engine               - applicationMode: DEVELOPER
17:47:30.687 [FXGL Background Thread 3 ] DEBUG Engine               - cSSList: [fxgl_dark.css]
17:47:30.687 [FXGL Background Thread 3 ] DEBUG Engine               - collisionDetectionStrategy: BRUTE_FORCE
17:47:30.687 [FXGL Background Thread 3 ] DEBUG Engine               - configClass: Optional.empty
17:47:30.688 [FXGL Background Thread 3 ] DEBUG Engine               - credits: []
17:47:30.688 [FXGL Background Thread 3 ] DEBUG Engine               - devBBoxColorProperty: ObjectProperty [value: 0xff0000ff]
17:47:30.688 [FXGL Background Thread 3 ] DEBUG Engine               - devEnableDebugCameraProperty: BooleanProperty [value: false]
17:47:30.688 [FXGL Background Thread 3 ] DEBUG Engine               - devSensorColorProperty: ObjectProperty [value: 0xffff00ff]
17:47:30.688 [FXGL Background Thread 3 ] DEBUG Engine               - devShowBBoxProperty: BooleanProperty [value: false]
17:47:30.688 [FXGL Background Thread 3 ] DEBUG Engine               - devShowPositionProperty: BooleanProperty [value: false]
17:47:30.688 [FXGL Background Thread 3 ] DEBUG Engine               - enabledMenuItems: []
17:47:30.688 [FXGL Background Thread 3 ] DEBUG Engine               - engineServices: [class com.almasb.fxgl.app.services.FXGLAssetLoaderService, class com.almasb.fxgl.app.FXGLApplication$GameApplicationService, class com.almasb.fxgl.app.services.FXGLDialogService, class com.almasb.fxgl.app.services.IOTaskExecutorService, class com.almasb.fxgl.event.EventBusService, class com.almasb.fxgl.io.FileSystemService, class com.almasb.fxgl.localization.LocalizationService, class com.almasb.fxgl.app.services.SystemBundleService, class com.almasb.fxgl.profile.SaveLoadService, class com.almasb.fxgl.ui.FXGLUIFactoryServiceProvider, class com.almasb.fxgl.ui.FXGLDialogFactoryServiceProvider, class com.almasb.fxgl.audio.AudioPlayer, class com.almasb.fxgl.notification.impl.NotificationServiceProvider, class com.almasb.fxgl.achievement.AchievementService, class com.almasb.fxgl.cutscene.CutsceneService, class com.almasb.fxgl.minigames.MiniGameService, class com.almasb.fxgl.net.NetService, class com.almasb.fxgl.app.services.UpdaterService, class com.almasb.fxgl.dev.DevService]
17:47:30.688 [FXGL Background Thread 3 ] DEBUG Engine               - fontGame: Abel-Regular.ttf
17:47:30.689 [FXGL Background Thread 3 ] DEBUG Engine               - fontMono: lucida_console.ttf
17:47:30.689 [FXGL Background Thread 3 ] DEBUG Engine               - fontText: Courier-Prime.ttf
17:47:30.689 [FXGL Background Thread 3 ] DEBUG Engine               - fontUI: VarelaRound-Regular.ttf
17:47:30.689 [FXGL Background Thread 3 ] DEBUG Engine               - fullScreen: BooleanProperty [value: false]
17:47:30.689 [FXGL Background Thread 3 ] DEBUG Engine               - gameDifficulty: MEDIUM
17:47:30.689 [FXGL Background Thread 3 ] DEBUG Engine               - gameDifficultyProperty: ObjectProperty [value: MEDIUM]
17:47:30.689 [FXGL Background Thread 3 ] DEBUG Engine               - globalMusicVolume: 0.5
17:47:30.689 [FXGL Background Thread 3 ] DEBUG Engine               - globalMusicVolumeProperty: DoubleProperty [value: 0.5]
17:47:30.689 [FXGL Background Thread 3 ] DEBUG Engine               - globalSoundVolume: 0.5
17:47:30.689 [FXGL Background Thread 3 ] DEBUG Engine               - globalSoundVolumeProperty: DoubleProperty [value: 0.5]
17:47:30.689 [FXGL Background Thread 3 ] DEBUG Engine               - height: 800
17:47:30.690 [FXGL Background Thread 3 ] DEBUG Engine               - isAndroid: false
17:47:30.690 [FXGL Background Thread 3 ] DEBUG Engine               - isBrowser: false
17:47:30.690 [FXGL Background Thread 3 ] DEBUG Engine               - isClickFeedbackEnabled: false
17:47:30.690 [FXGL Background Thread 3 ] DEBUG Engine               - isCloseConfirmation: false
17:47:30.690 [FXGL Background Thread 3 ] DEBUG Engine               - isDesktop: true
17:47:30.690 [FXGL Background Thread 3 ] DEBUG Engine               - isDeveloperMenuEnabled: false
17:47:30.690 [FXGL Background Thread 3 ] DEBUG Engine               - isEntityPreloadEnabled: true
17:47:30.690 [FXGL Background Thread 3 ] DEBUG Engine               - isExperimental3D: false
17:47:30.690 [FXGL Background Thread 3 ] DEBUG Engine               - isExperimentalNative: false
17:47:30.690 [FXGL Background Thread 3 ] DEBUG Engine               - isExperimentalTiledLargeMap: false
17:47:30.690 [FXGL Background Thread 3 ] DEBUG Engine               - isFileSystemWriteAllowed: true
17:47:30.690 [FXGL Background Thread 3 ] DEBUG Engine               - isFullScreenAllowed: false
17:47:30.690 [FXGL Background Thread 3 ] DEBUG Engine               - isFullScreenFromStart: false
17:47:30.691 [FXGL Background Thread 3 ] DEBUG Engine               - isGameMenuEnabled: true
17:47:30.691 [FXGL Background Thread 3 ] DEBUG Engine               - isIOS: false
17:47:30.691 [FXGL Background Thread 3 ] DEBUG Engine               - isIntroEnabled: false
17:47:30.691 [FXGL Background Thread 3 ] DEBUG Engine               - isLinux: false
17:47:30.691 [FXGL Background Thread 3 ] DEBUG Engine               - isMac: false
17:47:30.691 [FXGL Background Thread 3 ] DEBUG Engine               - isMainMenuEnabled: false
17:47:30.691 [FXGL Background Thread 3 ] DEBUG Engine               - isManualResizeEnabled: false
17:47:30.691 [FXGL Background Thread 3 ] DEBUG Engine               - isMobile: false
17:47:30.691 [FXGL Background Thread 3 ] DEBUG Engine               - isPreserveResizeRatio: false
17:47:30.691 [FXGL Background Thread 3 ] DEBUG Engine               - isProfilingEnabled: false
17:47:30.691 [FXGL Background Thread 3 ] DEBUG Engine               - isScaleAffectedOnResize: true
17:47:30.691 [FXGL Background Thread 3 ] DEBUG Engine               - isSingleStep: false
17:47:30.691 [FXGL Background Thread 3 ] DEBUG Engine               - isUserProfileEnabled: false
17:47:30.691 [FXGL Background Thread 3 ] DEBUG Engine               - isWindows: true
17:47:30.691 [FXGL Background Thread 3 ] DEBUG Engine               - language: ObjectProperty [value: ENGLISH]
17:47:30.691 [FXGL Background Thread 3 ] DEBUG Engine               - menuKey: ESCAPE
17:47:30.691 [FXGL Background Thread 3 ] DEBUG Engine               - notificationViewClass: class com.almasb.fxgl.notification.view.XboxNotificationView
17:47:30.692 [FXGL Background Thread 3 ] DEBUG Engine               - pixelsPerMeter: 50.0
17:47:30.692 [FXGL Background Thread 3 ] DEBUG Engine               - platform: WINDOWS
17:47:30.692 [FXGL Background Thread 3 ] DEBUG Engine               - prefHeightProperty: ReadOnlyDoubleProperty [value: 800.0]
17:47:30.692 [FXGL Background Thread 3 ] DEBUG Engine               - prefWidthProperty: ReadOnlyDoubleProperty [value: 480.0]
17:47:30.692 [FXGL Background Thread 3 ] DEBUG Engine               - profileDir: profiles/
17:47:30.692 [FXGL Background Thread 3 ] DEBUG Engine               - profileName: StringProperty [value: DEFAULT]
17:47:30.692 [FXGL Background Thread 3 ] DEBUG Engine               - randomSeed: -1
17:47:30.692 [FXGL Background Thread 3 ] DEBUG Engine               - runtimeInfo: RuntimeInfo(platform=WINDOWS, version=dev-SNAPSHOT, build=21.02.2021 13.59)
17:47:30.692 [FXGL Background Thread 3 ] DEBUG Engine               - saveFileExt: sav
17:47:30.692 [FXGL Background Thread 3 ] DEBUG Engine               - scaledHeightProp$fxgl: DoubleProperty [bound, value: 726.0]
17:47:30.692 [FXGL Background Thread 3 ] DEBUG Engine               - scaledWidthProp$fxgl: DoubleProperty [bound, value: 411.0]
17:47:30.692 [FXGL Background Thread 3 ] DEBUG Engine               - sceneFactory: com.almasb.fxgl.app.scene.SceneFactory@747bd675
17:47:30.692 [FXGL Background Thread 3 ] DEBUG Engine               - secondsIn24h: 60
17:47:30.692 [FXGL Background Thread 3 ] DEBUG Engine               - soundMenuBack: menu/back.wav
17:47:30.692 [FXGL Background Thread 3 ] DEBUG Engine               - soundMenuPress: menu/press.wav
17:47:30.692 [FXGL Background Thread 3 ] DEBUG Engine               - soundMenuSelect: menu/select.wav
17:47:30.692 [FXGL Background Thread 3 ] DEBUG Engine               - soundNotification: core/notification.wav
17:47:30.692 [FXGL Background Thread 3 ] DEBUG Engine               - stageStyle: DECORATED
17:47:30.692 [FXGL Background Thread 3 ] DEBUG Engine               - supportedLanguages: [ENGLISH, FRENCH, GERMAN, HUNGARIAN, RUSSIAN]
17:47:30.692 [FXGL Background Thread 3 ] DEBUG Engine               - ticksPerSecond: -1
17:47:30.693 [FXGL Background Thread 3 ] DEBUG Engine               - title: Drop
17:47:30.693 [FXGL Background Thread 3 ] DEBUG Engine               - urlGithub: https://github.com/AlmasB/FXGL
17:47:30.693 [FXGL Background Thread 3 ] DEBUG Engine               - urlLeaderboard: http://fxgl-top.herokuapp.com/
17:47:30.693 [FXGL Background Thread 3 ] DEBUG Engine               - urlPOM: https://raw.githubusercontent.com/AlmasB/FXGL/master/README.md
17:47:30.693 [FXGL Background Thread 3 ] DEBUG Engine               - userAppClass: class DropApp
17:47:30.693 [FXGL Background Thread 3 ] DEBUG Engine               - version: 1.0
17:47:30.693 [FXGL Background Thread 3 ] DEBUG Engine               - versionCheckDays: 7
17:47:30.693 [FXGL Background Thread 3 ] DEBUG Engine               - width: 480
17:47:30.693 [FXGL Background Thread 3 ] DEBUG Engine               - Logging services
17:47:30.693 [FXGL Background Thread 3 ] DEBUG Engine               - class com.almasb.fxgl.app.services.FXGLAssetLoaderService
17:47:30.693 [FXGL Background Thread 3 ] DEBUG Engine               - class com.almasb.fxgl.app.FXGLApplication$GameApplicationService
17:47:30.693 [FXGL Background Thread 3 ] DEBUG Engine               - class com.almasb.fxgl.app.services.FXGLDialogService
17:47:30.693 [FXGL Background Thread 3 ] DEBUG Engine               - class com.almasb.fxgl.app.services.IOTaskExecutorService
17:47:30.693 [FXGL Background Thread 3 ] DEBUG Engine               - class com.almasb.fxgl.event.EventBusService
17:47:30.693 [FXGL Background Thread 3 ] DEBUG Engine               - class com.almasb.fxgl.io.FileSystemService
17:47:30.693 [FXGL Background Thread 3 ] DEBUG Engine               - class com.almasb.fxgl.localization.LocalizationService
17:47:30.693 [FXGL Background Thread 3 ] DEBUG Engine               - class com.almasb.fxgl.app.services.SystemBundleService
17:47:30.693 [FXGL Background Thread 3 ] DEBUG Engine               - class com.almasb.fxgl.profile.SaveLoadService
17:47:30.693 [FXGL Background Thread 3 ] DEBUG Engine               - class com.almasb.fxgl.ui.FXGLUIFactoryServiceProvider
17:47:30.693 [FXGL Background Thread 3 ] DEBUG Engine               - class com.almasb.fxgl.ui.FXGLDialogFactoryServiceProvider
17:47:30.693 [FXGL Background Thread 3 ] DEBUG Engine               - class com.almasb.fxgl.audio.AudioPlayer
17:47:30.693 [FXGL Background Thread 3 ] DEBUG Engine               - class com.almasb.fxgl.notification.impl.NotificationServiceProvider
17:47:30.693 [FXGL Background Thread 3 ] DEBUG Engine               - class com.almasb.fxgl.achievement.AchievementService
17:47:30.694 [FXGL Background Thread 3 ] DEBUG Engine               - class com.almasb.fxgl.cutscene.CutsceneService
17:47:30.694 [FXGL Background Thread 3 ] DEBUG Engine               - class com.almasb.fxgl.minigames.MiniGameService
17:47:30.694 [FXGL Background Thread 3 ] DEBUG Engine               - class com.almasb.fxgl.net.NetService
17:47:30.694 [FXGL Background Thread 3 ] DEBUG Engine               - class com.almasb.fxgl.app.services.UpdaterService
17:47:30.694 [FXGL Background Thread 3 ] DEBUG Engine               - class com.almasb.fxgl.dev.DevService
17:47:34.306 [JavaFX Application Thread] DEBUG FXGLAssetLoaderServi - Loading from file system: file:/C:/Users/rcortez/Desktop/FXGL%20Projects/untitled4/target/classes/assets/sounds/drop.wav
17:47:50.239 [JavaFX Application Thread] DEBUG PrimaryStageWindow   - Push state: FXGLDefaultMenu
17:47:50.248 [JavaFX Application Thread] DEBUG Input                - Clearing active input actions
17:47:50.261 [JavaFX Application Thread] DEBUG GameApplicationServi - Removing overlay from GameScene and adding to FXGLDefaultMenu
17:47:50.261 [JavaFX Application Thread] DEBUG PrimaryStageWindow   - GameScene -> FXGLDefaultMenu
17:47:52.602 [JavaFX Application Thread] DEBUG Menu                 - fireExit()
17:47:52.604 [JavaFX Application Thread] DEBUG PrimaryStageWindow   - Push state: DialogSubScene
17:47:52.604 [JavaFX Application Thread] DEBUG Input                - Clearing active input actions
17:47:52.604 [JavaFX Application Thread] DEBUG GameApplicationServi - Removing overlay from FXGLDefaultMenu and adding to DialogSubScene
17:47:52.604 [JavaFX Application Thread] DEBUG PrimaryStageWindow   - FXGLDefaultMenu -> DialogSubScene
17:47:55.058 [JavaFX Application Thread] DEBUG PrimaryStageWindow   - Pop state: DialogSubScene
17:47:55.058 [JavaFX Application Thread] DEBUG Input                - Clearing active input actions
17:47:55.058 [JavaFX Application Thread] DEBUG GameApplicationServi - Removing overlay from DialogSubScene and adding to FXGLDefaultMenu
17:47:55.058 [JavaFX Application Thread] DEBUG PrimaryStageWindow   - FXGLDefaultMenu <- DialogSubScene
17:47:56.718 [JavaFX Application Thread] DEBUG Menu                 - fireResume()
17:47:56.719 [JavaFX Application Thread] DEBUG PrimaryStageWindow   - Pop state: FXGLDefaultMenu
17:47:56.720 [JavaFX Application Thread] DEBUG Input                - Clearing active input actions
17:47:56.721 [JavaFX Application Thread] DEBUG GameApplicationServi - Removing overlay from FXGLDefaultMenu and adding to GameScene
17:47:56.721 [JavaFX Application Thread] DEBUG PrimaryStageWindow   - GameScene <- FXGLDefaultMenu
17:48:06.882 [JavaFX Application Thread] DEBUG FXGLApplication      - Exiting FXGL
17:48:06.882 [JavaFX Application Thread] DEBUG LoopRunner           - Stopping loop
17:48:06.882 [JavaFX Application Thread] DEBUG SystemBundleService  - Saving FXGL system data
17:48:06.883 [JavaFX Application Thread] DEBUG FileSystemAccess     - Writing to: C:\Users\rcortez\Desktop\FXGL Projects\untitled4\system\fxgl.bundle
17:48:06.885 [JavaFX Application Thread] DEBUG Async                - Shutting down background threads
17:48:06.885 [JavaFX Application Thread] DEBUG PrimaryStageWindow   - Closing main window
17:48:06.897 [JavaFX Application Thread] DEBUG Logger               - Closing Logger
