10:05:21.624 [main                     ] DEBUG Logger               - Configured Logger
10:05:21.661 [main                     ] DEBUG GameApplication      - Logging settings
Title: Breakout
Version: 0.0
Width: 800
Height: 600
Fullscreen: false
Intro: false
Profiling: false
Single step:false
App Mode: DEVELOPER
Menu Key: ESCAPE
Stage Style: DECORATED
Scene Factory: class com.almasb.fxgl.app.scene.SceneFactory

10:05:23.696 [JavaFX Application Thread] DEBUG FXGLApplication      - Initializing FXGL
10:05:23.710 [JavaFX Application Thread] INFO  Engine               - FXGL-dev-SNAPSHOT (21.02.2021 13.59) on WINDOWS (J:14.0.2 FX:15)
10:05:23.711 [JavaFX Application Thread] DEBUG Engine               - JRE Vendor Name: Oracle Corporation
10:05:23.711 [JavaFX Application Thread] DEBUG Engine               - Running on OS: Windows 10 version 10.0
10:05:23.712 [JavaFX Application Thread] DEBUG Engine               - Architecture: amd64
10:05:23.712 [JavaFX Application Thread] INFO  Engine               - Source code and latest versions at: https://github.com/AlmasB/FXGL
10:05:23.713 [JavaFX Application Thread] INFO  Engine               -              Join the FXGL chat at: https://gitter.im/AlmasB/FXGL
10:05:24.468 [JavaFX Application Thread] DEBUG PrimaryStageWindow   - Creating a JavaFX scene
10:05:24.817 [JavaFX Application Thread] DEBUG PrimaryStageWindow   - Target settings size: 800.0 x 600.0
10:05:24.818 [JavaFX Application Thread] DEBUG PrimaryStageWindow   - Scaled scene size:    800.0 x 600.0
10:05:24.820 [JavaFX Application Thread] DEBUG PrimaryStageWindow   - Scaled ratio: (1.0, 1.0)
10:05:24.823 [JavaFX Application Thread] DEBUG PrimaryStageWindow   - Set initial scene to FXGLStartupScene
10:05:24.878 [JavaFX Application Thread] DEBUG PrimaryStageWindow   - Opening main window
10:05:25.189 [JavaFX Application Thread] DEBUG PrimaryStageWindow   - Window border size: (14.4000244140625, 37.5999755859375)
10:05:25.189 [JavaFX Application Thread] DEBUG PrimaryStageWindow   - Scaled size: 800.0 x 600.0
10:05:25.190 [JavaFX Application Thread] DEBUG PrimaryStageWindow   - Scaled ratio: (1.0, 1.0)
10:05:25.191 [JavaFX Application Thread] DEBUG PrimaryStageWindow   - Scene size: 800.0 x 600.0
10:05:25.191 [JavaFX Application Thread] DEBUG PrimaryStageWindow   - Stage size: 814.4000244140625 x 637.5999755859375
10:05:25.239 [FXGL Background Thread 1 ] DEBUG Engine               - Initializing environment variables
10:05:25.406 [FXGL Background Thread 1 ] DEBUG FXGLAssetLoaderServi - User app class for loading assets: class Game
10:05:25.407 [FXGL Background Thread 1 ] DEBUG GameApplicationServi - Applying CSS: fxgl_dark.css
10:05:25.410 [FXGL Background Thread 1 ] DEBUG FXGLAssetLoaderServi - Loading from file system: jar:file:/C:/Users/Jainfamily/.m2/repository/com/github/almasb/fxgl/dev-SNAPSHOT/fxgl-dev-20210221.140046-1674.jar!/fxglassets/ui/css/fxgl_dark.css
10:05:25.596 [FXGL Background Thread 1 ] DEBUG GameApplicationServi - Initializing application scenes
10:05:25.879 [FXGL Background Thread 1 ] DEBUG GameWorld            - Game world initialized
10:05:26.274 [FXGL Background Thread 1 ] DEBUG PhysicsWorld         - Physics world initialized: appHeight=600, physics.ppm=50.0
10:05:26.276 [FXGL Background Thread 1 ] DEBUG PhysicsWorld         - Using strategy: BRUTE_FORCE
10:05:26.287 [FXGL Background Thread 1 ] DEBUG GameScene            - Game scene initialized: 800x600
10:05:26.517 [FXGL Background Thread 1 ] DEBUG FXGLAssetLoaderServi - Loading from file system: jar:file:/C:/Users/Jainfamily/.m2/repository/com/github/almasb/fxgl/dev-SNAPSHOT/fxgl-dev-20210221.140046-1674.jar!/fxglassets/textures/particles/trace_horizontal.png
10:05:26.796 [FXGL Background Thread 1 ] DEBUG FXGL.DefaultMenu     - createMenuBodyGameMenu()
10:05:26.850 [FXGL Background Thread 1 ] DEBUG FXGL.DefaultMenu     - createOptionsMenu()
10:05:26.879 [FXGL Background Thread 1 ] DEBUG FXGLAssetLoaderServi - Loading from file system: jar:file:/C:/Users/Jainfamily/.m2/repository/com/github/almasb/fxgl/dev-SNAPSHOT/fxgl-dev-20210221.140046-1674.jar!/fxglassets/textures/particles/smoke.png
10:05:27.181 [FXGL Background Thread 1 ] DEBUG GameApplicationServi - Application scenes initialized
10:05:27.242 [FXGL Background Thread 1 ] DEBUG SystemBundleService  - Loading FXGL system data
10:05:27.257 [FXGL Background Thread 1 ] DEBUG FileSystemAccess     - Reading from: C:\Users\Jainfamily\AP JAVA\fxgl graphics\fxgl blank project\system\fxgl.bundle
10:05:27.276 [FXGL Background Thread 1 ] DEBUG SystemBundleService  - Bundle FXGL: {}
10:05:27.277 [FXGL Background Thread 1 ] DEBUG UpdaterService       - Checking for updates
10:05:27.292 [FXGL Background Thread 4 ] DEBUG FXGLApplication      - Loading fonts
10:05:27.295 [FXGL Background Thread 1 ] DEBUG FXGLApplication      - Loading default localization
10:05:27.297 [FXGL Background Thread 1 ] DEBUG FXGLAssetLoaderServi - Loading from file system: jar:file:/C:/Users/Jainfamily/.m2/repository/com/github/almasb/fxgl/dev-SNAPSHOT/fxgl-dev-20210221.140046-1674.jar!/fxglassets/languages/english.lang
10:05:27.299 [FXGL Background Thread 4 ] DEBUG FXGLAssetLoaderServi - Loading from file system: jar:file:/C:/Users/Jainfamily/.m2/repository/com/github/almasb/fxgl/dev-SNAPSHOT/fxgl-dev-20210221.140046-1674.jar!/fxglassets/ui/fonts/VarelaRound-Regular.ttf
10:05:27.392 [FXGL Background Thread 1 ] INFO  FXGLApplication      - FXGL initialization took: 2.153 sec
10:05:27.418 [JavaFX Application Thread] DEBUG Input                - Registered new binding: Up 1 - W
10:05:27.418 [JavaFX Application Thread] DEBUG Input                - Registered new binding: Down 1 - S
10:05:27.419 [JavaFX Application Thread] DEBUG Input                - Registered new binding: Up 2 - Up
10:05:27.419 [JavaFX Application Thread] DEBUG Input                - Registered new binding: Down 2 - Down
10:05:27.420 [JavaFX Application Thread] DEBUG FXGLAssetLoaderServi - Loading from file system: jar:file:/C:/Users/Jainfamily/.m2/repository/com/github/almasb/fxgl/dev-SNAPSHOT/fxgl-dev-20210221.140046-1674.jar!/fxglassets/textures/fxgl_icon.png
10:05:27.474 [JavaFX Application Thread] DEBUG FXGLAssetLoaderServi - Loading from file system: jar:file:/C:/Users/Jainfamily/.m2/repository/com/github/almasb/fxgl/dev-SNAPSHOT/fxgl-dev-20210221.140046-1674.jar!/fxglassets/ui/cursors/fxgl_default.png
10:05:27.478 [JavaFX Application Thread] DEBUG Input                - Registered new binding: Screenshot - P
10:05:27.480 [JavaFX Application Thread] DEBUG Input                - Registered new binding: System info dump - CTRL+9
10:05:27.481 [JavaFX Application Thread] DEBUG Input                - Registered new binding: Restart - CTRL+R
10:05:27.485 [JavaFX Application Thread] DEBUG Input                - Registered new binding: Toggle Debug Camera - CTRL+C
10:05:27.491 [JavaFX Application Thread] DEBUG LoopRunner           - Starting loop
10:05:27.492 [JavaFX Application Thread] DEBUG LoopRunner           - Initializing JavaFX AnimationTimerLoop
10:05:27.495 [JavaFX Application Thread] DEBUG GameApplicationServi - Starting new game
10:05:27.496 [JavaFX Application Thread] DEBUG Input                - Clearing active input actions
10:05:27.551 [JavaFX Application Thread] DEBUG GameApplicationServi - Removing overlay from FXGLStartupScene and adding to FXGLLoadingScene
10:05:27.551 [JavaFX Application Thread] DEBUG PrimaryStageWindow   - FXGLStartupScene -> FXGLLoadingScene
10:05:27.551 [JavaFX Application Thread] DEBUG GameApplicationServi - Clearing previous game
10:05:27.551 [JavaFX Application Thread] DEBUG GameScene            - Clearing game scene
10:05:27.552 [JavaFX Application Thread] DEBUG GameWorld            - Clearing game world
10:05:27.552 [JavaFX Application Thread] DEBUG PhysicsWorld         - Clearing physics world
10:05:27.554 [FXGL Background Thread 1 ] DEBUG FXGLApplication      - Initializing game
10:05:27.720 [FXGL Background Thread 1 ] INFO  FXGLApplication      - Game initialization took: 0.165 sec
10:05:27.802 [JavaFX Application Thread] DEBUG Input                - Clearing active input actions
10:05:27.829 [JavaFX Application Thread] DEBUG GameApplicationServi - Removing overlay from FXGLLoadingScene and adding to GameScene
10:05:27.829 [JavaFX Application Thread] DEBUG PrimaryStageWindow   - FXGLLoadingScene -> GameScene
10:05:28.479 [FXGL Background Thread 4 ] DEBUG FXGLAssetLoaderServi - Loading from file system: jar:file:/C:/Users/Jainfamily/.m2/repository/com/github/almasb/fxgl/dev-SNAPSHOT/fxgl-dev-20210221.140046-1674.jar!/fxglassets/ui/fonts/Abel-Regular.ttf
10:05:28.504 [FXGL Background Thread 4 ] DEBUG FXGLAssetLoaderServi - Loading from file system: jar:file:/C:/Users/Jainfamily/.m2/repository/com/github/almasb/fxgl/dev-SNAPSHOT/fxgl-dev-20210221.140046-1674.jar!/fxglassets/ui/fonts/lucida_console.ttf
10:05:28.527 [FXGL Background Thread 4 ] DEBUG FXGLAssetLoaderServi - Loading from file system: jar:file:/C:/Users/Jainfamily/.m2/repository/com/github/almasb/fxgl/dev-SNAPSHOT/fxgl-dev-20210221.140046-1674.jar!/fxglassets/ui/fonts/Courier-Prime.ttf
10:05:28.563 [JavaFX Application Thread] DEBUG FXGLApplication      - Registering font factories with UI factory
10:05:29.128 [FXGL Background Thread 2 ] INFO  UpdaterService       - Your current version:  dev-SNAPSHOT
10:05:29.130 [FXGL Background Thread 2 ] INFO  UpdaterService       - Latest stable version: 11.13
10:05:30.289 [FXGL Background Thread 3 ] DEBUG Engine               - Logging environment variables
10:05:30.290 [FXGL Background Thread 3 ] DEBUG Engine               - achievements: []
10:05:30.290 [FXGL Background Thread 3 ] DEBUG Engine               - actualHeight: 600.0
10:05:30.290 [FXGL Background Thread 3 ] DEBUG Engine               - actualHeightProperty: ReadOnlyDoubleProperty [value: 600.0]
10:05:30.291 [FXGL Background Thread 3 ] DEBUG Engine               - actualWidth: 800.0
10:05:30.291 [FXGL Background Thread 3 ] DEBUG Engine               - actualWidthProperty: ReadOnlyDoubleProperty [value: 800.0]
10:05:30.291 [FXGL Background Thread 3 ] DEBUG Engine               - appIcon: fxgl_icon.png
10:05:30.291 [FXGL Background Thread 3 ] DEBUG Engine               - applicationMode: DEVELOPER
10:05:30.291 [FXGL Background Thread 3 ] DEBUG Engine               - cSSList: [fxgl_dark.css]
10:05:30.291 [FXGL Background Thread 3 ] DEBUG Engine               - collisionDetectionStrategy: BRUTE_FORCE
10:05:30.292 [FXGL Background Thread 3 ] DEBUG Engine               - configClass: Optional.empty
10:05:30.292 [FXGL Background Thread 3 ] DEBUG Engine               - credits: []
10:05:30.292 [FXGL Background Thread 3 ] DEBUG Engine               - devBBoxColorProperty: ObjectProperty [value: 0xff0000ff]
10:05:30.292 [FXGL Background Thread 3 ] DEBUG Engine               - devEnableDebugCameraProperty: BooleanProperty [value: false]
10:05:30.293 [FXGL Background Thread 3 ] DEBUG Engine               - devSensorColorProperty: ObjectProperty [value: 0xffff00ff]
10:05:30.293 [FXGL Background Thread 3 ] DEBUG Engine               - devShowBBoxProperty: BooleanProperty [value: false]
10:05:30.293 [FXGL Background Thread 3 ] DEBUG Engine               - devShowPositionProperty: BooleanProperty [value: false]
10:05:30.293 [FXGL Background Thread 3 ] DEBUG Engine               - enabledMenuItems: []
10:05:30.294 [FXGL Background Thread 3 ] DEBUG Engine               - engineServices: [class com.almasb.fxgl.app.services.FXGLAssetLoaderService, class com.almasb.fxgl.app.FXGLApplication$GameApplicationService, class com.almasb.fxgl.app.services.FXGLDialogService, class com.almasb.fxgl.app.services.IOTaskExecutorService, class com.almasb.fxgl.event.EventBusService, class com.almasb.fxgl.io.FileSystemService, class com.almasb.fxgl.localization.LocalizationService, class com.almasb.fxgl.app.services.SystemBundleService, class com.almasb.fxgl.profile.SaveLoadService, class com.almasb.fxgl.ui.FXGLUIFactoryServiceProvider, class com.almasb.fxgl.ui.FXGLDialogFactoryServiceProvider, class com.almasb.fxgl.audio.AudioPlayer, class com.almasb.fxgl.notification.impl.NotificationServiceProvider, class com.almasb.fxgl.achievement.AchievementService, class com.almasb.fxgl.cutscene.CutsceneService, class com.almasb.fxgl.minigames.MiniGameService, class com.almasb.fxgl.net.NetService, class com.almasb.fxgl.app.services.UpdaterService, class com.almasb.fxgl.dev.DevService]
10:05:30.294 [FXGL Background Thread 3 ] DEBUG Engine               - fontGame: Abel-Regular.ttf
10:05:30.294 [FXGL Background Thread 3 ] DEBUG Engine               - fontMono: lucida_console.ttf
10:05:30.295 [FXGL Background Thread 3 ] DEBUG Engine               - fontText: Courier-Prime.ttf
10:05:30.296 [FXGL Background Thread 3 ] DEBUG Engine               - fontUI: VarelaRound-Regular.ttf
10:05:30.296 [FXGL Background Thread 3 ] DEBUG Engine               - fullScreen: BooleanProperty [value: false]
10:05:30.296 [FXGL Background Thread 3 ] DEBUG Engine               - gameDifficulty: MEDIUM
10:05:30.296 [FXGL Background Thread 3 ] DEBUG Engine               - gameDifficultyProperty: ObjectProperty [value: MEDIUM]
10:05:30.296 [FXGL Background Thread 3 ] DEBUG Engine               - globalMusicVolume: 0.5
10:05:30.297 [FXGL Background Thread 3 ] DEBUG Engine               - globalMusicVolumeProperty: DoubleProperty [value: 0.5]
10:05:30.297 [FXGL Background Thread 3 ] DEBUG Engine               - globalSoundVolume: 0.5
10:05:30.297 [FXGL Background Thread 3 ] DEBUG Engine               - globalSoundVolumeProperty: DoubleProperty [value: 0.5]
10:05:30.297 [FXGL Background Thread 3 ] DEBUG Engine               - height: 600
10:05:30.297 [FXGL Background Thread 3 ] DEBUG Engine               - isAndroid: false
10:05:30.297 [FXGL Background Thread 3 ] DEBUG Engine               - isBrowser: false
10:05:30.298 [FXGL Background Thread 3 ] DEBUG Engine               - isClickFeedbackEnabled: false
10:05:30.298 [FXGL Background Thread 3 ] DEBUG Engine               - isCloseConfirmation: false
10:05:30.298 [FXGL Background Thread 3 ] DEBUG Engine               - isDesktop: true
10:05:30.299 [FXGL Background Thread 3 ] DEBUG Engine               - isDeveloperMenuEnabled: false
10:05:30.300 [FXGL Background Thread 3 ] DEBUG Engine               - isEntityPreloadEnabled: true
10:05:30.301 [FXGL Background Thread 3 ] DEBUG Engine               - isExperimental3D: false
10:05:30.301 [FXGL Background Thread 3 ] DEBUG Engine               - isExperimentalNative: false
10:05:30.302 [FXGL Background Thread 3 ] DEBUG Engine               - isExperimentalTiledLargeMap: false
10:05:30.303 [FXGL Background Thread 3 ] DEBUG Engine               - isFileSystemWriteAllowed: true
10:05:30.304 [FXGL Background Thread 3 ] DEBUG Engine               - isFullScreenAllowed: false
10:05:30.304 [FXGL Background Thread 3 ] DEBUG Engine               - isFullScreenFromStart: false
10:05:30.305 [FXGL Background Thread 3 ] DEBUG Engine               - isGameMenuEnabled: true
10:05:30.306 [FXGL Background Thread 3 ] DEBUG Engine               - isIOS: false
10:05:30.306 [FXGL Background Thread 3 ] DEBUG Engine               - isIntroEnabled: false
10:05:30.306 [FXGL Background Thread 3 ] DEBUG Engine               - isLinux: false
10:05:30.306 [FXGL Background Thread 3 ] DEBUG Engine               - isMac: false
10:05:30.306 [FXGL Background Thread 3 ] DEBUG Engine               - isMainMenuEnabled: false
10:05:30.306 [FXGL Background Thread 3 ] DEBUG Engine               - isManualResizeEnabled: false
10:05:30.306 [FXGL Background Thread 3 ] DEBUG Engine               - isMobile: false
10:05:30.306 [FXGL Background Thread 3 ] DEBUG Engine               - isPreserveResizeRatio: false
10:05:30.307 [FXGL Background Thread 3 ] DEBUG Engine               - isProfilingEnabled: false
10:05:30.307 [FXGL Background Thread 3 ] DEBUG Engine               - isScaleAffectedOnResize: true
10:05:30.307 [FXGL Background Thread 3 ] DEBUG Engine               - isSingleStep: false
10:05:30.307 [FXGL Background Thread 3 ] DEBUG Engine               - isUserProfileEnabled: false
10:05:30.307 [FXGL Background Thread 3 ] DEBUG Engine               - isWindows: true
10:05:30.307 [FXGL Background Thread 3 ] DEBUG Engine               - language: ObjectProperty [value: ENGLISH]
10:05:30.307 [FXGL Background Thread 3 ] DEBUG Engine               - menuKey: ESCAPE
10:05:30.307 [FXGL Background Thread 3 ] DEBUG Engine               - notificationViewClass: class com.almasb.fxgl.notification.view.XboxNotificationView
10:05:30.308 [FXGL Background Thread 3 ] DEBUG Engine               - pixelsPerMeter: 50.0
10:05:30.308 [FXGL Background Thread 3 ] DEBUG Engine               - platform: WINDOWS
10:05:30.308 [FXGL Background Thread 3 ] DEBUG Engine               - prefHeightProperty: ReadOnlyDoubleProperty [value: 600.0]
10:05:30.308 [FXGL Background Thread 3 ] DEBUG Engine               - prefWidthProperty: ReadOnlyDoubleProperty [value: 800.0]
10:05:30.308 [FXGL Background Thread 3 ] DEBUG Engine               - profileDir: profiles/
10:05:30.308 [FXGL Background Thread 3 ] DEBUG Engine               - profileName: StringProperty [value: DEFAULT]
10:05:30.308 [FXGL Background Thread 3 ] DEBUG Engine               - randomSeed: -1
10:05:30.309 [FXGL Background Thread 3 ] DEBUG Engine               - runtimeInfo: RuntimeInfo(platform=WINDOWS, version=dev-SNAPSHOT, build=21.02.2021 13.59)
10:05:30.309 [FXGL Background Thread 3 ] DEBUG Engine               - saveFileExt: sav
10:05:30.309 [FXGL Background Thread 3 ] DEBUG Engine               - scaledHeightProp$fxgl: DoubleProperty [bound, value: 600.0]
10:05:30.309 [FXGL Background Thread 3 ] DEBUG Engine               - scaledWidthProp$fxgl: DoubleProperty [bound, value: 800.0]
10:05:30.309 [FXGL Background Thread 3 ] DEBUG Engine               - sceneFactory: com.almasb.fxgl.app.scene.SceneFactory@2b3ad85f
10:05:30.310 [FXGL Background Thread 3 ] DEBUG Engine               - secondsIn24h: 60
10:05:30.310 [FXGL Background Thread 3 ] DEBUG Engine               - soundMenuBack: menu/back.wav
10:05:30.310 [FXGL Background Thread 3 ] DEBUG Engine               - soundMenuPress: menu/press.wav
10:05:30.310 [FXGL Background Thread 3 ] DEBUG Engine               - soundMenuSelect: menu/select.wav
10:05:30.310 [FXGL Background Thread 3 ] DEBUG Engine               - soundNotification: core/notification.wav
10:05:30.310 [FXGL Background Thread 3 ] DEBUG Engine               - stageStyle: DECORATED
10:05:30.310 [FXGL Background Thread 3 ] DEBUG Engine               - supportedLanguages: [ENGLISH, FRENCH, GERMAN, HUNGARIAN, RUSSIAN]
10:05:30.310 [FXGL Background Thread 3 ] DEBUG Engine               - ticksPerSecond: -1
10:05:30.311 [FXGL Background Thread 3 ] DEBUG Engine               - title: Breakout
10:05:30.311 [FXGL Background Thread 3 ] DEBUG Engine               - urlGithub: https://github.com/AlmasB/FXGL
10:05:30.311 [FXGL Background Thread 3 ] DEBUG Engine               - urlLeaderboard: http://fxgl-top.herokuapp.com/
10:05:30.311 [FXGL Background Thread 3 ] DEBUG Engine               - urlPOM: https://raw.githubusercontent.com/AlmasB/FXGL/master/README.md
10:05:30.311 [FXGL Background Thread 3 ] DEBUG Engine               - userAppClass: class Game
10:05:30.311 [FXGL Background Thread 3 ] DEBUG Engine               - version: 0.0
10:05:30.311 [FXGL Background Thread 3 ] DEBUG Engine               - versionCheckDays: 7
10:05:30.311 [FXGL Background Thread 3 ] DEBUG Engine               - width: 800
10:05:30.312 [FXGL Background Thread 3 ] DEBUG Engine               - Logging services
10:05:30.312 [FXGL Background Thread 3 ] DEBUG Engine               - class com.almasb.fxgl.app.services.FXGLAssetLoaderService
10:05:30.313 [FXGL Background Thread 3 ] DEBUG Engine               - class com.almasb.fxgl.app.FXGLApplication$GameApplicationService
10:05:30.313 [FXGL Background Thread 3 ] DEBUG Engine               - class com.almasb.fxgl.app.services.FXGLDialogService
10:05:30.313 [FXGL Background Thread 3 ] DEBUG Engine               - class com.almasb.fxgl.app.services.IOTaskExecutorService
10:05:30.313 [FXGL Background Thread 3 ] DEBUG Engine               - class com.almasb.fxgl.event.EventBusService
10:05:30.313 [FXGL Background Thread 3 ] DEBUG Engine               - class com.almasb.fxgl.io.FileSystemService
10:05:30.313 [FXGL Background Thread 3 ] DEBUG Engine               - class com.almasb.fxgl.localization.LocalizationService
10:05:30.313 [FXGL Background Thread 3 ] DEBUG Engine               - class com.almasb.fxgl.app.services.SystemBundleService
10:05:30.314 [FXGL Background Thread 3 ] DEBUG Engine               - class com.almasb.fxgl.profile.SaveLoadService
10:05:30.314 [FXGL Background Thread 3 ] DEBUG Engine               - class com.almasb.fxgl.ui.FXGLUIFactoryServiceProvider
10:05:30.314 [FXGL Background Thread 3 ] DEBUG Engine               - class com.almasb.fxgl.ui.FXGLDialogFactoryServiceProvider
10:05:30.316 [FXGL Background Thread 3 ] DEBUG Engine               - class com.almasb.fxgl.audio.AudioPlayer
10:05:30.317 [FXGL Background Thread 3 ] DEBUG Engine               - class com.almasb.fxgl.notification.impl.NotificationServiceProvider
10:05:30.317 [FXGL Background Thread 3 ] DEBUG Engine               - class com.almasb.fxgl.achievement.AchievementService
10:05:30.320 [FXGL Background Thread 3 ] DEBUG Engine               - class com.almasb.fxgl.cutscene.CutsceneService
10:05:30.320 [FXGL Background Thread 3 ] DEBUG Engine               - class com.almasb.fxgl.minigames.MiniGameService
10:05:30.320 [FXGL Background Thread 3 ] DEBUG Engine               - class com.almasb.fxgl.net.NetService
10:05:30.320 [FXGL Background Thread 3 ] DEBUG Engine               - class com.almasb.fxgl.app.services.UpdaterService
10:05:30.320 [FXGL Background Thread 3 ] DEBUG Engine               - class com.almasb.fxgl.dev.DevService
10:05:57.257 [JavaFX Application Thread] DEBUG FXGLApplication      - Exiting FXGL
10:05:57.258 [JavaFX Application Thread] DEBUG LoopRunner           - Stopping loop
10:05:57.258 [JavaFX Application Thread] DEBUG SystemBundleService  - Saving FXGL system data
10:05:57.263 [JavaFX Application Thread] DEBUG FileSystemAccess     - Writing to: C:\Users\Jainfamily\AP JAVA\fxgl graphics\fxgl blank project\system\fxgl.bundle
10:05:57.269 [JavaFX Application Thread] DEBUG Async                - Shutting down background threads
10:05:57.269 [JavaFX Application Thread] DEBUG PrimaryStageWindow   - Closing main window
10:05:57.348 [JavaFX Application Thread] DEBUG Logger               - Closing Logger
