10:06:17.400 [main                     ] DEBUG Logger               - Configured Logger
10:06:17.426 [main                     ] DEBUG GameApplication      - Logging settings
Title: Breakout
Version: 0.0
Width: 800
Height: 600
Fullscreen: false
Intro: false
Profiling: false
Single step:false
App Mode: DEVELOPER
Menu Key: ESCAPE
Stage Style: DECORATED
Scene Factory: class com.almasb.fxgl.app.scene.SceneFactory

10:06:18.803 [JavaFX Application Thread] DEBUG FXGLApplication      - Initializing FXGL
10:06:18.808 [JavaFX Application Thread] INFO  Engine               - FXGL-dev-SNAPSHOT (21.02.2021 13.59) on WINDOWS (J:14.0.2 FX:15)
10:06:18.808 [JavaFX Application Thread] DEBUG Engine               - JRE Vendor Name: Oracle Corporation
10:06:18.809 [JavaFX Application Thread] DEBUG Engine               - Running on OS: Windows 10 version 10.0
10:06:18.810 [JavaFX Application Thread] DEBUG Engine               - Architecture: amd64
10:06:18.810 [JavaFX Application Thread] INFO  Engine               - Source code and latest versions at: https://github.com/AlmasB/FXGL
10:06:18.810 [JavaFX Application Thread] INFO  Engine               -              Join the FXGL chat at: https://gitter.im/AlmasB/FXGL
10:06:19.227 [JavaFX Application Thread] DEBUG PrimaryStageWindow   - Creating a JavaFX scene
10:06:19.402 [JavaFX Application Thread] DEBUG PrimaryStageWindow   - Target settings size: 800.0 x 600.0
10:06:19.402 [JavaFX Application Thread] DEBUG PrimaryStageWindow   - Scaled scene size:    800.0 x 600.0
10:06:19.403 [JavaFX Application Thread] DEBUG PrimaryStageWindow   - Scaled ratio: (1.0, 1.0)
10:06:19.408 [JavaFX Application Thread] DEBUG PrimaryStageWindow   - Set initial scene to FXGLStartupScene
10:06:19.442 [JavaFX Application Thread] DEBUG PrimaryStageWindow   - Opening main window
10:06:19.674 [JavaFX Application Thread] DEBUG PrimaryStageWindow   - Window border size: (14.4000244140625, 37.5999755859375)
10:06:19.675 [JavaFX Application Thread] DEBUG PrimaryStageWindow   - Scaled size: 800.0 x 600.0
10:06:19.675 [JavaFX Application Thread] DEBUG PrimaryStageWindow   - Scaled ratio: (1.0, 1.0)
10:06:19.676 [JavaFX Application Thread] DEBUG PrimaryStageWindow   - Scene size: 800.0 x 600.0
10:06:19.676 [JavaFX Application Thread] DEBUG PrimaryStageWindow   - Stage size: 814.4000244140625 x 637.5999755859375
10:06:19.777 [FXGL Background Thread 1 ] DEBUG Engine               - Initializing environment variables
10:06:19.848 [FXGL Background Thread 1 ] DEBUG FXGLAssetLoaderServi - User app class for loading assets: class Game
10:06:19.848 [FXGL Background Thread 1 ] DEBUG GameApplicationServi - Applying CSS: fxgl_dark.css
10:06:19.850 [FXGL Background Thread 1 ] DEBUG FXGLAssetLoaderServi - Loading from file system: jar:file:/C:/Users/Jainfamily/.m2/repository/com/github/almasb/fxgl/dev-SNAPSHOT/fxgl-dev-20210221.140046-1674.jar!/fxglassets/ui/css/fxgl_dark.css
10:06:19.964 [FXGL Background Thread 1 ] DEBUG GameApplicationServi - Initializing application scenes
10:06:20.241 [FXGL Background Thread 1 ] DEBUG GameWorld            - Game world initialized
10:06:20.388 [FXGL Background Thread 1 ] DEBUG PhysicsWorld         - Physics world initialized: appHeight=600, physics.ppm=50.0
10:06:20.388 [FXGL Background Thread 1 ] DEBUG PhysicsWorld         - Using strategy: BRUTE_FORCE
10:06:20.394 [FXGL Background Thread 1 ] DEBUG GameScene            - Game scene initialized: 800x600
10:06:20.490 [FXGL Background Thread 1 ] DEBUG FXGLAssetLoaderServi - Loading from file system: jar:file:/C:/Users/Jainfamily/.m2/repository/com/github/almasb/fxgl/dev-SNAPSHOT/fxgl-dev-20210221.140046-1674.jar!/fxglassets/textures/particles/trace_horizontal.png
10:06:20.645 [FXGL Background Thread 1 ] DEBUG FXGL.DefaultMenu     - createMenuBodyGameMenu()
10:06:20.691 [FXGL Background Thread 1 ] DEBUG FXGL.DefaultMenu     - createOptionsMenu()
10:06:20.709 [FXGL Background Thread 1 ] DEBUG FXGLAssetLoaderServi - Loading from file system: jar:file:/C:/Users/Jainfamily/.m2/repository/com/github/almasb/fxgl/dev-SNAPSHOT/fxgl-dev-20210221.140046-1674.jar!/fxglassets/textures/particles/smoke.png
10:06:20.860 [FXGL Background Thread 1 ] DEBUG GameApplicationServi - Application scenes initialized
10:06:20.891 [FXGL Background Thread 1 ] DEBUG SystemBundleService  - Loading FXGL system data
10:06:20.899 [FXGL Background Thread 1 ] DEBUG FileSystemAccess     - Reading from: C:\Users\Jainfamily\AP JAVA\fxgl graphics\fxgl blank project\system\fxgl.bundle
10:06:20.913 [FXGL Background Thread 1 ] DEBUG SystemBundleService  - Bundle FXGL: {}
10:06:20.913 [FXGL Background Thread 1 ] DEBUG UpdaterService       - Checking for updates
10:06:20.931 [FXGL Background Thread 4 ] DEBUG FXGLApplication      - Loading fonts
10:06:20.931 [FXGL Background Thread 1 ] DEBUG FXGLApplication      - Loading default localization
10:06:20.933 [FXGL Background Thread 4 ] DEBUG FXGLAssetLoaderServi - Loading from file system: jar:file:/C:/Users/Jainfamily/.m2/repository/com/github/almasb/fxgl/dev-SNAPSHOT/fxgl-dev-20210221.140046-1674.jar!/fxglassets/ui/fonts/VarelaRound-Regular.ttf
10:06:20.933 [FXGL Background Thread 1 ] DEBUG FXGLAssetLoaderServi - Loading from file system: jar:file:/C:/Users/Jainfamily/.m2/repository/com/github/almasb/fxgl/dev-SNAPSHOT/fxgl-dev-20210221.140046-1674.jar!/fxglassets/languages/english.lang
10:06:21.015 [FXGL Background Thread 1 ] INFO  FXGLApplication      - FXGL initialization took: 1.237 sec
10:06:21.035 [JavaFX Application Thread] DEBUG Input                - Registered new binding: Up 1 - W
10:06:21.036 [JavaFX Application Thread] DEBUG Input                - Registered new binding: Down 1 - S
10:06:21.036 [JavaFX Application Thread] DEBUG Input                - Registered new binding: Up 2 - Up
10:06:21.036 [JavaFX Application Thread] DEBUG Input                - Registered new binding: Down 2 - Down
10:06:21.037 [JavaFX Application Thread] DEBUG FXGLAssetLoaderServi - Loading from file system: jar:file:/C:/Users/Jainfamily/.m2/repository/com/github/almasb/fxgl/dev-SNAPSHOT/fxgl-dev-20210221.140046-1674.jar!/fxglassets/textures/fxgl_icon.png
10:06:21.093 [JavaFX Application Thread] DEBUG FXGLAssetLoaderServi - Loading from file system: jar:file:/C:/Users/Jainfamily/.m2/repository/com/github/almasb/fxgl/dev-SNAPSHOT/fxgl-dev-20210221.140046-1674.jar!/fxglassets/ui/cursors/fxgl_default.png
10:06:21.097 [JavaFX Application Thread] DEBUG Input                - Registered new binding: Screenshot - P
10:06:21.098 [JavaFX Application Thread] DEBUG Input                - Registered new binding: System info dump - CTRL+9
10:06:21.099 [JavaFX Application Thread] DEBUG Input                - Registered new binding: Restart - CTRL+R
10:06:21.100 [JavaFX Application Thread] DEBUG Input                - Registered new binding: Toggle Debug Camera - CTRL+C
10:06:21.106 [JavaFX Application Thread] DEBUG LoopRunner           - Starting loop
10:06:21.107 [JavaFX Application Thread] DEBUG LoopRunner           - Initializing JavaFX AnimationTimerLoop
10:06:21.109 [JavaFX Application Thread] DEBUG GameApplicationServi - Starting new game
10:06:21.110 [JavaFX Application Thread] DEBUG Input                - Clearing active input actions
10:06:21.150 [JavaFX Application Thread] DEBUG GameApplicationServi - Removing overlay from FXGLStartupScene and adding to FXGLLoadingScene
10:06:21.151 [JavaFX Application Thread] DEBUG PrimaryStageWindow   - FXGLStartupScene -> FXGLLoadingScene
10:06:21.151 [JavaFX Application Thread] DEBUG GameApplicationServi - Clearing previous game
10:06:21.151 [JavaFX Application Thread] DEBUG GameScene            - Clearing game scene
10:06:21.151 [JavaFX Application Thread] DEBUG GameWorld            - Clearing game world
10:06:21.152 [JavaFX Application Thread] DEBUG PhysicsWorld         - Clearing physics world
10:06:21.156 [FXGL Background Thread 1 ] DEBUG FXGLApplication      - Initializing game
10:06:21.273 [FXGL Background Thread 1 ] INFO  FXGLApplication      - Game initialization took: 0.117 sec
10:06:21.437 [JavaFX Application Thread] DEBUG Input                - Clearing active input actions
10:06:21.458 [JavaFX Application Thread] DEBUG GameApplicationServi - Removing overlay from FXGLLoadingScene and adding to GameScene
10:06:21.459 [JavaFX Application Thread] DEBUG PrimaryStageWindow   - FXGLLoadingScene -> GameScene
10:06:21.664 [FXGL Background Thread 4 ] DEBUG FXGLAssetLoaderServi - Loading from file system: jar:file:/C:/Users/Jainfamily/.m2/repository/com/github/almasb/fxgl/dev-SNAPSHOT/fxgl-dev-20210221.140046-1674.jar!/fxglassets/ui/fonts/Abel-Regular.ttf
10:06:21.679 [FXGL Background Thread 4 ] DEBUG FXGLAssetLoaderServi - Loading from file system: jar:file:/C:/Users/Jainfamily/.m2/repository/com/github/almasb/fxgl/dev-SNAPSHOT/fxgl-dev-20210221.140046-1674.jar!/fxglassets/ui/fonts/lucida_console.ttf
10:06:21.699 [FXGL Background Thread 4 ] DEBUG FXGLAssetLoaderServi - Loading from file system: jar:file:/C:/Users/Jainfamily/.m2/repository/com/github/almasb/fxgl/dev-SNAPSHOT/fxgl-dev-20210221.140046-1674.jar!/fxglassets/ui/fonts/Courier-Prime.ttf
10:06:21.727 [JavaFX Application Thread] DEBUG FXGLApplication      - Registering font factories with UI factory
10:06:22.182 [FXGL Background Thread 2 ] INFO  UpdaterService       - Your current version:  dev-SNAPSHOT
10:06:22.182 [FXGL Background Thread 2 ] INFO  UpdaterService       - Latest stable version: 11.13
10:06:23.921 [FXGL Background Thread 3 ] DEBUG Engine               - Logging environment variables
10:06:23.923 [FXGL Background Thread 3 ] DEBUG Engine               - achievements: []
10:06:23.925 [FXGL Background Thread 3 ] DEBUG Engine               - actualHeight: 600.0
10:06:23.928 [FXGL Background Thread 3 ] DEBUG Engine               - actualHeightProperty: ReadOnlyDoubleProperty [value: 600.0]
10:06:23.928 [FXGL Background Thread 3 ] DEBUG Engine               - actualWidth: 800.0
10:06:23.928 [FXGL Background Thread 3 ] DEBUG Engine               - actualWidthProperty: ReadOnlyDoubleProperty [value: 800.0]
10:06:23.929 [FXGL Background Thread 3 ] DEBUG Engine               - appIcon: fxgl_icon.png
10:06:23.929 [FXGL Background Thread 3 ] DEBUG Engine               - applicationMode: DEVELOPER
10:06:23.929 [FXGL Background Thread 3 ] DEBUG Engine               - cSSList: [fxgl_dark.css]
10:06:23.929 [FXGL Background Thread 3 ] DEBUG Engine               - collisionDetectionStrategy: BRUTE_FORCE
10:06:23.930 [FXGL Background Thread 3 ] DEBUG Engine               - configClass: Optional.empty
10:06:23.930 [FXGL Background Thread 3 ] DEBUG Engine               - credits: []
10:06:23.931 [FXGL Background Thread 3 ] DEBUG Engine               - devBBoxColorProperty: ObjectProperty [value: 0xff0000ff]
10:06:23.931 [FXGL Background Thread 3 ] DEBUG Engine               - devEnableDebugCameraProperty: BooleanProperty [value: false]
10:06:23.932 [FXGL Background Thread 3 ] DEBUG Engine               - devSensorColorProperty: ObjectProperty [value: 0xffff00ff]
10:06:23.932 [FXGL Background Thread 3 ] DEBUG Engine               - devShowBBoxProperty: BooleanProperty [value: false]
10:06:23.932 [FXGL Background Thread 3 ] DEBUG Engine               - devShowPositionProperty: BooleanProperty [value: false]
10:06:23.933 [FXGL Background Thread 3 ] DEBUG Engine               - enabledMenuItems: []
10:06:23.933 [FXGL Background Thread 3 ] DEBUG Engine               - engineServices: [class com.almasb.fxgl.app.services.FXGLAssetLoaderService, class com.almasb.fxgl.app.FXGLApplication$GameApplicationService, class com.almasb.fxgl.app.services.FXGLDialogService, class com.almasb.fxgl.app.services.IOTaskExecutorService, class com.almasb.fxgl.event.EventBusService, class com.almasb.fxgl.io.FileSystemService, class com.almasb.fxgl.localization.LocalizationService, class com.almasb.fxgl.app.services.SystemBundleService, class com.almasb.fxgl.profile.SaveLoadService, class com.almasb.fxgl.ui.FXGLUIFactoryServiceProvider, class com.almasb.fxgl.ui.FXGLDialogFactoryServiceProvider, class com.almasb.fxgl.audio.AudioPlayer, class com.almasb.fxgl.notification.impl.NotificationServiceProvider, class com.almasb.fxgl.achievement.AchievementService, class com.almasb.fxgl.cutscene.CutsceneService, class com.almasb.fxgl.minigames.MiniGameService, class com.almasb.fxgl.net.NetService, class com.almasb.fxgl.app.services.UpdaterService, class com.almasb.fxgl.dev.DevService]
10:06:23.934 [FXGL Background Thread 3 ] DEBUG Engine               - fontGame: Abel-Regular.ttf
10:06:23.934 [FXGL Background Thread 3 ] DEBUG Engine               - fontMono: lucida_console.ttf
10:06:23.934 [FXGL Background Thread 3 ] DEBUG Engine               - fontText: Courier-Prime.ttf
10:06:23.934 [FXGL Background Thread 3 ] DEBUG Engine               - fontUI: VarelaRound-Regular.ttf
10:06:23.938 [FXGL Background Thread 3 ] DEBUG Engine               - fullScreen: BooleanProperty [value: false]
10:06:23.938 [FXGL Background Thread 3 ] DEBUG Engine               - gameDifficulty: MEDIUM
10:06:23.938 [FXGL Background Thread 3 ] DEBUG Engine               - gameDifficultyProperty: ObjectProperty [value: MEDIUM]
10:06:23.939 [FXGL Background Thread 3 ] DEBUG Engine               - globalMusicVolume: 0.5
10:06:23.941 [FXGL Background Thread 3 ] DEBUG Engine               - globalMusicVolumeProperty: DoubleProperty [value: 0.5]
10:06:23.941 [FXGL Background Thread 3 ] DEBUG Engine               - globalSoundVolume: 0.5
10:06:23.942 [FXGL Background Thread 3 ] DEBUG Engine               - globalSoundVolumeProperty: DoubleProperty [value: 0.5]
10:06:23.942 [FXGL Background Thread 3 ] DEBUG Engine               - height: 600
10:06:23.942 [FXGL Background Thread 3 ] DEBUG Engine               - isAndroid: false
10:06:23.942 [FXGL Background Thread 3 ] DEBUG Engine               - isBrowser: false
10:06:23.942 [FXGL Background Thread 3 ] DEBUG Engine               - isClickFeedbackEnabled: false
10:06:23.942 [FXGL Background Thread 3 ] DEBUG Engine               - isCloseConfirmation: false
10:06:23.943 [FXGL Background Thread 3 ] DEBUG Engine               - isDesktop: true
10:06:23.943 [FXGL Background Thread 3 ] DEBUG Engine               - isDeveloperMenuEnabled: false
10:06:23.943 [FXGL Background Thread 3 ] DEBUG Engine               - isEntityPreloadEnabled: true
10:06:23.943 [FXGL Background Thread 3 ] DEBUG Engine               - isExperimental3D: false
10:06:23.943 [FXGL Background Thread 3 ] DEBUG Engine               - isExperimentalNative: false
10:06:23.943 [FXGL Background Thread 3 ] DEBUG Engine               - isExperimentalTiledLargeMap: false
10:06:23.944 [FXGL Background Thread 3 ] DEBUG Engine               - isFileSystemWriteAllowed: true
10:06:23.944 [FXGL Background Thread 3 ] DEBUG Engine               - isFullScreenAllowed: false
10:06:23.945 [FXGL Background Thread 3 ] DEBUG Engine               - isFullScreenFromStart: false
10:06:23.946 [FXGL Background Thread 3 ] DEBUG Engine               - isGameMenuEnabled: true
10:06:23.946 [FXGL Background Thread 3 ] DEBUG Engine               - isIOS: false
10:06:23.946 [FXGL Background Thread 3 ] DEBUG Engine               - isIntroEnabled: false
10:06:23.946 [FXGL Background Thread 3 ] DEBUG Engine               - isLinux: false
10:06:23.946 [FXGL Background Thread 3 ] DEBUG Engine               - isMac: false
10:06:23.947 [FXGL Background Thread 3 ] DEBUG Engine               - isMainMenuEnabled: false
10:06:23.947 [FXGL Background Thread 3 ] DEBUG Engine               - isManualResizeEnabled: false
10:06:23.947 [FXGL Background Thread 3 ] DEBUG Engine               - isMobile: false
10:06:23.947 [FXGL Background Thread 3 ] DEBUG Engine               - isPreserveResizeRatio: false
10:06:23.948 [FXGL Background Thread 3 ] DEBUG Engine               - isProfilingEnabled: false
10:06:23.948 [FXGL Background Thread 3 ] DEBUG Engine               - isScaleAffectedOnResize: true
10:06:23.948 [FXGL Background Thread 3 ] DEBUG Engine               - isSingleStep: false
10:06:23.948 [FXGL Background Thread 3 ] DEBUG Engine               - isUserProfileEnabled: false
10:06:23.948 [FXGL Background Thread 3 ] DEBUG Engine               - isWindows: true
10:06:23.949 [FXGL Background Thread 3 ] DEBUG Engine               - language: ObjectProperty [value: ENGLISH]
10:06:23.949 [FXGL Background Thread 3 ] DEBUG Engine               - menuKey: ESCAPE
10:06:23.949 [FXGL Background Thread 3 ] DEBUG Engine               - notificationViewClass: class com.almasb.fxgl.notification.view.XboxNotificationView
10:06:23.949 [FXGL Background Thread 3 ] DEBUG Engine               - pixelsPerMeter: 50.0
10:06:23.949 [FXGL Background Thread 3 ] DEBUG Engine               - platform: WINDOWS
10:06:23.950 [FXGL Background Thread 3 ] DEBUG Engine               - prefHeightProperty: ReadOnlyDoubleProperty [value: 600.0]
10:06:23.950 [FXGL Background Thread 3 ] DEBUG Engine               - prefWidthProperty: ReadOnlyDoubleProperty [value: 800.0]
10:06:23.952 [FXGL Background Thread 3 ] DEBUG Engine               - profileDir: profiles/
10:06:23.953 [FXGL Background Thread 3 ] DEBUG Engine               - profileName: StringProperty [value: DEFAULT]
10:06:23.953 [FXGL Background Thread 3 ] DEBUG Engine               - randomSeed: -1
10:06:23.957 [FXGL Background Thread 3 ] DEBUG Engine               - runtimeInfo: RuntimeInfo(platform=WINDOWS, version=dev-SNAPSHOT, build=21.02.2021 13.59)
10:06:23.957 [FXGL Background Thread 3 ] DEBUG Engine               - saveFileExt: sav
10:06:23.958 [FXGL Background Thread 3 ] DEBUG Engine               - scaledHeightProp$fxgl: DoubleProperty [bound, value: 600.0]
10:06:23.958 [FXGL Background Thread 3 ] DEBUG Engine               - scaledWidthProp$fxgl: DoubleProperty [bound, value: 800.0]
10:06:23.958 [FXGL Background Thread 3 ] DEBUG Engine               - sceneFactory: com.almasb.fxgl.app.scene.SceneFactory@38a69b33
10:06:23.959 [FXGL Background Thread 3 ] DEBUG Engine               - secondsIn24h: 60
10:06:23.959 [FXGL Background Thread 3 ] DEBUG Engine               - soundMenuBack: menu/back.wav
10:06:23.959 [FXGL Background Thread 3 ] DEBUG Engine               - soundMenuPress: menu/press.wav
10:06:23.959 [FXGL Background Thread 3 ] DEBUG Engine               - soundMenuSelect: menu/select.wav
10:06:23.959 [FXGL Background Thread 3 ] DEBUG Engine               - soundNotification: core/notification.wav
10:06:23.959 [FXGL Background Thread 3 ] DEBUG Engine               - stageStyle: DECORATED
10:06:23.960 [FXGL Background Thread 3 ] DEBUG Engine               - supportedLanguages: [ENGLISH, FRENCH, GERMAN, HUNGARIAN, RUSSIAN]
10:06:23.960 [FXGL Background Thread 3 ] DEBUG Engine               - ticksPerSecond: -1
10:06:23.960 [FXGL Background Thread 3 ] DEBUG Engine               - title: Breakout
10:06:23.960 [FXGL Background Thread 3 ] DEBUG Engine               - urlGithub: https://github.com/AlmasB/FXGL
10:06:23.960 [FXGL Background Thread 3 ] DEBUG Engine               - urlLeaderboard: http://fxgl-top.herokuapp.com/
10:06:23.960 [FXGL Background Thread 3 ] DEBUG Engine               - urlPOM: https://raw.githubusercontent.com/AlmasB/FXGL/master/README.md
10:06:23.961 [FXGL Background Thread 3 ] DEBUG Engine               - userAppClass: class Game
10:06:23.961 [FXGL Background Thread 3 ] DEBUG Engine               - version: 0.0
10:06:23.961 [FXGL Background Thread 3 ] DEBUG Engine               - versionCheckDays: 7
10:06:23.961 [FXGL Background Thread 3 ] DEBUG Engine               - width: 800
10:06:23.961 [FXGL Background Thread 3 ] DEBUG Engine               - Logging services
10:06:23.961 [FXGL Background Thread 3 ] DEBUG Engine               - class com.almasb.fxgl.app.services.FXGLAssetLoaderService
10:06:23.962 [FXGL Background Thread 3 ] DEBUG Engine               - class com.almasb.fxgl.app.FXGLApplication$GameApplicationService
10:06:23.962 [FXGL Background Thread 3 ] DEBUG Engine               - class com.almasb.fxgl.app.services.FXGLDialogService
10:06:23.962 [FXGL Background Thread 3 ] DEBUG Engine               - class com.almasb.fxgl.app.services.IOTaskExecutorService
10:06:23.962 [FXGL Background Thread 3 ] DEBUG Engine               - class com.almasb.fxgl.event.EventBusService
10:06:23.962 [FXGL Background Thread 3 ] DEBUG Engine               - class com.almasb.fxgl.io.FileSystemService
10:06:23.962 [FXGL Background Thread 3 ] DEBUG Engine               - class com.almasb.fxgl.localization.LocalizationService
10:06:23.963 [FXGL Background Thread 3 ] DEBUG Engine               - class com.almasb.fxgl.app.services.SystemBundleService
10:06:23.963 [FXGL Background Thread 3 ] DEBUG Engine               - class com.almasb.fxgl.profile.SaveLoadService
10:06:23.963 [FXGL Background Thread 3 ] DEBUG Engine               - class com.almasb.fxgl.ui.FXGLUIFactoryServiceProvider
10:06:23.963 [FXGL Background Thread 3 ] DEBUG Engine               - class com.almasb.fxgl.ui.FXGLDialogFactoryServiceProvider
10:06:23.963 [FXGL Background Thread 3 ] DEBUG Engine               - class com.almasb.fxgl.audio.AudioPlayer
10:06:23.963 [FXGL Background Thread 3 ] DEBUG Engine               - class com.almasb.fxgl.notification.impl.NotificationServiceProvider
10:06:23.963 [FXGL Background Thread 3 ] DEBUG Engine               - class com.almasb.fxgl.achievement.AchievementService
10:06:23.964 [FXGL Background Thread 3 ] DEBUG Engine               - class com.almasb.fxgl.cutscene.CutsceneService
10:06:23.964 [FXGL Background Thread 3 ] DEBUG Engine               - class com.almasb.fxgl.minigames.MiniGameService
10:06:23.964 [FXGL Background Thread 3 ] DEBUG Engine               - class com.almasb.fxgl.net.NetService
10:06:23.964 [FXGL Background Thread 3 ] DEBUG Engine               - class com.almasb.fxgl.app.services.UpdaterService
10:06:23.965 [FXGL Background Thread 3 ] DEBUG Engine               - class com.almasb.fxgl.dev.DevService
10:07:14.646 [JavaFX Application Thread] DEBUG FXGLApplication      - Exiting FXGL
10:07:14.647 [JavaFX Application Thread] DEBUG LoopRunner           - Stopping loop
10:07:14.647 [JavaFX Application Thread] DEBUG SystemBundleService  - Saving FXGL system data
10:07:14.651 [JavaFX Application Thread] DEBUG FileSystemAccess     - Writing to: C:\Users\Jainfamily\AP JAVA\fxgl graphics\fxgl blank project\system\fxgl.bundle
10:07:14.656 [JavaFX Application Thread] DEBUG Async                - Shutting down background threads
10:07:14.657 [JavaFX Application Thread] DEBUG PrimaryStageWindow   - Closing main window
10:07:14.684 [JavaFX Application Thread] DEBUG Logger               - Closing Logger
