20:55:25.397 [main                     ] DEBUG Logger               - Configured Logger
20:55:25.407 [main                     ] DEBUG GameApplication      - Logging settings
Title: test
Version: 1.0
Width: 1000
Height: 600
Fullscreen: false
Intro: false
Profiling: false
Single step:false
App Mode: DEVELOPER
Menu Key: ESCAPE
Stage Style: DECORATED
Scene Factory: class com.almasb.fxgl.app.scene.SceneFactory

20:55:38.301 [JavaFX Application Thread] DEBUG FXGLApplication      - Initializing FXGL
20:55:38.308 [JavaFX Application Thread] INFO  Engine               - FXGL-dev-SNAPSHOT (21.02.2021 13.59) on WINDOWS (J:14.0.2 FX:15)
20:55:38.308 [JavaFX Application Thread] DEBUG Engine               - JRE Vendor Name: Oracle Corporation
20:55:38.309 [JavaFX Application Thread] DEBUG Engine               - Running on OS: Windows 10 version 10.0
20:55:38.309 [JavaFX Application Thread] DEBUG Engine               - Architecture: amd64
20:55:38.309 [JavaFX Application Thread] INFO  Engine               - Source code and latest versions at: https://github.com/AlmasB/FXGL
20:55:38.309 [JavaFX Application Thread] INFO  Engine               -              Join the FXGL chat at: https://gitter.im/AlmasB/FXGL
20:55:38.534 [JavaFX Application Thread] DEBUG PrimaryStageWindow   - Creating a JavaFX scene
20:55:44.669 [JavaFX Application Thread] DEBUG PrimaryStageWindow   - Target settings size: 1000.0 x 600.0
20:55:44.669 [JavaFX Application Thread] DEBUG PrimaryStageWindow   - Scaled scene size:    1000.0 x 600.0
20:55:44.670 [JavaFX Application Thread] DEBUG PrimaryStageWindow   - Scaled ratio: (1.0, 1.0)
20:55:44.672 [JavaFX Application Thread] DEBUG PrimaryStageWindow   - Set initial scene to FXGLStartupScene
20:55:44.682 [JavaFX Application Thread] DEBUG PrimaryStageWindow   - Opening main window
20:55:44.830 [JavaFX Application Thread] DEBUG PrimaryStageWindow   - Window border size: (14.4000244140625, 37.5999755859375)
20:55:44.831 [JavaFX Application Thread] DEBUG PrimaryStageWindow   - Scaled size: 1000.0 x 600.0
20:55:44.831 [JavaFX Application Thread] DEBUG PrimaryStageWindow   - Scaled ratio: (1.0, 1.0)
20:55:44.832 [JavaFX Application Thread] DEBUG PrimaryStageWindow   - Scene size: 1000.0 x 600.0
20:55:44.832 [JavaFX Application Thread] DEBUG PrimaryStageWindow   - Stage size: 1014.4000244140625 x 637.5999755859375
20:55:44.890 [FXGL Background Thread 1 ] DEBUG Engine               - Initializing environment variables
20:55:44.959 [FXGL Background Thread 1 ] DEBUG FXGLAssetLoaderServi - User app class for loading assets: class Game
20:55:44.959 [FXGL Background Thread 1 ] DEBUG GameApplicationServi - Applying CSS: fxgl_dark.css
20:55:44.961 [FXGL Background Thread 1 ] DEBUG FXGLAssetLoaderServi - Loading from file system: jar:file:/C:/Users/Jainfamily/.m2/repository/com/github/almasb/fxgl/dev-SNAPSHOT/fxgl-dev-20210221.140046-1674.jar!/fxglassets/ui/css/fxgl_dark.css
20:55:45.043 [FXGL Background Thread 1 ] DEBUG GameApplicationServi - Initializing application scenes
20:55:45.179 [FXGL Background Thread 1 ] DEBUG GameWorld            - Game world initialized
20:55:45.289 [FXGL Background Thread 1 ] DEBUG PhysicsWorld         - Physics world initialized: appHeight=600, physics.ppm=50.0
20:55:45.290 [FXGL Background Thread 1 ] DEBUG PhysicsWorld         - Using strategy: BRUTE_FORCE
20:55:45.294 [FXGL Background Thread 1 ] DEBUG GameScene            - Game scene initialized: 1000x600
20:55:45.343 [FXGL Background Thread 1 ] DEBUG FXGLAssetLoaderServi - Loading from file system: jar:file:/C:/Users/Jainfamily/.m2/repository/com/github/almasb/fxgl/dev-SNAPSHOT/fxgl-dev-20210221.140046-1674.jar!/fxglassets/textures/particles/trace_horizontal.png
20:55:45.422 [FXGL Background Thread 1 ] DEBUG FXGL.DefaultMenu     - createMenuBodyGameMenu()
20:55:45.442 [FXGL Background Thread 1 ] DEBUG FXGL.DefaultMenu     - createOptionsMenu()
20:55:45.451 [FXGL Background Thread 1 ] DEBUG FXGLAssetLoaderServi - Loading from file system: jar:file:/C:/Users/Jainfamily/.m2/repository/com/github/almasb/fxgl/dev-SNAPSHOT/fxgl-dev-20210221.140046-1674.jar!/fxglassets/textures/particles/smoke.png
20:55:45.555 [FXGL Background Thread 1 ] DEBUG GameApplicationServi - Application scenes initialized
20:55:45.578 [FXGL Background Thread 1 ] DEBUG SystemBundleService  - Loading FXGL system data
20:55:45.585 [FXGL Background Thread 1 ] DEBUG FileSystemAccess     - Reading from: C:\Users\Jainfamily\AP JAVA\fxgl graphics\fxgl blank project\system\fxgl.bundle
20:55:45.594 [FXGL Background Thread 1 ] DEBUG SystemBundleService  - Bundle FXGL: {}
20:55:45.594 [FXGL Background Thread 1 ] DEBUG UpdaterService       - Checking for updates
20:55:45.603 [FXGL Background Thread 4 ] DEBUG FXGLApplication      - Loading fonts
20:55:45.606 [FXGL Background Thread 1 ] DEBUG FXGLApplication      - Loading default localization
20:55:45.607 [FXGL Background Thread 4 ] DEBUG FXGLAssetLoaderServi - Loading from file system: jar:file:/C:/Users/Jainfamily/.m2/repository/com/github/almasb/fxgl/dev-SNAPSHOT/fxgl-dev-20210221.140046-1674.jar!/fxglassets/ui/fonts/VarelaRound-Regular.ttf
20:55:45.607 [FXGL Background Thread 1 ] DEBUG FXGLAssetLoaderServi - Loading from file system: jar:file:/C:/Users/Jainfamily/.m2/repository/com/github/almasb/fxgl/dev-SNAPSHOT/fxgl-dev-20210221.140046-1674.jar!/fxglassets/languages/english.lang
20:55:45.653 [FXGL Background Thread 1 ] INFO  FXGLApplication      - FXGL initialization took: 0.763 sec
20:55:45.673 [JavaFX Application Thread] DEBUG Input                - Registered new binding: Up - Up
20:55:45.673 [JavaFX Application Thread] DEBUG Input                - Registered new binding: Down - Down
20:55:45.674 [JavaFX Application Thread] DEBUG Input                - Registered new binding: Left - Left
20:55:45.674 [JavaFX Application Thread] DEBUG Input                - Registered new binding: Right - Right
20:55:45.674 [JavaFX Application Thread] DEBUG Input                - Registered new binding: Up1 - W
20:55:45.675 [JavaFX Application Thread] DEBUG Input                - Registered new binding: Down1 - S
20:55:45.675 [JavaFX Application Thread] DEBUG Input                - Registered new binding: Left1 - A
20:55:45.675 [JavaFX Application Thread] DEBUG Input                - Registered new binding: Right1 - D
20:55:45.676 [JavaFX Application Thread] DEBUG FXGLAssetLoaderServi - Loading from file system: jar:file:/C:/Users/Jainfamily/.m2/repository/com/github/almasb/fxgl/dev-SNAPSHOT/fxgl-dev-20210221.140046-1674.jar!/fxglassets/textures/fxgl_icon.png
20:55:45.724 [JavaFX Application Thread] DEBUG FXGLAssetLoaderServi - Loading from file system: jar:file:/C:/Users/Jainfamily/.m2/repository/com/github/almasb/fxgl/dev-SNAPSHOT/fxgl-dev-20210221.140046-1674.jar!/fxglassets/ui/cursors/fxgl_default.png
20:55:45.729 [JavaFX Application Thread] DEBUG Input                - Registered new binding: Screenshot - P
20:55:45.730 [JavaFX Application Thread] DEBUG Input                - Registered new binding: System info dump - CTRL+9
20:55:45.731 [JavaFX Application Thread] DEBUG Input                - Registered new binding: Restart - CTRL+R
20:55:45.732 [JavaFX Application Thread] DEBUG Input                - Registered new binding: Toggle Debug Camera - CTRL+C
20:55:45.737 [JavaFX Application Thread] DEBUG LoopRunner           - Starting loop
20:55:45.738 [JavaFX Application Thread] DEBUG LoopRunner           - Initializing JavaFX AnimationTimerLoop
20:55:45.740 [JavaFX Application Thread] DEBUG GameApplicationServi - Starting new game
20:55:45.741 [JavaFX Application Thread] DEBUG Input                - Clearing active input actions
20:55:45.764 [JavaFX Application Thread] DEBUG GameApplicationServi - Removing overlay from FXGLStartupScene and adding to FXGLLoadingScene
20:55:45.765 [JavaFX Application Thread] DEBUG PrimaryStageWindow   - FXGLStartupScene -> FXGLLoadingScene
20:55:45.765 [JavaFX Application Thread] DEBUG GameApplicationServi - Clearing previous game
20:55:45.765 [JavaFX Application Thread] DEBUG GameScene            - Clearing game scene
20:55:45.765 [JavaFX Application Thread] DEBUG GameWorld            - Clearing game world
20:55:45.765 [JavaFX Application Thread] DEBUG PhysicsWorld         - Clearing physics world
20:55:45.768 [FXGL Background Thread 1 ] DEBUG FXGLApplication      - Initializing game
20:55:45.775 [FXGL Background Thread 1 ] WARN  FXGLAssetLoaderServi - Asset "/assets/textures/block.png" was not found!
20:55:45.775 [FXGL Background Thread 1 ] WARN  FXGLAssetLoaderServi - Failed to load IMAGE
20:55:46.049 [FXGL Background Thread 4 ] DEBUG FXGLAssetLoaderServi - Loading from file system: jar:file:/C:/Users/Jainfamily/.m2/repository/com/github/almasb/fxgl/dev-SNAPSHOT/fxgl-dev-20210221.140046-1674.jar!/fxglassets/ui/fonts/Abel-Regular.ttf
20:55:46.063 [FXGL Background Thread 4 ] DEBUG FXGLAssetLoaderServi - Loading from file system: jar:file:/C:/Users/Jainfamily/.m2/repository/com/github/almasb/fxgl/dev-SNAPSHOT/fxgl-dev-20210221.140046-1674.jar!/fxglassets/ui/fonts/lucida_console.ttf
20:55:46.077 [FXGL Background Thread 4 ] DEBUG FXGLAssetLoaderServi - Loading from file system: jar:file:/C:/Users/Jainfamily/.m2/repository/com/github/almasb/fxgl/dev-SNAPSHOT/fxgl-dev-20210221.140046-1674.jar!/fxglassets/ui/fonts/Courier-Prime.ttf
20:55:46.125 [JavaFX Application Thread] DEBUG FXGLApplication      - Registering font factories with UI factory
20:55:46.148 [FXGL Background Thread 1 ] WARN  FXGLAssetLoaderServi - Asset "/assets/textures/block.png" was not found!
20:55:46.148 [FXGL Background Thread 1 ] WARN  FXGLAssetLoaderServi - Failed to load IMAGE
20:55:46.151 [FXGL Background Thread 1 ] INFO  FXGLApplication      - Game initialization took: 0.383 sec
20:55:46.219 [JavaFX Application Thread] DEBUG Input                - Clearing active input actions
20:55:46.239 [JavaFX Application Thread] DEBUG GameApplicationServi - Removing overlay from FXGLLoadingScene and adding to GameScene
20:55:46.239 [JavaFX Application Thread] DEBUG PrimaryStageWindow   - FXGLLoadingScene -> GameScene
20:55:46.483 [FXGL Background Thread 2 ] INFO  UpdaterService       - Your current version:  dev-SNAPSHOT
20:55:46.484 [FXGL Background Thread 2 ] INFO  UpdaterService       - Latest stable version: 11.13
20:55:48.599 [FXGL Background Thread 3 ] DEBUG Engine               - Logging environment variables
20:55:48.600 [FXGL Background Thread 3 ] DEBUG Engine               - achievements: []
20:55:48.601 [FXGL Background Thread 3 ] DEBUG Engine               - actualHeight: 600.0
20:55:48.601 [FXGL Background Thread 3 ] DEBUG Engine               - actualHeightProperty: ReadOnlyDoubleProperty [value: 600.0]
20:55:48.602 [FXGL Background Thread 3 ] DEBUG Engine               - actualWidth: 1000.0
20:55:48.603 [FXGL Background Thread 3 ] DEBUG Engine               - actualWidthProperty: ReadOnlyDoubleProperty [value: 1000.0]
20:55:48.603 [FXGL Background Thread 3 ] DEBUG Engine               - appIcon: fxgl_icon.png
20:55:48.604 [FXGL Background Thread 3 ] DEBUG Engine               - applicationMode: DEVELOPER
20:55:48.605 [FXGL Background Thread 3 ] DEBUG Engine               - cSSList: [fxgl_dark.css]
20:55:48.606 [FXGL Background Thread 3 ] DEBUG Engine               - collisionDetectionStrategy: BRUTE_FORCE
20:55:48.606 [FXGL Background Thread 3 ] DEBUG Engine               - configClass: Optional.empty
20:55:48.606 [FXGL Background Thread 3 ] DEBUG Engine               - credits: []
20:55:48.607 [FXGL Background Thread 3 ] DEBUG Engine               - devBBoxColorProperty: ObjectProperty [value: 0xff0000ff]
20:55:48.607 [FXGL Background Thread 3 ] DEBUG Engine               - devEnableDebugCameraProperty: BooleanProperty [value: false]
20:55:48.608 [FXGL Background Thread 3 ] DEBUG Engine               - devSensorColorProperty: ObjectProperty [value: 0xffff00ff]
20:55:48.608 [FXGL Background Thread 3 ] DEBUG Engine               - devShowBBoxProperty: BooleanProperty [value: false]
20:55:48.608 [FXGL Background Thread 3 ] DEBUG Engine               - devShowPositionProperty: BooleanProperty [value: false]
20:55:48.609 [FXGL Background Thread 3 ] DEBUG Engine               - enabledMenuItems: []
20:55:48.609 [FXGL Background Thread 3 ] DEBUG Engine               - engineServices: [class com.almasb.fxgl.app.services.FXGLAssetLoaderService, class com.almasb.fxgl.app.FXGLApplication$GameApplicationService, class com.almasb.fxgl.app.services.FXGLDialogService, class com.almasb.fxgl.app.services.IOTaskExecutorService, class com.almasb.fxgl.event.EventBusService, class com.almasb.fxgl.io.FileSystemService, class com.almasb.fxgl.localization.LocalizationService, class com.almasb.fxgl.app.services.SystemBundleService, class com.almasb.fxgl.profile.SaveLoadService, class com.almasb.fxgl.ui.FXGLUIFactoryServiceProvider, class com.almasb.fxgl.ui.FXGLDialogFactoryServiceProvider, class com.almasb.fxgl.audio.AudioPlayer, class com.almasb.fxgl.notification.impl.NotificationServiceProvider, class com.almasb.fxgl.achievement.AchievementService, class com.almasb.fxgl.cutscene.CutsceneService, class com.almasb.fxgl.minigames.MiniGameService, class com.almasb.fxgl.net.NetService, class com.almasb.fxgl.app.services.UpdaterService, class com.almasb.fxgl.dev.DevService]
20:55:48.609 [FXGL Background Thread 3 ] DEBUG Engine               - fontGame: Abel-Regular.ttf
20:55:48.610 [FXGL Background Thread 3 ] DEBUG Engine               - fontMono: lucida_console.ttf
20:55:48.610 [FXGL Background Thread 3 ] DEBUG Engine               - fontText: Courier-Prime.ttf
20:55:48.610 [FXGL Background Thread 3 ] DEBUG Engine               - fontUI: VarelaRound-Regular.ttf
20:55:48.610 [FXGL Background Thread 3 ] DEBUG Engine               - fullScreen: BooleanProperty [value: false]
20:55:48.610 [FXGL Background Thread 3 ] DEBUG Engine               - gameDifficulty: MEDIUM
20:55:48.611 [FXGL Background Thread 3 ] DEBUG Engine               - gameDifficultyProperty: ObjectProperty [value: MEDIUM]
20:55:48.611 [FXGL Background Thread 3 ] DEBUG Engine               - globalMusicVolume: 0.5
20:55:48.611 [FXGL Background Thread 3 ] DEBUG Engine               - globalMusicVolumeProperty: DoubleProperty [value: 0.5]
20:55:48.612 [FXGL Background Thread 3 ] DEBUG Engine               - globalSoundVolume: 0.5
20:55:48.612 [FXGL Background Thread 3 ] DEBUG Engine               - globalSoundVolumeProperty: DoubleProperty [value: 0.5]
20:55:48.612 [FXGL Background Thread 3 ] DEBUG Engine               - height: 600
20:55:48.612 [FXGL Background Thread 3 ] DEBUG Engine               - isAndroid: false
20:55:48.613 [FXGL Background Thread 3 ] DEBUG Engine               - isBrowser: false
20:55:48.613 [FXGL Background Thread 3 ] DEBUG Engine               - isClickFeedbackEnabled: false
20:55:48.613 [FXGL Background Thread 3 ] DEBUG Engine               - isCloseConfirmation: false
20:55:48.613 [FXGL Background Thread 3 ] DEBUG Engine               - isDesktop: true
20:55:48.613 [FXGL Background Thread 3 ] DEBUG Engine               - isDeveloperMenuEnabled: false
20:55:48.614 [FXGL Background Thread 3 ] DEBUG Engine               - isEntityPreloadEnabled: true
20:55:48.614 [FXGL Background Thread 3 ] DEBUG Engine               - isExperimental3D: false
20:55:48.614 [FXGL Background Thread 3 ] DEBUG Engine               - isExperimentalNative: false
20:55:48.614 [FXGL Background Thread 3 ] DEBUG Engine               - isExperimentalTiledLargeMap: false
20:55:48.615 [FXGL Background Thread 3 ] DEBUG Engine               - isFileSystemWriteAllowed: true
20:55:48.615 [FXGL Background Thread 3 ] DEBUG Engine               - isFullScreenAllowed: false
20:55:48.615 [FXGL Background Thread 3 ] DEBUG Engine               - isFullScreenFromStart: false
20:55:48.615 [FXGL Background Thread 3 ] DEBUG Engine               - isGameMenuEnabled: true
20:55:48.616 [FXGL Background Thread 3 ] DEBUG Engine               - isIOS: false
20:55:48.616 [FXGL Background Thread 3 ] DEBUG Engine               - isIntroEnabled: false
20:55:48.616 [FXGL Background Thread 3 ] DEBUG Engine               - isLinux: false
20:55:48.617 [FXGL Background Thread 3 ] DEBUG Engine               - isMac: false
20:55:48.617 [FXGL Background Thread 3 ] DEBUG Engine               - isMainMenuEnabled: false
20:55:48.617 [FXGL Background Thread 3 ] DEBUG Engine               - isManualResizeEnabled: false
20:55:48.617 [FXGL Background Thread 3 ] DEBUG Engine               - isMobile: false
20:55:48.618 [FXGL Background Thread 3 ] DEBUG Engine               - isPreserveResizeRatio: false
20:55:48.618 [FXGL Background Thread 3 ] DEBUG Engine               - isProfilingEnabled: false
20:55:48.618 [FXGL Background Thread 3 ] DEBUG Engine               - isScaleAffectedOnResize: true
20:55:48.618 [FXGL Background Thread 3 ] DEBUG Engine               - isSingleStep: false
20:55:48.619 [FXGL Background Thread 3 ] DEBUG Engine               - isUserProfileEnabled: false
20:55:48.620 [FXGL Background Thread 3 ] DEBUG Engine               - isWindows: true
20:55:48.621 [FXGL Background Thread 3 ] DEBUG Engine               - language: ObjectProperty [value: ENGLISH]
20:55:48.622 [FXGL Background Thread 3 ] DEBUG Engine               - menuKey: ESCAPE
20:55:48.623 [FXGL Background Thread 3 ] DEBUG Engine               - notificationViewClass: class com.almasb.fxgl.notification.view.XboxNotificationView
20:55:48.623 [FXGL Background Thread 3 ] DEBUG Engine               - pixelsPerMeter: 50.0
20:55:48.623 [FXGL Background Thread 3 ] DEBUG Engine               - platform: WINDOWS
20:55:48.623 [FXGL Background Thread 3 ] DEBUG Engine               - prefHeightProperty: ReadOnlyDoubleProperty [value: 600.0]
20:55:48.624 [FXGL Background Thread 3 ] DEBUG Engine               - prefWidthProperty: ReadOnlyDoubleProperty [value: 1000.0]
20:55:48.624 [FXGL Background Thread 3 ] DEBUG Engine               - profileDir: profiles/
20:55:48.624 [FXGL Background Thread 3 ] DEBUG Engine               - profileName: StringProperty [value: DEFAULT]
20:55:48.624 [FXGL Background Thread 3 ] DEBUG Engine               - randomSeed: -1
20:55:48.625 [FXGL Background Thread 3 ] DEBUG Engine               - runtimeInfo: RuntimeInfo(platform=WINDOWS, version=dev-SNAPSHOT, build=21.02.2021 13.59)
20:55:48.625 [FXGL Background Thread 3 ] DEBUG Engine               - saveFileExt: sav
20:55:48.625 [FXGL Background Thread 3 ] DEBUG Engine               - scaledHeightProp$fxgl: DoubleProperty [bound, value: 600.0]
20:55:48.625 [FXGL Background Thread 3 ] DEBUG Engine               - scaledWidthProp$fxgl: DoubleProperty [bound, value: 1000.0]
20:55:48.625 [FXGL Background Thread 3 ] DEBUG Engine               - sceneFactory: com.almasb.fxgl.app.scene.SceneFactory@10d91132
20:55:48.626 [FXGL Background Thread 3 ] DEBUG Engine               - secondsIn24h: 60
20:55:48.626 [FXGL Background Thread 3 ] DEBUG Engine               - soundMenuBack: menu/back.wav
20:55:48.626 [FXGL Background Thread 3 ] DEBUG Engine               - soundMenuPress: menu/press.wav
20:55:48.626 [FXGL Background Thread 3 ] DEBUG Engine               - soundMenuSelect: menu/select.wav
20:55:48.626 [FXGL Background Thread 3 ] DEBUG Engine               - soundNotification: core/notification.wav
20:55:48.627 [FXGL Background Thread 3 ] DEBUG Engine               - stageStyle: DECORATED
20:55:48.627 [FXGL Background Thread 3 ] DEBUG Engine               - supportedLanguages: [ENGLISH, FRENCH, GERMAN, HUNGARIAN, RUSSIAN]
20:55:48.627 [FXGL Background Thread 3 ] DEBUG Engine               - ticksPerSecond: -1
20:55:48.627 [FXGL Background Thread 3 ] DEBUG Engine               - title: test
20:55:48.627 [FXGL Background Thread 3 ] DEBUG Engine               - urlGithub: https://github.com/AlmasB/FXGL
20:55:48.628 [FXGL Background Thread 3 ] DEBUG Engine               - urlLeaderboard: http://fxgl-top.herokuapp.com/
20:55:48.628 [FXGL Background Thread 3 ] DEBUG Engine               - urlPOM: https://raw.githubusercontent.com/AlmasB/FXGL/master/README.md
20:55:48.628 [FXGL Background Thread 3 ] DEBUG Engine               - userAppClass: class Game
20:55:48.628 [FXGL Background Thread 3 ] DEBUG Engine               - version: 1.0
20:55:48.628 [FXGL Background Thread 3 ] DEBUG Engine               - versionCheckDays: 7
20:55:48.628 [FXGL Background Thread 3 ] DEBUG Engine               - width: 1000
20:55:48.629 [FXGL Background Thread 3 ] DEBUG Engine               - Logging services
20:55:48.629 [FXGL Background Thread 3 ] DEBUG Engine               - class com.almasb.fxgl.app.services.FXGLAssetLoaderService
20:55:48.629 [FXGL Background Thread 3 ] DEBUG Engine               - class com.almasb.fxgl.app.FXGLApplication$GameApplicationService
20:55:48.629 [FXGL Background Thread 3 ] DEBUG Engine               - class com.almasb.fxgl.app.services.FXGLDialogService
20:55:48.630 [FXGL Background Thread 3 ] DEBUG Engine               - class com.almasb.fxgl.app.services.IOTaskExecutorService
20:55:48.630 [FXGL Background Thread 3 ] DEBUG Engine               - class com.almasb.fxgl.event.EventBusService
20:55:48.630 [FXGL Background Thread 3 ] DEBUG Engine               - class com.almasb.fxgl.io.FileSystemService
20:55:48.630 [FXGL Background Thread 3 ] DEBUG Engine               - class com.almasb.fxgl.localization.LocalizationService
20:55:48.630 [FXGL Background Thread 3 ] DEBUG Engine               - class com.almasb.fxgl.app.services.SystemBundleService
20:55:48.630 [FXGL Background Thread 3 ] DEBUG Engine               - class com.almasb.fxgl.profile.SaveLoadService
20:55:48.631 [FXGL Background Thread 3 ] DEBUG Engine               - class com.almasb.fxgl.ui.FXGLUIFactoryServiceProvider
20:55:48.631 [FXGL Background Thread 3 ] DEBUG Engine               - class com.almasb.fxgl.ui.FXGLDialogFactoryServiceProvider
20:55:48.631 [FXGL Background Thread 3 ] DEBUG Engine               - class com.almasb.fxgl.audio.AudioPlayer
20:55:48.631 [FXGL Background Thread 3 ] DEBUG Engine               - class com.almasb.fxgl.notification.impl.NotificationServiceProvider
20:55:48.631 [FXGL Background Thread 3 ] DEBUG Engine               - class com.almasb.fxgl.achievement.AchievementService
20:55:48.631 [FXGL Background Thread 3 ] DEBUG Engine               - class com.almasb.fxgl.cutscene.CutsceneService
20:55:48.631 [FXGL Background Thread 3 ] DEBUG Engine               - class com.almasb.fxgl.minigames.MiniGameService
20:55:48.631 [FXGL Background Thread 3 ] DEBUG Engine               - class com.almasb.fxgl.net.NetService
20:55:48.632 [FXGL Background Thread 3 ] DEBUG Engine               - class com.almasb.fxgl.app.services.UpdaterService
20:55:48.632 [FXGL Background Thread 3 ] DEBUG Engine               - class com.almasb.fxgl.dev.DevService
20:55:54.056 [JavaFX Application Thread] DEBUG FXGLApplication      - Exiting FXGL
20:55:54.057 [JavaFX Application Thread] DEBUG LoopRunner           - Stopping loop
20:55:54.058 [JavaFX Application Thread] DEBUG SystemBundleService  - Saving FXGL system data
20:55:54.066 [JavaFX Application Thread] DEBUG FileSystemAccess     - Writing to: C:\Users\Jainfamily\AP JAVA\fxgl graphics\fxgl blank project\system\fxgl.bundle
20:55:54.076 [JavaFX Application Thread] DEBUG Async                - Shutting down background threads
20:55:54.076 [JavaFX Application Thread] DEBUG PrimaryStageWindow   - Closing main window
20:55:54.111 [JavaFX Application Thread] DEBUG Logger               - Closing Logger
