10:23:56.262 [main                     ] DEBUG Logger               - Configured Logger
10:23:56.276 [main                     ] DEBUG GameApplication      - Logging settings
Title: test
Version: 1.0
Width: 1000
Height: 600
Fullscreen: false
Intro: false
Profiling: false
Single step:false
App Mode: DEVELOPER
Menu Key: ESCAPE
Stage Style: DECORATED
Scene Factory: class com.almasb.fxgl.app.scene.SceneFactory

10:23:57.521 [JavaFX Application Thread] DEBUG FXGLApplication      - Initializing FXGL
10:23:57.528 [JavaFX Application Thread] INFO  Engine               - FXGL-dev-SNAPSHOT (21.02.2021 13.59) on WINDOWS (J:14.0.2 FX:15)
10:23:57.529 [JavaFX Application Thread] DEBUG Engine               - JRE Vendor Name: Oracle Corporation
10:23:57.529 [JavaFX Application Thread] DEBUG Engine               - Running on OS: Windows 10 version 10.0
10:23:57.530 [JavaFX Application Thread] DEBUG Engine               - Architecture: amd64
10:23:57.530 [JavaFX Application Thread] INFO  Engine               - Source code and latest versions at: https://github.com/AlmasB/FXGL
10:23:57.530 [JavaFX Application Thread] INFO  Engine               -              Join the FXGL chat at: https://gitter.im/AlmasB/FXGL
10:23:58.158 [JavaFX Application Thread] DEBUG PrimaryStageWindow   - Creating a JavaFX scene
10:23:58.375 [JavaFX Application Thread] DEBUG PrimaryStageWindow   - Target settings size: 1000.0 x 600.0
10:23:58.375 [JavaFX Application Thread] DEBUG PrimaryStageWindow   - Scaled scene size:    1000.0 x 600.0
10:23:58.376 [JavaFX Application Thread] DEBUG PrimaryStageWindow   - Scaled ratio: (1.0, 1.0)
10:23:58.378 [JavaFX Application Thread] DEBUG PrimaryStageWindow   - Set initial scene to FXGLStartupScene
10:23:58.397 [JavaFX Application Thread] DEBUG PrimaryStageWindow   - Opening main window
10:23:58.674 [JavaFX Application Thread] DEBUG PrimaryStageWindow   - Window border size: (14.4000244140625, 37.5999755859375)
10:23:58.675 [JavaFX Application Thread] DEBUG PrimaryStageWindow   - Scaled size: 1000.0 x 600.0
10:23:58.675 [JavaFX Application Thread] DEBUG PrimaryStageWindow   - Scaled ratio: (1.0, 1.0)
10:23:58.676 [JavaFX Application Thread] DEBUG PrimaryStageWindow   - Scene size: 1000.0 x 600.0
10:23:58.676 [JavaFX Application Thread] DEBUG PrimaryStageWindow   - Stage size: 1014.4000244140625 x 637.5999755859375
10:23:58.770 [FXGL Background Thread 1 ] DEBUG Engine               - Initializing environment variables
10:23:58.845 [FXGL Background Thread 1 ] DEBUG FXGLAssetLoaderServi - User app class for loading assets: class Game
10:23:58.845 [FXGL Background Thread 1 ] DEBUG GameApplicationServi - Applying CSS: fxgl_dark.css
10:23:58.848 [FXGL Background Thread 1 ] DEBUG FXGLAssetLoaderServi - Loading from file system: jar:file:/C:/Users/Jainfamily/.m2/repository/com/github/almasb/fxgl/dev-SNAPSHOT/fxgl-dev-20210221.140046-1674.jar!/fxglassets/ui/css/fxgl_dark.css
10:23:58.961 [FXGL Background Thread 1 ] DEBUG GameApplicationServi - Initializing application scenes
10:23:59.279 [FXGL Background Thread 1 ] DEBUG GameWorld            - Game world initialized
10:23:59.428 [FXGL Background Thread 1 ] DEBUG PhysicsWorld         - Physics world initialized: appHeight=600, physics.ppm=50.0
10:23:59.430 [FXGL Background Thread 1 ] DEBUG PhysicsWorld         - Using strategy: BRUTE_FORCE
10:23:59.436 [FXGL Background Thread 1 ] DEBUG GameScene            - Game scene initialized: 1000x600
10:23:59.515 [FXGL Background Thread 1 ] DEBUG FXGLAssetLoaderServi - Loading from file system: jar:file:/C:/Users/Jainfamily/.m2/repository/com/github/almasb/fxgl/dev-SNAPSHOT/fxgl-dev-20210221.140046-1674.jar!/fxglassets/textures/particles/trace_horizontal.png
10:23:59.654 [FXGL Background Thread 1 ] DEBUG FXGL.DefaultMenu     - createMenuBodyGameMenu()
10:23:59.695 [FXGL Background Thread 1 ] DEBUG FXGL.DefaultMenu     - createOptionsMenu()
10:23:59.710 [FXGL Background Thread 1 ] DEBUG FXGLAssetLoaderServi - Loading from file system: jar:file:/C:/Users/Jainfamily/.m2/repository/com/github/almasb/fxgl/dev-SNAPSHOT/fxgl-dev-20210221.140046-1674.jar!/fxglassets/textures/particles/smoke.png
10:23:59.839 [FXGL Background Thread 1 ] DEBUG GameApplicationServi - Application scenes initialized
10:23:59.874 [FXGL Background Thread 1 ] DEBUG SystemBundleService  - Loading FXGL system data
10:23:59.881 [FXGL Background Thread 1 ] DEBUG FileSystemAccess     - Reading from: C:\Users\Jainfamily\AP JAVA\fxgl graphics\fxgl blank project\system\fxgl.bundle
10:23:59.897 [FXGL Background Thread 1 ] DEBUG SystemBundleService  - Bundle FXGL: {}
10:23:59.897 [FXGL Background Thread 1 ] DEBUG UpdaterService       - Checking for updates
10:23:59.909 [FXGL Background Thread 4 ] DEBUG FXGLApplication      - Loading fonts
10:23:59.910 [FXGL Background Thread 4 ] DEBUG FXGLAssetLoaderServi - Loading from file system: jar:file:/C:/Users/Jainfamily/.m2/repository/com/github/almasb/fxgl/dev-SNAPSHOT/fxgl-dev-20210221.140046-1674.jar!/fxglassets/ui/fonts/VarelaRound-Regular.ttf
10:23:59.911 [FXGL Background Thread 1 ] DEBUG FXGLApplication      - Loading default localization
10:23:59.913 [FXGL Background Thread 1 ] DEBUG FXGLAssetLoaderServi - Loading from file system: jar:file:/C:/Users/Jainfamily/.m2/repository/com/github/almasb/fxgl/dev-SNAPSHOT/fxgl-dev-20210221.140046-1674.jar!/fxglassets/languages/english.lang
10:23:59.961 [FXGL Background Thread 1 ] INFO  FXGLApplication      - FXGL initialization took: 1.191 sec
10:23:59.984 [JavaFX Application Thread] DEBUG Input                - Registered new binding: Up - Up
10:23:59.984 [JavaFX Application Thread] DEBUG Input                - Registered new binding: Down - Down
10:23:59.985 [JavaFX Application Thread] DEBUG Input                - Registered new binding: Left - Left
10:23:59.985 [JavaFX Application Thread] DEBUG Input                - Registered new binding: Right - Right
10:23:59.985 [JavaFX Application Thread] DEBUG Input                - Registered new binding: Up1 - W
10:23:59.985 [JavaFX Application Thread] DEBUG Input                - Registered new binding: Down1 - S
10:23:59.985 [JavaFX Application Thread] DEBUG Input                - Registered new binding: Left1 - A
10:23:59.986 [JavaFX Application Thread] DEBUG Input                - Registered new binding: Right1 - D
10:23:59.987 [JavaFX Application Thread] DEBUG FXGLAssetLoaderServi - Loading from file system: jar:file:/C:/Users/Jainfamily/.m2/repository/com/github/almasb/fxgl/dev-SNAPSHOT/fxgl-dev-20210221.140046-1674.jar!/fxglassets/textures/fxgl_icon.png
10:24:00.043 [JavaFX Application Thread] DEBUG FXGLAssetLoaderServi - Loading from file system: jar:file:/C:/Users/Jainfamily/.m2/repository/com/github/almasb/fxgl/dev-SNAPSHOT/fxgl-dev-20210221.140046-1674.jar!/fxglassets/ui/cursors/fxgl_default.png
10:24:00.048 [JavaFX Application Thread] DEBUG Input                - Registered new binding: Screenshot - P
10:24:00.050 [JavaFX Application Thread] DEBUG Input                - Registered new binding: System info dump - CTRL+9
10:24:00.052 [JavaFX Application Thread] DEBUG Input                - Registered new binding: Restart - CTRL+R
10:24:00.053 [JavaFX Application Thread] DEBUG Input                - Registered new binding: Toggle Debug Camera - CTRL+C
10:24:00.058 [JavaFX Application Thread] DEBUG LoopRunner           - Starting loop
10:24:00.058 [JavaFX Application Thread] DEBUG LoopRunner           - Initializing JavaFX AnimationTimerLoop
10:24:00.062 [JavaFX Application Thread] DEBUG GameApplicationServi - Starting new game
10:24:00.063 [JavaFX Application Thread] DEBUG Input                - Clearing active input actions
10:24:00.084 [JavaFX Application Thread] DEBUG GameApplicationServi - Removing overlay from FXGLStartupScene and adding to FXGLLoadingScene
10:24:00.085 [JavaFX Application Thread] DEBUG PrimaryStageWindow   - FXGLStartupScene -> FXGLLoadingScene
10:24:00.085 [JavaFX Application Thread] DEBUG GameApplicationServi - Clearing previous game
10:24:00.085 [JavaFX Application Thread] DEBUG GameScene            - Clearing game scene
10:24:00.085 [JavaFX Application Thread] DEBUG GameWorld            - Clearing game world
10:24:00.085 [JavaFX Application Thread] DEBUG PhysicsWorld         - Clearing physics world
10:24:00.087 [FXGL Background Thread 1 ] DEBUG FXGLApplication      - Initializing game
10:24:00.093 [FXGL Background Thread 1 ] DEBUG FXGLAssetLoaderServi - Loading from file system: file:/C:/Users/Jainfamily/AP%20JAVA/fxgl%20graphics/fxgl%20blank%20project/target/classes/assets/textures/block.png
10:24:00.248 [FXGL Background Thread 1 ] INFO  FXGLApplication      - Game initialization took: 0.161 sec
10:24:00.411 [JavaFX Application Thread] DEBUG Input                - Clearing active input actions
10:24:00.431 [JavaFX Application Thread] DEBUG GameApplicationServi - Removing overlay from FXGLLoadingScene and adding to GameScene
10:24:00.432 [JavaFX Application Thread] DEBUG PrimaryStageWindow   - FXGLLoadingScene -> GameScene
10:24:00.591 [FXGL Background Thread 4 ] DEBUG FXGLAssetLoaderServi - Loading from file system: jar:file:/C:/Users/Jainfamily/.m2/repository/com/github/almasb/fxgl/dev-SNAPSHOT/fxgl-dev-20210221.140046-1674.jar!/fxglassets/ui/fonts/Abel-Regular.ttf
10:24:00.601 [FXGL Background Thread 4 ] DEBUG FXGLAssetLoaderServi - Loading from file system: jar:file:/C:/Users/Jainfamily/.m2/repository/com/github/almasb/fxgl/dev-SNAPSHOT/fxgl-dev-20210221.140046-1674.jar!/fxglassets/ui/fonts/lucida_console.ttf
10:24:00.617 [FXGL Background Thread 4 ] DEBUG FXGLAssetLoaderServi - Loading from file system: jar:file:/C:/Users/Jainfamily/.m2/repository/com/github/almasb/fxgl/dev-SNAPSHOT/fxgl-dev-20210221.140046-1674.jar!/fxglassets/ui/fonts/Courier-Prime.ttf
10:24:00.637 [JavaFX Application Thread] DEBUG FXGLApplication      - Registering font factories with UI factory
10:24:00.993 [FXGL Background Thread 2 ] INFO  UpdaterService       - Your current version:  dev-SNAPSHOT
10:24:00.994 [FXGL Background Thread 2 ] INFO  UpdaterService       - Latest stable version: 11.13
10:24:02.905 [FXGL Background Thread 3 ] DEBUG Engine               - Logging environment variables
10:24:02.906 [FXGL Background Thread 3 ] DEBUG Engine               - achievements: []
10:24:02.906 [FXGL Background Thread 3 ] DEBUG Engine               - actualHeight: 600.0
10:24:02.906 [FXGL Background Thread 3 ] DEBUG Engine               - actualHeightProperty: ReadOnlyDoubleProperty [value: 600.0]
10:24:02.907 [FXGL Background Thread 3 ] DEBUG Engine               - actualWidth: 1000.0
10:24:02.907 [FXGL Background Thread 3 ] DEBUG Engine               - actualWidthProperty: ReadOnlyDoubleProperty [value: 1000.0]
10:24:02.907 [FXGL Background Thread 3 ] DEBUG Engine               - appIcon: fxgl_icon.png
10:24:02.907 [FXGL Background Thread 3 ] DEBUG Engine               - applicationMode: DEVELOPER
10:24:02.908 [FXGL Background Thread 3 ] DEBUG Engine               - cSSList: [fxgl_dark.css]
10:24:02.908 [FXGL Background Thread 3 ] DEBUG Engine               - collisionDetectionStrategy: BRUTE_FORCE
10:24:02.908 [FXGL Background Thread 3 ] DEBUG Engine               - configClass: Optional.empty
10:24:02.908 [FXGL Background Thread 3 ] DEBUG Engine               - credits: []
10:24:02.909 [FXGL Background Thread 3 ] DEBUG Engine               - devBBoxColorProperty: ObjectProperty [value: 0xff0000ff]
10:24:02.909 [FXGL Background Thread 3 ] DEBUG Engine               - devEnableDebugCameraProperty: BooleanProperty [value: false]
10:24:02.909 [FXGL Background Thread 3 ] DEBUG Engine               - devSensorColorProperty: ObjectProperty [value: 0xffff00ff]
10:24:02.909 [FXGL Background Thread 3 ] DEBUG Engine               - devShowBBoxProperty: BooleanProperty [value: false]
10:24:02.909 [FXGL Background Thread 3 ] DEBUG Engine               - devShowPositionProperty: BooleanProperty [value: false]
10:24:02.909 [FXGL Background Thread 3 ] DEBUG Engine               - enabledMenuItems: []
10:24:02.909 [FXGL Background Thread 3 ] DEBUG Engine               - engineServices: [class com.almasb.fxgl.app.services.FXGLAssetLoaderService, class com.almasb.fxgl.app.FXGLApplication$GameApplicationService, class com.almasb.fxgl.app.services.FXGLDialogService, class com.almasb.fxgl.app.services.IOTaskExecutorService, class com.almasb.fxgl.event.EventBusService, class com.almasb.fxgl.io.FileSystemService, class com.almasb.fxgl.localization.LocalizationService, class com.almasb.fxgl.app.services.SystemBundleService, class com.almasb.fxgl.profile.SaveLoadService, class com.almasb.fxgl.ui.FXGLUIFactoryServiceProvider, class com.almasb.fxgl.ui.FXGLDialogFactoryServiceProvider, class com.almasb.fxgl.audio.AudioPlayer, class com.almasb.fxgl.notification.impl.NotificationServiceProvider, class com.almasb.fxgl.achievement.AchievementService, class com.almasb.fxgl.cutscene.CutsceneService, class com.almasb.fxgl.minigames.MiniGameService, class com.almasb.fxgl.net.NetService, class com.almasb.fxgl.app.services.UpdaterService, class com.almasb.fxgl.dev.DevService]
10:24:02.910 [FXGL Background Thread 3 ] DEBUG Engine               - fontGame: Abel-Regular.ttf
10:24:02.910 [FXGL Background Thread 3 ] DEBUG Engine               - fontMono: lucida_console.ttf
10:24:02.911 [FXGL Background Thread 3 ] DEBUG Engine               - fontText: Courier-Prime.ttf
10:24:02.911 [FXGL Background Thread 3 ] DEBUG Engine               - fontUI: VarelaRound-Regular.ttf
10:24:02.911 [FXGL Background Thread 3 ] DEBUG Engine               - fullScreen: BooleanProperty [value: false]
10:24:02.911 [FXGL Background Thread 3 ] DEBUG Engine               - gameDifficulty: MEDIUM
10:24:02.911 [FXGL Background Thread 3 ] DEBUG Engine               - gameDifficultyProperty: ObjectProperty [value: MEDIUM]
10:24:02.911 [FXGL Background Thread 3 ] DEBUG Engine               - globalMusicVolume: 0.5
10:24:02.912 [FXGL Background Thread 3 ] DEBUG Engine               - globalMusicVolumeProperty: DoubleProperty [value: 0.5]
10:24:02.912 [FXGL Background Thread 3 ] DEBUG Engine               - globalSoundVolume: 0.5
10:24:02.912 [FXGL Background Thread 3 ] DEBUG Engine               - globalSoundVolumeProperty: DoubleProperty [value: 0.5]
10:24:02.913 [FXGL Background Thread 3 ] DEBUG Engine               - height: 600
10:24:02.913 [FXGL Background Thread 3 ] DEBUG Engine               - isAndroid: false
10:24:02.913 [FXGL Background Thread 3 ] DEBUG Engine               - isBrowser: false
10:24:02.913 [FXGL Background Thread 3 ] DEBUG Engine               - isClickFeedbackEnabled: false
10:24:02.913 [FXGL Background Thread 3 ] DEBUG Engine               - isCloseConfirmation: false
10:24:02.914 [FXGL Background Thread 3 ] DEBUG Engine               - isDesktop: true
10:24:02.914 [FXGL Background Thread 3 ] DEBUG Engine               - isDeveloperMenuEnabled: false
10:24:02.914 [FXGL Background Thread 3 ] DEBUG Engine               - isEntityPreloadEnabled: true
10:24:02.914 [FXGL Background Thread 3 ] DEBUG Engine               - isExperimental3D: false
10:24:02.914 [FXGL Background Thread 3 ] DEBUG Engine               - isExperimentalNative: false
10:24:02.915 [FXGL Background Thread 3 ] DEBUG Engine               - isExperimentalTiledLargeMap: false
10:24:02.915 [FXGL Background Thread 3 ] DEBUG Engine               - isFileSystemWriteAllowed: true
10:24:02.915 [FXGL Background Thread 3 ] DEBUG Engine               - isFullScreenAllowed: false
10:24:02.915 [FXGL Background Thread 3 ] DEBUG Engine               - isFullScreenFromStart: false
10:24:02.915 [FXGL Background Thread 3 ] DEBUG Engine               - isGameMenuEnabled: true
10:24:02.916 [FXGL Background Thread 3 ] DEBUG Engine               - isIOS: false
10:24:02.916 [FXGL Background Thread 3 ] DEBUG Engine               - isIntroEnabled: false
10:24:02.916 [FXGL Background Thread 3 ] DEBUG Engine               - isLinux: false
10:24:02.916 [FXGL Background Thread 3 ] DEBUG Engine               - isMac: false
10:24:02.917 [FXGL Background Thread 3 ] DEBUG Engine               - isMainMenuEnabled: false
10:24:02.917 [FXGL Background Thread 3 ] DEBUG Engine               - isManualResizeEnabled: false
10:24:02.917 [FXGL Background Thread 3 ] DEBUG Engine               - isMobile: false
10:24:02.917 [FXGL Background Thread 3 ] DEBUG Engine               - isPreserveResizeRatio: false
10:24:02.918 [FXGL Background Thread 3 ] DEBUG Engine               - isProfilingEnabled: false
10:24:02.918 [FXGL Background Thread 3 ] DEBUG Engine               - isScaleAffectedOnResize: true
10:24:02.918 [FXGL Background Thread 3 ] DEBUG Engine               - isSingleStep: false
10:24:02.918 [FXGL Background Thread 3 ] DEBUG Engine               - isUserProfileEnabled: false
10:24:02.919 [FXGL Background Thread 3 ] DEBUG Engine               - isWindows: true
10:24:02.919 [FXGL Background Thread 3 ] DEBUG Engine               - language: ObjectProperty [value: ENGLISH]
10:24:02.919 [FXGL Background Thread 3 ] DEBUG Engine               - menuKey: ESCAPE
10:24:02.920 [FXGL Background Thread 3 ] DEBUG Engine               - notificationViewClass: class com.almasb.fxgl.notification.view.XboxNotificationView
10:24:02.920 [FXGL Background Thread 3 ] DEBUG Engine               - pixelsPerMeter: 50.0
10:24:02.920 [FXGL Background Thread 3 ] DEBUG Engine               - platform: WINDOWS
10:24:02.920 [FXGL Background Thread 3 ] DEBUG Engine               - prefHeightProperty: ReadOnlyDoubleProperty [value: 600.0]
10:24:02.921 [FXGL Background Thread 3 ] DEBUG Engine               - prefWidthProperty: ReadOnlyDoubleProperty [value: 1000.0]
10:24:02.921 [FXGL Background Thread 3 ] DEBUG Engine               - profileDir: profiles/
10:24:02.921 [FXGL Background Thread 3 ] DEBUG Engine               - profileName: StringProperty [value: DEFAULT]
10:24:02.921 [FXGL Background Thread 3 ] DEBUG Engine               - randomSeed: -1
10:24:02.922 [FXGL Background Thread 3 ] DEBUG Engine               - runtimeInfo: RuntimeInfo(platform=WINDOWS, version=dev-SNAPSHOT, build=21.02.2021 13.59)
10:24:02.922 [FXGL Background Thread 3 ] DEBUG Engine               - saveFileExt: sav
10:24:02.922 [FXGL Background Thread 3 ] DEBUG Engine               - scaledHeightProp$fxgl: DoubleProperty [bound, value: 600.0]
10:24:02.923 [FXGL Background Thread 3 ] DEBUG Engine               - scaledWidthProp$fxgl: DoubleProperty [bound, value: 1000.0]
10:24:02.923 [FXGL Background Thread 3 ] DEBUG Engine               - sceneFactory: com.almasb.fxgl.app.scene.SceneFactory@66c35b2f
10:24:02.923 [FXGL Background Thread 3 ] DEBUG Engine               - secondsIn24h: 60
10:24:02.923 [FXGL Background Thread 3 ] DEBUG Engine               - soundMenuBack: menu/back.wav
10:24:02.923 [FXGL Background Thread 3 ] DEBUG Engine               - soundMenuPress: menu/press.wav
10:24:02.923 [FXGL Background Thread 3 ] DEBUG Engine               - soundMenuSelect: menu/select.wav
10:24:02.923 [FXGL Background Thread 3 ] DEBUG Engine               - soundNotification: core/notification.wav
10:24:02.923 [FXGL Background Thread 3 ] DEBUG Engine               - stageStyle: DECORATED
10:24:02.923 [FXGL Background Thread 3 ] DEBUG Engine               - supportedLanguages: [ENGLISH, FRENCH, GERMAN, HUNGARIAN, RUSSIAN]
10:24:02.923 [FXGL Background Thread 3 ] DEBUG Engine               - ticksPerSecond: -1
10:24:02.924 [FXGL Background Thread 3 ] DEBUG Engine               - title: test
10:24:02.924 [FXGL Background Thread 3 ] DEBUG Engine               - urlGithub: https://github.com/AlmasB/FXGL
10:24:02.924 [FXGL Background Thread 3 ] DEBUG Engine               - urlLeaderboard: http://fxgl-top.herokuapp.com/
10:24:02.924 [FXGL Background Thread 3 ] DEBUG Engine               - urlPOM: https://raw.githubusercontent.com/AlmasB/FXGL/master/README.md
10:24:02.924 [FXGL Background Thread 3 ] DEBUG Engine               - userAppClass: class Game
10:24:02.924 [FXGL Background Thread 3 ] DEBUG Engine               - version: 1.0
10:24:02.924 [FXGL Background Thread 3 ] DEBUG Engine               - versionCheckDays: 7
10:24:02.924 [FXGL Background Thread 3 ] DEBUG Engine               - width: 1000
10:24:02.925 [FXGL Background Thread 3 ] DEBUG Engine               - Logging services
10:24:02.925 [FXGL Background Thread 3 ] DEBUG Engine               - class com.almasb.fxgl.app.services.FXGLAssetLoaderService
10:24:02.925 [FXGL Background Thread 3 ] DEBUG Engine               - class com.almasb.fxgl.app.FXGLApplication$GameApplicationService
10:24:02.925 [FXGL Background Thread 3 ] DEBUG Engine               - class com.almasb.fxgl.app.services.FXGLDialogService
10:24:02.925 [FXGL Background Thread 3 ] DEBUG Engine               - class com.almasb.fxgl.app.services.IOTaskExecutorService
10:24:02.925 [FXGL Background Thread 3 ] DEBUG Engine               - class com.almasb.fxgl.event.EventBusService
10:24:02.925 [FXGL Background Thread 3 ] DEBUG Engine               - class com.almasb.fxgl.io.FileSystemService
10:24:02.925 [FXGL Background Thread 3 ] DEBUG Engine               - class com.almasb.fxgl.localization.LocalizationService
10:24:02.926 [FXGL Background Thread 3 ] DEBUG Engine               - class com.almasb.fxgl.app.services.SystemBundleService
10:24:02.926 [FXGL Background Thread 3 ] DEBUG Engine               - class com.almasb.fxgl.profile.SaveLoadService
10:24:02.926 [FXGL Background Thread 3 ] DEBUG Engine               - class com.almasb.fxgl.ui.FXGLUIFactoryServiceProvider
10:24:02.926 [FXGL Background Thread 3 ] DEBUG Engine               - class com.almasb.fxgl.ui.FXGLDialogFactoryServiceProvider
10:24:02.926 [FXGL Background Thread 3 ] DEBUG Engine               - class com.almasb.fxgl.audio.AudioPlayer
10:24:02.927 [FXGL Background Thread 3 ] DEBUG Engine               - class com.almasb.fxgl.notification.impl.NotificationServiceProvider
10:24:02.927 [FXGL Background Thread 3 ] DEBUG Engine               - class com.almasb.fxgl.achievement.AchievementService
10:24:02.927 [FXGL Background Thread 3 ] DEBUG Engine               - class com.almasb.fxgl.cutscene.CutsceneService
10:24:02.927 [FXGL Background Thread 3 ] DEBUG Engine               - class com.almasb.fxgl.minigames.MiniGameService
10:24:02.927 [FXGL Background Thread 3 ] DEBUG Engine               - class com.almasb.fxgl.net.NetService
10:24:02.927 [FXGL Background Thread 3 ] DEBUG Engine               - class com.almasb.fxgl.app.services.UpdaterService
10:24:02.928 [FXGL Background Thread 3 ] DEBUG Engine               - class com.almasb.fxgl.dev.DevService
10:24:07.665 [JavaFX Application Thread] DEBUG FXGLApplication      - Exiting FXGL
10:24:07.666 [JavaFX Application Thread] DEBUG LoopRunner           - Stopping loop
10:24:07.666 [JavaFX Application Thread] DEBUG SystemBundleService  - Saving FXGL system data
10:24:07.670 [JavaFX Application Thread] DEBUG FileSystemAccess     - Writing to: C:\Users\Jainfamily\AP JAVA\fxgl graphics\fxgl blank project\system\fxgl.bundle
10:24:07.676 [JavaFX Application Thread] DEBUG Async                - Shutting down background threads
10:24:07.676 [JavaFX Application Thread] DEBUG PrimaryStageWindow   - Closing main window
10:24:07.694 [JavaFX Application Thread] DEBUG Logger               - Closing Logger
