10:10:45.060 [main                     ] DEBUG Logger               - Configured Logger
10:10:45.093 [main                     ] DEBUG GameApplication      - Logging settings
Title: test
Version: 1.0
Width: 1000
Height: 600
Fullscreen: false
Intro: false
Profiling: false
Single step:false
App Mode: DEVELOPER
Menu Key: ESCAPE
Stage Style: DECORATED
Scene Factory: class com.almasb.fxgl.app.scene.SceneFactory

10:10:47.019 [JavaFX Application Thread] DEBUG FXGLApplication      - Initializing FXGL
10:10:47.028 [JavaFX Application Thread] INFO  Engine               - FXGL-dev-SNAPSHOT (21.02.2021 13.59) on WINDOWS (J:14.0.2 FX:15)
10:10:47.030 [JavaFX Application Thread] DEBUG Engine               - JRE Vendor Name: Oracle Corporation
10:10:47.031 [JavaFX Application Thread] DEBUG Engine               - Running on OS: Windows 10 version 10.0
10:10:47.031 [JavaFX Application Thread] DEBUG Engine               - Architecture: amd64
10:10:47.031 [JavaFX Application Thread] INFO  Engine               - Source code and latest versions at: https://github.com/AlmasB/FXGL
10:10:47.032 [JavaFX Application Thread] INFO  Engine               -              Join the FXGL chat at: https://gitter.im/AlmasB/FXGL
10:10:47.748 [JavaFX Application Thread] DEBUG PrimaryStageWindow   - Creating a JavaFX scene
10:10:48.149 [JavaFX Application Thread] DEBUG PrimaryStageWindow   - Target settings size: 1000.0 x 600.0
10:10:48.150 [JavaFX Application Thread] DEBUG PrimaryStageWindow   - Scaled scene size:    1000.0 x 600.0
10:10:48.151 [JavaFX Application Thread] DEBUG PrimaryStageWindow   - Scaled ratio: (1.0, 1.0)
10:10:48.156 [JavaFX Application Thread] DEBUG PrimaryStageWindow   - Set initial scene to FXGLStartupScene
10:10:48.178 [JavaFX Application Thread] DEBUG PrimaryStageWindow   - Opening main window
10:10:48.505 [JavaFX Application Thread] DEBUG PrimaryStageWindow   - Window border size: (14.4000244140625, 37.5999755859375)
10:10:48.506 [JavaFX Application Thread] DEBUG PrimaryStageWindow   - Scaled size: 1000.0 x 600.0
10:10:48.506 [JavaFX Application Thread] DEBUG PrimaryStageWindow   - Scaled ratio: (1.0, 1.0)
10:10:48.506 [JavaFX Application Thread] DEBUG PrimaryStageWindow   - Scene size: 1000.0 x 600.0
10:10:48.507 [JavaFX Application Thread] DEBUG PrimaryStageWindow   - Stage size: 1014.4000244140625 x 637.5999755859375
10:10:48.620 [FXGL Background Thread 1 ] DEBUG Engine               - Initializing environment variables
10:10:48.752 [FXGL Background Thread 1 ] DEBUG FXGLAssetLoaderServi - User app class for loading assets: class Game
10:10:48.752 [FXGL Background Thread 1 ] DEBUG GameApplicationServi - Applying CSS: fxgl_dark.css
10:10:48.754 [FXGL Background Thread 1 ] DEBUG FXGLAssetLoaderServi - Loading from file system: jar:file:/C:/Users/Jainfamily/.m2/repository/com/github/almasb/fxgl/dev-SNAPSHOT/fxgl-dev-20210221.140046-1674.jar!/fxglassets/ui/css/fxgl_dark.css
10:10:48.887 [FXGL Background Thread 1 ] DEBUG GameApplicationServi - Initializing application scenes
10:10:49.219 [FXGL Background Thread 1 ] DEBUG GameWorld            - Game world initialized
10:10:49.460 [FXGL Background Thread 1 ] DEBUG PhysicsWorld         - Physics world initialized: appHeight=600, physics.ppm=50.0
10:10:49.461 [FXGL Background Thread 1 ] DEBUG PhysicsWorld         - Using strategy: BRUTE_FORCE
10:10:49.466 [FXGL Background Thread 1 ] DEBUG GameScene            - Game scene initialized: 1000x600
10:10:49.591 [FXGL Background Thread 1 ] DEBUG FXGLAssetLoaderServi - Loading from file system: jar:file:/C:/Users/Jainfamily/.m2/repository/com/github/almasb/fxgl/dev-SNAPSHOT/fxgl-dev-20210221.140046-1674.jar!/fxglassets/textures/particles/trace_horizontal.png
10:10:49.752 [FXGL Background Thread 1 ] DEBUG FXGL.DefaultMenu     - createMenuBodyGameMenu()
10:10:49.807 [FXGL Background Thread 1 ] DEBUG FXGL.DefaultMenu     - createOptionsMenu()
10:10:49.825 [FXGL Background Thread 1 ] DEBUG FXGLAssetLoaderServi - Loading from file system: jar:file:/C:/Users/Jainfamily/.m2/repository/com/github/almasb/fxgl/dev-SNAPSHOT/fxgl-dev-20210221.140046-1674.jar!/fxglassets/textures/particles/smoke.png
10:10:50.007 [FXGL Background Thread 1 ] DEBUG GameApplicationServi - Application scenes initialized
10:10:50.047 [FXGL Background Thread 1 ] DEBUG SystemBundleService  - Loading FXGL system data
10:10:50.078 [FXGL Background Thread 1 ] DEBUG FileSystemAccess     - Reading from: C:\Users\Jainfamily\AP JAVA\fxgl graphics\fxgl blank project\system\fxgl.bundle
10:10:50.102 [FXGL Background Thread 1 ] DEBUG SystemBundleService  - Bundle FXGL: {}
10:10:50.102 [FXGL Background Thread 1 ] DEBUG UpdaterService       - Checking for updates
10:10:50.142 [FXGL Background Thread 4 ] DEBUG FXGLApplication      - Loading fonts
10:10:50.142 [FXGL Background Thread 1 ] DEBUG FXGLApplication      - Loading default localization
10:10:50.142 [FXGL Background Thread 4 ] DEBUG FXGLAssetLoaderServi - Loading from file system: jar:file:/C:/Users/Jainfamily/.m2/repository/com/github/almasb/fxgl/dev-SNAPSHOT/fxgl-dev-20210221.140046-1674.jar!/fxglassets/ui/fonts/VarelaRound-Regular.ttf
10:10:50.145 [FXGL Background Thread 1 ] DEBUG FXGLAssetLoaderServi - Loading from file system: jar:file:/C:/Users/Jainfamily/.m2/repository/com/github/almasb/fxgl/dev-SNAPSHOT/fxgl-dev-20210221.140046-1674.jar!/fxglassets/languages/english.lang
10:10:50.233 [FXGL Background Thread 1 ] INFO  FXGLApplication      - FXGL initialization took: 1.612 sec
10:10:50.262 [JavaFX Application Thread] DEBUG Input                - Registered new binding: Up - Up
10:10:50.262 [JavaFX Application Thread] DEBUG Input                - Registered new binding: Down - Down
10:10:50.262 [JavaFX Application Thread] DEBUG Input                - Registered new binding: Left - Left
10:10:50.262 [JavaFX Application Thread] DEBUG Input                - Registered new binding: Right - Right
10:10:50.263 [JavaFX Application Thread] DEBUG Input                - Registered new binding: Up1 - W
10:10:50.263 [JavaFX Application Thread] DEBUG Input                - Registered new binding: Down1 - S
10:10:50.263 [JavaFX Application Thread] DEBUG Input                - Registered new binding: Left1 - A
10:10:50.264 [JavaFX Application Thread] DEBUG Input                - Registered new binding: Right1 - D
10:10:50.265 [JavaFX Application Thread] DEBUG FXGLAssetLoaderServi - Loading from file system: jar:file:/C:/Users/Jainfamily/.m2/repository/com/github/almasb/fxgl/dev-SNAPSHOT/fxgl-dev-20210221.140046-1674.jar!/fxglassets/textures/fxgl_icon.png
10:10:50.312 [JavaFX Application Thread] DEBUG FXGLAssetLoaderServi - Loading from file system: jar:file:/C:/Users/Jainfamily/.m2/repository/com/github/almasb/fxgl/dev-SNAPSHOT/fxgl-dev-20210221.140046-1674.jar!/fxglassets/ui/cursors/fxgl_default.png
10:10:50.316 [JavaFX Application Thread] DEBUG Input                - Registered new binding: Screenshot - P
10:10:50.318 [JavaFX Application Thread] DEBUG Input                - Registered new binding: System info dump - CTRL+9
10:10:50.319 [JavaFX Application Thread] DEBUG Input                - Registered new binding: Restart - CTRL+R
10:10:50.321 [JavaFX Application Thread] DEBUG Input                - Registered new binding: Toggle Debug Camera - CTRL+C
10:10:50.325 [JavaFX Application Thread] DEBUG LoopRunner           - Starting loop
10:10:50.325 [JavaFX Application Thread] DEBUG LoopRunner           - Initializing JavaFX AnimationTimerLoop
10:10:50.329 [JavaFX Application Thread] DEBUG GameApplicationServi - Starting new game
10:10:50.329 [JavaFX Application Thread] DEBUG Input                - Clearing active input actions
10:10:50.394 [JavaFX Application Thread] DEBUG GameApplicationServi - Removing overlay from FXGLStartupScene and adding to FXGLLoadingScene
10:10:50.395 [JavaFX Application Thread] DEBUG PrimaryStageWindow   - FXGLStartupScene -> FXGLLoadingScene
10:10:50.395 [JavaFX Application Thread] DEBUG GameApplicationServi - Clearing previous game
10:10:50.395 [JavaFX Application Thread] DEBUG GameScene            - Clearing game scene
10:10:50.395 [JavaFX Application Thread] DEBUG GameWorld            - Clearing game world
10:10:50.396 [JavaFX Application Thread] DEBUG PhysicsWorld         - Clearing physics world
10:10:50.399 [FXGL Background Thread 1 ] DEBUG FXGLApplication      - Initializing game
10:10:50.413 [FXGL Background Thread 1 ] WARN  FXGLAssetLoaderServi - Asset "/assets/textures/resources/pictures/block.png" was not found!
10:10:50.413 [FXGL Background Thread 1 ] WARN  FXGLAssetLoaderServi - Failed to load IMAGE
10:10:50.752 [FXGL Background Thread 1 ] WARN  FXGLAssetLoaderServi - Asset "/assets/textures/block.png" was not found!
10:10:50.753 [FXGL Background Thread 1 ] WARN  FXGLAssetLoaderServi - Failed to load IMAGE
10:10:50.756 [FXGL Background Thread 1 ] INFO  FXGLApplication      - Game initialization took: 0.358 sec
10:10:50.822 [JavaFX Application Thread] DEBUG Input                - Clearing active input actions
10:10:50.853 [JavaFX Application Thread] DEBUG GameApplicationServi - Removing overlay from FXGLLoadingScene and adding to GameScene
10:10:50.853 [JavaFX Application Thread] DEBUG PrimaryStageWindow   - FXGLLoadingScene -> GameScene
10:10:50.993 [FXGL Background Thread 4 ] DEBUG FXGLAssetLoaderServi - Loading from file system: jar:file:/C:/Users/Jainfamily/.m2/repository/com/github/almasb/fxgl/dev-SNAPSHOT/fxgl-dev-20210221.140046-1674.jar!/fxglassets/ui/fonts/Abel-Regular.ttf
10:10:51.013 [FXGL Background Thread 4 ] DEBUG FXGLAssetLoaderServi - Loading from file system: jar:file:/C:/Users/Jainfamily/.m2/repository/com/github/almasb/fxgl/dev-SNAPSHOT/fxgl-dev-20210221.140046-1674.jar!/fxglassets/ui/fonts/lucida_console.ttf
10:10:51.038 [FXGL Background Thread 4 ] DEBUG FXGLAssetLoaderServi - Loading from file system: jar:file:/C:/Users/Jainfamily/.m2/repository/com/github/almasb/fxgl/dev-SNAPSHOT/fxgl-dev-20210221.140046-1674.jar!/fxglassets/ui/fonts/Courier-Prime.ttf
10:10:51.062 [JavaFX Application Thread] DEBUG FXGLApplication      - Registering font factories with UI factory
10:10:51.605 [FXGL Background Thread 2 ] INFO  UpdaterService       - Your current version:  dev-SNAPSHOT
10:10:51.605 [FXGL Background Thread 2 ] INFO  UpdaterService       - Latest stable version: 11.13
10:10:53.111 [FXGL Background Thread 3 ] DEBUG Engine               - Logging environment variables
10:10:53.114 [FXGL Background Thread 3 ] DEBUG Engine               - achievements: []
10:10:53.114 [FXGL Background Thread 3 ] DEBUG Engine               - actualHeight: 600.0
10:10:53.115 [FXGL Background Thread 3 ] DEBUG Engine               - actualHeightProperty: ReadOnlyDoubleProperty [value: 600.0]
10:10:53.116 [FXGL Background Thread 3 ] DEBUG Engine               - actualWidth: 1000.0
10:10:53.117 [FXGL Background Thread 3 ] DEBUG Engine               - actualWidthProperty: ReadOnlyDoubleProperty [value: 1000.0]
10:10:53.117 [FXGL Background Thread 3 ] DEBUG Engine               - appIcon: fxgl_icon.png
10:10:53.118 [FXGL Background Thread 3 ] DEBUG Engine               - applicationMode: DEVELOPER
10:10:53.119 [FXGL Background Thread 3 ] DEBUG Engine               - cSSList: [fxgl_dark.css]
10:10:53.119 [FXGL Background Thread 3 ] DEBUG Engine               - collisionDetectionStrategy: BRUTE_FORCE
10:10:53.120 [FXGL Background Thread 3 ] DEBUG Engine               - configClass: Optional.empty
10:10:53.120 [FXGL Background Thread 3 ] DEBUG Engine               - credits: []
10:10:53.121 [FXGL Background Thread 3 ] DEBUG Engine               - devBBoxColorProperty: ObjectProperty [value: 0xff0000ff]
10:10:53.122 [FXGL Background Thread 3 ] DEBUG Engine               - devEnableDebugCameraProperty: BooleanProperty [value: false]
10:10:53.123 [FXGL Background Thread 3 ] DEBUG Engine               - devSensorColorProperty: ObjectProperty [value: 0xffff00ff]
10:10:53.124 [FXGL Background Thread 3 ] DEBUG Engine               - devShowBBoxProperty: BooleanProperty [value: false]
10:10:53.125 [FXGL Background Thread 3 ] DEBUG Engine               - devShowPositionProperty: BooleanProperty [value: false]
10:10:53.125 [FXGL Background Thread 3 ] DEBUG Engine               - enabledMenuItems: []
10:10:53.127 [FXGL Background Thread 3 ] DEBUG Engine               - engineServices: [class com.almasb.fxgl.app.services.FXGLAssetLoaderService, class com.almasb.fxgl.app.FXGLApplication$GameApplicationService, class com.almasb.fxgl.app.services.FXGLDialogService, class com.almasb.fxgl.app.services.IOTaskExecutorService, class com.almasb.fxgl.event.EventBusService, class com.almasb.fxgl.io.FileSystemService, class com.almasb.fxgl.localization.LocalizationService, class com.almasb.fxgl.app.services.SystemBundleService, class com.almasb.fxgl.profile.SaveLoadService, class com.almasb.fxgl.ui.FXGLUIFactoryServiceProvider, class com.almasb.fxgl.ui.FXGLDialogFactoryServiceProvider, class com.almasb.fxgl.audio.AudioPlayer, class com.almasb.fxgl.notification.impl.NotificationServiceProvider, class com.almasb.fxgl.achievement.AchievementService, class com.almasb.fxgl.cutscene.CutsceneService, class com.almasb.fxgl.minigames.MiniGameService, class com.almasb.fxgl.net.NetService, class com.almasb.fxgl.app.services.UpdaterService, class com.almasb.fxgl.dev.DevService]
10:10:53.127 [FXGL Background Thread 3 ] DEBUG Engine               - fontGame: Abel-Regular.ttf
10:10:53.127 [FXGL Background Thread 3 ] DEBUG Engine               - fontMono: lucida_console.ttf
10:10:53.128 [FXGL Background Thread 3 ] DEBUG Engine               - fontText: Courier-Prime.ttf
10:10:53.128 [FXGL Background Thread 3 ] DEBUG Engine               - fontUI: VarelaRound-Regular.ttf
10:10:53.128 [FXGL Background Thread 3 ] DEBUG Engine               - fullScreen: BooleanProperty [value: false]
10:10:53.129 [FXGL Background Thread 3 ] DEBUG Engine               - gameDifficulty: MEDIUM
10:10:53.129 [FXGL Background Thread 3 ] DEBUG Engine               - gameDifficultyProperty: ObjectProperty [value: MEDIUM]
10:10:53.130 [FXGL Background Thread 3 ] DEBUG Engine               - globalMusicVolume: 0.5
10:10:53.131 [FXGL Background Thread 3 ] DEBUG Engine               - globalMusicVolumeProperty: DoubleProperty [value: 0.5]
10:10:53.131 [FXGL Background Thread 3 ] DEBUG Engine               - globalSoundVolume: 0.5
10:10:53.133 [FXGL Background Thread 3 ] DEBUG Engine               - globalSoundVolumeProperty: DoubleProperty [value: 0.5]
10:10:53.134 [FXGL Background Thread 3 ] DEBUG Engine               - height: 600
10:10:53.134 [FXGL Background Thread 3 ] DEBUG Engine               - isAndroid: false
10:10:53.134 [FXGL Background Thread 3 ] DEBUG Engine               - isBrowser: false
10:10:53.135 [FXGL Background Thread 3 ] DEBUG Engine               - isClickFeedbackEnabled: false
10:10:53.135 [FXGL Background Thread 3 ] DEBUG Engine               - isCloseConfirmation: false
10:10:53.136 [FXGL Background Thread 3 ] DEBUG Engine               - isDesktop: true
10:10:53.136 [FXGL Background Thread 3 ] DEBUG Engine               - isDeveloperMenuEnabled: false
10:10:53.137 [FXGL Background Thread 3 ] DEBUG Engine               - isEntityPreloadEnabled: true
10:10:53.137 [FXGL Background Thread 3 ] DEBUG Engine               - isExperimental3D: false
10:10:53.137 [FXGL Background Thread 3 ] DEBUG Engine               - isExperimentalNative: false
10:10:53.138 [FXGL Background Thread 3 ] DEBUG Engine               - isExperimentalTiledLargeMap: false
10:10:53.138 [FXGL Background Thread 3 ] DEBUG Engine               - isFileSystemWriteAllowed: true
10:10:53.138 [FXGL Background Thread 3 ] DEBUG Engine               - isFullScreenAllowed: false
10:10:53.139 [FXGL Background Thread 3 ] DEBUG Engine               - isFullScreenFromStart: false
10:10:53.139 [FXGL Background Thread 3 ] DEBUG Engine               - isGameMenuEnabled: true
10:10:53.141 [FXGL Background Thread 3 ] DEBUG Engine               - isIOS: false
10:10:53.141 [FXGL Background Thread 3 ] DEBUG Engine               - isIntroEnabled: false
10:10:53.142 [FXGL Background Thread 3 ] DEBUG Engine               - isLinux: false
10:10:53.142 [FXGL Background Thread 3 ] DEBUG Engine               - isMac: false
10:10:53.143 [FXGL Background Thread 3 ] DEBUG Engine               - isMainMenuEnabled: false
10:10:53.143 [FXGL Background Thread 3 ] DEBUG Engine               - isManualResizeEnabled: false
10:10:53.143 [FXGL Background Thread 3 ] DEBUG Engine               - isMobile: false
10:10:53.144 [FXGL Background Thread 3 ] DEBUG Engine               - isPreserveResizeRatio: false
10:10:53.144 [FXGL Background Thread 3 ] DEBUG Engine               - isProfilingEnabled: false
10:10:53.144 [FXGL Background Thread 3 ] DEBUG Engine               - isScaleAffectedOnResize: true
10:10:53.145 [FXGL Background Thread 3 ] DEBUG Engine               - isSingleStep: false
10:10:53.145 [FXGL Background Thread 3 ] DEBUG Engine               - isUserProfileEnabled: false
10:10:53.145 [FXGL Background Thread 3 ] DEBUG Engine               - isWindows: true
10:10:53.146 [FXGL Background Thread 3 ] DEBUG Engine               - language: ObjectProperty [value: ENGLISH]
10:10:53.146 [FXGL Background Thread 3 ] DEBUG Engine               - menuKey: ESCAPE
10:10:53.146 [FXGL Background Thread 3 ] DEBUG Engine               - notificationViewClass: class com.almasb.fxgl.notification.view.XboxNotificationView
10:10:53.147 [FXGL Background Thread 3 ] DEBUG Engine               - pixelsPerMeter: 50.0
10:10:53.147 [FXGL Background Thread 3 ] DEBUG Engine               - platform: WINDOWS
10:10:53.148 [FXGL Background Thread 3 ] DEBUG Engine               - prefHeightProperty: ReadOnlyDoubleProperty [value: 600.0]
10:10:53.149 [FXGL Background Thread 3 ] DEBUG Engine               - prefWidthProperty: ReadOnlyDoubleProperty [value: 1000.0]
10:10:53.149 [FXGL Background Thread 3 ] DEBUG Engine               - profileDir: profiles/
10:10:53.149 [FXGL Background Thread 3 ] DEBUG Engine               - profileName: StringProperty [value: DEFAULT]
10:10:53.150 [FXGL Background Thread 3 ] DEBUG Engine               - randomSeed: -1
10:10:53.150 [FXGL Background Thread 3 ] DEBUG Engine               - runtimeInfo: RuntimeInfo(platform=WINDOWS, version=dev-SNAPSHOT, build=21.02.2021 13.59)
10:10:53.150 [FXGL Background Thread 3 ] DEBUG Engine               - saveFileExt: sav
10:10:53.151 [FXGL Background Thread 3 ] DEBUG Engine               - scaledHeightProp$fxgl: DoubleProperty [bound, value: 600.0]
10:10:53.152 [FXGL Background Thread 3 ] DEBUG Engine               - scaledWidthProp$fxgl: DoubleProperty [bound, value: 1000.0]
10:10:53.153 [FXGL Background Thread 3 ] DEBUG Engine               - sceneFactory: com.almasb.fxgl.app.scene.SceneFactory@5858c4d
10:10:53.153 [FXGL Background Thread 3 ] DEBUG Engine               - secondsIn24h: 60
10:10:53.153 [FXGL Background Thread 3 ] DEBUG Engine               - soundMenuBack: menu/back.wav
10:10:53.154 [FXGL Background Thread 3 ] DEBUG Engine               - soundMenuPress: menu/press.wav
10:10:53.154 [FXGL Background Thread 3 ] DEBUG Engine               - soundMenuSelect: menu/select.wav
10:10:53.154 [FXGL Background Thread 3 ] DEBUG Engine               - soundNotification: core/notification.wav
10:10:53.154 [FXGL Background Thread 3 ] DEBUG Engine               - stageStyle: DECORATED
10:10:53.155 [FXGL Background Thread 3 ] DEBUG Engine               - supportedLanguages: [ENGLISH, FRENCH, GERMAN, HUNGARIAN, RUSSIAN]
10:10:53.155 [FXGL Background Thread 3 ] DEBUG Engine               - ticksPerSecond: -1
10:10:53.155 [FXGL Background Thread 3 ] DEBUG Engine               - title: test
10:10:53.156 [FXGL Background Thread 3 ] DEBUG Engine               - urlGithub: https://github.com/AlmasB/FXGL
10:10:53.156 [FXGL Background Thread 3 ] DEBUG Engine               - urlLeaderboard: http://fxgl-top.herokuapp.com/
10:10:53.156 [FXGL Background Thread 3 ] DEBUG Engine               - urlPOM: https://raw.githubusercontent.com/AlmasB/FXGL/master/README.md
10:10:53.156 [FXGL Background Thread 3 ] DEBUG Engine               - userAppClass: class Game
10:10:53.156 [FXGL Background Thread 3 ] DEBUG Engine               - version: 1.0
10:10:53.157 [FXGL Background Thread 3 ] DEBUG Engine               - versionCheckDays: 7
10:10:53.157 [FXGL Background Thread 3 ] DEBUG Engine               - width: 1000
10:10:53.158 [FXGL Background Thread 3 ] DEBUG Engine               - Logging services
10:10:53.158 [FXGL Background Thread 3 ] DEBUG Engine               - class com.almasb.fxgl.app.services.FXGLAssetLoaderService
10:10:53.158 [FXGL Background Thread 3 ] DEBUG Engine               - class com.almasb.fxgl.app.FXGLApplication$GameApplicationService
10:10:53.158 [FXGL Background Thread 3 ] DEBUG Engine               - class com.almasb.fxgl.app.services.FXGLDialogService
10:10:53.158 [FXGL Background Thread 3 ] DEBUG Engine               - class com.almasb.fxgl.app.services.IOTaskExecutorService
10:10:53.158 [FXGL Background Thread 3 ] DEBUG Engine               - class com.almasb.fxgl.event.EventBusService
10:10:53.158 [FXGL Background Thread 3 ] DEBUG Engine               - class com.almasb.fxgl.io.FileSystemService
10:10:53.158 [FXGL Background Thread 3 ] DEBUG Engine               - class com.almasb.fxgl.localization.LocalizationService
10:10:53.158 [FXGL Background Thread 3 ] DEBUG Engine               - class com.almasb.fxgl.app.services.SystemBundleService
10:10:53.158 [FXGL Background Thread 3 ] DEBUG Engine               - class com.almasb.fxgl.profile.SaveLoadService
10:10:53.160 [FXGL Background Thread 3 ] DEBUG Engine               - class com.almasb.fxgl.ui.FXGLUIFactoryServiceProvider
10:10:53.160 [FXGL Background Thread 3 ] DEBUG Engine               - class com.almasb.fxgl.ui.FXGLDialogFactoryServiceProvider
10:10:53.160 [FXGL Background Thread 3 ] DEBUG Engine               - class com.almasb.fxgl.audio.AudioPlayer
10:10:53.160 [FXGL Background Thread 3 ] DEBUG Engine               - class com.almasb.fxgl.notification.impl.NotificationServiceProvider
10:10:53.160 [FXGL Background Thread 3 ] DEBUG Engine               - class com.almasb.fxgl.achievement.AchievementService
10:10:53.161 [FXGL Background Thread 3 ] DEBUG Engine               - class com.almasb.fxgl.cutscene.CutsceneService
10:10:53.161 [FXGL Background Thread 3 ] DEBUG Engine               - class com.almasb.fxgl.minigames.MiniGameService
10:10:53.161 [FXGL Background Thread 3 ] DEBUG Engine               - class com.almasb.fxgl.net.NetService
10:10:53.161 [FXGL Background Thread 3 ] DEBUG Engine               - class com.almasb.fxgl.app.services.UpdaterService
10:10:53.161 [FXGL Background Thread 3 ] DEBUG Engine               - class com.almasb.fxgl.dev.DevService
10:10:56.302 [JavaFX Application Thread] DEBUG FXGLApplication      - Exiting FXGL
10:10:56.303 [JavaFX Application Thread] DEBUG LoopRunner           - Stopping loop
10:10:56.304 [JavaFX Application Thread] DEBUG SystemBundleService  - Saving FXGL system data
10:10:56.335 [JavaFX Application Thread] DEBUG FileSystemAccess     - Writing to: C:\Users\Jainfamily\AP JAVA\fxgl graphics\fxgl blank project\system\fxgl.bundle
10:10:56.338 [JavaFX Application Thread] DEBUG Async                - Shutting down background threads
10:10:56.339 [JavaFX Application Thread] DEBUG PrimaryStageWindow   - Closing main window
10:10:56.362 [JavaFX Application Thread] DEBUG Logger               - Closing Logger
