21:23:01.551 [main                     ] DEBUG Logger               - Configured Logger
21:23:01.557 [main                     ] DEBUG GameApplication      - Logging settings
Title: FXGL Geometry Wars
Version: 1.2.1
Width: 1920
Height: 1080
Fullscreen: false
Intro: false
Profiling: false
Single step:false
App Mode: DEVELOPER
Menu Key: ESCAPE
Stage Style: DECORATED
Scene Factory: class com.almasb.fxglgames.geowars.GeoWarsApp$1

21:23:02.163 [JavaFX Application Thread] DEBUG FXGLApplication      - Initializing FXGL
21:23:02.165 [JavaFX Application Thread] INFO  Engine               - FXGL-dev-SNAPSHOT (21.02.2021 13.59) on WINDOWS (J:14.0.2 FX:15)
21:23:02.165 [JavaFX Application Thread] DEBUG Engine               - JRE Vendor Name: Oracle Corporation
21:23:02.166 [JavaFX Application Thread] DEBUG Engine               - Running on OS: Windows 10 version 10.0
21:23:02.166 [JavaFX Application Thread] DEBUG Engine               - Architecture: amd64
21:23:02.166 [JavaFX Application Thread] INFO  Engine               - Source code and latest versions at: https://github.com/AlmasB/FXGL
21:23:02.166 [JavaFX Application Thread] INFO  Engine               -              Join the FXGL chat at: https://gitter.im/AlmasB/FXGL
21:23:02.284 [JavaFX Application Thread] DEBUG PrimaryStageWindow   - Creating a JavaFX scene
21:23:02.284 [JavaFX Application Thread] DEBUG PrimaryStageWindow   - Target size > screen size
21:23:02.340 [JavaFX Application Thread] DEBUG PrimaryStageWindow   - Target settings size: 1920.0 x 1080.0
21:23:02.341 [JavaFX Application Thread] DEBUG PrimaryStageWindow   - Scaled scene size:    1269.0 x 727.0
21:23:02.341 [JavaFX Application Thread] DEBUG PrimaryStageWindow   - Scaled ratio: (0.6609375, 0.6731481481481482)
21:23:02.342 [JavaFX Application Thread] DEBUG PrimaryStageWindow   - Set initial scene to FXGLStartupScene
21:23:02.350 [JavaFX Application Thread] DEBUG PrimaryStageWindow   - Opening main window
21:23:02.485 [JavaFX Application Thread] DEBUG PrimaryStageWindow   - Window border size: (16.0, 39.0)
21:23:02.485 [JavaFX Application Thread] DEBUG PrimaryStageWindow   - Scaled size: 1269.0 x 727.0
21:23:02.485 [JavaFX Application Thread] DEBUG PrimaryStageWindow   - Scaled ratio: (0.6609375, 0.6731481481481482)
21:23:02.485 [JavaFX Application Thread] DEBUG PrimaryStageWindow   - Scene size: 1269.0 x 727.0
21:23:02.486 [JavaFX Application Thread] DEBUG PrimaryStageWindow   - Stage size: 1285.0 x 766.0
21:23:02.495 [FXGL Background Thread 1 ] DEBUG Engine               - Initializing environment variables
21:23:02.538 [FXGL Background Thread 1 ] DEBUG FXGLAssetLoaderServi - User app class for loading assets: class com.almasb.fxglgames.geowars.GeoWarsApp
21:23:02.538 [FXGL Background Thread 1 ] DEBUG GameApplicationServi - Applying CSS: fxgl_dark.css
21:23:02.538 [FXGL Background Thread 1 ] DEBUG FXGLAssetLoaderServi - Loading from file system: jar:file:///C:/Users/rcortez/.m2/repository/com/github/almasb/fxgl/dev-SNAPSHOT/fxgl-dev-20210221.140046-1674.jar!/fxglassets/ui/css/fxgl_dark.css
21:23:02.598 [FXGL Background Thread 1 ] DEBUG GameApplicationServi - Initializing application scenes
21:23:02.639 [FXGL Background Thread 1 ] DEBUG GameWorld            - Game world initialized
21:23:02.700 [FXGL Background Thread 1 ] DEBUG PhysicsWorld         - Physics world initialized: appHeight=1080, physics.ppm=50.0
21:23:02.700 [FXGL Background Thread 1 ] DEBUG PhysicsWorld         - Using strategy: BRUTE_FORCE
21:23:02.703 [FXGL Background Thread 1 ] DEBUG GameScene            - Game scene initialized: 1920x1080
21:23:02.754 [FXGL Background Thread 1 ] DEBUG FXGLAssetLoaderServi - Loading from file system: jar:file:///C:/Users/rcortez/.m2/repository/com/github/almasb/fxgl/dev-SNAPSHOT/fxgl-dev-20210221.140046-1674.jar!/fxglassets/textures/pause_menu_bg.png
21:23:02.801 [FXGL Background Thread 1 ] DEBUG GameApplicationServi - Application scenes initialized
21:23:02.810 [FXGL Background Thread 1 ] DEBUG SystemBundleService  - Loading FXGL system data
21:23:02.814 [FXGL Background Thread 1 ] DEBUG FileSystemAccess     - Reading from: C:\Users\rcortez\Desktop\FXGL Projects\Scratch - Copy\system\fxgl.bundle
21:23:02.824 [FXGL Background Thread 1 ] DEBUG SystemBundleService  - Bundle FXGL: {}
21:23:02.824 [FXGL Background Thread 1 ] DEBUG UpdaterService       - Checking for updates
21:23:02.828 [FXGL Background Thread 4 ] DEBUG FXGLApplication      - Loading fonts
21:23:02.829 [FXGL Background Thread 1 ] DEBUG FXGLApplication      - Loading default localization
21:23:02.830 [FXGL Background Thread 4 ] DEBUG FXGLAssetLoaderServi - Loading from file system: file:/C:/Users/rcortez/Desktop/FXGL%20Projects/Scratch%20-%20Copy/target/classes/assets/ui/fonts/game_font_7.ttf
21:23:02.830 [FXGL Background Thread 1 ] DEBUG FXGLAssetLoaderServi - Loading from file system: jar:file:///C:/Users/rcortez/.m2/repository/com/github/almasb/fxgl/dev-SNAPSHOT/fxgl-dev-20210221.140046-1674.jar!/fxglassets/languages/english.lang
21:23:02.847 [FXGL Background Thread 1 ] INFO  FXGLApplication      - FXGL initialization took: 0.353 sec
21:23:02.859 [JavaFX Application Thread] DEBUG Input                - Registered new binding: Up - W
21:23:02.859 [JavaFX Application Thread] DEBUG Input                - Registered new binding: Down - S
21:23:02.860 [JavaFX Application Thread] DEBUG Input                - Registered new binding: Left - A
21:23:02.860 [JavaFX Application Thread] DEBUG Input                - Registered new binding: Right - D
21:23:02.860 [JavaFX Application Thread] DEBUG Input                - Registered new binding: Release Shockwave - F
21:23:02.861 [JavaFX Application Thread] DEBUG Input                - Registered new binding: Shoot Mouse - LMB
21:23:02.861 [JavaFX Application Thread] DEBUG Input                - Registered new binding: Shoot Key - H
21:23:02.862 [JavaFX Application Thread] DEBUG Input                - Registered new binding: action0 - G
21:23:02.863 [JavaFX Application Thread] DEBUG FXGLAssetLoaderServi - Loading from file system: file:/C:/Users/rcortez/Desktop/FXGL%20Projects/Scratch%20-%20Copy/target/classes/assets/textures/explosion.png
21:23:02.915 [FXGL Background Thread 4 ] DEBUG FXGLAssetLoaderServi - Loading from file system: jar:file:///C:/Users/rcortez/.m2/repository/com/github/almasb/fxgl/dev-SNAPSHOT/fxgl-dev-20210221.140046-1674.jar!/fxglassets/ui/fonts/Abel-Regular.ttf
21:23:02.919 [FXGL Background Thread 4 ] DEBUG FXGLAssetLoaderServi - Loading from file system: jar:file:///C:/Users/rcortez/.m2/repository/com/github/almasb/fxgl/dev-SNAPSHOT/fxgl-dev-20210221.140046-1674.jar!/fxglassets/ui/fonts/lucida_console.ttf
21:23:02.924 [FXGL Background Thread 4 ] DEBUG FXGLAssetLoaderServi - Loading from file system: jar:file:///C:/Users/rcortez/.m2/repository/com/github/almasb/fxgl/dev-SNAPSHOT/fxgl-dev-20210221.140046-1674.jar!/fxglassets/ui/fonts/Courier-Prime.ttf
21:23:03.104 [JavaFX Application Thread] DEBUG FXGLAssetLoaderServi - Loading from file system: file:/C:/Users/rcortez/Desktop/FXGL%20Projects/Scratch%20-%20Copy/target/classes/assets/music/bgm.mp3
21:23:03.587 [JavaFX Application Thread] DEBUG AudioPlayer          - Playing music com.almasb.fxgl.audio.Music@2d0b2f7
21:23:03.588 [JavaFX Application Thread] DEBUG FXGLAssetLoaderServi - Loading from file system: jar:file:///C:/Users/rcortez/.m2/repository/com/github/almasb/fxgl/dev-SNAPSHOT/fxgl-dev-20210221.140046-1674.jar!/fxglassets/textures/fxgl_icon.png
21:23:03.604 [JavaFX Application Thread] DEBUG FXGLAssetLoaderServi - Loading from file system: jar:file:///C:/Users/rcortez/.m2/repository/com/github/almasb/fxgl/dev-SNAPSHOT/fxgl-dev-20210221.140046-1674.jar!/fxglassets/ui/cursors/fxgl_default.png
21:23:03.607 [JavaFX Application Thread] DEBUG Input                - Registered new binding: Screenshot - P
21:23:03.607 [JavaFX Application Thread] DEBUG Input                - Registered new binding: System info dump - CTRL+9
21:23:03.608 [JavaFX Application Thread] DEBUG Input                - Registered new binding: Restart - CTRL+R
21:23:03.608 [JavaFX Application Thread] DEBUG Input                - Registered new binding: Toggle Debug Camera - CTRL+C
21:23:03.610 [JavaFX Application Thread] DEBUG LoopRunner           - Starting loop
21:23:03.611 [JavaFX Application Thread] DEBUG LoopRunner           - Initializing JavaFX AnimationTimerLoop
21:23:03.613 [JavaFX Application Thread] DEBUG Input                - Clearing active input actions
21:23:03.623 [JavaFX Application Thread] DEBUG GameApplicationServi - Removing overlay from FXGLStartupScene and adding to FXGLMainMenuDummyScene
21:23:03.623 [JavaFX Application Thread] DEBUG PrimaryStageWindow   - FXGLStartupScene -> FXGLMainMenuDummyScene
21:23:03.624 [JavaFX Application Thread] DEBUG PrimaryStageWindow   - Push state: GeoWarsMainMenu
21:23:03.628 [JavaFX Application Thread] DEBUG SaveLoadService      - readAndLoadTask: high_score.dat
21:23:03.629 [JavaFX Application Thread] WARN  IOTask               - readDataTask(high_score.dat) failed Error: java.io.FileNotFoundException: C:\Users\rcortez\Desktop\FXGL Projects\Scratch - Copy\high_score.dat (The system cannot find the file specified)
21:23:03.629 [JavaFX Application Thread] DEBUG Input                - Clearing active input actions
21:23:03.634 [JavaFX Application Thread] DEBUG GameApplicationServi - Removing overlay from FXGLMainMenuDummyScene and adding to GeoWarsMainMenu
21:23:03.634 [JavaFX Application Thread] DEBUG PrimaryStageWindow   - FXGLMainMenuDummyScene -> GeoWarsMainMenu
21:23:03.634 [JavaFX Application Thread] DEBUG FXGLApplication      - Registering font factories with UI factory
21:23:03.872 [FXGL Background Thread 2 ] INFO  UpdaterService       - Your current version:  dev-SNAPSHOT
21:23:03.872 [FXGL Background Thread 2 ] INFO  UpdaterService       - Latest stable version: 11.13
21:23:05.828 [FXGL Background Thread 3 ] DEBUG Engine               - Logging environment variables
21:23:05.828 [FXGL Background Thread 3 ] DEBUG Engine               - achievements: []
21:23:05.828 [FXGL Background Thread 3 ] DEBUG Engine               - actualHeight: 727.0
21:23:05.829 [FXGL Background Thread 3 ] DEBUG Engine               - actualHeightProperty: ReadOnlyDoubleProperty [value: 727.0]
21:23:05.829 [FXGL Background Thread 3 ] DEBUG Engine               - actualWidth: 1269.0
21:23:05.829 [FXGL Background Thread 3 ] DEBUG Engine               - actualWidthProperty: ReadOnlyDoubleProperty [value: 1269.0]
21:23:05.829 [FXGL Background Thread 3 ] DEBUG Engine               - appIcon: fxgl_icon.png
21:23:05.829 [FXGL Background Thread 3 ] DEBUG Engine               - applicationMode: DEVELOPER
21:23:05.829 [FXGL Background Thread 3 ] DEBUG Engine               - cSSList: [fxgl_dark.css]
21:23:05.829 [FXGL Background Thread 3 ] DEBUG Engine               - collisionDetectionStrategy: BRUTE_FORCE
21:23:05.829 [FXGL Background Thread 3 ] DEBUG Engine               - configClass: Optional.empty
21:23:05.830 [FXGL Background Thread 3 ] DEBUG Engine               - credits: []
21:23:05.830 [FXGL Background Thread 3 ] DEBUG Engine               - devBBoxColorProperty: ObjectProperty [value: 0xff0000ff]
21:23:05.830 [FXGL Background Thread 3 ] DEBUG Engine               - devEnableDebugCameraProperty: BooleanProperty [value: false]
21:23:05.830 [FXGL Background Thread 3 ] DEBUG Engine               - devSensorColorProperty: ObjectProperty [value: 0xffff00ff]
21:23:05.830 [FXGL Background Thread 3 ] DEBUG Engine               - devShowBBoxProperty: BooleanProperty [value: false]
21:23:05.831 [FXGL Background Thread 3 ] DEBUG Engine               - devShowPositionProperty: BooleanProperty [value: false]
21:23:05.831 [FXGL Background Thread 3 ] DEBUG Engine               - enabledMenuItems: []
21:23:05.831 [FXGL Background Thread 3 ] DEBUG Engine               - engineServices: [class com.almasb.fxgl.app.services.FXGLAssetLoaderService, class com.almasb.fxgl.app.FXGLApplication$GameApplicationService, class com.almasb.fxgl.app.services.FXGLDialogService, class com.almasb.fxgl.app.services.IOTaskExecutorService, class com.almasb.fxgl.event.EventBusService, class com.almasb.fxgl.io.FileSystemService, class com.almasb.fxgl.localization.LocalizationService, class com.almasb.fxgl.app.services.SystemBundleService, class com.almasb.fxgl.profile.SaveLoadService, class com.almasb.fxgl.ui.FXGLUIFactoryServiceProvider, class com.almasb.fxgl.ui.FXGLDialogFactoryServiceProvider, class com.almasb.fxgl.audio.AudioPlayer, class com.almasb.fxgl.notification.impl.NotificationServiceProvider, class com.almasb.fxgl.achievement.AchievementService, class com.almasb.fxgl.cutscene.CutsceneService, class com.almasb.fxgl.minigames.MiniGameService, class com.almasb.fxgl.net.NetService, class com.almasb.fxgl.app.services.UpdaterService, class com.almasb.fxgl.dev.DevService, class com.almasb.fxglgames.geowars.service.HighScoreService]
21:23:05.831 [FXGL Background Thread 3 ] DEBUG Engine               - fontGame: Abel-Regular.ttf
21:23:05.831 [FXGL Background Thread 3 ] DEBUG Engine               - fontMono: lucida_console.ttf
21:23:05.832 [FXGL Background Thread 3 ] DEBUG Engine               - fontText: Courier-Prime.ttf
21:23:05.832 [FXGL Background Thread 3 ] DEBUG Engine               - fontUI: game_font_7.ttf
21:23:05.832 [FXGL Background Thread 3 ] DEBUG Engine               - fullScreen: BooleanProperty [value: false]
21:23:05.832 [FXGL Background Thread 3 ] DEBUG Engine               - gameDifficulty: MEDIUM
21:23:05.832 [FXGL Background Thread 3 ] DEBUG Engine               - gameDifficultyProperty: ObjectProperty [value: MEDIUM]
21:23:05.832 [FXGL Background Thread 3 ] DEBUG Engine               - globalMusicVolume: 0.5
21:23:05.832 [FXGL Background Thread 3 ] DEBUG Engine               - globalMusicVolumeProperty: DoubleProperty [value: 0.5]
21:23:05.832 [FXGL Background Thread 3 ] DEBUG Engine               - globalSoundVolume: 0.5
21:23:05.833 [FXGL Background Thread 3 ] DEBUG Engine               - globalSoundVolumeProperty: DoubleProperty [value: 0.2]
21:23:05.833 [FXGL Background Thread 3 ] DEBUG Engine               - height: 1080
21:23:05.833 [FXGL Background Thread 3 ] DEBUG Engine               - isAndroid: false
21:23:05.833 [FXGL Background Thread 3 ] DEBUG Engine               - isBrowser: false
21:23:05.833 [FXGL Background Thread 3 ] DEBUG Engine               - isClickFeedbackEnabled: false
21:23:05.833 [FXGL Background Thread 3 ] DEBUG Engine               - isCloseConfirmation: false
21:23:05.833 [FXGL Background Thread 3 ] DEBUG Engine               - isDesktop: true
21:23:05.833 [FXGL Background Thread 3 ] DEBUG Engine               - isDeveloperMenuEnabled: false
21:23:05.833 [FXGL Background Thread 3 ] DEBUG Engine               - isEntityPreloadEnabled: true
21:23:05.833 [FXGL Background Thread 3 ] DEBUG Engine               - isExperimental3D: false
21:23:05.833 [FXGL Background Thread 3 ] DEBUG Engine               - isExperimentalNative: false
21:23:05.834 [FXGL Background Thread 3 ] DEBUG Engine               - isExperimentalTiledLargeMap: false
21:23:05.834 [FXGL Background Thread 3 ] DEBUG Engine               - isFileSystemWriteAllowed: true
21:23:05.834 [FXGL Background Thread 3 ] DEBUG Engine               - isFullScreenAllowed: false
21:23:05.834 [FXGL Background Thread 3 ] DEBUG Engine               - isFullScreenFromStart: false
21:23:05.834 [FXGL Background Thread 3 ] DEBUG Engine               - isGameMenuEnabled: true
21:23:05.834 [FXGL Background Thread 3 ] DEBUG Engine               - isIOS: false
21:23:05.834 [FXGL Background Thread 3 ] DEBUG Engine               - isIntroEnabled: false
21:23:05.834 [FXGL Background Thread 3 ] DEBUG Engine               - isLinux: false
21:23:05.834 [FXGL Background Thread 3 ] DEBUG Engine               - isMac: false
21:23:05.834 [FXGL Background Thread 3 ] DEBUG Engine               - isMainMenuEnabled: true
21:23:05.834 [FXGL Background Thread 3 ] DEBUG Engine               - isManualResizeEnabled: false
21:23:05.835 [FXGL Background Thread 3 ] DEBUG Engine               - isMobile: false
21:23:05.835 [FXGL Background Thread 3 ] DEBUG Engine               - isPreserveResizeRatio: false
21:23:05.835 [FXGL Background Thread 3 ] DEBUG Engine               - isProfilingEnabled: false
21:23:05.835 [FXGL Background Thread 3 ] DEBUG Engine               - isScaleAffectedOnResize: true
21:23:05.835 [FXGL Background Thread 3 ] DEBUG Engine               - isSingleStep: false
21:23:05.835 [FXGL Background Thread 3 ] DEBUG Engine               - isUserProfileEnabled: false
21:23:05.835 [FXGL Background Thread 3 ] DEBUG Engine               - isWindows: true
21:23:05.835 [FXGL Background Thread 3 ] DEBUG Engine               - language: ObjectProperty [value: ENGLISH]
21:23:05.836 [FXGL Background Thread 3 ] DEBUG Engine               - menuKey: ESCAPE
21:23:05.836 [FXGL Background Thread 3 ] DEBUG Engine               - notificationViewClass: class com.almasb.fxgl.notification.view.XboxNotificationView
21:23:05.836 [FXGL Background Thread 3 ] DEBUG Engine               - pixelsPerMeter: 50.0
21:23:05.836 [FXGL Background Thread 3 ] DEBUG Engine               - platform: WINDOWS
21:23:05.836 [FXGL Background Thread 3 ] DEBUG Engine               - prefHeightProperty: ReadOnlyDoubleProperty [value: 1080.0]
21:23:05.836 [FXGL Background Thread 3 ] DEBUG Engine               - prefWidthProperty: ReadOnlyDoubleProperty [value: 1920.0]
21:23:05.836 [FXGL Background Thread 3 ] DEBUG Engine               - profileDir: profiles/
21:23:05.836 [FXGL Background Thread 3 ] DEBUG Engine               - profileName: StringProperty [value: DEFAULT]
21:23:05.836 [FXGL Background Thread 3 ] DEBUG Engine               - randomSeed: -1
21:23:05.836 [FXGL Background Thread 3 ] DEBUG Engine               - runtimeInfo: RuntimeInfo(platform=WINDOWS, version=dev-SNAPSHOT, build=21.02.2021 13.59)
21:23:05.836 [FXGL Background Thread 3 ] DEBUG Engine               - saveFileExt: sav
21:23:05.836 [FXGL Background Thread 3 ] DEBUG Engine               - scaledHeightProp$fxgl: DoubleProperty [bound, value: 727.0]
21:23:05.837 [FXGL Background Thread 3 ] DEBUG Engine               - scaledWidthProp$fxgl: DoubleProperty [bound, value: 1269.0]
21:23:05.837 [FXGL Background Thread 3 ] DEBUG Engine               - sceneFactory: com.almasb.fxglgames.geowars.GeoWarsApp$1@43968040
21:23:05.837 [FXGL Background Thread 3 ] DEBUG Engine               - secondsIn24h: 60
21:23:05.837 [FXGL Background Thread 3 ] DEBUG Engine               - soundMenuBack: menu/back.wav
21:23:05.837 [FXGL Background Thread 3 ] DEBUG Engine               - soundMenuPress: menu/press.wav
21:23:05.837 [FXGL Background Thread 3 ] DEBUG Engine               - soundMenuSelect: menu/select.wav
21:23:05.837 [FXGL Background Thread 3 ] DEBUG Engine               - soundNotification: core/notification.wav
21:23:05.837 [FXGL Background Thread 3 ] DEBUG Engine               - stageStyle: DECORATED
21:23:05.837 [FXGL Background Thread 3 ] DEBUG Engine               - supportedLanguages: [ENGLISH, FRENCH, GERMAN, HUNGARIAN, RUSSIAN]
21:23:05.837 [FXGL Background Thread 3 ] DEBUG Engine               - ticksPerSecond: -1
21:23:05.837 [FXGL Background Thread 3 ] DEBUG Engine               - title: FXGL Geometry Wars
21:23:05.837 [FXGL Background Thread 3 ] DEBUG Engine               - urlGithub: https://github.com/AlmasB/FXGL
21:23:05.838 [FXGL Background Thread 3 ] DEBUG Engine               - urlLeaderboard: http://fxgl-top.herokuapp.com/
21:23:05.838 [FXGL Background Thread 3 ] DEBUG Engine               - urlPOM: https://raw.githubusercontent.com/AlmasB/FXGL/master/README.md
21:23:05.838 [FXGL Background Thread 3 ] DEBUG Engine               - userAppClass: class com.almasb.fxglgames.geowars.GeoWarsApp
21:23:05.838 [FXGL Background Thread 3 ] DEBUG Engine               - version: 1.2.1
21:23:05.838 [FXGL Background Thread 3 ] DEBUG Engine               - versionCheckDays: 7
21:23:05.838 [FXGL Background Thread 3 ] DEBUG Engine               - width: 1920
21:23:05.838 [FXGL Background Thread 3 ] DEBUG Engine               - Logging services
21:23:05.838 [FXGL Background Thread 3 ] DEBUG Engine               - class com.almasb.fxgl.app.services.FXGLAssetLoaderService
21:23:05.838 [FXGL Background Thread 3 ] DEBUG Engine               - class com.almasb.fxgl.app.FXGLApplication$GameApplicationService
21:23:05.838 [FXGL Background Thread 3 ] DEBUG Engine               - class com.almasb.fxgl.app.services.FXGLDialogService
21:23:05.839 [FXGL Background Thread 3 ] DEBUG Engine               - class com.almasb.fxgl.app.services.IOTaskExecutorService
21:23:05.839 [FXGL Background Thread 3 ] DEBUG Engine               - class com.almasb.fxgl.event.EventBusService
21:23:05.839 [FXGL Background Thread 3 ] DEBUG Engine               - class com.almasb.fxgl.io.FileSystemService
21:23:05.839 [FXGL Background Thread 3 ] DEBUG Engine               - class com.almasb.fxgl.localization.LocalizationService
21:23:05.839 [FXGL Background Thread 3 ] DEBUG Engine               - class com.almasb.fxgl.app.services.SystemBundleService
21:23:05.839 [FXGL Background Thread 3 ] DEBUG Engine               - class com.almasb.fxgl.profile.SaveLoadService
21:23:05.839 [FXGL Background Thread 3 ] DEBUG Engine               - class com.almasb.fxgl.ui.FXGLUIFactoryServiceProvider
21:23:05.839 [FXGL Background Thread 3 ] DEBUG Engine               - class com.almasb.fxgl.ui.FXGLDialogFactoryServiceProvider
21:23:05.839 [FXGL Background Thread 3 ] DEBUG Engine               - class com.almasb.fxgl.audio.AudioPlayer
21:23:05.839 [FXGL Background Thread 3 ] DEBUG Engine               - class com.almasb.fxgl.notification.impl.NotificationServiceProvider
21:23:05.839 [FXGL Background Thread 3 ] DEBUG Engine               - class com.almasb.fxgl.achievement.AchievementService
21:23:05.840 [FXGL Background Thread 3 ] DEBUG Engine               - class com.almasb.fxgl.cutscene.CutsceneService
21:23:05.840 [FXGL Background Thread 3 ] DEBUG Engine               - class com.almasb.fxgl.minigames.MiniGameService
21:23:05.840 [FXGL Background Thread 3 ] DEBUG Engine               - class com.almasb.fxgl.net.NetService
21:23:05.840 [FXGL Background Thread 3 ] DEBUG Engine               - class com.almasb.fxgl.app.services.UpdaterService
21:23:05.840 [FXGL Background Thread 3 ] DEBUG Engine               - class com.almasb.fxgl.dev.DevService
21:23:05.840 [FXGL Background Thread 3 ] DEBUG Engine               - class com.almasb.fxglgames.geowars.service.HighScoreService
21:23:07.971 [JavaFX Application Thread] DEBUG Menu                 - fireNewGame()
21:23:07.971 [JavaFX Application Thread] DEBUG GameApplicationServi - Starting new game
21:23:07.972 [JavaFX Application Thread] DEBUG PrimaryStageWindow   - Pop state: GeoWarsMainMenu
21:23:07.972 [JavaFX Application Thread] DEBUG Input                - Clearing active input actions
21:23:07.972 [JavaFX Application Thread] DEBUG GameApplicationServi - Removing overlay from GeoWarsMainMenu and adding to FXGLMainMenuDummyScene
21:23:07.973 [JavaFX Application Thread] DEBUG PrimaryStageWindow   - FXGLMainMenuDummyScene <- GeoWarsMainMenu
21:23:07.973 [JavaFX Application Thread] DEBUG Input                - Clearing active input actions
21:23:07.980 [JavaFX Application Thread] DEBUG GameApplicationServi - Removing overlay from FXGLMainMenuDummyScene and adding to FXGLLoadingScene
21:23:07.981 [JavaFX Application Thread] DEBUG PrimaryStageWindow   - FXGLMainMenuDummyScene -> FXGLLoadingScene
21:23:07.981 [JavaFX Application Thread] DEBUG GameApplicationServi - Clearing previous game
21:23:07.981 [JavaFX Application Thread] DEBUG GameScene            - Clearing game scene
21:23:07.981 [JavaFX Application Thread] DEBUG GameWorld            - Clearing game world
21:23:07.981 [JavaFX Application Thread] DEBUG PhysicsWorld         - Clearing physics world
21:23:07.982 [FXGL Background Thread 2 ] DEBUG FXGLApplication      - Initializing game
21:23:08.033 [FXGL Background Thread 2 ] DEBUG FXGLAssetLoaderServi - Loading from file system: file:/C:/Users/rcortez/Desktop/FXGL%20Projects/Scratch%20-%20Copy/target/classes/assets/textures/player.png
21:23:08.065 [FXGL Background Thread 2 ] INFO  FXGLApplication      - Game initialization took: 0.083 sec
21:23:08.065 [JavaFX Application Thread] DEBUG Input                - Clearing active input actions
21:23:08.073 [JavaFX Application Thread] DEBUG GameApplicationServi - Removing overlay from FXGLLoadingScene and adding to GameScene
21:23:08.075 [JavaFX Application Thread] DEBUG PrimaryStageWindow   - FXGLLoadingScene -> GameScene
21:23:09.798 [JavaFX Application Thread] DEBUG FXGLAssetLoaderServi - Loading from file system: file:/C:/Users/rcortez/Desktop/FXGL%20Projects/Scratch%20-%20Copy/target/classes/assets/textures/Wanderer.png
21:23:09.858 [JavaFX Application Thread] DEBUG FXGLAssetLoaderServi - Loading from file system: file:/C:/Users/rcortez/Desktop/FXGL%20Projects/Scratch%20-%20Copy/target/classes/assets/textures/particles/spark_04.png
21:23:09.906 [JavaFX Application Thread] DEBUG FXGLAssetLoaderServi - Loading from file system: file:/C:/Users/rcortez/Desktop/FXGL%20Projects/Scratch%20-%20Copy/target/classes/assets/textures/wanderer_overlay.png
21:23:13.497 [JavaFX Application Thread] DEBUG FXGLAssetLoaderServi - Loading from file system: file:/C:/Users/rcortez/Desktop/FXGL%20Projects/Scratch%20-%20Copy/target/classes/assets/sounds/shoot4.wav
21:23:13.505 [JavaFX Application Thread] DEBUG FXGLAssetLoaderServi - Loading from file system: file:/C:/Users/rcortez/Desktop/FXGL%20Projects/Scratch%20-%20Copy/target/classes/assets/textures/Bullet.png
21:23:14.135 [JavaFX Application Thread] DEBUG FXGLAssetLoaderServi - Loading from file system: file:/C:/Users/rcortez/Desktop/FXGL%20Projects/Scratch%20-%20Copy/target/classes/assets/sounds/shoot8.wav
21:23:14.536 [JavaFX Application Thread] DEBUG FXGLAssetLoaderServi - Loading from file system: file:/C:/Users/rcortez/Desktop/FXGL%20Projects/Scratch%20-%20Copy/target/classes/assets/sounds/explosion-01.wav
21:23:14.544 [JavaFX Application Thread] DEBUG FXGLAssetLoaderServi - Loading from file system: file:/C:/Users/rcortez/Desktop/FXGL%20Projects/Scratch%20-%20Copy/target/classes/assets/textures/particles/light_02.png
21:23:14.557 [JavaFX Application Thread] DEBUG FXGLAssetLoaderServi - Loading from file system: file:/C:/Users/rcortez/Desktop/FXGL%20Projects/Scratch%20-%20Copy/target/classes/assets/textures/YellowCrystal.png
21:23:15.238 [JavaFX Application Thread] DEBUG FXGLAssetLoaderServi - Loading from file system: file:/C:/Users/rcortez/Desktop/FXGL%20Projects/Scratch%20-%20Copy/target/classes/assets/sounds/shoot5.wav
21:23:19.270 [JavaFX Application Thread] DEBUG FXGLAssetLoaderServi - Loading from file system: file:/C:/Users/rcortez/Desktop/FXGL%20Projects/Scratch%20-%20Copy/target/classes/assets/sounds/shoot6.wav
21:23:19.782 [JavaFX Application Thread] DEBUG FXGLAssetLoaderServi - Loading from file system: file:/C:/Users/rcortez/Desktop/FXGL%20Projects/Scratch%20-%20Copy/target/classes/assets/sounds/shoot1.wav
21:23:20.823 [JavaFX Application Thread] DEBUG FXGLAssetLoaderServi - Loading from file system: file:/C:/Users/rcortez/Desktop/FXGL%20Projects/Scratch%20-%20Copy/target/classes/assets/sounds/shoot2.wav
21:23:21.046 [JavaFX Application Thread] DEBUG FXGLAssetLoaderServi - Loading from file system: file:/C:/Users/rcortez/Desktop/FXGL%20Projects/Scratch%20-%20Copy/target/classes/assets/sounds/shoot7.wav
21:23:42.492 [JavaFX Application Thread] DEBUG PrimaryStageWindow   - Push state: DialogSubScene
21:23:42.492 [JavaFX Application Thread] DEBUG Input                - Clearing active input actions
21:23:42.497 [JavaFX Application Thread] DEBUG GameApplicationServi - Removing overlay from GameScene and adding to DialogSubScene
21:23:42.498 [JavaFX Application Thread] DEBUG PrimaryStageWindow   - GameScene -> DialogSubScene
21:23:47.308 [JavaFX Application Thread] DEBUG PrimaryStageWindow   - Pop state: DialogSubScene
21:23:47.308 [JavaFX Application Thread] DEBUG Input                - Clearing active input actions
21:23:47.309 [JavaFX Application Thread] DEBUG GameApplicationServi - Removing overlay from DialogSubScene and adding to GameScene
21:23:47.310 [JavaFX Application Thread] DEBUG PrimaryStageWindow   - GameScene <- DialogSubScene
21:23:47.314 [JavaFX Application Thread] DEBUG SaveLoadService      - writeTask: high_score.dat
21:23:47.319 [JavaFX Application Thread] DEBUG FileSystemAccess     - Writing to: C:\Users\rcortez\Desktop\FXGL Projects\Scratch - Copy\high_score.dat
21:23:47.348 [JavaFX Application Thread] DEBUG Input                - Clearing active input actions
21:23:47.352 [JavaFX Application Thread] DEBUG GameApplicationServi - Removing overlay from GameScene and adding to FXGLMainMenuDummyScene
21:23:47.352 [JavaFX Application Thread] DEBUG PrimaryStageWindow   - GameScene -> FXGLMainMenuDummyScene
21:23:47.353 [JavaFX Application Thread] DEBUG PrimaryStageWindow   - Push state: GeoWarsMainMenu
21:23:47.353 [JavaFX Application Thread] DEBUG Input                - Clearing active input actions
21:23:47.354 [JavaFX Application Thread] DEBUG GameApplicationServi - Removing overlay from FXGLMainMenuDummyScene and adding to GeoWarsMainMenu
21:23:47.354 [JavaFX Application Thread] DEBUG PrimaryStageWindow   - FXGLMainMenuDummyScene -> GeoWarsMainMenu
21:23:49.681 [JavaFX Application Thread] DEBUG Menu                 - fireNewGame()
21:23:49.681 [JavaFX Application Thread] DEBUG GameApplicationServi - Starting new game
21:23:49.681 [JavaFX Application Thread] DEBUG PrimaryStageWindow   - Pop state: GeoWarsMainMenu
21:23:49.682 [JavaFX Application Thread] DEBUG Input                - Clearing active input actions
21:23:49.682 [JavaFX Application Thread] DEBUG GameApplicationServi - Removing overlay from GeoWarsMainMenu and adding to FXGLMainMenuDummyScene
21:23:49.683 [JavaFX Application Thread] DEBUG PrimaryStageWindow   - FXGLMainMenuDummyScene <- GeoWarsMainMenu
21:23:49.683 [JavaFX Application Thread] DEBUG Input                - Clearing active input actions
21:23:49.690 [JavaFX Application Thread] DEBUG GameApplicationServi - Removing overlay from FXGLMainMenuDummyScene and adding to FXGLLoadingScene
21:23:49.692 [JavaFX Application Thread] DEBUG PrimaryStageWindow   - FXGLMainMenuDummyScene -> FXGLLoadingScene
21:23:49.692 [JavaFX Application Thread] DEBUG GameApplicationServi - Clearing previous game
21:23:49.692 [JavaFX Application Thread] DEBUG GameScene            - Clearing game scene
21:23:49.692 [JavaFX Application Thread] DEBUG GameWorld            - Clearing game world
21:23:49.694 [JavaFX Application Thread] DEBUG PhysicsWorld         - Clearing physics world
21:23:49.695 [FXGL Background Thread 2 ] DEBUG FXGLApplication      - Initializing game
21:23:49.711 [FXGL Background Thread 2 ] INFO  FXGLApplication      - Game initialization took: 0.016 sec
21:23:49.713 [JavaFX Application Thread] DEBUG Input                - Clearing active input actions
21:23:49.719 [JavaFX Application Thread] DEBUG GameApplicationServi - Removing overlay from FXGLLoadingScene and adding to GameScene
21:23:49.719 [JavaFX Application Thread] DEBUG PrimaryStageWindow   - FXGLLoadingScene -> GameScene
21:23:55.046 [JavaFX Application Thread] DEBUG FXGLAssetLoaderServi - Loading from file system: file:/C:/Users/rcortez/Desktop/FXGL%20Projects/Scratch%20-%20Copy/target/classes/assets/sounds/shoot3.wav
21:23:56.600 [JavaFX Application Thread] DEBUG FXGLAssetLoaderServi - Loading from file system: file:/C:/Users/rcortez/Desktop/FXGL%20Projects/Scratch%20-%20Copy/target/classes/assets/sounds/explosion-05.wav
21:23:56.921 [JavaFX Application Thread] DEBUG FXGLAssetLoaderServi - Loading from file system: file:/C:/Users/rcortez/Desktop/FXGL%20Projects/Scratch%20-%20Copy/target/classes/assets/sounds/explosion-04.wav
21:24:02.985 [JavaFX Application Thread] DEBUG FXGLAssetLoaderServi - Loading from file system: file:/C:/Users/rcortez/Desktop/FXGL%20Projects/Scratch%20-%20Copy/target/classes/assets/sounds/explosion-03.wav
21:24:04.423 [JavaFX Application Thread] DEBUG FXGLAssetLoaderServi - Loading from file system: file:/C:/Users/rcortez/Desktop/FXGL%20Projects/Scratch%20-%20Copy/target/classes/assets/sounds/explosion-06.wav
21:24:05.863 [JavaFX Application Thread] DEBUG FXGLAssetLoaderServi - Loading from file system: file:/C:/Users/rcortez/Desktop/FXGL%20Projects/Scratch%20-%20Copy/target/classes/assets/sounds/explosion-02.wav
21:24:13.432 [JavaFX Application Thread] DEBUG FXGLAssetLoaderServi - Loading from file system: file:/C:/Users/rcortez/Desktop/FXGL%20Projects/Scratch%20-%20Copy/target/classes/assets/sounds/explosion-08.wav
21:24:30.153 [JavaFX Application Thread] DEBUG FXGLAssetLoaderServi - Loading from file system: file:/C:/Users/rcortez/Desktop/FXGL%20Projects/Scratch%20-%20Copy/target/classes/assets/sounds/explosion-07.wav
21:24:39.785 [JavaFX Application Thread] DEBUG FXGLAssetLoaderServi - Loading from file system: file:/C:/Users/rcortez/Desktop/FXGL%20Projects/Scratch%20-%20Copy/target/classes/assets/textures/Bomber.png
21:24:55.211 [JavaFX Application Thread] DEBUG PrimaryStageWindow   - Push state: DialogSubScene
21:24:55.211 [JavaFX Application Thread] DEBUG Input                - Clearing active input actions
21:24:55.212 [JavaFX Application Thread] DEBUG GameApplicationServi - Removing overlay from GameScene and adding to DialogSubScene
21:24:55.212 [JavaFX Application Thread] DEBUG PrimaryStageWindow   - GameScene -> DialogSubScene
21:24:59.618 [JavaFX Application Thread] DEBUG PrimaryStageWindow   - Pop state: DialogSubScene
21:24:59.618 [JavaFX Application Thread] DEBUG Input                - Clearing active input actions
21:24:59.618 [JavaFX Application Thread] DEBUG GameApplicationServi - Removing overlay from DialogSubScene and adding to GameScene
21:24:59.618 [JavaFX Application Thread] DEBUG PrimaryStageWindow   - GameScene <- DialogSubScene
21:24:59.619 [JavaFX Application Thread] DEBUG SaveLoadService      - writeTask: high_score.dat
21:24:59.619 [JavaFX Application Thread] DEBUG FileSystemAccess     - Writing to: C:\Users\rcortez\Desktop\FXGL Projects\Scratch - Copy\high_score.dat
21:24:59.620 [JavaFX Application Thread] DEBUG Input                - Clearing active input actions
21:24:59.624 [JavaFX Application Thread] DEBUG GameApplicationServi - Removing overlay from GameScene and adding to FXGLMainMenuDummyScene
21:24:59.624 [JavaFX Application Thread] DEBUG PrimaryStageWindow   - GameScene -> FXGLMainMenuDummyScene
21:24:59.624 [JavaFX Application Thread] DEBUG PrimaryStageWindow   - Push state: GeoWarsMainMenu
21:24:59.624 [JavaFX Application Thread] DEBUG Input                - Clearing active input actions
21:24:59.624 [JavaFX Application Thread] DEBUG GameApplicationServi - Removing overlay from FXGLMainMenuDummyScene and adding to GeoWarsMainMenu
21:24:59.624 [JavaFX Application Thread] DEBUG PrimaryStageWindow   - FXGLMainMenuDummyScene -> GeoWarsMainMenu
21:25:04.063 [JavaFX Application Thread] DEBUG PrimaryStageWindow   - Push state: DialogSubScene
21:25:04.063 [JavaFX Application Thread] DEBUG Input                - Clearing active input actions
21:25:04.064 [JavaFX Application Thread] DEBUG GameApplicationServi - Removing overlay from GeoWarsMainMenu and adding to DialogSubScene
21:25:04.064 [JavaFX Application Thread] DEBUG PrimaryStageWindow   - GeoWarsMainMenu -> DialogSubScene
21:25:07.432 [JavaFX Application Thread] DEBUG PrimaryStageWindow   - Pop state: DialogSubScene
21:25:07.432 [JavaFX Application Thread] DEBUG Input                - Clearing active input actions
21:25:07.433 [JavaFX Application Thread] DEBUG GameApplicationServi - Removing overlay from DialogSubScene and adding to GeoWarsMainMenu
21:25:07.433 [JavaFX Application Thread] DEBUG PrimaryStageWindow   - GeoWarsMainMenu <- DialogSubScene
21:25:08.437 [JavaFX Application Thread] DEBUG Menu                 - fireExit()
21:25:08.440 [JavaFX Application Thread] DEBUG PrimaryStageWindow   - Push state: DialogSubScene
21:25:08.440 [JavaFX Application Thread] DEBUG Input                - Clearing active input actions
21:25:08.440 [JavaFX Application Thread] DEBUG GameApplicationServi - Removing overlay from GeoWarsMainMenu and adding to DialogSubScene
21:25:08.441 [JavaFX Application Thread] DEBUG PrimaryStageWindow   - GeoWarsMainMenu -> DialogSubScene
21:25:09.923 [JavaFX Application Thread] DEBUG PrimaryStageWindow   - Pop state: DialogSubScene
21:25:09.924 [JavaFX Application Thread] DEBUG Input                - Clearing active input actions
21:25:09.924 [JavaFX Application Thread] DEBUG GameApplicationServi - Removing overlay from DialogSubScene and adding to GeoWarsMainMenu
21:25:09.925 [JavaFX Application Thread] DEBUG PrimaryStageWindow   - GeoWarsMainMenu <- DialogSubScene
21:25:09.925 [JavaFX Application Thread] DEBUG FXGLApplication      - Exiting FXGL
21:25:09.925 [JavaFX Application Thread] DEBUG LoopRunner           - Stopping loop
21:25:09.925 [JavaFX Application Thread] DEBUG SystemBundleService  - Saving FXGL system data
21:25:09.928 [JavaFX Application Thread] DEBUG FileSystemAccess     - Writing to: C:\Users\rcortez\Desktop\FXGL Projects\Scratch - Copy\system\fxgl.bundle
21:25:09.929 [JavaFX Application Thread] DEBUG Async                - Shutting down background threads
21:25:09.930 [JavaFX Application Thread] DEBUG PrimaryStageWindow   - Closing main window
21:25:09.975 [JavaFX Application Thread] DEBUG Logger               - Closing Logger
