21:20:56.807 [main                     ] DEBUG Logger               - Configured Logger
21:20:56.814 [main                     ] DEBUG GameApplication      - Logging settings
Title: Untitled
Version: 0.0
Width: 800
Height: 600
Fullscreen: false
Intro: false
Profiling: false
Single step:false
App Mode: DEVELOPER
Menu Key: ESCAPE
Stage Style: DECORATED
Scene Factory: class com.almasb.fxgl.app.scene.SceneFactory

21:20:57.989 [JavaFX Application Thread] DEBUG FXGLApplication      - Initializing FXGL
21:20:57.992 [JavaFX Application Thread] INFO  Engine               - FXGL-dev-SNAPSHOT (21.02.2021 13.59) on WINDOWS (J:14.0.2 FX:15)
21:20:57.992 [JavaFX Application Thread] DEBUG Engine               - JRE Vendor Name: Oracle Corporation
21:20:57.992 [JavaFX Application Thread] DEBUG Engine               - Running on OS: Windows 10 version 10.0
21:20:57.992 [JavaFX Application Thread] DEBUG Engine               - Architecture: amd64
21:20:57.992 [JavaFX Application Thread] INFO  Engine               - Source code and latest versions at: https://github.com/AlmasB/FXGL
21:20:57.993 [JavaFX Application Thread] INFO  Engine               -              Join the FXGL chat at: https://gitter.im/AlmasB/FXGL
21:20:58.112 [JavaFX Application Thread] DEBUG PrimaryStageWindow   - Creating a JavaFX scene
21:20:58.165 [JavaFX Application Thread] DEBUG PrimaryStageWindow   - Target settings size: 800.0 x 600.0
21:20:58.165 [JavaFX Application Thread] DEBUG PrimaryStageWindow   - Scaled scene size:    800.0 x 600.0
21:20:58.165 [JavaFX Application Thread] DEBUG PrimaryStageWindow   - Scaled ratio: (1.0, 1.0)
21:20:58.166 [JavaFX Application Thread] DEBUG PrimaryStageWindow   - Set initial scene to FXGLStartupScene
21:20:58.172 [JavaFX Application Thread] DEBUG PrimaryStageWindow   - Opening main window
21:20:58.284 [JavaFX Application Thread] DEBUG PrimaryStageWindow   - Window border size: (16.0, 39.0)
21:20:58.284 [JavaFX Application Thread] DEBUG PrimaryStageWindow   - Scaled size: 800.0 x 600.0
21:20:58.284 [JavaFX Application Thread] DEBUG PrimaryStageWindow   - Scaled ratio: (1.0, 1.0)
21:20:58.284 [JavaFX Application Thread] DEBUG PrimaryStageWindow   - Scene size: 800.0 x 600.0
21:20:58.284 [JavaFX Application Thread] DEBUG PrimaryStageWindow   - Stage size: 816.0 x 639.0
21:20:58.291 [FXGL Background Thread 1 ] DEBUG Engine               - Initializing environment variables
21:20:58.322 [FXGL Background Thread 1 ] DEBUG FXGLAssetLoaderServi - User app class for loading assets: class Game
21:20:58.323 [FXGL Background Thread 1 ] DEBUG GameApplicationServi - Applying CSS: fxgl_dark.css
21:20:58.324 [FXGL Background Thread 1 ] DEBUG FXGLAssetLoaderServi - Loading from file system: jar:file:/C:/Users/rcortez/.m2/repository/com/github/almasb/fxgl/dev-SNAPSHOT/fxgl-dev-20210221.140046-1674.jar!/fxglassets/ui/css/fxgl_dark.css
21:20:58.366 [FXGL Background Thread 1 ] DEBUG GameApplicationServi - Initializing application scenes
21:20:58.403 [FXGL Background Thread 1 ] DEBUG GameWorld            - Game world initialized
21:20:58.491 [FXGL Background Thread 1 ] DEBUG PhysicsWorld         - Physics world initialized: appHeight=600, physics.ppm=50.0
21:20:58.492 [FXGL Background Thread 1 ] DEBUG PhysicsWorld         - Using strategy: BRUTE_FORCE
21:20:58.503 [FXGL Background Thread 1 ] DEBUG GameScene            - Game scene initialized: 800x600
21:20:58.551 [FXGL Background Thread 1 ] DEBUG FXGLAssetLoaderServi - Loading from file system: jar:file:/C:/Users/rcortez/.m2/repository/com/github/almasb/fxgl/dev-SNAPSHOT/fxgl-dev-20210221.140046-1674.jar!/fxglassets/textures/particles/trace_horizontal.png
21:20:58.614 [FXGL Background Thread 1 ] DEBUG FXGL.DefaultMenu     - createMenuBodyGameMenu()
21:20:58.632 [FXGL Background Thread 1 ] DEBUG FXGL.DefaultMenu     - createOptionsMenu()
21:20:58.644 [FXGL Background Thread 1 ] DEBUG FXGLAssetLoaderServi - Loading from file system: jar:file:/C:/Users/rcortez/.m2/repository/com/github/almasb/fxgl/dev-SNAPSHOT/fxgl-dev-20210221.140046-1674.jar!/fxglassets/textures/particles/smoke.png
21:20:58.709 [FXGL Background Thread 1 ] DEBUG GameApplicationServi - Application scenes initialized
21:20:58.726 [FXGL Background Thread 1 ] DEBUG SystemBundleService  - Loading FXGL system data
21:20:58.732 [FXGL Background Thread 1 ] DEBUG FileSystemAccess     - Reading from: C:\Users\rcortez\Desktop\FXGL Projects\Scratch - Copy\system\fxgl.bundle
21:20:58.740 [FXGL Background Thread 1 ] DEBUG SystemBundleService  - Bundle FXGL: {}
21:20:58.740 [FXGL Background Thread 1 ] DEBUG UpdaterService       - Checking for updates
21:20:58.745 [FXGL Background Thread 4 ] DEBUG FXGLApplication      - Loading fonts
21:20:58.746 [FXGL Background Thread 1 ] DEBUG FXGLApplication      - Loading default localization
21:20:58.746 [FXGL Background Thread 4 ] DEBUG FXGLAssetLoaderServi - Loading from file system: jar:file:/C:/Users/rcortez/.m2/repository/com/github/almasb/fxgl/dev-SNAPSHOT/fxgl-dev-20210221.140046-1674.jar!/fxglassets/ui/fonts/VarelaRound-Regular.ttf
21:20:58.746 [FXGL Background Thread 1 ] DEBUG FXGLAssetLoaderServi - Loading from file system: jar:file:/C:/Users/rcortez/.m2/repository/com/github/almasb/fxgl/dev-SNAPSHOT/fxgl-dev-20210221.140046-1674.jar!/fxglassets/languages/english.lang
21:20:58.769 [FXGL Background Thread 1 ] INFO  FXGLApplication      - FXGL initialization took: 0.478 sec
21:20:58.771 [JavaFX Application Thread] DEBUG FXGLAssetLoaderServi - Loading from file system: jar:file:/C:/Users/rcortez/.m2/repository/com/github/almasb/fxgl/dev-SNAPSHOT/fxgl-dev-20210221.140046-1674.jar!/fxglassets/textures/fxgl_icon.png
21:20:58.798 [JavaFX Application Thread] DEBUG FXGLAssetLoaderServi - Loading from file system: jar:file:/C:/Users/rcortez/.m2/repository/com/github/almasb/fxgl/dev-SNAPSHOT/fxgl-dev-20210221.140046-1674.jar!/fxglassets/ui/cursors/fxgl_default.png
21:20:58.812 [JavaFX Application Thread] DEBUG Input                - Registered new binding: Screenshot - P
21:20:58.812 [JavaFX Application Thread] DEBUG Input                - Registered new binding: System info dump - CTRL+9
21:20:58.813 [JavaFX Application Thread] DEBUG Input                - Registered new binding: Restart - CTRL+R
21:20:58.814 [JavaFX Application Thread] DEBUG Input                - Registered new binding: Toggle Debug Camera - CTRL+C
21:20:58.816 [JavaFX Application Thread] DEBUG LoopRunner           - Starting loop
21:20:58.816 [JavaFX Application Thread] DEBUG LoopRunner           - Initializing JavaFX AnimationTimerLoop
21:20:58.818 [JavaFX Application Thread] DEBUG GameApplicationServi - Starting new game
21:20:58.820 [JavaFX Application Thread] DEBUG Input                - Clearing active input actions
21:20:58.832 [JavaFX Application Thread] DEBUG GameApplicationServi - Removing overlay from FXGLStartupScene and adding to FXGLLoadingScene
21:20:58.832 [JavaFX Application Thread] DEBUG PrimaryStageWindow   - FXGLStartupScene -> FXGLLoadingScene
21:20:58.832 [JavaFX Application Thread] DEBUG GameApplicationServi - Clearing previous game
21:20:58.833 [JavaFX Application Thread] DEBUG GameScene            - Clearing game scene
21:20:58.833 [JavaFX Application Thread] DEBUG GameWorld            - Clearing game world
21:20:58.833 [JavaFX Application Thread] DEBUG PhysicsWorld         - Clearing physics world
21:20:58.834 [FXGL Background Thread 1 ] DEBUG FXGLApplication      - Initializing game
21:20:58.836 [FXGL Background Thread 1 ] INFO  FXGLApplication      - Game initialization took: 0.001 sec
21:20:58.841 [FXGL Background Thread 4 ] DEBUG FXGLAssetLoaderServi - Loading from file system: jar:file:/C:/Users/rcortez/.m2/repository/com/github/almasb/fxgl/dev-SNAPSHOT/fxgl-dev-20210221.140046-1674.jar!/fxglassets/ui/fonts/Abel-Regular.ttf
21:20:58.859 [FXGL Background Thread 4 ] DEBUG FXGLAssetLoaderServi - Loading from file system: jar:file:/C:/Users/rcortez/.m2/repository/com/github/almasb/fxgl/dev-SNAPSHOT/fxgl-dev-20210221.140046-1674.jar!/fxglassets/ui/fonts/lucida_console.ttf
21:20:58.867 [FXGL Background Thread 4 ] DEBUG FXGLAssetLoaderServi - Loading from file system: jar:file:/C:/Users/rcortez/.m2/repository/com/github/almasb/fxgl/dev-SNAPSHOT/fxgl-dev-20210221.140046-1674.jar!/fxglassets/ui/fonts/Courier-Prime.ttf
21:20:58.881 [JavaFX Application Thread] DEBUG Input                - Clearing active input actions
21:20:58.891 [JavaFX Application Thread] DEBUG GameApplicationServi - Removing overlay from FXGLLoadingScene and adding to GameScene
21:20:58.891 [JavaFX Application Thread] DEBUG PrimaryStageWindow   - FXGLLoadingScene -> GameScene
21:20:58.894 [JavaFX Application Thread] DEBUG FXGLApplication      - Registering font factories with UI factory
21:20:59.385 [FXGL Background Thread 2 ] INFO  UpdaterService       - Your current version:  dev-SNAPSHOT
21:20:59.386 [FXGL Background Thread 2 ] INFO  UpdaterService       - Latest stable version: 11.13
21:20:59.904 [JavaFX Application Thread] DEBUG FXGLApplication      - Exiting FXGL
21:20:59.905 [JavaFX Application Thread] DEBUG LoopRunner           - Stopping loop
21:20:59.905 [JavaFX Application Thread] DEBUG SystemBundleService  - Saving FXGL system data
21:20:59.908 [JavaFX Application Thread] DEBUG FileSystemAccess     - Writing to: C:\Users\rcortez\Desktop\FXGL Projects\Scratch - Copy\system\fxgl.bundle
21:20:59.911 [JavaFX Application Thread] DEBUG Async                - Shutting down background threads
21:20:59.911 [JavaFX Application Thread] DEBUG PrimaryStageWindow   - Closing main window
21:20:59.925 [JavaFX Application Thread] DEBUG Logger               - Closing Logger
