20:34:32.244 [main                     ] DEBUG Logger               - Configured Logger
20:34:32.249 [main                     ] DEBUG GameApplication      - Logging settings
Title: Untitled
Version: 0.0
Width: 800
Height: 600
Fullscreen: false
Intro: false
Profiling: false
Single step:false
App Mode: DEVELOPER
Menu Key: ESCAPE
Stage Style: DECORATED
Scene Factory: class com.almasb.fxgl.app.scene.SceneFactory

20:34:32.683 [JavaFX Application Thread] DEBUG FXGLApplication      - Initializing FXGL
20:34:32.689 [JavaFX Application Thread] INFO  Engine               - FXGL-dev-SNAPSHOT (21.02.2021 13.59) on WINDOWS (J:14.0.2 FX:15)
20:34:32.690 [JavaFX Application Thread] DEBUG Engine               - JRE Vendor Name: Oracle Corporation
20:34:32.690 [JavaFX Application Thread] DEBUG Engine               - Running on OS: Windows 10 version 10.0
20:34:32.690 [JavaFX Application Thread] DEBUG Engine               - Architecture: amd64
20:34:32.690 [JavaFX Application Thread] INFO  Engine               - Source code and latest versions at: https://github.com/AlmasB/FXGL
20:34:32.690 [JavaFX Application Thread] INFO  Engine               -              Join the FXGL chat at: https://gitter.im/AlmasB/FXGL
20:34:32.806 [JavaFX Application Thread] DEBUG PrimaryStageWindow   - Creating a JavaFX scene
20:34:32.856 [JavaFX Application Thread] DEBUG PrimaryStageWindow   - Target settings size: 800.0 x 600.0
20:34:32.856 [JavaFX Application Thread] DEBUG PrimaryStageWindow   - Scaled scene size:    800.0 x 600.0
20:34:32.857 [JavaFX Application Thread] DEBUG PrimaryStageWindow   - Scaled ratio: (1.0, 1.0)
20:34:32.857 [JavaFX Application Thread] DEBUG PrimaryStageWindow   - Set initial scene to FXGLStartupScene
20:34:32.864 [JavaFX Application Thread] DEBUG PrimaryStageWindow   - Opening main window
20:34:32.962 [JavaFX Application Thread] DEBUG PrimaryStageWindow   - Window border size: (16.0, 39.0)
20:34:32.962 [JavaFX Application Thread] DEBUG PrimaryStageWindow   - Scaled size: 800.0 x 600.0
20:34:32.962 [JavaFX Application Thread] DEBUG PrimaryStageWindow   - Scaled ratio: (1.0, 1.0)
20:34:32.963 [JavaFX Application Thread] DEBUG PrimaryStageWindow   - Scene size: 800.0 x 600.0
20:34:32.963 [JavaFX Application Thread] DEBUG PrimaryStageWindow   - Stage size: 816.0 x 639.0
20:34:32.968 [FXGL Background Thread 1 ] DEBUG Engine               - Initializing environment variables
20:34:33.001 [FXGL Background Thread 1 ] DEBUG FXGLAssetLoaderServi - User app class for loading assets: class Game
20:34:33.002 [FXGL Background Thread 1 ] DEBUG GameApplicationServi - Applying CSS: fxgl_dark.css
20:34:33.003 [FXGL Background Thread 1 ] DEBUG FXGLAssetLoaderServi - Loading from file system: jar:file:/C:/Users/rcortez/.m2/repository/com/github/almasb/fxgl/dev-SNAPSHOT/fxgl-dev-20210221.140046-1674.jar!/fxglassets/ui/css/fxgl_dark.css
20:34:33.042 [FXGL Background Thread 1 ] DEBUG GameApplicationServi - Initializing application scenes
20:34:33.072 [FXGL Background Thread 1 ] DEBUG GameWorld            - Game world initialized
20:34:33.119 [FXGL Background Thread 1 ] DEBUG PhysicsWorld         - Physics world initialized: appHeight=600, physics.ppm=50.0
20:34:33.120 [FXGL Background Thread 1 ] DEBUG PhysicsWorld         - Using strategy: BRUTE_FORCE
20:34:33.122 [FXGL Background Thread 1 ] DEBUG GameScene            - Game scene initialized: 800x600
20:34:33.149 [FXGL Background Thread 1 ] DEBUG FXGLAssetLoaderServi - Loading from file system: jar:file:/C:/Users/rcortez/.m2/repository/com/github/almasb/fxgl/dev-SNAPSHOT/fxgl-dev-20210221.140046-1674.jar!/fxglassets/textures/particles/trace_horizontal.png
20:34:33.190 [FXGL Background Thread 1 ] DEBUG FXGL.DefaultMenu     - createMenuBodyGameMenu()
20:34:33.207 [FXGL Background Thread 1 ] DEBUG FXGL.DefaultMenu     - createOptionsMenu()
20:34:33.211 [FXGL Background Thread 1 ] DEBUG FXGLAssetLoaderServi - Loading from file system: jar:file:/C:/Users/rcortez/.m2/repository/com/github/almasb/fxgl/dev-SNAPSHOT/fxgl-dev-20210221.140046-1674.jar!/fxglassets/textures/particles/smoke.png
20:34:33.254 [FXGL Background Thread 1 ] DEBUG GameApplicationServi - Application scenes initialized
20:34:33.274 [FXGL Background Thread 1 ] DEBUG SystemBundleService  - Loading FXGL system data
20:34:33.277 [FXGL Background Thread 1 ] DEBUG FileSystemAccess     - Reading from: C:\Users\rcortez\Desktop\FXGL Projects\Scratch\system\fxgl.bundle
20:34:33.281 [FXGL Background Thread 1 ] DEBUG SystemBundleService  - Bundle FXGL: {}
20:34:33.281 [FXGL Background Thread 1 ] DEBUG UpdaterService       - Checking for updates
20:34:33.285 [FXGL Background Thread 4 ] DEBUG FXGLApplication      - Loading fonts
20:34:33.285 [FXGL Background Thread 4 ] DEBUG FXGLAssetLoaderServi - Loading from file system: jar:file:/C:/Users/rcortez/.m2/repository/com/github/almasb/fxgl/dev-SNAPSHOT/fxgl-dev-20210221.140046-1674.jar!/fxglassets/ui/fonts/VarelaRound-Regular.ttf
20:34:33.285 [FXGL Background Thread 1 ] DEBUG FXGLApplication      - Loading default localization
20:34:33.286 [FXGL Background Thread 1 ] DEBUG FXGLAssetLoaderServi - Loading from file system: jar:file:/C:/Users/rcortez/.m2/repository/com/github/almasb/fxgl/dev-SNAPSHOT/fxgl-dev-20210221.140046-1674.jar!/fxglassets/languages/english.lang
20:34:33.300 [FXGL Background Thread 1 ] INFO  FXGLApplication      - FXGL initialization took: 0.331 sec
20:34:33.301 [JavaFX Application Thread] DEBUG FXGLAssetLoaderServi - Loading from file system: jar:file:/C:/Users/rcortez/.m2/repository/com/github/almasb/fxgl/dev-SNAPSHOT/fxgl-dev-20210221.140046-1674.jar!/fxglassets/textures/fxgl_icon.png
20:34:33.322 [JavaFX Application Thread] DEBUG FXGLAssetLoaderServi - Loading from file system: jar:file:/C:/Users/rcortez/.m2/repository/com/github/almasb/fxgl/dev-SNAPSHOT/fxgl-dev-20210221.140046-1674.jar!/fxglassets/ui/cursors/fxgl_default.png
20:34:33.334 [JavaFX Application Thread] DEBUG Input                - Registered new binding: Screenshot - P
20:34:33.335 [JavaFX Application Thread] DEBUG Input                - Registered new binding: System info dump - CTRL+9
20:34:33.335 [JavaFX Application Thread] DEBUG Input                - Registered new binding: Restart - CTRL+R
20:34:33.335 [JavaFX Application Thread] DEBUG Input                - Registered new binding: Toggle Debug Camera - CTRL+C
20:34:33.337 [JavaFX Application Thread] DEBUG LoopRunner           - Starting loop
20:34:33.337 [JavaFX Application Thread] DEBUG LoopRunner           - Initializing JavaFX AnimationTimerLoop
20:34:33.338 [JavaFX Application Thread] DEBUG GameApplicationServi - Starting new game
20:34:33.339 [JavaFX Application Thread] DEBUG Input                - Clearing active input actions
20:34:33.341 [FXGL Background Thread 4 ] DEBUG FXGLAssetLoaderServi - Loading from file system: jar:file:/C:/Users/rcortez/.m2/repository/com/github/almasb/fxgl/dev-SNAPSHOT/fxgl-dev-20210221.140046-1674.jar!/fxglassets/ui/fonts/Abel-Regular.ttf
20:34:33.344 [FXGL Background Thread 4 ] DEBUG FXGLAssetLoaderServi - Loading from file system: jar:file:/C:/Users/rcortez/.m2/repository/com/github/almasb/fxgl/dev-SNAPSHOT/fxgl-dev-20210221.140046-1674.jar!/fxglassets/ui/fonts/lucida_console.ttf
20:34:33.348 [FXGL Background Thread 4 ] DEBUG FXGLAssetLoaderServi - Loading from file system: jar:file:/C:/Users/rcortez/.m2/repository/com/github/almasb/fxgl/dev-SNAPSHOT/fxgl-dev-20210221.140046-1674.jar!/fxglassets/ui/fonts/Courier-Prime.ttf
20:34:33.350 [JavaFX Application Thread] DEBUG GameApplicationServi - Removing overlay from FXGLStartupScene and adding to FXGLLoadingScene
20:34:33.350 [JavaFX Application Thread] DEBUG PrimaryStageWindow   - FXGLStartupScene -> FXGLLoadingScene
20:34:33.350 [JavaFX Application Thread] DEBUG GameApplicationServi - Clearing previous game
20:34:33.350 [JavaFX Application Thread] DEBUG GameScene            - Clearing game scene
20:34:33.350 [JavaFX Application Thread] DEBUG GameWorld            - Clearing game world
20:34:33.351 [JavaFX Application Thread] DEBUG PhysicsWorld         - Clearing physics world
20:34:33.352 [FXGL Background Thread 1 ] DEBUG FXGLApplication      - Initializing game
20:34:33.353 [FXGL Background Thread 1 ] INFO  FXGLApplication      - Game initialization took: 0.001 sec
20:34:33.385 [JavaFX Application Thread] DEBUG FXGLApplication      - Registering font factories with UI factory
20:34:33.386 [JavaFX Application Thread] DEBUG Input                - Clearing active input actions
20:34:33.391 [JavaFX Application Thread] DEBUG GameApplicationServi - Removing overlay from FXGLLoadingScene and adding to GameScene
20:34:33.392 [JavaFX Application Thread] DEBUG PrimaryStageWindow   - FXGLLoadingScene -> GameScene
20:34:33.728 [FXGL Background Thread 2 ] INFO  UpdaterService       - Your current version:  dev-SNAPSHOT
20:34:33.729 [FXGL Background Thread 2 ] INFO  UpdaterService       - Latest stable version: 11.13
20:34:36.285 [FXGL Background Thread 3 ] DEBUG Engine               - Logging environment variables
20:34:36.285 [FXGL Background Thread 3 ] DEBUG Engine               - achievements: []
20:34:36.286 [FXGL Background Thread 3 ] DEBUG Engine               - actualHeight: 600.0
20:34:36.286 [FXGL Background Thread 3 ] DEBUG Engine               - actualHeightProperty: ReadOnlyDoubleProperty [value: 600.0]
20:34:36.286 [FXGL Background Thread 3 ] DEBUG Engine               - actualWidth: 800.0
20:34:36.286 [FXGL Background Thread 3 ] DEBUG Engine               - actualWidthProperty: ReadOnlyDoubleProperty [value: 800.0]
20:34:36.287 [FXGL Background Thread 3 ] DEBUG Engine               - appIcon: fxgl_icon.png
20:34:36.287 [FXGL Background Thread 3 ] DEBUG Engine               - applicationMode: DEVELOPER
20:34:36.287 [FXGL Background Thread 3 ] DEBUG Engine               - cSSList: [fxgl_dark.css]
20:34:36.287 [FXGL Background Thread 3 ] DEBUG Engine               - collisionDetectionStrategy: BRUTE_FORCE
20:34:36.288 [FXGL Background Thread 3 ] DEBUG Engine               - configClass: Optional.empty
20:34:36.288 [FXGL Background Thread 3 ] DEBUG Engine               - credits: []
20:34:36.288 [FXGL Background Thread 3 ] DEBUG Engine               - devBBoxColorProperty: ObjectProperty [value: 0xff0000ff]
20:34:36.288 [FXGL Background Thread 3 ] DEBUG Engine               - devEnableDebugCameraProperty: BooleanProperty [value: false]
20:34:36.288 [FXGL Background Thread 3 ] DEBUG Engine               - devSensorColorProperty: ObjectProperty [value: 0xffff00ff]
20:34:36.289 [FXGL Background Thread 3 ] DEBUG Engine               - devShowBBoxProperty: BooleanProperty [value: false]
20:34:36.289 [FXGL Background Thread 3 ] DEBUG Engine               - devShowPositionProperty: BooleanProperty [value: false]
20:34:36.289 [FXGL Background Thread 3 ] DEBUG Engine               - enabledMenuItems: []
20:34:36.289 [FXGL Background Thread 3 ] DEBUG Engine               - engineServices: [class com.almasb.fxgl.app.services.FXGLAssetLoaderService, class com.almasb.fxgl.app.FXGLApplication$GameApplicationService, class com.almasb.fxgl.app.services.FXGLDialogService, class com.almasb.fxgl.app.services.IOTaskExecutorService, class com.almasb.fxgl.event.EventBusService, class com.almasb.fxgl.io.FileSystemService, class com.almasb.fxgl.localization.LocalizationService, class com.almasb.fxgl.app.services.SystemBundleService, class com.almasb.fxgl.profile.SaveLoadService, class com.almasb.fxgl.ui.FXGLUIFactoryServiceProvider, class com.almasb.fxgl.ui.FXGLDialogFactoryServiceProvider, class com.almasb.fxgl.audio.AudioPlayer, class com.almasb.fxgl.notification.impl.NotificationServiceProvider, class com.almasb.fxgl.achievement.AchievementService, class com.almasb.fxgl.cutscene.CutsceneService, class com.almasb.fxgl.minigames.MiniGameService, class com.almasb.fxgl.net.NetService, class com.almasb.fxgl.app.services.UpdaterService, class com.almasb.fxgl.dev.DevService]
20:34:36.289 [FXGL Background Thread 3 ] DEBUG Engine               - fontGame: Abel-Regular.ttf
20:34:36.289 [FXGL Background Thread 3 ] DEBUG Engine               - fontMono: lucida_console.ttf
20:34:36.289 [FXGL Background Thread 3 ] DEBUG Engine               - fontText: Courier-Prime.ttf
20:34:36.289 [FXGL Background Thread 3 ] DEBUG Engine               - fontUI: VarelaRound-Regular.ttf
20:34:36.290 [FXGL Background Thread 3 ] DEBUG Engine               - fullScreen: BooleanProperty [value: false]
20:34:36.290 [FXGL Background Thread 3 ] DEBUG Engine               - gameDifficulty: MEDIUM
20:34:36.290 [FXGL Background Thread 3 ] DEBUG Engine               - gameDifficultyProperty: ObjectProperty [value: MEDIUM]
20:34:36.290 [FXGL Background Thread 3 ] DEBUG Engine               - globalMusicVolume: 0.5
20:34:36.290 [FXGL Background Thread 3 ] DEBUG Engine               - globalMusicVolumeProperty: DoubleProperty [value: 0.5]
20:34:36.290 [FXGL Background Thread 3 ] DEBUG Engine               - globalSoundVolume: 0.5
20:34:36.290 [FXGL Background Thread 3 ] DEBUG Engine               - globalSoundVolumeProperty: DoubleProperty [value: 0.5]
20:34:36.291 [FXGL Background Thread 3 ] DEBUG Engine               - height: 600
20:34:36.291 [FXGL Background Thread 3 ] DEBUG Engine               - isAndroid: false
20:34:36.291 [FXGL Background Thread 3 ] DEBUG Engine               - isBrowser: false
20:34:36.291 [FXGL Background Thread 3 ] DEBUG Engine               - isClickFeedbackEnabled: false
20:34:36.291 [FXGL Background Thread 3 ] DEBUG Engine               - isCloseConfirmation: false
20:34:36.291 [FXGL Background Thread 3 ] DEBUG Engine               - isDesktop: true
20:34:36.291 [FXGL Background Thread 3 ] DEBUG Engine               - isDeveloperMenuEnabled: false
20:34:36.291 [FXGL Background Thread 3 ] DEBUG Engine               - isEntityPreloadEnabled: true
20:34:36.291 [FXGL Background Thread 3 ] DEBUG Engine               - isExperimental3D: false
20:34:36.291 [FXGL Background Thread 3 ] DEBUG Engine               - isExperimentalNative: false
20:34:36.291 [FXGL Background Thread 3 ] DEBUG Engine               - isExperimentalTiledLargeMap: false
20:34:36.291 [FXGL Background Thread 3 ] DEBUG Engine               - isFileSystemWriteAllowed: true
20:34:36.291 [FXGL Background Thread 3 ] DEBUG Engine               - isFullScreenAllowed: false
20:34:36.291 [FXGL Background Thread 3 ] DEBUG Engine               - isFullScreenFromStart: false
20:34:36.291 [FXGL Background Thread 3 ] DEBUG Engine               - isGameMenuEnabled: true
20:34:36.291 [FXGL Background Thread 3 ] DEBUG Engine               - isIOS: false
20:34:36.291 [FXGL Background Thread 3 ] DEBUG Engine               - isIntroEnabled: false
20:34:36.292 [FXGL Background Thread 3 ] DEBUG Engine               - isLinux: false
20:34:36.292 [FXGL Background Thread 3 ] DEBUG Engine               - isMac: false
20:34:36.292 [FXGL Background Thread 3 ] DEBUG Engine               - isMainMenuEnabled: false
20:34:36.292 [FXGL Background Thread 3 ] DEBUG Engine               - isManualResizeEnabled: false
20:34:36.292 [FXGL Background Thread 3 ] DEBUG Engine               - isMobile: false
20:34:36.292 [FXGL Background Thread 3 ] DEBUG Engine               - isPreserveResizeRatio: false
20:34:36.292 [FXGL Background Thread 3 ] DEBUG Engine               - isProfilingEnabled: false
20:34:36.292 [FXGL Background Thread 3 ] DEBUG Engine               - isScaleAffectedOnResize: true
20:34:36.292 [FXGL Background Thread 3 ] DEBUG Engine               - isSingleStep: false
20:34:36.292 [FXGL Background Thread 3 ] DEBUG Engine               - isUserProfileEnabled: false
20:34:36.292 [FXGL Background Thread 3 ] DEBUG Engine               - isWindows: true
20:34:36.292 [FXGL Background Thread 3 ] DEBUG Engine               - language: ObjectProperty [value: ENGLISH]
20:34:36.292 [FXGL Background Thread 3 ] DEBUG Engine               - menuKey: ESCAPE
20:34:36.292 [FXGL Background Thread 3 ] DEBUG Engine               - notificationViewClass: class com.almasb.fxgl.notification.view.XboxNotificationView
20:34:36.292 [FXGL Background Thread 3 ] DEBUG Engine               - pixelsPerMeter: 50.0
20:34:36.292 [FXGL Background Thread 3 ] DEBUG Engine               - platform: WINDOWS
20:34:36.292 [FXGL Background Thread 3 ] DEBUG Engine               - prefHeightProperty: ReadOnlyDoubleProperty [value: 600.0]
20:34:36.293 [FXGL Background Thread 3 ] DEBUG Engine               - prefWidthProperty: ReadOnlyDoubleProperty [value: 800.0]
20:34:36.293 [FXGL Background Thread 3 ] DEBUG Engine               - profileDir: profiles/
20:34:36.293 [FXGL Background Thread 3 ] DEBUG Engine               - profileName: StringProperty [value: DEFAULT]
20:34:36.293 [FXGL Background Thread 3 ] DEBUG Engine               - randomSeed: -1
20:34:36.293 [FXGL Background Thread 3 ] DEBUG Engine               - runtimeInfo: RuntimeInfo(platform=WINDOWS, version=dev-SNAPSHOT, build=21.02.2021 13.59)
20:34:36.293 [FXGL Background Thread 3 ] DEBUG Engine               - saveFileExt: sav
20:34:36.293 [FXGL Background Thread 3 ] DEBUG Engine               - scaledHeightProp$fxgl: DoubleProperty [bound, value: 600.0]
20:34:36.293 [FXGL Background Thread 3 ] DEBUG Engine               - scaledWidthProp$fxgl: DoubleProperty [bound, value: 800.0]
20:34:36.293 [FXGL Background Thread 3 ] DEBUG Engine               - sceneFactory: com.almasb.fxgl.app.scene.SceneFactory@3ea69212
20:34:36.293 [FXGL Background Thread 3 ] DEBUG Engine               - secondsIn24h: 60
20:34:36.293 [FXGL Background Thread 3 ] DEBUG Engine               - soundMenuBack: menu/back.wav
20:34:36.293 [FXGL Background Thread 3 ] DEBUG Engine               - soundMenuPress: menu/press.wav
20:34:36.293 [FXGL Background Thread 3 ] DEBUG Engine               - soundMenuSelect: menu/select.wav
20:34:36.293 [FXGL Background Thread 3 ] DEBUG Engine               - soundNotification: core/notification.wav
20:34:36.293 [FXGL Background Thread 3 ] DEBUG Engine               - stageStyle: DECORATED
20:34:36.293 [FXGL Background Thread 3 ] DEBUG Engine               - supportedLanguages: [ENGLISH, FRENCH, GERMAN, HUNGARIAN, RUSSIAN]
20:34:36.293 [FXGL Background Thread 3 ] DEBUG Engine               - ticksPerSecond: -1
20:34:36.293 [FXGL Background Thread 3 ] DEBUG Engine               - title: Untitled
20:34:36.294 [FXGL Background Thread 3 ] DEBUG Engine               - urlGithub: https://github.com/AlmasB/FXGL
20:34:36.294 [FXGL Background Thread 3 ] DEBUG Engine               - urlLeaderboard: http://fxgl-top.herokuapp.com/
20:34:36.294 [FXGL Background Thread 3 ] DEBUG Engine               - urlPOM: https://raw.githubusercontent.com/AlmasB/FXGL/master/README.md
20:34:36.294 [FXGL Background Thread 3 ] DEBUG Engine               - userAppClass: class Game
20:34:36.294 [FXGL Background Thread 3 ] DEBUG Engine               - version: 0.0
20:34:36.294 [FXGL Background Thread 3 ] DEBUG Engine               - versionCheckDays: 7
20:34:36.294 [FXGL Background Thread 3 ] DEBUG Engine               - width: 800
20:34:36.294 [FXGL Background Thread 3 ] DEBUG Engine               - Logging services
20:34:36.294 [FXGL Background Thread 3 ] DEBUG Engine               - class com.almasb.fxgl.app.services.FXGLAssetLoaderService
20:34:36.294 [FXGL Background Thread 3 ] DEBUG Engine               - class com.almasb.fxgl.app.FXGLApplication$GameApplicationService
20:34:36.294 [FXGL Background Thread 3 ] DEBUG Engine               - class com.almasb.fxgl.app.services.FXGLDialogService
20:34:36.294 [FXGL Background Thread 3 ] DEBUG Engine               - class com.almasb.fxgl.app.services.IOTaskExecutorService
20:34:36.294 [FXGL Background Thread 3 ] DEBUG Engine               - class com.almasb.fxgl.event.EventBusService
20:34:36.294 [FXGL Background Thread 3 ] DEBUG Engine               - class com.almasb.fxgl.io.FileSystemService
20:34:36.294 [FXGL Background Thread 3 ] DEBUG Engine               - class com.almasb.fxgl.localization.LocalizationService
20:34:36.294 [FXGL Background Thread 3 ] DEBUG Engine               - class com.almasb.fxgl.app.services.SystemBundleService
20:34:36.294 [FXGL Background Thread 3 ] DEBUG Engine               - class com.almasb.fxgl.profile.SaveLoadService
20:34:36.294 [FXGL Background Thread 3 ] DEBUG Engine               - class com.almasb.fxgl.ui.FXGLUIFactoryServiceProvider
20:34:36.294 [FXGL Background Thread 3 ] DEBUG Engine               - class com.almasb.fxgl.ui.FXGLDialogFactoryServiceProvider
20:34:36.294 [FXGL Background Thread 3 ] DEBUG Engine               - class com.almasb.fxgl.audio.AudioPlayer
20:34:36.295 [FXGL Background Thread 3 ] DEBUG Engine               - class com.almasb.fxgl.notification.impl.NotificationServiceProvider
20:34:36.295 [FXGL Background Thread 3 ] DEBUG Engine               - class com.almasb.fxgl.achievement.AchievementService
20:34:36.295 [FXGL Background Thread 3 ] DEBUG Engine               - class com.almasb.fxgl.cutscene.CutsceneService
20:34:36.295 [FXGL Background Thread 3 ] DEBUG Engine               - class com.almasb.fxgl.minigames.MiniGameService
20:34:36.295 [FXGL Background Thread 3 ] DEBUG Engine               - class com.almasb.fxgl.net.NetService
20:34:36.295 [FXGL Background Thread 3 ] DEBUG Engine               - class com.almasb.fxgl.app.services.UpdaterService
20:34:36.295 [FXGL Background Thread 3 ] DEBUG Engine               - class com.almasb.fxgl.dev.DevService
20:34:37.159 [JavaFX Application Thread] DEBUG FXGLApplication      - Exiting FXGL
20:34:37.159 [JavaFX Application Thread] DEBUG LoopRunner           - Stopping loop
20:34:37.159 [JavaFX Application Thread] DEBUG SystemBundleService  - Saving FXGL system data
20:34:37.163 [JavaFX Application Thread] DEBUG FileSystemAccess     - Writing to: C:\Users\rcortez\Desktop\FXGL Projects\Scratch\system\fxgl.bundle
20:34:37.164 [JavaFX Application Thread] DEBUG Async                - Shutting down background threads
20:34:37.164 [JavaFX Application Thread] DEBUG PrimaryStageWindow   - Closing main window
20:34:37.172 [JavaFX Application Thread] DEBUG Logger               - Closing Logger
