20:10:10.522 [main                     ] DEBUG Logger               - Configured Logger
20:10:10.538 [main                     ] DEBUG GameApplication      - Logging settings
Title: FXGL Geometry Wars
Version: 1.2.1
Width: 1920
Height: 1080
Fullscreen: false
Intro: false
Profiling: false
Single step:false
App Mode: DEVELOPER
Menu Key: ESCAPE
Stage Style: DECORATED
Scene Factory: class com.almasb.fxglgames.geowars.GeoWarsApp$1

20:10:23.338 [JavaFX Application Thread] DEBUG FXGLApplication      - Initializing FXGL
20:10:23.340 [JavaFX Application Thread] INFO  Engine               - FXGL-dev-SNAPSHOT (21.02.2021 13.59) on WINDOWS (J:14.0.2 FX:15)
20:10:23.341 [JavaFX Application Thread] DEBUG Engine               - JRE Vendor Name: Oracle Corporation
20:10:23.341 [JavaFX Application Thread] DEBUG Engine               - Running on OS: Windows 10 version 10.0
20:10:23.341 [JavaFX Application Thread] DEBUG Engine               - Architecture: amd64
20:10:23.341 [JavaFX Application Thread] INFO  Engine               - Source code and latest versions at: https://github.com/AlmasB/FXGL
20:10:23.342 [JavaFX Application Thread] INFO  Engine               -              Join the FXGL chat at: https://gitter.im/AlmasB/FXGL
20:10:23.460 [JavaFX Application Thread] DEBUG PrimaryStageWindow   - Creating a JavaFX scene
20:10:23.460 [JavaFX Application Thread] DEBUG PrimaryStageWindow   - Target size > screen size
20:10:29.551 [JavaFX Application Thread] DEBUG PrimaryStageWindow   - Target settings size: 1920.0 x 1080.0
20:10:29.551 [JavaFX Application Thread] DEBUG PrimaryStageWindow   - Scaled scene size:    1439.0 x 823.0
20:10:29.552 [JavaFX Application Thread] DEBUG PrimaryStageWindow   - Scaled ratio: (0.7494791666666667, 0.7620370370370371)
20:10:29.553 [JavaFX Application Thread] DEBUG PrimaryStageWindow   - Set initial scene to FXGLStartupScene
20:10:29.560 [JavaFX Application Thread] DEBUG PrimaryStageWindow   - Opening main window
20:10:29.688 [JavaFX Application Thread] DEBUG PrimaryStageWindow   - Window border size: (14.5999755859375, 37.79998779296875)
20:10:29.689 [JavaFX Application Thread] DEBUG PrimaryStageWindow   - Scaled size: 1439.0 x 823.0
20:10:29.689 [JavaFX Application Thread] DEBUG PrimaryStageWindow   - Scaled ratio: (0.7494791666666667, 0.7620370370370371)
20:10:29.690 [JavaFX Application Thread] DEBUG PrimaryStageWindow   - Scene size: 1439.0 x 823.0
20:10:29.690 [JavaFX Application Thread] DEBUG PrimaryStageWindow   - Stage size: 1453.5999755859375 x 860.7999877929688
20:10:29.732 [FXGL Background Thread 1 ] DEBUG Engine               - Initializing environment variables
20:10:29.800 [FXGL Background Thread 1 ] DEBUG FXGLAssetLoaderServi - User app class for loading assets: class com.almasb.fxglgames.geowars.GeoWarsApp
20:10:29.801 [FXGL Background Thread 1 ] DEBUG GameApplicationServi - Applying CSS: fxgl_dark.css
20:10:29.802 [FXGL Background Thread 1 ] DEBUG FXGLAssetLoaderServi - Loading from file system: jar:file:///C:/Users/Jainfamily/.m2/repository/com/github/almasb/fxgl/dev-SNAPSHOT/fxgl-dev-20210221.140046-1674.jar!/fxglassets/ui/css/fxgl_dark.css
20:10:29.887 [FXGL Background Thread 1 ] DEBUG GameApplicationServi - Initializing application scenes
20:10:30.003 [FXGL Background Thread 1 ] DEBUG GameWorld            - Game world initialized
20:10:30.099 [FXGL Background Thread 1 ] DEBUG PhysicsWorld         - Physics world initialized: appHeight=1080, physics.ppm=50.0
20:10:30.100 [FXGL Background Thread 1 ] DEBUG PhysicsWorld         - Using strategy: BRUTE_FORCE
20:10:30.107 [FXGL Background Thread 1 ] DEBUG GameScene            - Game scene initialized: 1920x1080
20:10:30.172 [FXGL Background Thread 1 ] DEBUG FXGLAssetLoaderServi - Loading from file system: jar:file:///C:/Users/Jainfamily/.m2/repository/com/github/almasb/fxgl/dev-SNAPSHOT/fxgl-dev-20210221.140046-1674.jar!/fxglassets/textures/pause_menu_bg.png
20:10:30.246 [FXGL Background Thread 1 ] DEBUG GameApplicationServi - Application scenes initialized
20:10:30.261 [FXGL Background Thread 1 ] DEBUG SystemBundleService  - Loading FXGL system data
20:10:30.268 [FXGL Background Thread 1 ] DEBUG FileSystemAccess     - Reading from: C:\Users\Jainfamily\AP JAVA\fxgl graphics\Geometry Wars\system\fxgl.bundle
20:10:30.279 [FXGL Background Thread 1 ] DEBUG SystemBundleService  - Bundle FXGL: {}
20:10:30.279 [FXGL Background Thread 1 ] DEBUG UpdaterService       - Checking for updates
20:10:30.304 [FXGL Background Thread 4 ] DEBUG FXGLApplication      - Loading fonts
20:10:30.305 [FXGL Background Thread 4 ] DEBUG FXGLAssetLoaderServi - Loading from file system: file:/C:/Users/Jainfamily/AP%20JAVA/fxgl%20graphics/Geometry%20Wars/target/classes/assets/ui/fonts/game_font_7.ttf
20:10:30.308 [FXGL Background Thread 1 ] DEBUG FXGLApplication      - Loading default localization
20:10:30.310 [FXGL Background Thread 1 ] DEBUG FXGLAssetLoaderServi - Loading from file system: jar:file:///C:/Users/Jainfamily/.m2/repository/com/github/almasb/fxgl/dev-SNAPSHOT/fxgl-dev-20210221.140046-1674.jar!/fxglassets/languages/english.lang
20:10:30.340 [FXGL Background Thread 1 ] INFO  FXGLApplication      - FXGL initialization took: 0.608 sec
20:10:30.360 [JavaFX Application Thread] DEBUG Input                - Registered new binding: Up - W
20:10:30.360 [JavaFX Application Thread] DEBUG Input                - Registered new binding: Down - S
20:10:30.361 [JavaFX Application Thread] DEBUG Input                - Registered new binding: Left - A
20:10:30.361 [JavaFX Application Thread] DEBUG Input                - Registered new binding: Right - D
20:10:30.361 [JavaFX Application Thread] DEBUG Input                - Registered new binding: Release Shockwave - F
20:10:30.363 [JavaFX Application Thread] DEBUG Input                - Registered new binding: Shoot Mouse - LMB
20:10:30.363 [JavaFX Application Thread] DEBUG Input                - Registered new binding: Shoot Key - H
20:10:30.364 [JavaFX Application Thread] DEBUG Input                - Registered new binding: action0 - G
20:10:30.365 [JavaFX Application Thread] DEBUG FXGLAssetLoaderServi - Loading from file system: file:/C:/Users/Jainfamily/AP%20JAVA/fxgl%20graphics/Geometry%20Wars/target/classes/assets/textures/explosion.png
20:10:30.757 [FXGL Background Thread 4 ] DEBUG FXGLAssetLoaderServi - Loading from file system: jar:file:///C:/Users/Jainfamily/.m2/repository/com/github/almasb/fxgl/dev-SNAPSHOT/fxgl-dev-20210221.140046-1674.jar!/fxglassets/ui/fonts/Abel-Regular.ttf
20:10:30.775 [FXGL Background Thread 4 ] DEBUG FXGLAssetLoaderServi - Loading from file system: jar:file:///C:/Users/Jainfamily/.m2/repository/com/github/almasb/fxgl/dev-SNAPSHOT/fxgl-dev-20210221.140046-1674.jar!/fxglassets/ui/fonts/lucida_console.ttf
20:10:30.789 [FXGL Background Thread 4 ] DEBUG FXGLAssetLoaderServi - Loading from file system: jar:file:///C:/Users/Jainfamily/.m2/repository/com/github/almasb/fxgl/dev-SNAPSHOT/fxgl-dev-20210221.140046-1674.jar!/fxglassets/ui/fonts/Courier-Prime.ttf
20:10:30.820 [JavaFX Application Thread] DEBUG FXGLAssetLoaderServi - Loading from file system: file:/C:/Users/Jainfamily/AP%20JAVA/fxgl%20graphics/Geometry%20Wars/target/classes/assets/music/bgm.mp3
20:10:33.293 [FXGL Background Thread 3 ] DEBUG Engine               - Logging environment variables
20:10:36.901 [FXGL Background Thread 3 ] DEBUG Engine               - achievements: []
20:10:36.902 [FXGL Background Thread 3 ] DEBUG Engine               - actualHeight: 823.0
20:10:36.902 [FXGL Background Thread 3 ] DEBUG Engine               - actualHeightProperty: ReadOnlyDoubleProperty [value: 823.0]
20:10:36.902 [FXGL Background Thread 3 ] DEBUG Engine               - actualWidth: 1439.0
20:10:36.902 [FXGL Background Thread 3 ] DEBUG Engine               - actualWidthProperty: ReadOnlyDoubleProperty [value: 1439.0]
20:10:36.903 [FXGL Background Thread 3 ] DEBUG Engine               - appIcon: fxgl_icon.png
20:10:36.903 [FXGL Background Thread 3 ] DEBUG Engine               - applicationMode: DEVELOPER
20:10:36.904 [FXGL Background Thread 3 ] DEBUG Engine               - cSSList: [fxgl_dark.css]
20:10:36.904 [FXGL Background Thread 3 ] DEBUG Engine               - collisionDetectionStrategy: BRUTE_FORCE
20:10:36.904 [FXGL Background Thread 3 ] DEBUG Engine               - configClass: Optional.empty
20:10:36.905 [FXGL Background Thread 3 ] DEBUG Engine               - credits: []
20:10:36.905 [FXGL Background Thread 3 ] DEBUG Engine               - devBBoxColorProperty: ObjectProperty [value: 0xff0000ff]
20:10:36.905 [FXGL Background Thread 3 ] DEBUG Engine               - devEnableDebugCameraProperty: BooleanProperty [value: false]
20:10:36.905 [FXGL Background Thread 3 ] DEBUG Engine               - devSensorColorProperty: ObjectProperty [value: 0xffff00ff]
20:10:36.906 [FXGL Background Thread 3 ] DEBUG Engine               - devShowBBoxProperty: BooleanProperty [value: false]
20:10:36.906 [FXGL Background Thread 3 ] DEBUG Engine               - devShowPositionProperty: BooleanProperty [value: false]
20:10:36.906 [FXGL Background Thread 2 ] INFO  UpdaterService       - Your current version:  dev-SNAPSHOT
20:10:36.906 [FXGL Background Thread 3 ] DEBUG Engine               - enabledMenuItems: []
20:10:36.906 [FXGL Background Thread 2 ] INFO  UpdaterService       - Latest stable version: 11.13
20:10:36.906 [FXGL Background Thread 3 ] DEBUG Engine               - engineServices: [class com.almasb.fxgl.app.services.FXGLAssetLoaderService, class com.almasb.fxgl.app.FXGLApplication$GameApplicationService, class com.almasb.fxgl.app.services.FXGLDialogService, class com.almasb.fxgl.app.services.IOTaskExecutorService, class com.almasb.fxgl.event.EventBusService, class com.almasb.fxgl.io.FileSystemService, class com.almasb.fxgl.localization.LocalizationService, class com.almasb.fxgl.app.services.SystemBundleService, class com.almasb.fxgl.profile.SaveLoadService, class com.almasb.fxgl.ui.FXGLUIFactoryServiceProvider, class com.almasb.fxgl.ui.FXGLDialogFactoryServiceProvider, class com.almasb.fxgl.audio.AudioPlayer, class com.almasb.fxgl.notification.impl.NotificationServiceProvider, class com.almasb.fxgl.achievement.AchievementService, class com.almasb.fxgl.cutscene.CutsceneService, class com.almasb.fxgl.minigames.MiniGameService, class com.almasb.fxgl.net.NetService, class com.almasb.fxgl.app.services.UpdaterService, class com.almasb.fxgl.dev.DevService, class com.almasb.fxglgames.geowars.service.HighScoreService]
20:10:36.906 [FXGL Background Thread 3 ] DEBUG Engine               - fontGame: Abel-Regular.ttf
20:10:36.906 [FXGL Background Thread 3 ] DEBUG Engine               - fontMono: lucida_console.ttf
20:10:36.906 [FXGL Background Thread 3 ] DEBUG Engine               - fontText: Courier-Prime.ttf
20:10:36.906 [FXGL Background Thread 3 ] DEBUG Engine               - fontUI: game_font_7.ttf
20:10:36.907 [FXGL Background Thread 3 ] DEBUG Engine               - fullScreen: BooleanProperty [value: false]
20:10:36.907 [FXGL Background Thread 3 ] DEBUG Engine               - gameDifficulty: MEDIUM
20:10:36.907 [FXGL Background Thread 3 ] DEBUG Engine               - gameDifficultyProperty: ObjectProperty [value: MEDIUM]
20:10:36.907 [FXGL Background Thread 3 ] DEBUG Engine               - globalMusicVolume: 0.5
20:10:36.907 [FXGL Background Thread 3 ] DEBUG Engine               - globalMusicVolumeProperty: DoubleProperty [value: 0.5]
20:10:36.907 [FXGL Background Thread 3 ] DEBUG Engine               - globalSoundVolume: 0.5
20:10:36.907 [FXGL Background Thread 3 ] DEBUG Engine               - globalSoundVolumeProperty: DoubleProperty [value: 0.2]
20:10:36.908 [FXGL Background Thread 3 ] DEBUG Engine               - height: 1080
20:10:36.908 [FXGL Background Thread 3 ] DEBUG Engine               - isAndroid: false
20:10:36.908 [FXGL Background Thread 3 ] DEBUG Engine               - isBrowser: false
20:10:36.908 [FXGL Background Thread 3 ] DEBUG Engine               - isClickFeedbackEnabled: false
20:10:36.908 [FXGL Background Thread 3 ] DEBUG Engine               - isCloseConfirmation: false
20:10:36.908 [FXGL Background Thread 3 ] DEBUG Engine               - isDesktop: true
20:10:36.908 [FXGL Background Thread 3 ] DEBUG Engine               - isDeveloperMenuEnabled: false
20:10:36.908 [FXGL Background Thread 3 ] DEBUG Engine               - isEntityPreloadEnabled: true
20:10:36.908 [FXGL Background Thread 3 ] DEBUG Engine               - isExperimental3D: false
20:10:36.908 [FXGL Background Thread 3 ] DEBUG Engine               - isExperimentalNative: false
20:10:36.909 [FXGL Background Thread 3 ] DEBUG Engine               - isExperimentalTiledLargeMap: false
20:10:36.909 [FXGL Background Thread 3 ] DEBUG Engine               - isFileSystemWriteAllowed: true
20:10:36.909 [FXGL Background Thread 3 ] DEBUG Engine               - isFullScreenAllowed: false
20:10:36.909 [FXGL Background Thread 3 ] DEBUG Engine               - isFullScreenFromStart: false
20:10:36.909 [FXGL Background Thread 3 ] DEBUG Engine               - isGameMenuEnabled: true
20:10:36.909 [FXGL Background Thread 3 ] DEBUG Engine               - isIOS: false
20:10:36.909 [FXGL Background Thread 3 ] DEBUG Engine               - isIntroEnabled: false
20:10:36.909 [FXGL Background Thread 3 ] DEBUG Engine               - isLinux: false
20:10:36.909 [FXGL Background Thread 3 ] DEBUG Engine               - isMac: false
20:10:36.909 [FXGL Background Thread 3 ] DEBUG Engine               - isMainMenuEnabled: true
20:10:36.910 [FXGL Background Thread 3 ] DEBUG Engine               - isManualResizeEnabled: false
20:10:36.910 [FXGL Background Thread 3 ] DEBUG Engine               - isMobile: false
20:10:36.910 [FXGL Background Thread 3 ] DEBUG Engine               - isPreserveResizeRatio: false
20:10:36.910 [FXGL Background Thread 3 ] DEBUG Engine               - isProfilingEnabled: false
20:10:36.910 [FXGL Background Thread 3 ] DEBUG Engine               - isScaleAffectedOnResize: true
20:10:36.910 [FXGL Background Thread 3 ] DEBUG Engine               - isSingleStep: false
20:10:36.910 [FXGL Background Thread 3 ] DEBUG Engine               - isUserProfileEnabled: false
20:10:36.910 [FXGL Background Thread 3 ] DEBUG Engine               - isWindows: true
20:10:36.910 [FXGL Background Thread 3 ] DEBUG Engine               - language: ObjectProperty [value: ENGLISH]
20:10:36.910 [FXGL Background Thread 3 ] DEBUG Engine               - menuKey: ESCAPE
20:10:36.911 [FXGL Background Thread 3 ] DEBUG Engine               - notificationViewClass: class com.almasb.fxgl.notification.view.XboxNotificationView
20:10:36.911 [FXGL Background Thread 3 ] DEBUG Engine               - pixelsPerMeter: 50.0
20:10:36.911 [FXGL Background Thread 3 ] DEBUG Engine               - platform: WINDOWS
20:10:36.911 [FXGL Background Thread 3 ] DEBUG Engine               - prefHeightProperty: ReadOnlyDoubleProperty [value: 1080.0]
20:10:36.911 [FXGL Background Thread 3 ] DEBUG Engine               - prefWidthProperty: ReadOnlyDoubleProperty [value: 1920.0]
20:10:36.911 [FXGL Background Thread 3 ] DEBUG Engine               - profileDir: profiles/
20:10:36.911 [FXGL Background Thread 3 ] DEBUG Engine               - profileName: StringProperty [value: DEFAULT]
20:10:36.911 [FXGL Background Thread 3 ] DEBUG Engine               - randomSeed: -1
20:10:36.912 [FXGL Background Thread 3 ] DEBUG Engine               - runtimeInfo: RuntimeInfo(platform=WINDOWS, version=dev-SNAPSHOT, build=21.02.2021 13.59)
20:10:36.912 [FXGL Background Thread 3 ] DEBUG Engine               - saveFileExt: sav
20:10:36.912 [FXGL Background Thread 3 ] DEBUG Engine               - scaledHeightProp$fxgl: DoubleProperty [bound, value: 823.0]
20:10:36.912 [FXGL Background Thread 3 ] DEBUG Engine               - scaledWidthProp$fxgl: DoubleProperty [bound, value: 1439.0]
20:10:36.912 [FXGL Background Thread 3 ] DEBUG Engine               - sceneFactory: com.almasb.fxglgames.geowars.GeoWarsApp$1@10348ffa
20:10:36.912 [FXGL Background Thread 3 ] DEBUG Engine               - secondsIn24h: 60
20:10:36.912 [FXGL Background Thread 3 ] DEBUG Engine               - soundMenuBack: menu/back.wav
20:10:36.912 [FXGL Background Thread 3 ] DEBUG Engine               - soundMenuPress: menu/press.wav
20:10:36.913 [FXGL Background Thread 3 ] DEBUG Engine               - soundMenuSelect: menu/select.wav
20:10:36.913 [FXGL Background Thread 3 ] DEBUG Engine               - soundNotification: core/notification.wav
20:10:36.913 [FXGL Background Thread 3 ] DEBUG Engine               - stageStyle: DECORATED
20:10:36.913 [FXGL Background Thread 3 ] DEBUG Engine               - supportedLanguages: [ENGLISH, FRENCH, GERMAN, HUNGARIAN, RUSSIAN]
20:10:36.913 [FXGL Background Thread 3 ] DEBUG Engine               - ticksPerSecond: -1
20:10:36.913 [FXGL Background Thread 3 ] DEBUG Engine               - title: FXGL Geometry Wars
20:10:36.913 [FXGL Background Thread 3 ] DEBUG Engine               - urlGithub: https://github.com/AlmasB/FXGL
20:10:36.913 [FXGL Background Thread 3 ] DEBUG Engine               - urlLeaderboard: http://fxgl-top.herokuapp.com/
20:10:36.913 [FXGL Background Thread 3 ] DEBUG Engine               - urlPOM: https://raw.githubusercontent.com/AlmasB/FXGL/master/README.md
20:10:36.913 [FXGL Background Thread 3 ] DEBUG Engine               - userAppClass: class com.almasb.fxglgames.geowars.GeoWarsApp
20:10:36.914 [FXGL Background Thread 3 ] DEBUG Engine               - version: 1.2.1
20:10:36.914 [FXGL Background Thread 3 ] DEBUG Engine               - versionCheckDays: 7
20:10:36.914 [FXGL Background Thread 3 ] DEBUG Engine               - width: 1920
20:10:36.914 [FXGL Background Thread 3 ] DEBUG Engine               - Logging services
20:10:36.914 [FXGL Background Thread 3 ] DEBUG Engine               - class com.almasb.fxgl.app.services.FXGLAssetLoaderService
20:10:36.914 [FXGL Background Thread 3 ] DEBUG Engine               - class com.almasb.fxgl.app.FXGLApplication$GameApplicationService
20:10:36.914 [FXGL Background Thread 3 ] DEBUG Engine               - class com.almasb.fxgl.app.services.FXGLDialogService
20:10:36.914 [FXGL Background Thread 3 ] DEBUG Engine               - class com.almasb.fxgl.app.services.IOTaskExecutorService
20:10:36.914 [FXGL Background Thread 3 ] DEBUG Engine               - class com.almasb.fxgl.event.EventBusService
20:10:36.914 [FXGL Background Thread 3 ] DEBUG Engine               - class com.almasb.fxgl.io.FileSystemService
20:10:36.914 [FXGL Background Thread 3 ] DEBUG Engine               - class com.almasb.fxgl.localization.LocalizationService
20:10:36.915 [FXGL Background Thread 3 ] DEBUG Engine               - class com.almasb.fxgl.app.services.SystemBundleService
20:10:36.915 [FXGL Background Thread 3 ] DEBUG Engine               - class com.almasb.fxgl.profile.SaveLoadService
20:10:36.915 [FXGL Background Thread 3 ] DEBUG Engine               - class com.almasb.fxgl.ui.FXGLUIFactoryServiceProvider
20:10:36.915 [FXGL Background Thread 3 ] DEBUG Engine               - class com.almasb.fxgl.ui.FXGLDialogFactoryServiceProvider
20:10:36.915 [FXGL Background Thread 3 ] DEBUG Engine               - class com.almasb.fxgl.audio.AudioPlayer
20:10:36.915 [FXGL Background Thread 3 ] DEBUG Engine               - class com.almasb.fxgl.notification.impl.NotificationServiceProvider
20:10:36.915 [FXGL Background Thread 3 ] DEBUG Engine               - class com.almasb.fxgl.achievement.AchievementService
20:10:36.915 [FXGL Background Thread 3 ] DEBUG Engine               - class com.almasb.fxgl.cutscene.CutsceneService
20:10:36.915 [FXGL Background Thread 3 ] DEBUG Engine               - class com.almasb.fxgl.minigames.MiniGameService
20:10:36.915 [FXGL Background Thread 3 ] DEBUG Engine               - class com.almasb.fxgl.net.NetService
20:10:36.915 [FXGL Background Thread 3 ] DEBUG Engine               - class com.almasb.fxgl.app.services.UpdaterService
20:10:36.915 [FXGL Background Thread 3 ] DEBUG Engine               - class com.almasb.fxgl.dev.DevService
20:10:36.916 [FXGL Background Thread 3 ] DEBUG Engine               - class com.almasb.fxglgames.geowars.service.HighScoreService
20:10:37.364 [JavaFX Application Thread] DEBUG AudioPlayer          - Playing music com.almasb.fxgl.audio.Music@6d389831
20:10:37.365 [JavaFX Application Thread] DEBUG FXGLAssetLoaderServi - Loading from file system: jar:file:///C:/Users/Jainfamily/.m2/repository/com/github/almasb/fxgl/dev-SNAPSHOT/fxgl-dev-20210221.140046-1674.jar!/fxglassets/textures/fxgl_icon.png
20:10:37.388 [JavaFX Application Thread] DEBUG FXGLAssetLoaderServi - Loading from file system: jar:file:///C:/Users/Jainfamily/.m2/repository/com/github/almasb/fxgl/dev-SNAPSHOT/fxgl-dev-20210221.140046-1674.jar!/fxglassets/ui/cursors/fxgl_default.png
20:10:37.391 [JavaFX Application Thread] DEBUG Input                - Registered new binding: Screenshot - P
20:10:37.391 [JavaFX Application Thread] DEBUG Input                - Registered new binding: System info dump - CTRL+9
20:10:37.392 [JavaFX Application Thread] DEBUG Input                - Registered new binding: Restart - CTRL+R
20:10:37.393 [JavaFX Application Thread] DEBUG Input                - Registered new binding: Toggle Debug Camera - CTRL+C
20:10:37.396 [JavaFX Application Thread] DEBUG LoopRunner           - Starting loop
20:10:37.396 [JavaFX Application Thread] DEBUG LoopRunner           - Initializing JavaFX AnimationTimerLoop
20:10:37.400 [JavaFX Application Thread] DEBUG Input                - Clearing active input actions
20:10:37.421 [JavaFX Application Thread] DEBUG GameApplicationServi - Removing overlay from FXGLStartupScene and adding to FXGLMainMenuDummyScene
20:10:37.422 [JavaFX Application Thread] DEBUG PrimaryStageWindow   - FXGLStartupScene -> FXGLMainMenuDummyScene
20:10:37.422 [JavaFX Application Thread] DEBUG PrimaryStageWindow   - Push state: GeoWarsMainMenu
20:10:37.430 [JavaFX Application Thread] DEBUG SaveLoadService      - readAndLoadTask: high_score.dat
20:10:37.431 [JavaFX Application Thread] DEBUG FileSystemAccess     - Reading from: C:\Users\Jainfamily\AP JAVA\fxgl graphics\Geometry Wars\high_score.dat
20:10:37.446 [JavaFX Application Thread] DEBUG Input                - Clearing active input actions
20:10:37.450 [JavaFX Application Thread] DEBUG GameApplicationServi - Removing overlay from FXGLMainMenuDummyScene and adding to GeoWarsMainMenu
20:10:37.451 [JavaFX Application Thread] DEBUG PrimaryStageWindow   - FXGLMainMenuDummyScene -> GeoWarsMainMenu
20:10:37.451 [JavaFX Application Thread] DEBUG FXGLApplication      - Registering font factories with UI factory
20:10:41.528 [JavaFX Application Thread] DEBUG FXGLApplication      - Exiting FXGL
20:10:41.528 [JavaFX Application Thread] DEBUG LoopRunner           - Stopping loop
20:10:41.529 [JavaFX Application Thread] DEBUG SystemBundleService  - Saving FXGL system data
20:10:41.531 [JavaFX Application Thread] DEBUG FileSystemAccess     - Writing to: C:\Users\Jainfamily\AP JAVA\fxgl graphics\Geometry Wars\system\fxgl.bundle
20:10:41.535 [JavaFX Application Thread] DEBUG Async                - Shutting down background threads
20:10:41.535 [JavaFX Application Thread] DEBUG PrimaryStageWindow   - Closing main window
20:10:41.550 [JavaFX Application Thread] DEBUG Logger               - Closing Logger
