20:01:07.158 [main                     ] DEBUG Logger               - Configured Logger
20:01:07.171 [main                     ] DEBUG GameApplication      - Logging settings
Title: FXGL Geometry Wars
Version: 1.2.1
Width: 1920
Height: 1080
Fullscreen: false
Intro: false
Profiling: false
Single step:false
App Mode: DEVELOPER
Menu Key: ESCAPE
Stage Style: DECORATED
Scene Factory: class com.almasb.fxglgames.geowars.GeoWarsApp$1

20:01:14.469 [JavaFX Application Thread] DEBUG FXGLApplication      - Initializing FXGL
20:01:14.472 [JavaFX Application Thread] INFO  Engine               - FXGL-dev-SNAPSHOT (21.02.2021 13.59) on WINDOWS (J:14.0.2 FX:15)
20:01:14.473 [JavaFX Application Thread] DEBUG Engine               - JRE Vendor Name: Oracle Corporation
20:01:14.473 [JavaFX Application Thread] DEBUG Engine               - Running on OS: Windows 10 version 10.0
20:01:14.473 [JavaFX Application Thread] DEBUG Engine               - Architecture: amd64
20:01:14.473 [JavaFX Application Thread] INFO  Engine               - Source code and latest versions at: https://github.com/AlmasB/FXGL
20:01:14.473 [JavaFX Application Thread] INFO  Engine               -              Join the FXGL chat at: https://gitter.im/AlmasB/FXGL
20:01:14.593 [JavaFX Application Thread] DEBUG PrimaryStageWindow   - Creating a JavaFX scene
20:01:14.594 [JavaFX Application Thread] DEBUG PrimaryStageWindow   - Target size > screen size
20:01:14.653 [JavaFX Application Thread] DEBUG PrimaryStageWindow   - Target settings size: 1920.0 x 1080.0
20:01:14.653 [JavaFX Application Thread] DEBUG PrimaryStageWindow   - Scaled scene size:    1439.0 x 823.0
20:01:14.653 [JavaFX Application Thread] DEBUG PrimaryStageWindow   - Scaled ratio: (0.7494791666666667, 0.7620370370370371)
20:01:14.654 [JavaFX Application Thread] DEBUG PrimaryStageWindow   - Set initial scene to FXGLStartupScene
20:01:14.661 [JavaFX Application Thread] DEBUG PrimaryStageWindow   - Opening main window
20:01:14.814 [JavaFX Application Thread] DEBUG PrimaryStageWindow   - Window border size: (14.5999755859375, 37.79998779296875)
20:01:14.815 [JavaFX Application Thread] DEBUG PrimaryStageWindow   - Scaled size: 1439.0 x 823.0
20:01:14.815 [JavaFX Application Thread] DEBUG PrimaryStageWindow   - Scaled ratio: (0.7494791666666667, 0.7620370370370371)
20:01:14.815 [JavaFX Application Thread] DEBUG PrimaryStageWindow   - Scene size: 1439.0 x 823.0
20:01:14.816 [JavaFX Application Thread] DEBUG PrimaryStageWindow   - Stage size: 1453.5999755859375 x 860.7999877929688
20:01:14.888 [FXGL Background Thread 1 ] DEBUG Engine               - Initializing environment variables
20:01:14.961 [FXGL Background Thread 1 ] DEBUG FXGLAssetLoaderServi - User app class for loading assets: class com.almasb.fxglgames.geowars.GeoWarsApp
20:01:14.961 [FXGL Background Thread 1 ] DEBUG GameApplicationServi - Applying CSS: fxgl_dark.css
20:01:14.963 [FXGL Background Thread 1 ] DEBUG FXGLAssetLoaderServi - Loading from file system: jar:file:///C:/Users/Jainfamily/.m2/repository/com/github/almasb/fxgl/dev-SNAPSHOT/fxgl-dev-20210221.140046-1674.jar!/fxglassets/ui/css/fxgl_dark.css
20:01:15.059 [FXGL Background Thread 1 ] DEBUG GameApplicationServi - Initializing application scenes
20:01:15.216 [FXGL Background Thread 1 ] DEBUG GameWorld            - Game world initialized
20:01:15.313 [FXGL Background Thread 1 ] DEBUG PhysicsWorld         - Physics world initialized: appHeight=1080, physics.ppm=50.0
20:01:15.313 [FXGL Background Thread 1 ] DEBUG PhysicsWorld         - Using strategy: BRUTE_FORCE
20:01:15.317 [FXGL Background Thread 1 ] DEBUG GameScene            - Game scene initialized: 1920x1080
20:01:15.400 [FXGL Background Thread 1 ] DEBUG FXGLAssetLoaderServi - Loading from file system: jar:file:///C:/Users/Jainfamily/.m2/repository/com/github/almasb/fxgl/dev-SNAPSHOT/fxgl-dev-20210221.140046-1674.jar!/fxglassets/textures/pause_menu_bg.png
20:01:15.448 [FXGL Background Thread 1 ] DEBUG GameApplicationServi - Application scenes initialized
20:01:15.463 [FXGL Background Thread 1 ] DEBUG SystemBundleService  - Loading FXGL system data
20:01:15.470 [FXGL Background Thread 1 ] DEBUG FileSystemAccess     - Reading from: C:\Users\Jainfamily\AP JAVA\Geometry Wars\system\fxgl.bundle
20:01:15.480 [FXGL Background Thread 1 ] DEBUG SystemBundleService  - Bundle FXGL: {}
20:01:15.480 [FXGL Background Thread 1 ] DEBUG UpdaterService       - Checking for updates
20:01:15.491 [FXGL Background Thread 4 ] DEBUG FXGLApplication      - Loading fonts
20:01:15.491 [FXGL Background Thread 1 ] DEBUG FXGLApplication      - Loading default localization
20:01:15.492 [FXGL Background Thread 4 ] DEBUG FXGLAssetLoaderServi - Loading from file system: file:/C:/Users/Jainfamily/AP%20JAVA/Geometry%20Wars/target/classes/assets/ui/fonts/game_font_7.ttf
20:01:15.493 [FXGL Background Thread 1 ] DEBUG FXGLAssetLoaderServi - Loading from file system: jar:file:///C:/Users/Jainfamily/.m2/repository/com/github/almasb/fxgl/dev-SNAPSHOT/fxgl-dev-20210221.140046-1674.jar!/fxglassets/languages/english.lang
20:01:15.542 [FXGL Background Thread 1 ] INFO  FXGLApplication      - FXGL initialization took: 0.654 sec
20:01:15.560 [JavaFX Application Thread] DEBUG Input                - Registered new binding: Up - W
20:01:15.560 [JavaFX Application Thread] DEBUG Input                - Registered new binding: Down - S
20:01:15.560 [JavaFX Application Thread] DEBUG Input                - Registered new binding: Left - A
20:01:15.561 [JavaFX Application Thread] DEBUG Input                - Registered new binding: Right - D
20:01:15.561 [JavaFX Application Thread] DEBUG Input                - Registered new binding: Release Shockwave - F
20:01:15.562 [JavaFX Application Thread] DEBUG Input                - Registered new binding: Shoot Mouse - LMB
20:01:15.563 [JavaFX Application Thread] DEBUG Input                - Registered new binding: Shoot Key - H
20:01:15.564 [JavaFX Application Thread] DEBUG Input                - Registered new binding: action0 - G
20:01:15.566 [JavaFX Application Thread] DEBUG FXGLAssetLoaderServi - Loading from file system: file:/C:/Users/Jainfamily/AP%20JAVA/Geometry%20Wars/target/classes/assets/textures/explosion.png
20:01:15.672 [FXGL Background Thread 4 ] DEBUG FXGLAssetLoaderServi - Loading from file system: jar:file:///C:/Users/Jainfamily/.m2/repository/com/github/almasb/fxgl/dev-SNAPSHOT/fxgl-dev-20210221.140046-1674.jar!/fxglassets/ui/fonts/Abel-Regular.ttf
20:01:15.688 [FXGL Background Thread 4 ] DEBUG FXGLAssetLoaderServi - Loading from file system: jar:file:///C:/Users/Jainfamily/.m2/repository/com/github/almasb/fxgl/dev-SNAPSHOT/fxgl-dev-20210221.140046-1674.jar!/fxglassets/ui/fonts/lucida_console.ttf
20:01:15.712 [FXGL Background Thread 4 ] DEBUG FXGLAssetLoaderServi - Loading from file system: jar:file:///C:/Users/Jainfamily/.m2/repository/com/github/almasb/fxgl/dev-SNAPSHOT/fxgl-dev-20210221.140046-1674.jar!/fxglassets/ui/fonts/Courier-Prime.ttf
20:01:16.120 [JavaFX Application Thread] DEBUG FXGLAssetLoaderServi - Loading from file system: file:/C:/Users/Jainfamily/AP%20JAVA/Geometry%20Wars/target/classes/assets/music/bgm.mp3
20:01:16.457 [JavaFX Application Thread] DEBUG AudioPlayer          - Playing music com.almasb.fxgl.audio.Music@291a2ed4
20:01:16.458 [JavaFX Application Thread] DEBUG FXGLAssetLoaderServi - Loading from file system: jar:file:///C:/Users/Jainfamily/.m2/repository/com/github/almasb/fxgl/dev-SNAPSHOT/fxgl-dev-20210221.140046-1674.jar!/fxglassets/textures/fxgl_icon.png
20:01:16.473 [FXGL Background Thread 2 ] INFO  UpdaterService       - Your current version:  dev-SNAPSHOT
20:01:16.473 [FXGL Background Thread 2 ] INFO  UpdaterService       - Latest stable version: 11.13
20:01:16.486 [JavaFX Application Thread] DEBUG FXGLAssetLoaderServi - Loading from file system: jar:file:///C:/Users/Jainfamily/.m2/repository/com/github/almasb/fxgl/dev-SNAPSHOT/fxgl-dev-20210221.140046-1674.jar!/fxglassets/ui/cursors/fxgl_default.png
20:01:16.490 [JavaFX Application Thread] DEBUG Input                - Registered new binding: Screenshot - P
20:01:16.492 [JavaFX Application Thread] DEBUG Input                - Registered new binding: System info dump - CTRL+9
20:01:16.493 [JavaFX Application Thread] DEBUG Input                - Registered new binding: Restart - CTRL+R
20:01:16.495 [JavaFX Application Thread] DEBUG Input                - Registered new binding: Toggle Debug Camera - CTRL+C
20:01:16.498 [JavaFX Application Thread] DEBUG LoopRunner           - Starting loop
20:01:16.499 [JavaFX Application Thread] DEBUG LoopRunner           - Initializing JavaFX AnimationTimerLoop
20:01:16.503 [JavaFX Application Thread] DEBUG Input                - Clearing active input actions
20:01:16.521 [JavaFX Application Thread] DEBUG GameApplicationServi - Removing overlay from FXGLStartupScene and adding to FXGLMainMenuDummyScene
20:01:16.522 [JavaFX Application Thread] DEBUG PrimaryStageWindow   - FXGLStartupScene -> FXGLMainMenuDummyScene
20:01:16.522 [JavaFX Application Thread] DEBUG PrimaryStageWindow   - Push state: GeoWarsMainMenu
20:01:16.548 [JavaFX Application Thread] DEBUG SaveLoadService      - readAndLoadTask: high_score.dat
20:01:16.549 [JavaFX Application Thread] DEBUG FileSystemAccess     - Reading from: C:\Users\Jainfamily\AP JAVA\Geometry Wars\high_score.dat
20:01:16.577 [JavaFX Application Thread] DEBUG Input                - Clearing active input actions
20:01:16.583 [JavaFX Application Thread] DEBUG GameApplicationServi - Removing overlay from FXGLMainMenuDummyScene and adding to GeoWarsMainMenu
20:01:16.583 [JavaFX Application Thread] DEBUG PrimaryStageWindow   - FXGLMainMenuDummyScene -> GeoWarsMainMenu
20:01:16.625 [JavaFX Application Thread] DEBUG FXGLApplication      - Registering font factories with UI factory
20:01:18.488 [FXGL Background Thread 3 ] DEBUG Engine               - Logging environment variables
20:01:18.491 [FXGL Background Thread 3 ] DEBUG Engine               - achievements: []
20:01:18.492 [FXGL Background Thread 3 ] DEBUG Engine               - actualHeight: 823.0
20:01:18.492 [FXGL Background Thread 3 ] DEBUG Engine               - actualHeightProperty: ReadOnlyDoubleProperty [value: 823.0]
20:01:18.492 [FXGL Background Thread 3 ] DEBUG Engine               - actualWidth: 1439.0
20:01:18.492 [FXGL Background Thread 3 ] DEBUG Engine               - actualWidthProperty: ReadOnlyDoubleProperty [value: 1439.0]
20:01:18.492 [FXGL Background Thread 3 ] DEBUG Engine               - appIcon: fxgl_icon.png
20:01:18.492 [FXGL Background Thread 3 ] DEBUG Engine               - applicationMode: DEVELOPER
20:01:18.492 [FXGL Background Thread 3 ] DEBUG Engine               - cSSList: [fxgl_dark.css]
20:01:18.493 [FXGL Background Thread 3 ] DEBUG Engine               - collisionDetectionStrategy: BRUTE_FORCE
20:01:18.493 [FXGL Background Thread 3 ] DEBUG Engine               - configClass: Optional.empty
20:01:18.493 [FXGL Background Thread 3 ] DEBUG Engine               - credits: []
20:01:18.493 [FXGL Background Thread 3 ] DEBUG Engine               - devBBoxColorProperty: ObjectProperty [value: 0xff0000ff]
20:01:18.493 [FXGL Background Thread 3 ] DEBUG Engine               - devEnableDebugCameraProperty: BooleanProperty [value: false]
20:01:18.494 [FXGL Background Thread 3 ] DEBUG Engine               - devSensorColorProperty: ObjectProperty [value: 0xffff00ff]
20:01:18.494 [FXGL Background Thread 3 ] DEBUG Engine               - devShowBBoxProperty: BooleanProperty [value: false]
20:01:18.495 [FXGL Background Thread 3 ] DEBUG Engine               - devShowPositionProperty: BooleanProperty [value: false]
20:01:18.495 [FXGL Background Thread 3 ] DEBUG Engine               - enabledMenuItems: []
20:01:18.495 [FXGL Background Thread 3 ] DEBUG Engine               - engineServices: [class com.almasb.fxgl.app.services.FXGLAssetLoaderService, class com.almasb.fxgl.app.FXGLApplication$GameApplicationService, class com.almasb.fxgl.app.services.FXGLDialogService, class com.almasb.fxgl.app.services.IOTaskExecutorService, class com.almasb.fxgl.event.EventBusService, class com.almasb.fxgl.io.FileSystemService, class com.almasb.fxgl.localization.LocalizationService, class com.almasb.fxgl.app.services.SystemBundleService, class com.almasb.fxgl.profile.SaveLoadService, class com.almasb.fxgl.ui.FXGLUIFactoryServiceProvider, class com.almasb.fxgl.ui.FXGLDialogFactoryServiceProvider, class com.almasb.fxgl.audio.AudioPlayer, class com.almasb.fxgl.notification.impl.NotificationServiceProvider, class com.almasb.fxgl.achievement.AchievementService, class com.almasb.fxgl.cutscene.CutsceneService, class com.almasb.fxgl.minigames.MiniGameService, class com.almasb.fxgl.net.NetService, class com.almasb.fxgl.app.services.UpdaterService, class com.almasb.fxgl.dev.DevService, class com.almasb.fxglgames.geowars.service.HighScoreService]
20:01:18.495 [FXGL Background Thread 3 ] DEBUG Engine               - fontGame: Abel-Regular.ttf
20:01:18.496 [FXGL Background Thread 3 ] DEBUG Engine               - fontMono: lucida_console.ttf
20:01:18.498 [FXGL Background Thread 3 ] DEBUG Engine               - fontText: Courier-Prime.ttf
20:01:18.501 [FXGL Background Thread 3 ] DEBUG Engine               - fontUI: game_font_7.ttf
20:01:18.501 [FXGL Background Thread 3 ] DEBUG Engine               - fullScreen: BooleanProperty [value: false]
20:01:18.502 [FXGL Background Thread 3 ] DEBUG Engine               - gameDifficulty: MEDIUM
20:01:18.502 [FXGL Background Thread 3 ] DEBUG Engine               - gameDifficultyProperty: ObjectProperty [value: MEDIUM]
20:01:18.502 [FXGL Background Thread 3 ] DEBUG Engine               - globalMusicVolume: 0.5
20:01:18.502 [FXGL Background Thread 3 ] DEBUG Engine               - globalMusicVolumeProperty: DoubleProperty [value: 0.5]
20:01:18.502 [FXGL Background Thread 3 ] DEBUG Engine               - globalSoundVolume: 0.5
20:01:18.502 [FXGL Background Thread 3 ] DEBUG Engine               - globalSoundVolumeProperty: DoubleProperty [value: 0.2]
20:01:18.503 [FXGL Background Thread 3 ] DEBUG Engine               - height: 1080
20:01:18.503 [FXGL Background Thread 3 ] DEBUG Engine               - isAndroid: false
20:01:18.503 [FXGL Background Thread 3 ] DEBUG Engine               - isBrowser: false
20:01:18.503 [FXGL Background Thread 3 ] DEBUG Engine               - isClickFeedbackEnabled: false
20:01:18.503 [FXGL Background Thread 3 ] DEBUG Engine               - isCloseConfirmation: false
20:01:18.504 [FXGL Background Thread 3 ] DEBUG Engine               - isDesktop: true
20:01:18.506 [FXGL Background Thread 3 ] DEBUG Engine               - isDeveloperMenuEnabled: false
20:01:18.506 [FXGL Background Thread 3 ] DEBUG Engine               - isEntityPreloadEnabled: true
20:01:18.506 [FXGL Background Thread 3 ] DEBUG Engine               - isExperimental3D: false
20:01:18.506 [FXGL Background Thread 3 ] DEBUG Engine               - isExperimentalNative: false
20:01:18.506 [FXGL Background Thread 3 ] DEBUG Engine               - isExperimentalTiledLargeMap: false
20:01:18.511 [FXGL Background Thread 3 ] DEBUG Engine               - isFileSystemWriteAllowed: true
20:01:18.512 [FXGL Background Thread 3 ] DEBUG Engine               - isFullScreenAllowed: false
20:01:18.512 [FXGL Background Thread 3 ] DEBUG Engine               - isFullScreenFromStart: false
20:01:18.512 [FXGL Background Thread 3 ] DEBUG Engine               - isGameMenuEnabled: true
20:01:18.512 [FXGL Background Thread 3 ] DEBUG Engine               - isIOS: false
20:01:18.512 [FXGL Background Thread 3 ] DEBUG Engine               - isIntroEnabled: false
20:01:18.513 [FXGL Background Thread 3 ] DEBUG Engine               - isLinux: false
20:01:18.513 [FXGL Background Thread 3 ] DEBUG Engine               - isMac: false
20:01:18.513 [FXGL Background Thread 3 ] DEBUG Engine               - isMainMenuEnabled: true
20:01:18.514 [FXGL Background Thread 3 ] DEBUG Engine               - isManualResizeEnabled: false
20:01:18.514 [FXGL Background Thread 3 ] DEBUG Engine               - isMobile: false
20:01:18.514 [FXGL Background Thread 3 ] DEBUG Engine               - isPreserveResizeRatio: false
20:01:18.520 [FXGL Background Thread 3 ] DEBUG Engine               - isProfilingEnabled: false
20:01:18.521 [FXGL Background Thread 3 ] DEBUG Engine               - isScaleAffectedOnResize: true
20:01:18.521 [FXGL Background Thread 3 ] DEBUG Engine               - isSingleStep: false
20:01:18.521 [FXGL Background Thread 3 ] DEBUG Engine               - isUserProfileEnabled: false
20:01:18.521 [FXGL Background Thread 3 ] DEBUG Engine               - isWindows: true
20:01:18.521 [FXGL Background Thread 3 ] DEBUG Engine               - language: ObjectProperty [value: ENGLISH]
20:01:18.521 [FXGL Background Thread 3 ] DEBUG Engine               - menuKey: ESCAPE
20:01:18.521 [FXGL Background Thread 3 ] DEBUG Engine               - notificationViewClass: class com.almasb.fxgl.notification.view.XboxNotificationView
20:01:18.521 [FXGL Background Thread 3 ] DEBUG Engine               - pixelsPerMeter: 50.0
20:01:18.521 [FXGL Background Thread 3 ] DEBUG Engine               - platform: WINDOWS
20:01:18.521 [FXGL Background Thread 3 ] DEBUG Engine               - prefHeightProperty: ReadOnlyDoubleProperty [value: 1080.0]
20:01:18.522 [FXGL Background Thread 3 ] DEBUG Engine               - prefWidthProperty: ReadOnlyDoubleProperty [value: 1920.0]
20:01:18.522 [FXGL Background Thread 3 ] DEBUG Engine               - profileDir: profiles/
20:01:18.522 [FXGL Background Thread 3 ] DEBUG Engine               - profileName: StringProperty [value: DEFAULT]
20:01:18.522 [FXGL Background Thread 3 ] DEBUG Engine               - randomSeed: -1
20:01:18.522 [FXGL Background Thread 3 ] DEBUG Engine               - runtimeInfo: RuntimeInfo(platform=WINDOWS, version=dev-SNAPSHOT, build=21.02.2021 13.59)
20:01:18.522 [FXGL Background Thread 3 ] DEBUG Engine               - saveFileExt: sav
20:01:18.522 [FXGL Background Thread 3 ] DEBUG Engine               - scaledHeightProp$fxgl: DoubleProperty [bound, value: 823.0]
20:01:18.522 [FXGL Background Thread 3 ] DEBUG Engine               - scaledWidthProp$fxgl: DoubleProperty [bound, value: 1439.0]
20:01:18.522 [FXGL Background Thread 3 ] DEBUG Engine               - sceneFactory: com.almasb.fxglgames.geowars.GeoWarsApp$1@91fe209
20:01:18.522 [FXGL Background Thread 3 ] DEBUG Engine               - secondsIn24h: 60
20:01:18.523 [FXGL Background Thread 3 ] DEBUG Engine               - soundMenuBack: menu/back.wav
20:01:18.523 [FXGL Background Thread 3 ] DEBUG Engine               - soundMenuPress: menu/press.wav
20:01:18.523 [FXGL Background Thread 3 ] DEBUG Engine               - soundMenuSelect: menu/select.wav
20:01:18.523 [FXGL Background Thread 3 ] DEBUG Engine               - soundNotification: core/notification.wav
20:01:18.523 [FXGL Background Thread 3 ] DEBUG Engine               - stageStyle: DECORATED
20:01:18.523 [FXGL Background Thread 3 ] DEBUG Engine               - supportedLanguages: [ENGLISH, FRENCH, GERMAN, HUNGARIAN, RUSSIAN]
20:01:18.523 [FXGL Background Thread 3 ] DEBUG Engine               - ticksPerSecond: -1
20:01:18.523 [FXGL Background Thread 3 ] DEBUG Engine               - title: FXGL Geometry Wars
20:01:18.523 [FXGL Background Thread 3 ] DEBUG Engine               - urlGithub: https://github.com/AlmasB/FXGL
20:01:18.523 [FXGL Background Thread 3 ] DEBUG Engine               - urlLeaderboard: http://fxgl-top.herokuapp.com/
20:01:18.523 [FXGL Background Thread 3 ] DEBUG Engine               - urlPOM: https://raw.githubusercontent.com/AlmasB/FXGL/master/README.md
20:01:18.523 [FXGL Background Thread 3 ] DEBUG Engine               - userAppClass: class com.almasb.fxglgames.geowars.GeoWarsApp
20:01:18.524 [FXGL Background Thread 3 ] DEBUG Engine               - version: 1.2.1
20:01:18.524 [FXGL Background Thread 3 ] DEBUG Engine               - versionCheckDays: 7
20:01:18.524 [FXGL Background Thread 3 ] DEBUG Engine               - width: 1920
20:01:18.524 [FXGL Background Thread 3 ] DEBUG Engine               - Logging services
20:01:18.524 [FXGL Background Thread 3 ] DEBUG Engine               - class com.almasb.fxgl.app.services.FXGLAssetLoaderService
20:01:18.524 [FXGL Background Thread 3 ] DEBUG Engine               - class com.almasb.fxgl.app.FXGLApplication$GameApplicationService
20:01:18.524 [FXGL Background Thread 3 ] DEBUG Engine               - class com.almasb.fxgl.app.services.FXGLDialogService
20:01:18.524 [FXGL Background Thread 3 ] DEBUG Engine               - class com.almasb.fxgl.app.services.IOTaskExecutorService
20:01:18.525 [FXGL Background Thread 3 ] DEBUG Engine               - class com.almasb.fxgl.event.EventBusService
20:01:18.525 [FXGL Background Thread 3 ] DEBUG Engine               - class com.almasb.fxgl.io.FileSystemService
20:01:18.525 [FXGL Background Thread 3 ] DEBUG Engine               - class com.almasb.fxgl.localization.LocalizationService
20:01:18.525 [FXGL Background Thread 3 ] DEBUG Engine               - class com.almasb.fxgl.app.services.SystemBundleService
20:01:18.525 [FXGL Background Thread 3 ] DEBUG Engine               - class com.almasb.fxgl.profile.SaveLoadService
20:01:18.525 [FXGL Background Thread 3 ] DEBUG Engine               - class com.almasb.fxgl.ui.FXGLUIFactoryServiceProvider
20:01:18.525 [FXGL Background Thread 3 ] DEBUG Engine               - class com.almasb.fxgl.ui.FXGLDialogFactoryServiceProvider
20:01:18.525 [FXGL Background Thread 3 ] DEBUG Engine               - class com.almasb.fxgl.audio.AudioPlayer
20:01:18.525 [FXGL Background Thread 3 ] DEBUG Engine               - class com.almasb.fxgl.notification.impl.NotificationServiceProvider
20:01:18.525 [FXGL Background Thread 3 ] DEBUG Engine               - class com.almasb.fxgl.achievement.AchievementService
20:01:18.525 [FXGL Background Thread 3 ] DEBUG Engine               - class com.almasb.fxgl.cutscene.CutsceneService
20:01:18.525 [FXGL Background Thread 3 ] DEBUG Engine               - class com.almasb.fxgl.minigames.MiniGameService
20:01:18.525 [FXGL Background Thread 3 ] DEBUG Engine               - class com.almasb.fxgl.net.NetService
20:01:18.526 [FXGL Background Thread 3 ] DEBUG Engine               - class com.almasb.fxgl.app.services.UpdaterService
20:01:18.526 [FXGL Background Thread 3 ] DEBUG Engine               - class com.almasb.fxgl.dev.DevService
20:01:18.526 [FXGL Background Thread 3 ] DEBUG Engine               - class com.almasb.fxglgames.geowars.service.HighScoreService
20:01:22.951 [JavaFX Application Thread] DEBUG Menu                 - fireNewGame()
20:01:22.952 [JavaFX Application Thread] DEBUG GameApplicationServi - Starting new game
20:01:22.952 [JavaFX Application Thread] DEBUG PrimaryStageWindow   - Pop state: GeoWarsMainMenu
20:01:22.952 [JavaFX Application Thread] DEBUG Input                - Clearing active input actions
20:01:22.954 [JavaFX Application Thread] DEBUG GameApplicationServi - Removing overlay from GeoWarsMainMenu and adding to FXGLMainMenuDummyScene
20:01:22.956 [JavaFX Application Thread] DEBUG PrimaryStageWindow   - FXGLMainMenuDummyScene <- GeoWarsMainMenu
20:01:22.957 [JavaFX Application Thread] DEBUG Input                - Clearing active input actions
20:01:22.981 [JavaFX Application Thread] DEBUG GameApplicationServi - Removing overlay from FXGLMainMenuDummyScene and adding to FXGLLoadingScene
20:01:22.982 [JavaFX Application Thread] DEBUG PrimaryStageWindow   - FXGLMainMenuDummyScene -> FXGLLoadingScene
20:01:22.982 [JavaFX Application Thread] DEBUG GameApplicationServi - Clearing previous game
20:01:22.982 [JavaFX Application Thread] DEBUG GameScene            - Clearing game scene
20:01:22.982 [JavaFX Application Thread] DEBUG GameWorld            - Clearing game world
20:01:22.982 [JavaFX Application Thread] DEBUG PhysicsWorld         - Clearing physics world
20:01:22.987 [FXGL Background Thread 2 ] DEBUG FXGLApplication      - Initializing game
20:01:23.115 [FXGL Background Thread 2 ] DEBUG FXGLAssetLoaderServi - Loading from file system: file:/C:/Users/Jainfamily/AP%20JAVA/Geometry%20Wars/target/classes/assets/textures/player.png
20:01:23.205 [FXGL Background Thread 2 ] INFO  FXGLApplication      - Game initialization took: 0.218 sec
20:01:23.212 [JavaFX Application Thread] DEBUG Input                - Clearing active input actions
20:01:23.232 [JavaFX Application Thread] DEBUG GameApplicationServi - Removing overlay from FXGLLoadingScene and adding to GameScene
20:01:23.233 [JavaFX Application Thread] DEBUG PrimaryStageWindow   - FXGLLoadingScene -> GameScene
20:01:25.883 [JavaFX Application Thread] DEBUG FXGLAssetLoaderServi - Loading from file system: file:/C:/Users/Jainfamily/AP%20JAVA/Geometry%20Wars/target/classes/assets/textures/Wanderer.png
20:01:25.968 [JavaFX Application Thread] DEBUG FXGLAssetLoaderServi - Loading from file system: file:/C:/Users/Jainfamily/AP%20JAVA/Geometry%20Wars/target/classes/assets/textures/particles/spark_04.png
20:01:26.042 [JavaFX Application Thread] DEBUG FXGLAssetLoaderServi - Loading from file system: file:/C:/Users/Jainfamily/AP%20JAVA/Geometry%20Wars/target/classes/assets/textures/wanderer_overlay.png
20:01:27.870 [JavaFX Application Thread] DEBUG FXGLAssetLoaderServi - Loading from file system: file:/C:/Users/Jainfamily/AP%20JAVA/Geometry%20Wars/target/classes/assets/sounds/shoot8.wav
20:01:27.919 [JavaFX Application Thread] DEBUG FXGLAssetLoaderServi - Loading from file system: file:/C:/Users/Jainfamily/AP%20JAVA/Geometry%20Wars/target/classes/assets/textures/Bullet.png
20:01:28.296 [JavaFX Application Thread] DEBUG FXGLAssetLoaderServi - Loading from file system: file:/C:/Users/Jainfamily/AP%20JAVA/Geometry%20Wars/target/classes/assets/sounds/shoot2.wav
20:01:28.429 [JavaFX Application Thread] DEBUG FXGLAssetLoaderServi - Loading from file system: file:/C:/Users/Jainfamily/AP%20JAVA/Geometry%20Wars/target/classes/assets/sounds/explosion-01.wav
20:01:28.502 [JavaFX Application Thread] DEBUG FXGLAssetLoaderServi - Loading from file system: file:/C:/Users/Jainfamily/AP%20JAVA/Geometry%20Wars/target/classes/assets/textures/particles/light_02.png
20:01:28.529 [JavaFX Application Thread] DEBUG FXGLAssetLoaderServi - Loading from file system: file:/C:/Users/Jainfamily/AP%20JAVA/Geometry%20Wars/target/classes/assets/textures/YellowCrystal.png
20:01:30.336 [JavaFX Application Thread] DEBUG FXGLAssetLoaderServi - Loading from file system: file:/C:/Users/Jainfamily/AP%20JAVA/Geometry%20Wars/target/classes/assets/sounds/shoot4.wav
20:01:30.383 [JavaFX Application Thread] DEBUG FXGLAssetLoaderServi - Loading from file system: file:/C:/Users/Jainfamily/AP%20JAVA/Geometry%20Wars/target/classes/assets/sounds/explosion-08.wav
20:01:30.712 [JavaFX Application Thread] DEBUG FXGLAssetLoaderServi - Loading from file system: file:/C:/Users/Jainfamily/AP%20JAVA/Geometry%20Wars/target/classes/assets/sounds/shoot3.wav
20:01:30.814 [JavaFX Application Thread] DEBUG FXGLAssetLoaderServi - Loading from file system: file:/C:/Users/Jainfamily/AP%20JAVA/Geometry%20Wars/target/classes/assets/sounds/explosion-05.wav
20:01:30.873 [JavaFX Application Thread] DEBUG FXGLAssetLoaderServi - Loading from file system: file:/C:/Users/Jainfamily/AP%20JAVA/Geometry%20Wars/target/classes/assets/sounds/explosion-06.wav
20:01:32.885 [JavaFX Application Thread] DEBUG FXGLAssetLoaderServi - Loading from file system: file:/C:/Users/Jainfamily/AP%20JAVA/Geometry%20Wars/target/classes/assets/sounds/shoot7.wav
20:01:33.555 [JavaFX Application Thread] DEBUG FXGLAssetLoaderServi - Loading from file system: file:/C:/Users/Jainfamily/AP%20JAVA/Geometry%20Wars/target/classes/assets/sounds/explosion-02.wav
20:01:36.347 [JavaFX Application Thread] DEBUG FXGLAssetLoaderServi - Loading from file system: file:/C:/Users/Jainfamily/AP%20JAVA/Geometry%20Wars/target/classes/assets/sounds/shoot6.wav
20:01:39.348 [JavaFX Application Thread] DEBUG FXGLAssetLoaderServi - Loading from file system: file:/C:/Users/Jainfamily/AP%20JAVA/Geometry%20Wars/target/classes/assets/sounds/explosion-07.wav
20:01:40.228 [JavaFX Application Thread] DEBUG FXGLAssetLoaderServi - Loading from file system: file:/C:/Users/Jainfamily/AP%20JAVA/Geometry%20Wars/target/classes/assets/sounds/shoot5.wav
20:01:52.067 [JavaFX Application Thread] DEBUG FXGLAssetLoaderServi - Loading from file system: file:/C:/Users/Jainfamily/AP%20JAVA/Geometry%20Wars/target/classes/assets/sounds/explosion-04.wav
20:01:54.287 [JavaFX Application Thread] DEBUG PrimaryStageWindow   - Push state: DialogSubScene
20:01:54.287 [JavaFX Application Thread] DEBUG Input                - Clearing active input actions
20:01:54.298 [JavaFX Application Thread] DEBUG GameApplicationServi - Removing overlay from GameScene and adding to DialogSubScene
20:01:54.298 [JavaFX Application Thread] DEBUG PrimaryStageWindow   - GameScene -> DialogSubScene
20:02:00.030 [JavaFX Application Thread] DEBUG PrimaryStageWindow   - Pop state: DialogSubScene
20:02:00.031 [JavaFX Application Thread] DEBUG Input                - Clearing active input actions
20:02:00.032 [JavaFX Application Thread] DEBUG GameApplicationServi - Removing overlay from DialogSubScene and adding to GameScene
20:02:00.032 [JavaFX Application Thread] DEBUG PrimaryStageWindow   - GameScene <- DialogSubScene
20:02:00.033 [JavaFX Application Thread] DEBUG SaveLoadService      - writeTask: high_score.dat
20:02:00.037 [JavaFX Application Thread] DEBUG FileSystemAccess     - Writing to: C:\Users\Jainfamily\AP JAVA\Geometry Wars\high_score.dat
20:02:00.064 [JavaFX Application Thread] DEBUG Input                - Clearing active input actions
20:02:00.072 [JavaFX Application Thread] DEBUG GameApplicationServi - Removing overlay from GameScene and adding to FXGLMainMenuDummyScene
20:02:00.072 [JavaFX Application Thread] DEBUG PrimaryStageWindow   - GameScene -> FXGLMainMenuDummyScene
20:02:00.072 [JavaFX Application Thread] DEBUG PrimaryStageWindow   - Push state: GeoWarsMainMenu
20:02:00.073 [JavaFX Application Thread] DEBUG Input                - Clearing active input actions
20:02:00.074 [JavaFX Application Thread] DEBUG GameApplicationServi - Removing overlay from FXGLMainMenuDummyScene and adding to GeoWarsMainMenu
20:02:00.074 [JavaFX Application Thread] DEBUG PrimaryStageWindow   - FXGLMainMenuDummyScene -> GeoWarsMainMenu
20:02:10.000 [JavaFX Application Thread] DEBUG PrimaryStageWindow   - Push state: DialogSubScene
20:02:10.000 [JavaFX Application Thread] DEBUG Input                - Clearing active input actions
20:02:10.003 [JavaFX Application Thread] DEBUG GameApplicationServi - Removing overlay from GeoWarsMainMenu and adding to DialogSubScene
20:02:10.004 [JavaFX Application Thread] DEBUG PrimaryStageWindow   - GeoWarsMainMenu -> DialogSubScene
20:02:12.480 [JavaFX Application Thread] DEBUG PrimaryStageWindow   - Pop state: DialogSubScene
20:02:12.480 [JavaFX Application Thread] DEBUG Input                - Clearing active input actions
20:02:12.481 [JavaFX Application Thread] DEBUG GameApplicationServi - Removing overlay from DialogSubScene and adding to GeoWarsMainMenu
20:02:12.481 [JavaFX Application Thread] DEBUG PrimaryStageWindow   - GeoWarsMainMenu <- DialogSubScene
20:02:15.379 [JavaFX Application Thread] DEBUG FXGLApplication      - Exiting FXGL
20:02:15.379 [JavaFX Application Thread] DEBUG LoopRunner           - Stopping loop
20:02:15.379 [JavaFX Application Thread] DEBUG SystemBundleService  - Saving FXGL system data
20:02:15.381 [JavaFX Application Thread] DEBUG FileSystemAccess     - Writing to: C:\Users\Jainfamily\AP JAVA\Geometry Wars\system\fxgl.bundle
20:02:15.382 [JavaFX Application Thread] DEBUG Async                - Shutting down background threads
20:02:15.382 [JavaFX Application Thread] DEBUG PrimaryStageWindow   - Closing main window
20:02:15.406 [JavaFX Application Thread] DEBUG Logger               - Closing Logger
