18:35:05.662 [main                     ] DEBUG Logger               - Configured Logger
18:35:05.669 [main                     ] DEBUG GameApplication      - Logging settings
Title: Drop
Version: 1.0
Width: 480
Height: 800
Fullscreen: false
Intro: false
Profiling: false
Single step:false
App Mode: DEVELOPER
Menu Key: ESCAPE
Stage Style: DECORATED
Scene Factory: class com.almasb.fxgl.app.scene.SceneFactory

18:35:06.123 [JavaFX Application Thread] DEBUG FXGLApplication      - Initializing FXGL
18:35:06.125 [JavaFX Application Thread] INFO  Engine               - FXGL-dev-SNAPSHOT (21.02.2021 13.59) on WINDOWS (J:14.0.2 FX:14.0.2.1)
18:35:06.126 [JavaFX Application Thread] DEBUG Engine               - JRE Vendor Name: Oracle Corporation
18:35:06.126 [JavaFX Application Thread] DEBUG Engine               - Running on OS: Windows 10 version 10.0
18:35:06.127 [JavaFX Application Thread] DEBUG Engine               - Architecture: amd64
18:35:06.127 [JavaFX Application Thread] INFO  Engine               - Source code and latest versions at: https://github.com/AlmasB/FXGL
18:35:06.127 [JavaFX Application Thread] INFO  Engine               -              Join the FXGL chat at: https://gitter.im/AlmasB/FXGL
18:35:06.322 [JavaFX Application Thread] DEBUG PrimaryStageWindow   - Creating a JavaFX scene
18:35:06.323 [JavaFX Application Thread] DEBUG PrimaryStageWindow   - Target size > screen size
18:35:06.412 [JavaFX Application Thread] DEBUG PrimaryStageWindow   - Target settings size: 480.0 x 800.0
18:35:06.413 [JavaFX Application Thread] DEBUG PrimaryStageWindow   - Scaled scene size:    411.0 x 726.0
18:35:06.413 [JavaFX Application Thread] DEBUG PrimaryStageWindow   - Scaled ratio: (0.85625, 0.9075)
18:35:06.414 [JavaFX Application Thread] DEBUG PrimaryStageWindow   - Set initial scene to FXGLStartupScene
18:35:06.424 [JavaFX Application Thread] DEBUG PrimaryStageWindow   - Opening main window
18:35:06.577 [JavaFX Application Thread] DEBUG PrimaryStageWindow   - Window border size: (16.0, 39.0)
18:35:06.577 [JavaFX Application Thread] DEBUG PrimaryStageWindow   - Scaled size: 411.0 x 726.0
18:35:06.577 [JavaFX Application Thread] DEBUG PrimaryStageWindow   - Scaled ratio: (0.85625, 0.9075)
18:35:06.578 [JavaFX Application Thread] DEBUG PrimaryStageWindow   - Scene size: 411.0 x 726.0
18:35:06.578 [JavaFX Application Thread] DEBUG PrimaryStageWindow   - Stage size: 427.0 x 765.0
18:35:06.588 [FXGL Background Thread 1 ] DEBUG Engine               - Initializing environment variables
18:35:06.640 [FXGL Background Thread 1 ] DEBUG FXGLAssetLoaderServi - User app class for loading assets: class DropApp
18:35:06.640 [FXGL Background Thread 1 ] DEBUG GameApplicationServi - Applying CSS: fxgl_dark.css
18:35:06.642 [FXGL Background Thread 1 ] DEBUG FXGLAssetLoaderServi - Loading from file system: jar:file:/C:/Users/rcortez/.m2/repository/com/github/almasb/fxgl/dev-SNAPSHOT/fxgl-dev-20210221.140046-1674.jar!/fxglassets/ui/css/fxgl_dark.css
18:35:06.705 [FXGL Background Thread 1 ] DEBUG GameApplicationServi - Initializing application scenes
18:35:06.756 [FXGL Background Thread 1 ] DEBUG GameWorld            - Game world initialized
18:35:06.846 [FXGL Background Thread 1 ] DEBUG PhysicsWorld         - Physics world initialized: appHeight=800, physics.ppm=50.0
18:35:06.847 [FXGL Background Thread 1 ] DEBUG PhysicsWorld         - Using strategy: BRUTE_FORCE
18:35:06.851 [FXGL Background Thread 1 ] DEBUG GameScene            - Game scene initialized: 480x800
18:35:06.872 [FXGL Background Thread 1 ] WARN  FXGL.DefaultMenu     - FXGLDefaultMenu is not designed for resolutions < 800x600
18:35:06.917 [FXGL Background Thread 1 ] DEBUG FXGLAssetLoaderServi - Loading from file system: jar:file:/C:/Users/rcortez/.m2/repository/com/github/almasb/fxgl/dev-SNAPSHOT/fxgl-dev-20210221.140046-1674.jar!/fxglassets/textures/particles/trace_horizontal.png
18:35:06.989 [FXGL Background Thread 1 ] DEBUG FXGL.DefaultMenu     - createMenuBodyGameMenu()
18:35:07.012 [FXGL Background Thread 1 ] DEBUG FXGL.DefaultMenu     - createOptionsMenu()
18:35:07.020 [FXGL Background Thread 1 ] DEBUG FXGLAssetLoaderServi - Loading from file system: jar:file:/C:/Users/rcortez/.m2/repository/com/github/almasb/fxgl/dev-SNAPSHOT/fxgl-dev-20210221.140046-1674.jar!/fxglassets/textures/particles/smoke.png
18:35:07.082 [FXGL Background Thread 1 ] DEBUG GameApplicationServi - Application scenes initialized
18:35:07.095 [FXGL Background Thread 1 ] DEBUG SystemBundleService  - Loading FXGL system data
18:35:07.099 [FXGL Background Thread 1 ] DEBUG FileSystemAccess     - Reading from: C:\Users\rcortez\Desktop\FXGL Projects\untitled4\system\fxgl.bundle
18:35:07.105 [FXGL Background Thread 1 ] DEBUG SystemBundleService  - Bundle FXGL: {}
18:35:07.105 [FXGL Background Thread 1 ] DEBUG UpdaterService       - Checking for updates
18:35:07.110 [FXGL Background Thread 4 ] DEBUG FXGLApplication      - Loading fonts
18:35:07.111 [FXGL Background Thread 1 ] DEBUG FXGLApplication      - Loading default localization
18:35:07.111 [FXGL Background Thread 4 ] DEBUG FXGLAssetLoaderServi - Loading from file system: jar:file:/C:/Users/rcortez/.m2/repository/com/github/almasb/fxgl/dev-SNAPSHOT/fxgl-dev-20210221.140046-1674.jar!/fxglassets/ui/fonts/VarelaRound-Regular.ttf
18:35:07.112 [FXGL Background Thread 1 ] DEBUG FXGLAssetLoaderServi - Loading from file system: jar:file:/C:/Users/rcortez/.m2/repository/com/github/almasb/fxgl/dev-SNAPSHOT/fxgl-dev-20210221.140046-1674.jar!/fxglassets/languages/english.lang
18:35:07.131 [FXGL Background Thread 1 ] INFO  FXGLApplication      - FXGL initialization took: 0.542 sec
18:35:07.132 [JavaFX Application Thread] DEBUG FXGLAssetLoaderServi - Loading from file system: jar:file:/C:/Users/rcortez/.m2/repository/com/github/almasb/fxgl/dev-SNAPSHOT/fxgl-dev-20210221.140046-1674.jar!/fxglassets/textures/fxgl_icon.png
18:35:07.159 [JavaFX Application Thread] DEBUG FXGLAssetLoaderServi - Loading from file system: jar:file:/C:/Users/rcortez/.m2/repository/com/github/almasb/fxgl/dev-SNAPSHOT/fxgl-dev-20210221.140046-1674.jar!/fxglassets/ui/cursors/fxgl_default.png
18:35:07.173 [JavaFX Application Thread] DEBUG Input                - Registered new binding: Screenshot - P
18:35:07.173 [JavaFX Application Thread] DEBUG Input                - Registered new binding: System info dump - CTRL+9
18:35:07.174 [JavaFX Application Thread] DEBUG Input                - Registered new binding: Restart - CTRL+R
18:35:07.175 [JavaFX Application Thread] DEBUG Input                - Registered new binding: Toggle Debug Camera - CTRL+C
18:35:07.178 [JavaFX Application Thread] DEBUG LoopRunner           - Starting loop
18:35:07.178 [JavaFX Application Thread] DEBUG LoopRunner           - Initializing JavaFX AnimationTimerLoop
18:35:07.179 [JavaFX Application Thread] DEBUG GameApplicationServi - Starting new game
18:35:07.180 [JavaFX Application Thread] DEBUG Input                - Clearing active input actions
18:35:07.186 [FXGL Background Thread 4 ] DEBUG FXGLAssetLoaderServi - Loading from file system: jar:file:/C:/Users/rcortez/.m2/repository/com/github/almasb/fxgl/dev-SNAPSHOT/fxgl-dev-20210221.140046-1674.jar!/fxglassets/ui/fonts/Abel-Regular.ttf
18:35:07.190 [FXGL Background Thread 4 ] DEBUG FXGLAssetLoaderServi - Loading from file system: jar:file:/C:/Users/rcortez/.m2/repository/com/github/almasb/fxgl/dev-SNAPSHOT/fxgl-dev-20210221.140046-1674.jar!/fxglassets/ui/fonts/lucida_console.ttf
18:35:07.193 [JavaFX Application Thread] DEBUG GameApplicationServi - Removing overlay from FXGLStartupScene and adding to FXGLLoadingScene
18:35:07.193 [JavaFX Application Thread] DEBUG PrimaryStageWindow   - FXGLStartupScene -> FXGLLoadingScene
18:35:07.193 [JavaFX Application Thread] DEBUG GameApplicationServi - Clearing previous game
18:35:07.193 [JavaFX Application Thread] DEBUG GameScene            - Clearing game scene
18:35:07.194 [JavaFX Application Thread] DEBUG GameWorld            - Clearing game world
18:35:07.194 [JavaFX Application Thread] DEBUG PhysicsWorld         - Clearing physics world
18:35:07.195 [FXGL Background Thread 1 ] DEBUG FXGLApplication      - Initializing game
18:35:07.197 [FXGL Background Thread 4 ] DEBUG FXGLAssetLoaderServi - Loading from file system: jar:file:/C:/Users/rcortez/.m2/repository/com/github/almasb/fxgl/dev-SNAPSHOT/fxgl-dev-20210221.140046-1674.jar!/fxglassets/ui/fonts/Courier-Prime.ttf
18:35:07.198 [FXGL Background Thread 1 ] DEBUG FXGLAssetLoaderServi - Loading from file system: file:/C:/Users/rcortez/Desktop/FXGL%20Projects/untitled4/target/classes/assets/textures/bucket.png
18:35:07.217 [FXGL Background Thread 1 ] DEBUG FXGLAssetLoaderServi - Loading from file system: file:/C:/Users/rcortez/Desktop/FXGL%20Projects/untitled4/target/classes/assets/music/bgm.mp3
18:35:07.238 [JavaFX Application Thread] DEBUG FXGLApplication      - Registering font factories with UI factory
18:35:07.433 [FXGL Background Thread 1 ] DEBUG AudioPlayer          - Playing music com.almasb.fxgl.audio.Music@475e92d8
18:35:07.437 [FXGL Background Thread 1 ] INFO  FXGLApplication      - Game initialization took: 0.242 sec
18:35:07.438 [JavaFX Application Thread] DEBUG Input                - Clearing active input actions
18:35:07.452 [JavaFX Application Thread] DEBUG GameApplicationServi - Removing overlay from FXGLLoadingScene and adding to GameScene
18:35:07.453 [JavaFX Application Thread] DEBUG PrimaryStageWindow   - FXGLLoadingScene -> GameScene
18:35:07.948 [FXGL Background Thread 2 ] INFO  UpdaterService       - Your current version:  dev-SNAPSHOT
18:35:07.948 [FXGL Background Thread 2 ] INFO  UpdaterService       - Latest stable version: 11.13
18:35:08.882 [JavaFX Application Thread] DEBUG FXGLAssetLoaderServi - Loading from file system: file:/C:/Users/rcortez/Desktop/FXGL%20Projects/untitled4/target/classes/assets/textures/droplet.png
18:35:10.110 [FXGL Background Thread 3 ] DEBUG Engine               - Logging environment variables
18:35:10.110 [FXGL Background Thread 3 ] DEBUG Engine               - achievements: []
18:35:10.111 [FXGL Background Thread 3 ] DEBUG Engine               - actualHeight: 726.0
18:35:10.111 [FXGL Background Thread 3 ] DEBUG Engine               - actualHeightProperty: ReadOnlyDoubleProperty [value: 726.0]
18:35:10.111 [FXGL Background Thread 3 ] DEBUG Engine               - actualWidth: 411.0
18:35:10.111 [FXGL Background Thread 3 ] DEBUG Engine               - actualWidthProperty: ReadOnlyDoubleProperty [value: 411.0]
18:35:10.111 [FXGL Background Thread 3 ] DEBUG Engine               - appIcon: fxgl_icon.png
18:35:10.112 [FXGL Background Thread 3 ] DEBUG Engine               - applicationMode: DEVELOPER
18:35:10.112 [FXGL Background Thread 3 ] DEBUG Engine               - cSSList: [fxgl_dark.css]
18:35:10.112 [FXGL Background Thread 3 ] DEBUG Engine               - collisionDetectionStrategy: BRUTE_FORCE
18:35:10.112 [FXGL Background Thread 3 ] DEBUG Engine               - configClass: Optional.empty
18:35:10.112 [FXGL Background Thread 3 ] DEBUG Engine               - credits: []
18:35:10.112 [FXGL Background Thread 3 ] DEBUG Engine               - devBBoxColorProperty: ObjectProperty [value: 0xff0000ff]
18:35:10.113 [FXGL Background Thread 3 ] DEBUG Engine               - devEnableDebugCameraProperty: BooleanProperty [value: false]
18:35:10.113 [FXGL Background Thread 3 ] DEBUG Engine               - devSensorColorProperty: ObjectProperty [value: 0xffff00ff]
18:35:10.113 [FXGL Background Thread 3 ] DEBUG Engine               - devShowBBoxProperty: BooleanProperty [value: false]
18:35:10.113 [FXGL Background Thread 3 ] DEBUG Engine               - devShowPositionProperty: BooleanProperty [value: false]
18:35:10.113 [FXGL Background Thread 3 ] DEBUG Engine               - enabledMenuItems: []
18:35:10.114 [FXGL Background Thread 3 ] DEBUG Engine               - engineServices: [class com.almasb.fxgl.app.services.FXGLAssetLoaderService, class com.almasb.fxgl.app.FXGLApplication$GameApplicationService, class com.almasb.fxgl.app.services.FXGLDialogService, class com.almasb.fxgl.app.services.IOTaskExecutorService, class com.almasb.fxgl.event.EventBusService, class com.almasb.fxgl.io.FileSystemService, class com.almasb.fxgl.localization.LocalizationService, class com.almasb.fxgl.app.services.SystemBundleService, class com.almasb.fxgl.profile.SaveLoadService, class com.almasb.fxgl.ui.FXGLUIFactoryServiceProvider, class com.almasb.fxgl.ui.FXGLDialogFactoryServiceProvider, class com.almasb.fxgl.audio.AudioPlayer, class com.almasb.fxgl.notification.impl.NotificationServiceProvider, class com.almasb.fxgl.achievement.AchievementService, class com.almasb.fxgl.cutscene.CutsceneService, class com.almasb.fxgl.minigames.MiniGameService, class com.almasb.fxgl.net.NetService, class com.almasb.fxgl.app.services.UpdaterService, class com.almasb.fxgl.dev.DevService]
18:35:10.114 [FXGL Background Thread 3 ] DEBUG Engine               - fontGame: Abel-Regular.ttf
18:35:10.114 [FXGL Background Thread 3 ] DEBUG Engine               - fontMono: lucida_console.ttf
18:35:10.114 [FXGL Background Thread 3 ] DEBUG Engine               - fontText: Courier-Prime.ttf
18:35:10.114 [FXGL Background Thread 3 ] DEBUG Engine               - fontUI: VarelaRound-Regular.ttf
18:35:10.114 [FXGL Background Thread 3 ] DEBUG Engine               - fullScreen: BooleanProperty [value: false]
18:35:10.115 [FXGL Background Thread 3 ] DEBUG Engine               - gameDifficulty: MEDIUM
18:35:10.115 [FXGL Background Thread 3 ] DEBUG Engine               - gameDifficultyProperty: ObjectProperty [value: MEDIUM]
18:35:10.115 [FXGL Background Thread 3 ] DEBUG Engine               - globalMusicVolume: 0.5
18:35:10.115 [FXGL Background Thread 3 ] DEBUG Engine               - globalMusicVolumeProperty: DoubleProperty [value: 0.5]
18:35:10.115 [FXGL Background Thread 3 ] DEBUG Engine               - globalSoundVolume: 0.5
18:35:10.115 [FXGL Background Thread 3 ] DEBUG Engine               - globalSoundVolumeProperty: DoubleProperty [value: 0.5]
18:35:10.116 [FXGL Background Thread 3 ] DEBUG Engine               - height: 800
18:35:10.116 [FXGL Background Thread 3 ] DEBUG Engine               - isAndroid: false
18:35:10.116 [FXGL Background Thread 3 ] DEBUG Engine               - isBrowser: false
18:35:10.116 [FXGL Background Thread 3 ] DEBUG Engine               - isClickFeedbackEnabled: false
18:35:10.116 [FXGL Background Thread 3 ] DEBUG Engine               - isCloseConfirmation: false
18:35:10.116 [FXGL Background Thread 3 ] DEBUG Engine               - isDesktop: true
18:35:10.116 [FXGL Background Thread 3 ] DEBUG Engine               - isDeveloperMenuEnabled: false
18:35:10.117 [FXGL Background Thread 3 ] DEBUG Engine               - isEntityPreloadEnabled: true
18:35:10.117 [FXGL Background Thread 3 ] DEBUG Engine               - isExperimental3D: false
18:35:10.117 [FXGL Background Thread 3 ] DEBUG Engine               - isExperimentalNative: false
18:35:10.117 [FXGL Background Thread 3 ] DEBUG Engine               - isExperimentalTiledLargeMap: false
18:35:10.117 [FXGL Background Thread 3 ] DEBUG Engine               - isFileSystemWriteAllowed: true
18:35:10.117 [FXGL Background Thread 3 ] DEBUG Engine               - isFullScreenAllowed: false
18:35:10.117 [FXGL Background Thread 3 ] DEBUG Engine               - isFullScreenFromStart: false
18:35:10.118 [FXGL Background Thread 3 ] DEBUG Engine               - isGameMenuEnabled: true
18:35:10.118 [FXGL Background Thread 3 ] DEBUG Engine               - isIOS: false
18:35:10.118 [FXGL Background Thread 3 ] DEBUG Engine               - isIntroEnabled: false
18:35:10.118 [FXGL Background Thread 3 ] DEBUG Engine               - isLinux: false
18:35:10.118 [FXGL Background Thread 3 ] DEBUG Engine               - isMac: false
18:35:10.118 [FXGL Background Thread 3 ] DEBUG Engine               - isMainMenuEnabled: false
18:35:10.118 [FXGL Background Thread 3 ] DEBUG Engine               - isManualResizeEnabled: false
18:35:10.118 [FXGL Background Thread 3 ] DEBUG Engine               - isMobile: false
18:35:10.119 [FXGL Background Thread 3 ] DEBUG Engine               - isPreserveResizeRatio: false
18:35:10.119 [FXGL Background Thread 3 ] DEBUG Engine               - isProfilingEnabled: false
18:35:10.119 [FXGL Background Thread 3 ] DEBUG Engine               - isScaleAffectedOnResize: true
18:35:10.119 [FXGL Background Thread 3 ] DEBUG Engine               - isSingleStep: false
18:35:10.119 [FXGL Background Thread 3 ] DEBUG Engine               - isUserProfileEnabled: false
18:35:10.119 [FXGL Background Thread 3 ] DEBUG Engine               - isWindows: true
18:35:10.119 [FXGL Background Thread 3 ] DEBUG Engine               - language: ObjectProperty [value: ENGLISH]
18:35:10.120 [FXGL Background Thread 3 ] DEBUG Engine               - menuKey: ESCAPE
18:35:10.120 [FXGL Background Thread 3 ] DEBUG Engine               - notificationViewClass: class com.almasb.fxgl.notification.view.XboxNotificationView
18:35:10.120 [FXGL Background Thread 3 ] DEBUG Engine               - pixelsPerMeter: 50.0
18:35:10.120 [FXGL Background Thread 3 ] DEBUG Engine               - platform: WINDOWS
18:35:10.120 [FXGL Background Thread 3 ] DEBUG Engine               - prefHeightProperty: ReadOnlyDoubleProperty [value: 800.0]
18:35:10.120 [FXGL Background Thread 3 ] DEBUG Engine               - prefWidthProperty: ReadOnlyDoubleProperty [value: 480.0]
18:35:10.120 [FXGL Background Thread 3 ] DEBUG Engine               - profileDir: profiles/
18:35:10.120 [FXGL Background Thread 3 ] DEBUG Engine               - profileName: StringProperty [value: DEFAULT]
18:35:10.121 [FXGL Background Thread 3 ] DEBUG Engine               - randomSeed: -1
18:35:10.121 [FXGL Background Thread 3 ] DEBUG Engine               - runtimeInfo: RuntimeInfo(platform=WINDOWS, version=dev-SNAPSHOT, build=21.02.2021 13.59)
18:35:10.121 [FXGL Background Thread 3 ] DEBUG Engine               - saveFileExt: sav
18:35:10.121 [FXGL Background Thread 3 ] DEBUG Engine               - scaledHeightProp$fxgl: DoubleProperty [bound, value: 726.0]
18:35:10.121 [FXGL Background Thread 3 ] DEBUG Engine               - scaledWidthProp$fxgl: DoubleProperty [bound, value: 411.0]
18:35:10.121 [FXGL Background Thread 3 ] DEBUG Engine               - sceneFactory: com.almasb.fxgl.app.scene.SceneFactory@629222e3
18:35:10.121 [FXGL Background Thread 3 ] DEBUG Engine               - secondsIn24h: 60
18:35:10.121 [FXGL Background Thread 3 ] DEBUG Engine               - soundMenuBack: menu/back.wav
18:35:10.122 [FXGL Background Thread 3 ] DEBUG Engine               - soundMenuPress: menu/press.wav
18:35:10.122 [FXGL Background Thread 3 ] DEBUG Engine               - soundMenuSelect: menu/select.wav
18:35:10.122 [FXGL Background Thread 3 ] DEBUG Engine               - soundNotification: core/notification.wav
18:35:10.122 [FXGL Background Thread 3 ] DEBUG Engine               - stageStyle: DECORATED
18:35:10.122 [FXGL Background Thread 3 ] DEBUG Engine               - supportedLanguages: [ENGLISH, FRENCH, GERMAN, HUNGARIAN, RUSSIAN]
18:35:10.122 [FXGL Background Thread 3 ] DEBUG Engine               - ticksPerSecond: -1
18:35:10.122 [FXGL Background Thread 3 ] DEBUG Engine               - title: Drop
18:35:10.122 [FXGL Background Thread 3 ] DEBUG Engine               - urlGithub: https://github.com/AlmasB/FXGL
18:35:10.123 [FXGL Background Thread 3 ] DEBUG Engine               - urlLeaderboard: http://fxgl-top.herokuapp.com/
18:35:10.123 [FXGL Background Thread 3 ] DEBUG Engine               - urlPOM: https://raw.githubusercontent.com/AlmasB/FXGL/master/README.md
18:35:10.123 [FXGL Background Thread 3 ] DEBUG Engine               - userAppClass: class DropApp
18:35:10.123 [FXGL Background Thread 3 ] DEBUG Engine               - version: 1.0
18:35:10.123 [FXGL Background Thread 3 ] DEBUG Engine               - versionCheckDays: 7
18:35:10.123 [FXGL Background Thread 3 ] DEBUG Engine               - width: 480
18:35:10.123 [FXGL Background Thread 3 ] DEBUG Engine               - Logging services
18:35:10.123 [FXGL Background Thread 3 ] DEBUG Engine               - class com.almasb.fxgl.app.services.FXGLAssetLoaderService
18:35:10.123 [FXGL Background Thread 3 ] DEBUG Engine               - class com.almasb.fxgl.app.FXGLApplication$GameApplicationService
18:35:10.124 [FXGL Background Thread 3 ] DEBUG Engine               - class com.almasb.fxgl.app.services.FXGLDialogService
18:35:10.124 [FXGL Background Thread 3 ] DEBUG Engine               - class com.almasb.fxgl.app.services.IOTaskExecutorService
18:35:10.124 [FXGL Background Thread 3 ] DEBUG Engine               - class com.almasb.fxgl.event.EventBusService
18:35:10.124 [FXGL Background Thread 3 ] DEBUG Engine               - class com.almasb.fxgl.io.FileSystemService
18:35:10.124 [FXGL Background Thread 3 ] DEBUG Engine               - class com.almasb.fxgl.localization.LocalizationService
18:35:10.124 [FXGL Background Thread 3 ] DEBUG Engine               - class com.almasb.fxgl.app.services.SystemBundleService
18:35:10.124 [FXGL Background Thread 3 ] DEBUG Engine               - class com.almasb.fxgl.profile.SaveLoadService
18:35:10.124 [FXGL Background Thread 3 ] DEBUG Engine               - class com.almasb.fxgl.ui.FXGLUIFactoryServiceProvider
18:35:10.125 [FXGL Background Thread 3 ] DEBUG Engine               - class com.almasb.fxgl.ui.FXGLDialogFactoryServiceProvider
18:35:10.125 [FXGL Background Thread 3 ] DEBUG Engine               - class com.almasb.fxgl.audio.AudioPlayer
18:35:10.125 [FXGL Background Thread 3 ] DEBUG Engine               - class com.almasb.fxgl.notification.impl.NotificationServiceProvider
18:35:10.125 [FXGL Background Thread 3 ] DEBUG Engine               - class com.almasb.fxgl.achievement.AchievementService
18:35:10.125 [FXGL Background Thread 3 ] DEBUG Engine               - class com.almasb.fxgl.cutscene.CutsceneService
18:35:10.125 [FXGL Background Thread 3 ] DEBUG Engine               - class com.almasb.fxgl.minigames.MiniGameService
18:35:10.125 [FXGL Background Thread 3 ] DEBUG Engine               - class com.almasb.fxgl.net.NetService
18:35:10.126 [FXGL Background Thread 3 ] DEBUG Engine               - class com.almasb.fxgl.app.services.UpdaterService
18:35:10.126 [FXGL Background Thread 3 ] DEBUG Engine               - class com.almasb.fxgl.dev.DevService
18:35:10.853 [JavaFX Application Thread] DEBUG FXGLApplication      - Exiting FXGL
18:35:10.853 [JavaFX Application Thread] DEBUG LoopRunner           - Stopping loop
18:35:10.853 [JavaFX Application Thread] DEBUG SystemBundleService  - Saving FXGL system data
18:35:10.859 [JavaFX Application Thread] DEBUG FileSystemAccess     - Writing to: C:\Users\rcortez\Desktop\FXGL Projects\untitled4\system\fxgl.bundle
18:35:10.863 [JavaFX Application Thread] DEBUG Async                - Shutting down background threads
18:35:10.864 [JavaFX Application Thread] DEBUG PrimaryStageWindow   - Closing main window
18:35:10.912 [JavaFX Application Thread] DEBUG Logger               - Closing Logger
