10:17:00.873 [main                     ] DEBUG Logger               - Configured Logger
10:17:00.916 [main                     ] DEBUG GameApplication      - Logging settings
Title: Drop
Version: 1.0
Width: 480
Height: 800
Fullscreen: false
Intro: false
Profiling: false
Single step:false
App Mode: DEVELOPER
Menu Key: ESCAPE
Stage Style: DECORATED
Scene Factory: class com.almasb.fxgl.app.scene.SceneFactory

10:17:01.834 [JavaFX Application Thread] DEBUG FXGLApplication      - Initializing FXGL
10:17:01.840 [JavaFX Application Thread] INFO  Engine               - FXGL-dev-SNAPSHOT (21.02.2021 13.59) on WINDOWS (J:14.0.2 FX:15)
10:17:01.842 [JavaFX Application Thread] DEBUG Engine               - JRE Vendor Name: Oracle Corporation
10:17:01.842 [JavaFX Application Thread] DEBUG Engine               - Running on OS: Windows 10 version 10.0
10:17:01.842 [JavaFX Application Thread] DEBUG Engine               - Architecture: amd64
10:17:01.843 [JavaFX Application Thread] INFO  Engine               - Source code and latest versions at: https://github.com/AlmasB/FXGL
10:17:01.843 [JavaFX Application Thread] INFO  Engine               -              Join the FXGL chat at: https://gitter.im/AlmasB/FXGL
10:17:02.355 [JavaFX Application Thread] DEBUG PrimaryStageWindow   - Creating a JavaFX scene
10:17:02.515 [JavaFX Application Thread] DEBUG PrimaryStageWindow   - Target settings size: 480.0 x 800.0
10:17:02.515 [JavaFX Application Thread] DEBUG PrimaryStageWindow   - Scaled scene size:    480.0 x 800.0
10:17:02.516 [JavaFX Application Thread] DEBUG PrimaryStageWindow   - Scaled ratio: (1.0, 1.0)
10:17:02.518 [JavaFX Application Thread] DEBUG PrimaryStageWindow   - Set initial scene to FXGLStartupScene
10:17:02.537 [JavaFX Application Thread] DEBUG PrimaryStageWindow   - Opening main window
10:17:02.748 [JavaFX Application Thread] DEBUG PrimaryStageWindow   - Window border size: (14.399993896484375, 37.5999755859375)
10:17:02.748 [JavaFX Application Thread] DEBUG PrimaryStageWindow   - Scaled size: 480.0 x 800.0
10:17:02.748 [JavaFX Application Thread] DEBUG PrimaryStageWindow   - Scaled ratio: (1.0, 1.0)
10:17:02.750 [JavaFX Application Thread] DEBUG PrimaryStageWindow   - Scene size: 480.0 x 800.0
10:17:02.750 [JavaFX Application Thread] DEBUG PrimaryStageWindow   - Stage size: 494.3999938964844 x 837.5999755859375
10:17:02.830 [FXGL Background Thread 1 ] DEBUG Engine               - Initializing environment variables
10:17:02.924 [FXGL Background Thread 1 ] DEBUG FXGLAssetLoaderServi - User app class for loading assets: class DropApp
10:17:02.924 [FXGL Background Thread 1 ] DEBUG GameApplicationServi - Applying CSS: fxgl_dark.css
10:17:02.926 [FXGL Background Thread 1 ] DEBUG FXGLAssetLoaderServi - Loading from file system: jar:file:/C:/Users/Jainfamily/.m2/repository/com/github/almasb/fxgl/dev-SNAPSHOT/fxgl-dev-20210221.140046-1674.jar!/fxglassets/ui/css/fxgl_dark.css
10:17:03.027 [FXGL Background Thread 1 ] DEBUG GameApplicationServi - Initializing application scenes
10:17:03.231 [FXGL Background Thread 1 ] DEBUG GameWorld            - Game world initialized
10:17:03.372 [FXGL Background Thread 1 ] DEBUG PhysicsWorld         - Physics world initialized: appHeight=800, physics.ppm=50.0
10:17:03.373 [FXGL Background Thread 1 ] DEBUG PhysicsWorld         - Using strategy: BRUTE_FORCE
10:17:03.380 [FXGL Background Thread 1 ] DEBUG GameScene            - Game scene initialized: 480x800
10:17:03.417 [FXGL Background Thread 1 ] WARN  FXGL.DefaultMenu     - FXGLDefaultMenu is not designed for resolutions < 800x600
10:17:03.468 [FXGL Background Thread 1 ] DEBUG FXGLAssetLoaderServi - Loading from file system: jar:file:/C:/Users/Jainfamily/.m2/repository/com/github/almasb/fxgl/dev-SNAPSHOT/fxgl-dev-20210221.140046-1674.jar!/fxglassets/textures/particles/trace_horizontal.png
10:17:03.580 [FXGL Background Thread 1 ] DEBUG FXGL.DefaultMenu     - createMenuBodyGameMenu()
10:17:03.620 [FXGL Background Thread 1 ] DEBUG FXGL.DefaultMenu     - createOptionsMenu()
10:17:03.636 [FXGL Background Thread 1 ] DEBUG FXGLAssetLoaderServi - Loading from file system: jar:file:/C:/Users/Jainfamily/.m2/repository/com/github/almasb/fxgl/dev-SNAPSHOT/fxgl-dev-20210221.140046-1674.jar!/fxglassets/textures/particles/smoke.png
10:17:03.796 [FXGL Background Thread 1 ] DEBUG GameApplicationServi - Application scenes initialized
10:17:03.849 [FXGL Background Thread 1 ] DEBUG SystemBundleService  - Loading FXGL system data
10:17:03.859 [FXGL Background Thread 1 ] DEBUG FileSystemAccess     - Reading from: C:\Users\Jainfamily\AP JAVA\fxgl graphics\Drop App\system\fxgl.bundle
10:17:03.873 [FXGL Background Thread 1 ] DEBUG SystemBundleService  - Bundle FXGL: {}
10:17:03.874 [FXGL Background Thread 1 ] DEBUG UpdaterService       - Checking for updates
10:17:03.884 [FXGL Background Thread 4 ] DEBUG FXGLApplication      - Loading fonts
10:17:03.886 [FXGL Background Thread 1 ] DEBUG FXGLApplication      - Loading default localization
10:17:03.887 [FXGL Background Thread 4 ] DEBUG FXGLAssetLoaderServi - Loading from file system: jar:file:/C:/Users/Jainfamily/.m2/repository/com/github/almasb/fxgl/dev-SNAPSHOT/fxgl-dev-20210221.140046-1674.jar!/fxglassets/ui/fonts/VarelaRound-Regular.ttf
10:17:03.888 [FXGL Background Thread 1 ] DEBUG FXGLAssetLoaderServi - Loading from file system: jar:file:/C:/Users/Jainfamily/.m2/repository/com/github/almasb/fxgl/dev-SNAPSHOT/fxgl-dev-20210221.140046-1674.jar!/fxglassets/languages/english.lang
10:17:03.943 [FXGL Background Thread 1 ] INFO  FXGLApplication      - FXGL initialization took: 1.114 sec
10:17:03.947 [JavaFX Application Thread] DEBUG FXGLAssetLoaderServi - Loading from file system: jar:file:/C:/Users/Jainfamily/.m2/repository/com/github/almasb/fxgl/dev-SNAPSHOT/fxgl-dev-20210221.140046-1674.jar!/fxglassets/textures/fxgl_icon.png
10:17:03.992 [JavaFX Application Thread] DEBUG FXGLAssetLoaderServi - Loading from file system: jar:file:/C:/Users/Jainfamily/.m2/repository/com/github/almasb/fxgl/dev-SNAPSHOT/fxgl-dev-20210221.140046-1674.jar!/fxglassets/ui/cursors/fxgl_default.png
10:17:04.019 [JavaFX Application Thread] DEBUG Input                - Registered new binding: Screenshot - P
10:17:04.020 [JavaFX Application Thread] DEBUG Input                - Registered new binding: System info dump - CTRL+9
10:17:04.020 [JavaFX Application Thread] DEBUG Input                - Registered new binding: Restart - CTRL+R
10:17:04.022 [JavaFX Application Thread] DEBUG Input                - Registered new binding: Toggle Debug Camera - CTRL+C
10:17:04.027 [JavaFX Application Thread] DEBUG LoopRunner           - Starting loop
10:17:04.028 [JavaFX Application Thread] DEBUG LoopRunner           - Initializing JavaFX AnimationTimerLoop
10:17:04.033 [JavaFX Application Thread] DEBUG GameApplicationServi - Starting new game
10:17:04.034 [JavaFX Application Thread] DEBUG Input                - Clearing active input actions
10:17:04.081 [JavaFX Application Thread] DEBUG GameApplicationServi - Removing overlay from FXGLStartupScene and adding to FXGLLoadingScene
10:17:04.082 [JavaFX Application Thread] DEBUG PrimaryStageWindow   - FXGLStartupScene -> FXGLLoadingScene
10:17:04.082 [JavaFX Application Thread] DEBUG GameApplicationServi - Clearing previous game
10:17:04.082 [JavaFX Application Thread] DEBUG GameScene            - Clearing game scene
10:17:04.082 [JavaFX Application Thread] DEBUG GameWorld            - Clearing game world
10:17:04.083 [JavaFX Application Thread] DEBUG PhysicsWorld         - Clearing physics world
10:17:04.085 [FXGL Background Thread 1 ] DEBUG FXGLApplication      - Initializing game
10:17:04.098 [FXGL Background Thread 1 ] DEBUG FXGLAssetLoaderServi - Loading from file system: file:/C:/Users/Jainfamily/AP%20JAVA/fxgl%20graphics/Drop%20App/target/classes/assets/textures/block.png
10:17:04.122 [FXGL Background Thread 4 ] DEBUG FXGLAssetLoaderServi - Loading from file system: jar:file:/C:/Users/Jainfamily/.m2/repository/com/github/almasb/fxgl/dev-SNAPSHOT/fxgl-dev-20210221.140046-1674.jar!/fxglassets/ui/fonts/Abel-Regular.ttf
10:17:04.134 [FXGL Background Thread 4 ] DEBUG FXGLAssetLoaderServi - Loading from file system: jar:file:/C:/Users/Jainfamily/.m2/repository/com/github/almasb/fxgl/dev-SNAPSHOT/fxgl-dev-20210221.140046-1674.jar!/fxglassets/ui/fonts/lucida_console.ttf
10:17:04.149 [FXGL Background Thread 4 ] DEBUG FXGLAssetLoaderServi - Loading from file system: jar:file:/C:/Users/Jainfamily/.m2/repository/com/github/almasb/fxgl/dev-SNAPSHOT/fxgl-dev-20210221.140046-1674.jar!/fxglassets/ui/fonts/Courier-Prime.ttf
10:17:04.248 [FXGL Background Thread 1 ] DEBUG FXGLAssetLoaderServi - Loading from file system: file:/C:/Users/Jainfamily/AP%20JAVA/fxgl%20graphics/Drop%20App/target/classes/assets/music/bgm.mp3
10:17:04.267 [JavaFX Application Thread] DEBUG FXGLApplication      - Registering font factories with UI factory
10:17:05.065 [FXGL Background Thread 2 ] INFO  UpdaterService       - Your current version:  dev-SNAPSHOT
10:17:05.065 [FXGL Background Thread 2 ] INFO  UpdaterService       - Latest stable version: 11.13
10:17:05.183 [FXGL Background Thread 1 ] DEBUG AudioPlayer          - Playing music com.almasb.fxgl.audio.Music@2da8970
10:17:05.193 [FXGL Background Thread 1 ] INFO  FXGLApplication      - Game initialization took: 1.108 sec
10:17:05.194 [JavaFX Application Thread] DEBUG Input                - Clearing active input actions
10:17:05.214 [JavaFX Application Thread] DEBUG GameApplicationServi - Removing overlay from FXGLLoadingScene and adding to GameScene
10:17:05.215 [JavaFX Application Thread] DEBUG PrimaryStageWindow   - FXGLLoadingScene -> GameScene
10:17:06.213 [JavaFX Application Thread] DEBUG FXGLAssetLoaderServi - Loading from file system: file:/C:/Users/Jainfamily/AP%20JAVA/fxgl%20graphics/Drop%20App/target/classes/assets/textures/droplet.png
10:17:06.881 [FXGL Background Thread 3 ] DEBUG Engine               - Logging environment variables
10:17:06.881 [FXGL Background Thread 3 ] DEBUG Engine               - achievements: []
10:17:06.881 [FXGL Background Thread 3 ] DEBUG Engine               - actualHeight: 800.0
10:17:06.882 [FXGL Background Thread 3 ] DEBUG Engine               - actualHeightProperty: ReadOnlyDoubleProperty [value: 800.0]
10:17:06.882 [FXGL Background Thread 3 ] DEBUG Engine               - actualWidth: 480.0
10:17:06.882 [FXGL Background Thread 3 ] DEBUG Engine               - actualWidthProperty: ReadOnlyDoubleProperty [value: 480.0]
10:17:06.882 [FXGL Background Thread 3 ] DEBUG Engine               - appIcon: fxgl_icon.png
10:17:06.882 [FXGL Background Thread 3 ] DEBUG Engine               - applicationMode: DEVELOPER
10:17:06.882 [FXGL Background Thread 3 ] DEBUG Engine               - cSSList: [fxgl_dark.css]
10:17:06.882 [FXGL Background Thread 3 ] DEBUG Engine               - collisionDetectionStrategy: BRUTE_FORCE
10:17:06.882 [FXGL Background Thread 3 ] DEBUG Engine               - configClass: Optional.empty
10:17:06.882 [FXGL Background Thread 3 ] DEBUG Engine               - credits: []
10:17:06.883 [FXGL Background Thread 3 ] DEBUG Engine               - devBBoxColorProperty: ObjectProperty [value: 0xff0000ff]
10:17:06.883 [FXGL Background Thread 3 ] DEBUG Engine               - devEnableDebugCameraProperty: BooleanProperty [value: false]
10:17:06.883 [FXGL Background Thread 3 ] DEBUG Engine               - devSensorColorProperty: ObjectProperty [value: 0xffff00ff]
10:17:06.883 [FXGL Background Thread 3 ] DEBUG Engine               - devShowBBoxProperty: BooleanProperty [value: false]
10:17:06.883 [FXGL Background Thread 3 ] DEBUG Engine               - devShowPositionProperty: BooleanProperty [value: false]
10:17:06.883 [FXGL Background Thread 3 ] DEBUG Engine               - enabledMenuItems: []
10:17:06.884 [FXGL Background Thread 3 ] DEBUG Engine               - engineServices: [class com.almasb.fxgl.app.services.FXGLAssetLoaderService, class com.almasb.fxgl.app.FXGLApplication$GameApplicationService, class com.almasb.fxgl.app.services.FXGLDialogService, class com.almasb.fxgl.app.services.IOTaskExecutorService, class com.almasb.fxgl.event.EventBusService, class com.almasb.fxgl.io.FileSystemService, class com.almasb.fxgl.localization.LocalizationService, class com.almasb.fxgl.app.services.SystemBundleService, class com.almasb.fxgl.profile.SaveLoadService, class com.almasb.fxgl.ui.FXGLUIFactoryServiceProvider, class com.almasb.fxgl.ui.FXGLDialogFactoryServiceProvider, class com.almasb.fxgl.audio.AudioPlayer, class com.almasb.fxgl.notification.impl.NotificationServiceProvider, class com.almasb.fxgl.achievement.AchievementService, class com.almasb.fxgl.cutscene.CutsceneService, class com.almasb.fxgl.minigames.MiniGameService, class com.almasb.fxgl.net.NetService, class com.almasb.fxgl.app.services.UpdaterService, class com.almasb.fxgl.dev.DevService]
10:17:06.884 [FXGL Background Thread 3 ] DEBUG Engine               - fontGame: Abel-Regular.ttf
10:17:06.884 [FXGL Background Thread 3 ] DEBUG Engine               - fontMono: lucida_console.ttf
10:17:06.884 [FXGL Background Thread 3 ] DEBUG Engine               - fontText: Courier-Prime.ttf
10:17:06.884 [FXGL Background Thread 3 ] DEBUG Engine               - fontUI: VarelaRound-Regular.ttf
10:17:06.884 [FXGL Background Thread 3 ] DEBUG Engine               - fullScreen: BooleanProperty [value: false]
10:17:06.884 [FXGL Background Thread 3 ] DEBUG Engine               - gameDifficulty: MEDIUM
10:17:06.885 [FXGL Background Thread 3 ] DEBUG Engine               - gameDifficultyProperty: ObjectProperty [value: MEDIUM]
10:17:06.885 [FXGL Background Thread 3 ] DEBUG Engine               - globalMusicVolume: 0.5
10:17:06.885 [FXGL Background Thread 3 ] DEBUG Engine               - globalMusicVolumeProperty: DoubleProperty [value: 0.5]
10:17:06.885 [FXGL Background Thread 3 ] DEBUG Engine               - globalSoundVolume: 0.5
10:17:06.885 [FXGL Background Thread 3 ] DEBUG Engine               - globalSoundVolumeProperty: DoubleProperty [value: 0.5]
10:17:06.885 [FXGL Background Thread 3 ] DEBUG Engine               - height: 800
10:17:06.885 [FXGL Background Thread 3 ] DEBUG Engine               - isAndroid: false
10:17:06.886 [FXGL Background Thread 3 ] DEBUG Engine               - isBrowser: false
10:17:06.886 [FXGL Background Thread 3 ] DEBUG Engine               - isClickFeedbackEnabled: false
10:17:06.886 [FXGL Background Thread 3 ] DEBUG Engine               - isCloseConfirmation: false
10:17:06.886 [FXGL Background Thread 3 ] DEBUG Engine               - isDesktop: true
10:17:06.886 [FXGL Background Thread 3 ] DEBUG Engine               - isDeveloperMenuEnabled: false
10:17:06.887 [FXGL Background Thread 3 ] DEBUG Engine               - isEntityPreloadEnabled: true
10:17:06.887 [FXGL Background Thread 3 ] DEBUG Engine               - isExperimental3D: false
10:17:06.887 [FXGL Background Thread 3 ] DEBUG Engine               - isExperimentalNative: false
10:17:06.887 [FXGL Background Thread 3 ] DEBUG Engine               - isExperimentalTiledLargeMap: false
10:17:06.888 [FXGL Background Thread 3 ] DEBUG Engine               - isFileSystemWriteAllowed: true
10:17:06.888 [FXGL Background Thread 3 ] DEBUG Engine               - isFullScreenAllowed: false
10:17:06.888 [FXGL Background Thread 3 ] DEBUG Engine               - isFullScreenFromStart: false
10:17:06.888 [FXGL Background Thread 3 ] DEBUG Engine               - isGameMenuEnabled: true
10:17:06.888 [FXGL Background Thread 3 ] DEBUG Engine               - isIOS: false
10:17:06.891 [FXGL Background Thread 3 ] DEBUG Engine               - isIntroEnabled: false
10:17:06.892 [FXGL Background Thread 3 ] DEBUG Engine               - isLinux: false
10:17:06.892 [FXGL Background Thread 3 ] DEBUG Engine               - isMac: false
10:17:06.892 [FXGL Background Thread 3 ] DEBUG Engine               - isMainMenuEnabled: false
10:17:06.892 [FXGL Background Thread 3 ] DEBUG Engine               - isManualResizeEnabled: false
10:17:06.892 [FXGL Background Thread 3 ] DEBUG Engine               - isMobile: false
10:17:06.892 [FXGL Background Thread 3 ] DEBUG Engine               - isPreserveResizeRatio: false
10:17:06.893 [FXGL Background Thread 3 ] DEBUG Engine               - isProfilingEnabled: false
10:17:06.893 [FXGL Background Thread 3 ] DEBUG Engine               - isScaleAffectedOnResize: true
10:17:06.893 [FXGL Background Thread 3 ] DEBUG Engine               - isSingleStep: false
10:17:06.893 [FXGL Background Thread 3 ] DEBUG Engine               - isUserProfileEnabled: false
10:17:06.893 [FXGL Background Thread 3 ] DEBUG Engine               - isWindows: true
10:17:06.893 [FXGL Background Thread 3 ] DEBUG Engine               - language: ObjectProperty [value: ENGLISH]
10:17:06.894 [FXGL Background Thread 3 ] DEBUG Engine               - menuKey: ESCAPE
10:17:06.894 [FXGL Background Thread 3 ] DEBUG Engine               - notificationViewClass: class com.almasb.fxgl.notification.view.XboxNotificationView
10:17:06.894 [FXGL Background Thread 3 ] DEBUG Engine               - pixelsPerMeter: 50.0
10:17:06.894 [FXGL Background Thread 3 ] DEBUG Engine               - platform: WINDOWS
10:17:06.894 [FXGL Background Thread 3 ] DEBUG Engine               - prefHeightProperty: ReadOnlyDoubleProperty [value: 800.0]
10:17:06.894 [FXGL Background Thread 3 ] DEBUG Engine               - prefWidthProperty: ReadOnlyDoubleProperty [value: 480.0]
10:17:06.894 [FXGL Background Thread 3 ] DEBUG Engine               - profileDir: profiles/
10:17:06.894 [FXGL Background Thread 3 ] DEBUG Engine               - profileName: StringProperty [value: DEFAULT]
10:17:06.894 [FXGL Background Thread 3 ] DEBUG Engine               - randomSeed: -1
10:17:06.894 [FXGL Background Thread 3 ] DEBUG Engine               - runtimeInfo: RuntimeInfo(platform=WINDOWS, version=dev-SNAPSHOT, build=21.02.2021 13.59)
10:17:06.894 [FXGL Background Thread 3 ] DEBUG Engine               - saveFileExt: sav
10:17:06.894 [FXGL Background Thread 3 ] DEBUG Engine               - scaledHeightProp$fxgl: DoubleProperty [bound, value: 800.0]
10:17:06.895 [FXGL Background Thread 3 ] DEBUG Engine               - scaledWidthProp$fxgl: DoubleProperty [bound, value: 480.0]
10:17:06.895 [FXGL Background Thread 3 ] DEBUG Engine               - sceneFactory: com.almasb.fxgl.app.scene.SceneFactory@7b75ce34
10:17:06.895 [FXGL Background Thread 3 ] DEBUG Engine               - secondsIn24h: 60
10:17:06.895 [FXGL Background Thread 3 ] DEBUG Engine               - soundMenuBack: menu/back.wav
10:17:06.895 [FXGL Background Thread 3 ] DEBUG Engine               - soundMenuPress: menu/press.wav
10:17:06.895 [FXGL Background Thread 3 ] DEBUG Engine               - soundMenuSelect: menu/select.wav
10:17:06.895 [FXGL Background Thread 3 ] DEBUG Engine               - soundNotification: core/notification.wav
10:17:06.895 [FXGL Background Thread 3 ] DEBUG Engine               - stageStyle: DECORATED
10:17:06.895 [FXGL Background Thread 3 ] DEBUG Engine               - supportedLanguages: [ENGLISH, FRENCH, GERMAN, HUNGARIAN, RUSSIAN]
10:17:06.895 [FXGL Background Thread 3 ] DEBUG Engine               - ticksPerSecond: -1
10:17:06.895 [FXGL Background Thread 3 ] DEBUG Engine               - title: Drop
10:17:06.895 [FXGL Background Thread 3 ] DEBUG Engine               - urlGithub: https://github.com/AlmasB/FXGL
10:17:06.895 [FXGL Background Thread 3 ] DEBUG Engine               - urlLeaderboard: http://fxgl-top.herokuapp.com/
10:17:06.895 [FXGL Background Thread 3 ] DEBUG Engine               - urlPOM: https://raw.githubusercontent.com/AlmasB/FXGL/master/README.md
10:17:06.896 [FXGL Background Thread 3 ] DEBUG Engine               - userAppClass: class DropApp
10:17:06.896 [FXGL Background Thread 3 ] DEBUG Engine               - version: 1.0
10:17:06.896 [FXGL Background Thread 3 ] DEBUG Engine               - versionCheckDays: 7
10:17:06.896 [FXGL Background Thread 3 ] DEBUG Engine               - width: 480
10:17:06.896 [FXGL Background Thread 3 ] DEBUG Engine               - Logging services
10:17:06.896 [FXGL Background Thread 3 ] DEBUG Engine               - class com.almasb.fxgl.app.services.FXGLAssetLoaderService
10:17:06.896 [FXGL Background Thread 3 ] DEBUG Engine               - class com.almasb.fxgl.app.FXGLApplication$GameApplicationService
10:17:06.896 [FXGL Background Thread 3 ] DEBUG Engine               - class com.almasb.fxgl.app.services.FXGLDialogService
10:17:06.896 [FXGL Background Thread 3 ] DEBUG Engine               - class com.almasb.fxgl.app.services.IOTaskExecutorService
10:17:06.897 [FXGL Background Thread 3 ] DEBUG Engine               - class com.almasb.fxgl.event.EventBusService
10:17:06.897 [FXGL Background Thread 3 ] DEBUG Engine               - class com.almasb.fxgl.io.FileSystemService
10:17:06.897 [FXGL Background Thread 3 ] DEBUG Engine               - class com.almasb.fxgl.localization.LocalizationService
10:17:06.897 [FXGL Background Thread 3 ] DEBUG Engine               - class com.almasb.fxgl.app.services.SystemBundleService
10:17:06.897 [FXGL Background Thread 3 ] DEBUG Engine               - class com.almasb.fxgl.profile.SaveLoadService
10:17:06.897 [FXGL Background Thread 3 ] DEBUG Engine               - class com.almasb.fxgl.ui.FXGLUIFactoryServiceProvider
10:17:06.897 [FXGL Background Thread 3 ] DEBUG Engine               - class com.almasb.fxgl.ui.FXGLDialogFactoryServiceProvider
10:17:06.897 [FXGL Background Thread 3 ] DEBUG Engine               - class com.almasb.fxgl.audio.AudioPlayer
10:17:06.897 [FXGL Background Thread 3 ] DEBUG Engine               - class com.almasb.fxgl.notification.impl.NotificationServiceProvider
10:17:06.898 [FXGL Background Thread 3 ] DEBUG Engine               - class com.almasb.fxgl.achievement.AchievementService
10:17:06.898 [FXGL Background Thread 3 ] DEBUG Engine               - class com.almasb.fxgl.cutscene.CutsceneService
10:17:06.898 [FXGL Background Thread 3 ] DEBUG Engine               - class com.almasb.fxgl.minigames.MiniGameService
10:17:06.898 [FXGL Background Thread 3 ] DEBUG Engine               - class com.almasb.fxgl.net.NetService
10:17:06.898 [FXGL Background Thread 3 ] DEBUG Engine               - class com.almasb.fxgl.app.services.UpdaterService
10:17:06.898 [FXGL Background Thread 3 ] DEBUG Engine               - class com.almasb.fxgl.dev.DevService
10:17:09.111 [JavaFX Application Thread] DEBUG FXGLAssetLoaderServi - Loading from file system: file:/C:/Users/Jainfamily/AP%20JAVA/fxgl%20graphics/Drop%20App/target/classes/assets/sounds/drop.wav
10:17:20.290 [JavaFX Application Thread] DEBUG FXGLApplication      - Exiting FXGL
10:17:20.290 [JavaFX Application Thread] DEBUG LoopRunner           - Stopping loop
10:17:20.290 [JavaFX Application Thread] DEBUG SystemBundleService  - Saving FXGL system data
10:17:20.295 [JavaFX Application Thread] DEBUG FileSystemAccess     - Writing to: C:\Users\Jainfamily\AP JAVA\fxgl graphics\Drop App\system\fxgl.bundle
10:17:20.300 [JavaFX Application Thread] DEBUG Async                - Shutting down background threads
10:17:20.300 [JavaFX Application Thread] DEBUG PrimaryStageWindow   - Closing main window
10:17:20.334 [JavaFX Application Thread] DEBUG Logger               - Closing Logger
