20:07:36.794 [main                     ] DEBUG Logger               - Configured Logger
20:07:36.807 [main                     ] DEBUG GameApplication      - Logging settings
Title: Drop
Version: 1.0
Width: 480
Height: 800
Fullscreen: false
Intro: false
Profiling: false
Single step:false
App Mode: DEVELOPER
Menu Key: ESCAPE
Stage Style: DECORATED
Scene Factory: class com.almasb.fxgl.app.scene.SceneFactory

20:07:49.754 [JavaFX Application Thread] DEBUG FXGLApplication      - Initializing FXGL
20:07:49.760 [JavaFX Application Thread] INFO  Engine               - FXGL-dev-SNAPSHOT (21.02.2021 13.59) on WINDOWS (J:14.0.2 FX:15)
20:07:49.760 [JavaFX Application Thread] DEBUG Engine               - JRE Vendor Name: Oracle Corporation
20:07:49.760 [JavaFX Application Thread] DEBUG Engine               - Running on OS: Windows 10 version 10.0
20:07:49.761 [JavaFX Application Thread] DEBUG Engine               - Architecture: amd64
20:07:49.761 [JavaFX Application Thread] INFO  Engine               - Source code and latest versions at: https://github.com/AlmasB/FXGL
20:07:49.761 [JavaFX Application Thread] INFO  Engine               -              Join the FXGL chat at: https://gitter.im/AlmasB/FXGL
20:07:49.940 [JavaFX Application Thread] DEBUG PrimaryStageWindow   - Creating a JavaFX scene
20:07:56.090 [JavaFX Application Thread] DEBUG PrimaryStageWindow   - Target settings size: 480.0 x 800.0
20:07:56.090 [JavaFX Application Thread] DEBUG PrimaryStageWindow   - Scaled scene size:    480.0 x 800.0
20:07:56.090 [JavaFX Application Thread] DEBUG PrimaryStageWindow   - Scaled ratio: (1.0, 1.0)
20:07:56.092 [JavaFX Application Thread] DEBUG PrimaryStageWindow   - Set initial scene to FXGLStartupScene
20:07:56.105 [JavaFX Application Thread] DEBUG PrimaryStageWindow   - Opening main window
20:07:56.246 [JavaFX Application Thread] DEBUG PrimaryStageWindow   - Window border size: (14.399993896484375, 37.5999755859375)
20:07:56.247 [JavaFX Application Thread] DEBUG PrimaryStageWindow   - Scaled size: 480.0 x 800.0
20:07:56.247 [JavaFX Application Thread] DEBUG PrimaryStageWindow   - Scaled ratio: (1.0, 1.0)
20:07:56.248 [JavaFX Application Thread] DEBUG PrimaryStageWindow   - Scene size: 480.0 x 800.0
20:07:56.248 [JavaFX Application Thread] DEBUG PrimaryStageWindow   - Stage size: 494.3999938964844 x 837.5999755859375
20:07:56.273 [FXGL Background Thread 1 ] DEBUG Engine               - Initializing environment variables
20:07:56.355 [FXGL Background Thread 1 ] DEBUG FXGLAssetLoaderServi - User app class for loading assets: class DropApp
20:07:56.355 [FXGL Background Thread 1 ] DEBUG GameApplicationServi - Applying CSS: fxgl_dark.css
20:07:56.357 [FXGL Background Thread 1 ] DEBUG FXGLAssetLoaderServi - Loading from file system: jar:file:/C:/Users/Jainfamily/.m2/repository/com/github/almasb/fxgl/dev-SNAPSHOT/fxgl-dev-20210221.140046-1674.jar!/fxglassets/ui/css/fxgl_dark.css
20:07:56.462 [FXGL Background Thread 1 ] DEBUG GameApplicationServi - Initializing application scenes
20:07:56.591 [FXGL Background Thread 1 ] DEBUG GameWorld            - Game world initialized
20:07:56.731 [FXGL Background Thread 1 ] DEBUG PhysicsWorld         - Physics world initialized: appHeight=800, physics.ppm=50.0
20:07:56.731 [FXGL Background Thread 1 ] DEBUG PhysicsWorld         - Using strategy: BRUTE_FORCE
20:07:56.736 [FXGL Background Thread 1 ] DEBUG GameScene            - Game scene initialized: 480x800
20:07:56.759 [FXGL Background Thread 1 ] WARN  FXGL.DefaultMenu     - FXGLDefaultMenu is not designed for resolutions < 800x600
20:07:56.798 [FXGL Background Thread 1 ] DEBUG FXGLAssetLoaderServi - Loading from file system: jar:file:/C:/Users/Jainfamily/.m2/repository/com/github/almasb/fxgl/dev-SNAPSHOT/fxgl-dev-20210221.140046-1674.jar!/fxglassets/textures/particles/trace_horizontal.png
20:07:56.877 [FXGL Background Thread 1 ] DEBUG FXGL.DefaultMenu     - createMenuBodyGameMenu()
20:07:56.899 [FXGL Background Thread 1 ] DEBUG FXGL.DefaultMenu     - createOptionsMenu()
20:07:56.907 [FXGL Background Thread 1 ] DEBUG FXGLAssetLoaderServi - Loading from file system: jar:file:/C:/Users/Jainfamily/.m2/repository/com/github/almasb/fxgl/dev-SNAPSHOT/fxgl-dev-20210221.140046-1674.jar!/fxglassets/textures/particles/smoke.png
20:07:57.022 [FXGL Background Thread 1 ] DEBUG GameApplicationServi - Application scenes initialized
20:07:57.048 [FXGL Background Thread 1 ] DEBUG SystemBundleService  - Loading FXGL system data
20:07:57.055 [FXGL Background Thread 1 ] DEBUG FileSystemAccess     - Reading from: C:\Users\Jainfamily\AP JAVA\fxgl graphics\Drop App\system\fxgl.bundle
20:07:57.065 [FXGL Background Thread 1 ] DEBUG SystemBundleService  - Bundle FXGL: {}
20:07:57.065 [FXGL Background Thread 1 ] DEBUG UpdaterService       - Checking for updates
20:07:57.071 [FXGL Background Thread 4 ] DEBUG FXGLApplication      - Loading fonts
20:07:57.074 [FXGL Background Thread 4 ] DEBUG FXGLAssetLoaderServi - Loading from file system: jar:file:/C:/Users/Jainfamily/.m2/repository/com/github/almasb/fxgl/dev-SNAPSHOT/fxgl-dev-20210221.140046-1674.jar!/fxglassets/ui/fonts/VarelaRound-Regular.ttf
20:07:57.074 [FXGL Background Thread 1 ] DEBUG FXGLApplication      - Loading default localization
20:07:57.076 [FXGL Background Thread 1 ] DEBUG FXGLAssetLoaderServi - Loading from file system: jar:file:/C:/Users/Jainfamily/.m2/repository/com/github/almasb/fxgl/dev-SNAPSHOT/fxgl-dev-20210221.140046-1674.jar!/fxglassets/languages/english.lang
20:07:57.114 [FXGL Background Thread 1 ] INFO  FXGLApplication      - FXGL initialization took: 0.840 sec
20:07:57.119 [JavaFX Application Thread] DEBUG FXGLAssetLoaderServi - Loading from file system: jar:file:/C:/Users/Jainfamily/.m2/repository/com/github/almasb/fxgl/dev-SNAPSHOT/fxgl-dev-20210221.140046-1674.jar!/fxglassets/textures/fxgl_icon.png
20:07:57.167 [JavaFX Application Thread] DEBUG FXGLAssetLoaderServi - Loading from file system: jar:file:/C:/Users/Jainfamily/.m2/repository/com/github/almasb/fxgl/dev-SNAPSHOT/fxgl-dev-20210221.140046-1674.jar!/fxglassets/ui/cursors/fxgl_default.png
20:07:57.195 [JavaFX Application Thread] DEBUG Input                - Registered new binding: Screenshot - P
20:07:57.196 [JavaFX Application Thread] DEBUG Input                - Registered new binding: System info dump - CTRL+9
20:07:57.197 [JavaFX Application Thread] DEBUG Input                - Registered new binding: Restart - CTRL+R
20:07:57.198 [JavaFX Application Thread] DEBUG Input                - Registered new binding: Toggle Debug Camera - CTRL+C
20:07:57.202 [JavaFX Application Thread] DEBUG LoopRunner           - Starting loop
20:07:57.202 [JavaFX Application Thread] DEBUG LoopRunner           - Initializing JavaFX AnimationTimerLoop
20:07:57.205 [JavaFX Application Thread] DEBUG GameApplicationServi - Starting new game
20:07:57.206 [JavaFX Application Thread] DEBUG Input                - Clearing active input actions
20:07:57.226 [JavaFX Application Thread] DEBUG GameApplicationServi - Removing overlay from FXGLStartupScene and adding to FXGLLoadingScene
20:07:57.226 [JavaFX Application Thread] DEBUG PrimaryStageWindow   - FXGLStartupScene -> FXGLLoadingScene
20:07:57.227 [JavaFX Application Thread] DEBUG GameApplicationServi - Clearing previous game
20:07:57.227 [JavaFX Application Thread] DEBUG GameScene            - Clearing game scene
20:07:57.227 [JavaFX Application Thread] DEBUG GameWorld            - Clearing game world
20:07:57.227 [JavaFX Application Thread] DEBUG PhysicsWorld         - Clearing physics world
20:07:57.230 [FXGL Background Thread 1 ] DEBUG FXGLApplication      - Initializing game
20:07:57.235 [FXGL Background Thread 1 ] DEBUG FXGLAssetLoaderServi - Loading from file system: file:/C:/Users/Jainfamily/AP%20JAVA/fxgl%20graphics/Drop%20App/target/classes/assets/textures/bucket.png
20:07:57.323 [FXGL Background Thread 1 ] DEBUG FXGLAssetLoaderServi - Loading from file system: file:/C:/Users/Jainfamily/AP%20JAVA/fxgl%20graphics/Drop%20App/target/classes/assets/music/bgm.mp3
20:07:57.535 [FXGL Background Thread 4 ] DEBUG FXGLAssetLoaderServi - Loading from file system: jar:file:/C:/Users/Jainfamily/.m2/repository/com/github/almasb/fxgl/dev-SNAPSHOT/fxgl-dev-20210221.140046-1674.jar!/fxglassets/ui/fonts/Abel-Regular.ttf
20:07:57.555 [FXGL Background Thread 4 ] DEBUG FXGLAssetLoaderServi - Loading from file system: jar:file:/C:/Users/Jainfamily/.m2/repository/com/github/almasb/fxgl/dev-SNAPSHOT/fxgl-dev-20210221.140046-1674.jar!/fxglassets/ui/fonts/lucida_console.ttf
20:07:57.574 [FXGL Background Thread 4 ] DEBUG FXGLAssetLoaderServi - Loading from file system: jar:file:/C:/Users/Jainfamily/.m2/repository/com/github/almasb/fxgl/dev-SNAPSHOT/fxgl-dev-20210221.140046-1674.jar!/fxglassets/ui/fonts/Courier-Prime.ttf
20:08:00.071 [FXGL Background Thread 3 ] DEBUG Engine               - Logging environment variables
20:08:00.072 [FXGL Background Thread 3 ] DEBUG Engine               - achievements: []
20:08:00.072 [FXGL Background Thread 3 ] DEBUG Engine               - actualHeight: 800.0
20:08:00.072 [FXGL Background Thread 3 ] DEBUG Engine               - actualHeightProperty: ReadOnlyDoubleProperty [value: 800.0]
20:08:00.072 [FXGL Background Thread 3 ] DEBUG Engine               - actualWidth: 480.0
20:08:00.073 [FXGL Background Thread 3 ] DEBUG Engine               - actualWidthProperty: ReadOnlyDoubleProperty [value: 480.0]
20:08:00.073 [FXGL Background Thread 3 ] DEBUG Engine               - appIcon: fxgl_icon.png
20:08:00.073 [FXGL Background Thread 3 ] DEBUG Engine               - applicationMode: DEVELOPER
20:08:00.073 [FXGL Background Thread 3 ] DEBUG Engine               - cSSList: [fxgl_dark.css]
20:08:00.073 [FXGL Background Thread 3 ] DEBUG Engine               - collisionDetectionStrategy: BRUTE_FORCE
20:08:00.074 [FXGL Background Thread 3 ] DEBUG Engine               - configClass: Optional.empty
20:08:00.074 [FXGL Background Thread 3 ] DEBUG Engine               - credits: []
20:08:00.074 [FXGL Background Thread 3 ] DEBUG Engine               - devBBoxColorProperty: ObjectProperty [value: 0xff0000ff]
20:08:00.074 [FXGL Background Thread 3 ] DEBUG Engine               - devEnableDebugCameraProperty: BooleanProperty [value: false]
20:08:00.075 [FXGL Background Thread 3 ] DEBUG Engine               - devSensorColorProperty: ObjectProperty [value: 0xffff00ff]
20:08:00.075 [FXGL Background Thread 3 ] DEBUG Engine               - devShowBBoxProperty: BooleanProperty [value: false]
20:08:00.075 [FXGL Background Thread 3 ] DEBUG Engine               - devShowPositionProperty: BooleanProperty [value: false]
20:08:00.076 [FXGL Background Thread 3 ] DEBUG Engine               - enabledMenuItems: []
20:08:00.076 [FXGL Background Thread 3 ] DEBUG Engine               - engineServices: [class com.almasb.fxgl.app.services.FXGLAssetLoaderService, class com.almasb.fxgl.app.FXGLApplication$GameApplicationService, class com.almasb.fxgl.app.services.FXGLDialogService, class com.almasb.fxgl.app.services.IOTaskExecutorService, class com.almasb.fxgl.event.EventBusService, class com.almasb.fxgl.io.FileSystemService, class com.almasb.fxgl.localization.LocalizationService, class com.almasb.fxgl.app.services.SystemBundleService, class com.almasb.fxgl.profile.SaveLoadService, class com.almasb.fxgl.ui.FXGLUIFactoryServiceProvider, class com.almasb.fxgl.ui.FXGLDialogFactoryServiceProvider, class com.almasb.fxgl.audio.AudioPlayer, class com.almasb.fxgl.notification.impl.NotificationServiceProvider, class com.almasb.fxgl.achievement.AchievementService, class com.almasb.fxgl.cutscene.CutsceneService, class com.almasb.fxgl.minigames.MiniGameService, class com.almasb.fxgl.net.NetService, class com.almasb.fxgl.app.services.UpdaterService, class com.almasb.fxgl.dev.DevService]
20:08:00.076 [FXGL Background Thread 3 ] DEBUG Engine               - fontGame: Abel-Regular.ttf
20:08:00.076 [FXGL Background Thread 3 ] DEBUG Engine               - fontMono: lucida_console.ttf
20:08:00.076 [FXGL Background Thread 3 ] DEBUG Engine               - fontText: Courier-Prime.ttf
20:08:00.076 [FXGL Background Thread 3 ] DEBUG Engine               - fontUI: VarelaRound-Regular.ttf
20:08:00.077 [FXGL Background Thread 3 ] DEBUG Engine               - fullScreen: BooleanProperty [value: false]
20:08:00.077 [FXGL Background Thread 3 ] DEBUG Engine               - gameDifficulty: MEDIUM
20:08:00.077 [FXGL Background Thread 3 ] DEBUG Engine               - gameDifficultyProperty: ObjectProperty [value: MEDIUM]
20:08:00.077 [FXGL Background Thread 3 ] DEBUG Engine               - globalMusicVolume: 0.5
20:08:00.077 [FXGL Background Thread 3 ] DEBUG Engine               - globalMusicVolumeProperty: DoubleProperty [value: 0.5]
20:08:00.078 [FXGL Background Thread 3 ] DEBUG Engine               - globalSoundVolume: 0.5
20:08:00.078 [FXGL Background Thread 3 ] DEBUG Engine               - globalSoundVolumeProperty: DoubleProperty [value: 0.5]
20:08:00.078 [FXGL Background Thread 3 ] DEBUG Engine               - height: 800
20:08:00.078 [FXGL Background Thread 3 ] DEBUG Engine               - isAndroid: false
20:08:00.078 [FXGL Background Thread 3 ] DEBUG Engine               - isBrowser: false
20:08:00.078 [FXGL Background Thread 3 ] DEBUG Engine               - isClickFeedbackEnabled: false
20:08:00.079 [FXGL Background Thread 3 ] DEBUG Engine               - isCloseConfirmation: false
20:08:00.079 [FXGL Background Thread 3 ] DEBUG Engine               - isDesktop: true
20:08:00.079 [FXGL Background Thread 3 ] DEBUG Engine               - isDeveloperMenuEnabled: false
20:08:00.079 [FXGL Background Thread 3 ] DEBUG Engine               - isEntityPreloadEnabled: true
20:08:00.079 [FXGL Background Thread 3 ] DEBUG Engine               - isExperimental3D: false
20:08:00.079 [FXGL Background Thread 3 ] DEBUG Engine               - isExperimentalNative: false
20:08:00.080 [FXGL Background Thread 3 ] DEBUG Engine               - isExperimentalTiledLargeMap: false
20:08:00.080 [FXGL Background Thread 3 ] DEBUG Engine               - isFileSystemWriteAllowed: true
20:08:00.080 [FXGL Background Thread 3 ] DEBUG Engine               - isFullScreenAllowed: false
20:08:00.080 [FXGL Background Thread 3 ] DEBUG Engine               - isFullScreenFromStart: false
20:08:00.080 [FXGL Background Thread 3 ] DEBUG Engine               - isGameMenuEnabled: true
20:08:00.080 [FXGL Background Thread 3 ] DEBUG Engine               - isIOS: false
20:08:00.081 [FXGL Background Thread 3 ] DEBUG Engine               - isIntroEnabled: false
20:08:00.081 [FXGL Background Thread 3 ] DEBUG Engine               - isLinux: false
20:08:00.081 [FXGL Background Thread 3 ] DEBUG Engine               - isMac: false
20:08:00.081 [FXGL Background Thread 3 ] DEBUG Engine               - isMainMenuEnabled: false
20:08:00.081 [FXGL Background Thread 3 ] DEBUG Engine               - isManualResizeEnabled: false
20:08:00.081 [FXGL Background Thread 3 ] DEBUG Engine               - isMobile: false
20:08:00.082 [FXGL Background Thread 3 ] DEBUG Engine               - isPreserveResizeRatio: false
20:08:00.082 [FXGL Background Thread 3 ] DEBUG Engine               - isProfilingEnabled: false
20:08:00.082 [FXGL Background Thread 3 ] DEBUG Engine               - isScaleAffectedOnResize: true
20:08:00.082 [FXGL Background Thread 3 ] DEBUG Engine               - isSingleStep: false
20:08:00.082 [FXGL Background Thread 3 ] DEBUG Engine               - isUserProfileEnabled: false
20:08:00.082 [FXGL Background Thread 3 ] DEBUG Engine               - isWindows: true
20:08:00.083 [FXGL Background Thread 3 ] DEBUG Engine               - language: ObjectProperty [value: ENGLISH]
20:08:00.083 [FXGL Background Thread 3 ] DEBUG Engine               - menuKey: ESCAPE
20:08:00.083 [FXGL Background Thread 3 ] DEBUG Engine               - notificationViewClass: class com.almasb.fxgl.notification.view.XboxNotificationView
20:08:00.083 [FXGL Background Thread 3 ] DEBUG Engine               - pixelsPerMeter: 50.0
20:08:00.083 [FXGL Background Thread 3 ] DEBUG Engine               - platform: WINDOWS
20:08:00.084 [FXGL Background Thread 3 ] DEBUG Engine               - prefHeightProperty: ReadOnlyDoubleProperty [value: 800.0]
20:08:00.084 [FXGL Background Thread 3 ] DEBUG Engine               - prefWidthProperty: ReadOnlyDoubleProperty [value: 480.0]
20:08:00.084 [FXGL Background Thread 3 ] DEBUG Engine               - profileDir: profiles/
20:08:00.084 [FXGL Background Thread 3 ] DEBUG Engine               - profileName: StringProperty [value: DEFAULT]
20:08:00.084 [FXGL Background Thread 3 ] DEBUG Engine               - randomSeed: -1
20:08:00.084 [FXGL Background Thread 3 ] DEBUG Engine               - runtimeInfo: RuntimeInfo(platform=WINDOWS, version=dev-SNAPSHOT, build=21.02.2021 13.59)
20:08:00.085 [FXGL Background Thread 3 ] DEBUG Engine               - saveFileExt: sav
20:08:00.085 [FXGL Background Thread 3 ] DEBUG Engine               - scaledHeightProp$fxgl: DoubleProperty [bound, value: 800.0]
20:08:00.085 [FXGL Background Thread 3 ] DEBUG Engine               - scaledWidthProp$fxgl: DoubleProperty [bound, value: 480.0]
20:08:00.085 [FXGL Background Thread 3 ] DEBUG Engine               - sceneFactory: com.almasb.fxgl.app.scene.SceneFactory@7cddcaba
20:08:00.085 [FXGL Background Thread 3 ] DEBUG Engine               - secondsIn24h: 60
20:08:00.085 [FXGL Background Thread 3 ] DEBUG Engine               - soundMenuBack: menu/back.wav
20:08:00.086 [FXGL Background Thread 3 ] DEBUG Engine               - soundMenuPress: menu/press.wav
20:08:00.086 [FXGL Background Thread 3 ] DEBUG Engine               - soundMenuSelect: menu/select.wav
20:08:00.086 [FXGL Background Thread 3 ] DEBUG Engine               - soundNotification: core/notification.wav
20:08:00.086 [FXGL Background Thread 3 ] DEBUG Engine               - stageStyle: DECORATED
20:08:00.086 [FXGL Background Thread 3 ] DEBUG Engine               - supportedLanguages: [ENGLISH, FRENCH, GERMAN, HUNGARIAN, RUSSIAN]
20:08:00.086 [FXGL Background Thread 3 ] DEBUG Engine               - ticksPerSecond: -1
20:08:00.086 [FXGL Background Thread 3 ] DEBUG Engine               - title: Drop
20:08:00.087 [FXGL Background Thread 3 ] DEBUG Engine               - urlGithub: https://github.com/AlmasB/FXGL
20:08:00.087 [FXGL Background Thread 3 ] DEBUG Engine               - urlLeaderboard: http://fxgl-top.herokuapp.com/
20:08:00.087 [FXGL Background Thread 3 ] DEBUG Engine               - urlPOM: https://raw.githubusercontent.com/AlmasB/FXGL/master/README.md
20:08:00.087 [FXGL Background Thread 3 ] DEBUG Engine               - userAppClass: class DropApp
20:08:00.087 [FXGL Background Thread 3 ] DEBUG Engine               - version: 1.0
20:08:00.087 [FXGL Background Thread 3 ] DEBUG Engine               - versionCheckDays: 7
20:08:00.087 [FXGL Background Thread 3 ] DEBUG Engine               - width: 480
20:08:00.088 [FXGL Background Thread 3 ] DEBUG Engine               - Logging services
20:08:00.088 [FXGL Background Thread 3 ] DEBUG Engine               - class com.almasb.fxgl.app.services.FXGLAssetLoaderService
20:08:00.088 [FXGL Background Thread 3 ] DEBUG Engine               - class com.almasb.fxgl.app.FXGLApplication$GameApplicationService
20:08:00.088 [FXGL Background Thread 3 ] DEBUG Engine               - class com.almasb.fxgl.app.services.FXGLDialogService
20:08:00.088 [FXGL Background Thread 3 ] DEBUG Engine               - class com.almasb.fxgl.app.services.IOTaskExecutorService
20:08:00.088 [FXGL Background Thread 3 ] DEBUG Engine               - class com.almasb.fxgl.event.EventBusService
20:08:00.088 [FXGL Background Thread 3 ] DEBUG Engine               - class com.almasb.fxgl.io.FileSystemService
20:08:00.089 [FXGL Background Thread 3 ] DEBUG Engine               - class com.almasb.fxgl.localization.LocalizationService
20:08:00.089 [FXGL Background Thread 3 ] DEBUG Engine               - class com.almasb.fxgl.app.services.SystemBundleService
20:08:00.089 [FXGL Background Thread 3 ] DEBUG Engine               - class com.almasb.fxgl.profile.SaveLoadService
20:08:00.089 [FXGL Background Thread 3 ] DEBUG Engine               - class com.almasb.fxgl.ui.FXGLUIFactoryServiceProvider
20:08:00.089 [FXGL Background Thread 3 ] DEBUG Engine               - class com.almasb.fxgl.ui.FXGLDialogFactoryServiceProvider
20:08:00.089 [FXGL Background Thread 3 ] DEBUG Engine               - class com.almasb.fxgl.audio.AudioPlayer
20:08:00.090 [FXGL Background Thread 3 ] DEBUG Engine               - class com.almasb.fxgl.notification.impl.NotificationServiceProvider
20:08:00.090 [FXGL Background Thread 3 ] DEBUG Engine               - class com.almasb.fxgl.achievement.AchievementService
20:08:00.090 [FXGL Background Thread 3 ] DEBUG Engine               - class com.almasb.fxgl.cutscene.CutsceneService
20:08:00.090 [FXGL Background Thread 3 ] DEBUG Engine               - class com.almasb.fxgl.minigames.MiniGameService
20:08:00.090 [FXGL Background Thread 3 ] DEBUG Engine               - class com.almasb.fxgl.net.NetService
20:08:00.090 [FXGL Background Thread 3 ] DEBUG Engine               - class com.almasb.fxgl.app.services.UpdaterService
20:08:00.090 [FXGL Background Thread 3 ] DEBUG Engine               - class com.almasb.fxgl.dev.DevService
20:08:03.551 [JavaFX Application Thread] DEBUG FXGLApplication      - Registering font factories with UI factory
20:08:09.551 [FXGL Background Thread 2 ] INFO  UpdaterService       - Your current version:  dev-SNAPSHOT
20:08:09.551 [FXGL Background Thread 2 ] INFO  UpdaterService       - Latest stable version: 11.13
20:08:16.107 [FXGL Background Thread 1 ] DEBUG AudioPlayer          - Playing music com.almasb.fxgl.audio.Music@7532d53b
20:08:16.110 [FXGL Background Thread 1 ] INFO  FXGLApplication      - Game initialization took: 18.880 sec
20:08:16.118 [JavaFX Application Thread] DEBUG Input                - Clearing active input actions
20:08:16.132 [JavaFX Application Thread] DEBUG GameApplicationServi - Removing overlay from FXGLLoadingScene and adding to GameScene
20:08:16.133 [JavaFX Application Thread] DEBUG PrimaryStageWindow   - FXGLLoadingScene -> GameScene
20:08:16.838 [JavaFX Application Thread] DEBUG FXGLAssetLoaderServi - Loading from file system: file:/C:/Users/Jainfamily/AP%20JAVA/fxgl%20graphics/Drop%20App/target/classes/assets/textures/droplet.png
20:08:19.417 [JavaFX Application Thread] DEBUG FXGLAssetLoaderServi - Loading from file system: file:/C:/Users/Jainfamily/AP%20JAVA/fxgl%20graphics/Drop%20App/target/classes/assets/sounds/drop.wav
20:08:30.273 [JavaFX Application Thread] DEBUG FXGLApplication      - Exiting FXGL
20:08:30.273 [JavaFX Application Thread] DEBUG LoopRunner           - Stopping loop
20:08:30.273 [JavaFX Application Thread] DEBUG SystemBundleService  - Saving FXGL system data
20:08:30.283 [JavaFX Application Thread] DEBUG FileSystemAccess     - Writing to: C:\Users\Jainfamily\AP JAVA\fxgl graphics\Drop App\system\fxgl.bundle
20:08:30.291 [JavaFX Application Thread] DEBUG Async                - Shutting down background threads
20:08:30.294 [JavaFX Application Thread] DEBUG PrimaryStageWindow   - Closing main window
20:08:30.331 [JavaFX Application Thread] DEBUG Logger               - Closing Logger
