18:36:55.583 [main                     ] DEBUG Logger               - Configured Logger
18:36:55.590 [main                     ] DEBUG GameApplication      - Logging settings
Title: Drop
Version: 1.0
Width: 480
Height: 800
Fullscreen: false
Intro: false
Profiling: false
Single step:false
App Mode: DEVELOPER
Menu Key: ESCAPE
Stage Style: DECORATED
Scene Factory: class com.almasb.fxgl.app.scene.SceneFactory

18:36:56.140 [JavaFX Application Thread] DEBUG FXGLApplication      - Initializing FXGL
18:36:56.144 [JavaFX Application Thread] INFO  Engine               - FXGL-dev-SNAPSHOT (21.02.2021 13.59) on WINDOWS (J:14.0.2 FX:14.0.2.1)
18:36:56.144 [JavaFX Application Thread] DEBUG Engine               - JRE Vendor Name: Oracle Corporation
18:36:56.144 [JavaFX Application Thread] DEBUG Engine               - Running on OS: Windows 10 version 10.0
18:36:56.145 [JavaFX Application Thread] DEBUG Engine               - Architecture: amd64
18:36:56.145 [JavaFX Application Thread] INFO  Engine               - Source code and latest versions at: https://github.com/AlmasB/FXGL
18:36:56.145 [JavaFX Application Thread] INFO  Engine               -              Join the FXGL chat at: https://gitter.im/AlmasB/FXGL
18:36:56.339 [JavaFX Application Thread] DEBUG PrimaryStageWindow   - Creating a JavaFX scene
18:36:56.340 [JavaFX Application Thread] DEBUG PrimaryStageWindow   - Target size > screen size
18:36:56.424 [JavaFX Application Thread] DEBUG PrimaryStageWindow   - Target settings size: 480.0 x 800.0
18:36:56.425 [JavaFX Application Thread] DEBUG PrimaryStageWindow   - Scaled scene size:    411.0 x 726.0
18:36:56.426 [JavaFX Application Thread] DEBUG PrimaryStageWindow   - Scaled ratio: (0.85625, 0.9075)
18:36:56.426 [JavaFX Application Thread] DEBUG PrimaryStageWindow   - Set initial scene to FXGLStartupScene
18:36:56.434 [JavaFX Application Thread] DEBUG PrimaryStageWindow   - Opening main window
18:36:56.549 [JavaFX Application Thread] DEBUG PrimaryStageWindow   - Window border size: (16.0, 39.0)
18:36:56.549 [JavaFX Application Thread] DEBUG PrimaryStageWindow   - Scaled size: 411.0 x 726.0
18:36:56.550 [JavaFX Application Thread] DEBUG PrimaryStageWindow   - Scaled ratio: (0.85625, 0.9075)
18:36:56.550 [JavaFX Application Thread] DEBUG PrimaryStageWindow   - Scene size: 411.0 x 726.0
18:36:56.550 [JavaFX Application Thread] DEBUG PrimaryStageWindow   - Stage size: 427.0 x 765.0
18:36:56.557 [FXGL Background Thread 1 ] DEBUG Engine               - Initializing environment variables
18:36:56.604 [FXGL Background Thread 1 ] DEBUG FXGLAssetLoaderServi - User app class for loading assets: class DropApp
18:36:56.605 [FXGL Background Thread 1 ] DEBUG GameApplicationServi - Applying CSS: fxgl_dark.css
18:36:56.606 [FXGL Background Thread 1 ] DEBUG FXGLAssetLoaderServi - Loading from file system: jar:file:/C:/Users/rcortez/.m2/repository/com/github/almasb/fxgl/dev-SNAPSHOT/fxgl-dev-20210221.140046-1674.jar!/fxglassets/ui/css/fxgl_dark.css
18:36:56.665 [FXGL Background Thread 1 ] DEBUG GameApplicationServi - Initializing application scenes
18:36:56.712 [FXGL Background Thread 1 ] DEBUG GameWorld            - Game world initialized
18:36:56.802 [FXGL Background Thread 1 ] DEBUG PhysicsWorld         - Physics world initialized: appHeight=800, physics.ppm=50.0
18:36:56.802 [FXGL Background Thread 1 ] DEBUG PhysicsWorld         - Using strategy: BRUTE_FORCE
18:36:56.807 [FXGL Background Thread 1 ] DEBUG GameScene            - Game scene initialized: 480x800
18:36:56.827 [FXGL Background Thread 1 ] WARN  FXGL.DefaultMenu     - FXGLDefaultMenu is not designed for resolutions < 800x600
18:36:56.862 [FXGL Background Thread 1 ] DEBUG FXGLAssetLoaderServi - Loading from file system: jar:file:/C:/Users/rcortez/.m2/repository/com/github/almasb/fxgl/dev-SNAPSHOT/fxgl-dev-20210221.140046-1674.jar!/fxglassets/textures/particles/trace_horizontal.png
18:36:56.922 [FXGL Background Thread 1 ] DEBUG FXGL.DefaultMenu     - createMenuBodyGameMenu()
18:36:56.944 [FXGL Background Thread 1 ] DEBUG FXGL.DefaultMenu     - createOptionsMenu()
18:36:56.952 [FXGL Background Thread 1 ] DEBUG FXGLAssetLoaderServi - Loading from file system: jar:file:/C:/Users/rcortez/.m2/repository/com/github/almasb/fxgl/dev-SNAPSHOT/fxgl-dev-20210221.140046-1674.jar!/fxglassets/textures/particles/smoke.png
18:36:57.021 [FXGL Background Thread 1 ] DEBUG GameApplicationServi - Application scenes initialized
18:36:57.034 [FXGL Background Thread 1 ] DEBUG SystemBundleService  - Loading FXGL system data
18:36:57.038 [FXGL Background Thread 1 ] DEBUG FileSystemAccess     - Reading from: C:\Users\rcortez\Desktop\FXGL Projects\Drop App\system\fxgl.bundle
18:36:57.049 [FXGL Background Thread 1 ] DEBUG SystemBundleService  - Bundle FXGL: {}
18:36:57.049 [FXGL Background Thread 1 ] DEBUG UpdaterService       - Checking for updates
18:36:57.054 [FXGL Background Thread 4 ] DEBUG FXGLApplication      - Loading fonts
18:36:57.055 [FXGL Background Thread 1 ] DEBUG FXGLApplication      - Loading default localization
18:36:57.056 [FXGL Background Thread 4 ] DEBUG FXGLAssetLoaderServi - Loading from file system: jar:file:/C:/Users/rcortez/.m2/repository/com/github/almasb/fxgl/dev-SNAPSHOT/fxgl-dev-20210221.140046-1674.jar!/fxglassets/ui/fonts/VarelaRound-Regular.ttf
18:36:57.057 [FXGL Background Thread 1 ] DEBUG FXGLAssetLoaderServi - Loading from file system: jar:file:/C:/Users/rcortez/.m2/repository/com/github/almasb/fxgl/dev-SNAPSHOT/fxgl-dev-20210221.140046-1674.jar!/fxglassets/languages/english.lang
18:36:57.078 [FXGL Background Thread 1 ] INFO  FXGLApplication      - FXGL initialization took: 0.520 sec
18:36:57.079 [JavaFX Application Thread] DEBUG FXGLAssetLoaderServi - Loading from file system: jar:file:/C:/Users/rcortez/.m2/repository/com/github/almasb/fxgl/dev-SNAPSHOT/fxgl-dev-20210221.140046-1674.jar!/fxglassets/textures/fxgl_icon.png
18:36:57.108 [JavaFX Application Thread] DEBUG FXGLAssetLoaderServi - Loading from file system: jar:file:/C:/Users/rcortez/.m2/repository/com/github/almasb/fxgl/dev-SNAPSHOT/fxgl-dev-20210221.140046-1674.jar!/fxglassets/ui/cursors/fxgl_default.png
18:36:57.123 [JavaFX Application Thread] DEBUG Input                - Registered new binding: Screenshot - P
18:36:57.124 [JavaFX Application Thread] DEBUG Input                - Registered new binding: System info dump - CTRL+9
18:36:57.124 [JavaFX Application Thread] DEBUG Input                - Registered new binding: Restart - CTRL+R
18:36:57.125 [JavaFX Application Thread] DEBUG Input                - Registered new binding: Toggle Debug Camera - CTRL+C
18:36:57.128 [JavaFX Application Thread] DEBUG LoopRunner           - Starting loop
18:36:57.128 [JavaFX Application Thread] DEBUG LoopRunner           - Initializing JavaFX AnimationTimerLoop
18:36:57.130 [JavaFX Application Thread] DEBUG GameApplicationServi - Starting new game
18:36:57.131 [JavaFX Application Thread] DEBUG Input                - Clearing active input actions
18:36:57.144 [JavaFX Application Thread] DEBUG GameApplicationServi - Removing overlay from FXGLStartupScene and adding to FXGLLoadingScene
18:36:57.145 [JavaFX Application Thread] DEBUG PrimaryStageWindow   - FXGLStartupScene -> FXGLLoadingScene
18:36:57.145 [JavaFX Application Thread] DEBUG GameApplicationServi - Clearing previous game
18:36:57.145 [JavaFX Application Thread] DEBUG GameScene            - Clearing game scene
18:36:57.145 [JavaFX Application Thread] DEBUG GameWorld            - Clearing game world
18:36:57.145 [JavaFX Application Thread] DEBUG PhysicsWorld         - Clearing physics world
18:36:57.147 [FXGL Background Thread 1 ] DEBUG FXGLApplication      - Initializing game
18:36:57.150 [FXGL Background Thread 1 ] DEBUG FXGLAssetLoaderServi - Loading from file system: file:/C:/Users/rcortez/Desktop/FXGL%20Projects/Drop%20App/target/classes/assets/textures/bucket.png
18:36:57.169 [FXGL Background Thread 1 ] DEBUG FXGLAssetLoaderServi - Loading from file system: file:/C:/Users/rcortez/Desktop/FXGL%20Projects/Drop%20App/target/classes/assets/music/bgm.mp3
18:36:57.207 [FXGL Background Thread 4 ] DEBUG FXGLAssetLoaderServi - Loading from file system: jar:file:/C:/Users/rcortez/.m2/repository/com/github/almasb/fxgl/dev-SNAPSHOT/fxgl-dev-20210221.140046-1674.jar!/fxglassets/ui/fonts/Abel-Regular.ttf
18:36:57.211 [FXGL Background Thread 4 ] DEBUG FXGLAssetLoaderServi - Loading from file system: jar:file:/C:/Users/rcortez/.m2/repository/com/github/almasb/fxgl/dev-SNAPSHOT/fxgl-dev-20210221.140046-1674.jar!/fxglassets/ui/fonts/lucida_console.ttf
18:36:57.218 [FXGL Background Thread 4 ] DEBUG FXGLAssetLoaderServi - Loading from file system: jar:file:/C:/Users/rcortez/.m2/repository/com/github/almasb/fxgl/dev-SNAPSHOT/fxgl-dev-20210221.140046-1674.jar!/fxglassets/ui/fonts/Courier-Prime.ttf
18:36:57.287 [JavaFX Application Thread] DEBUG FXGLApplication      - Registering font factories with UI factory
18:36:57.391 [FXGL Background Thread 1 ] DEBUG AudioPlayer          - Playing music com.almasb.fxgl.audio.Music@1e6fe783
18:36:57.393 [FXGL Background Thread 1 ] INFO  FXGLApplication      - Game initialization took: 0.245 sec
18:36:57.405 [JavaFX Application Thread] DEBUG Input                - Clearing active input actions
18:36:57.417 [JavaFX Application Thread] DEBUG GameApplicationServi - Removing overlay from FXGLLoadingScene and adding to GameScene
18:36:57.417 [JavaFX Application Thread] DEBUG PrimaryStageWindow   - FXGLLoadingScene -> GameScene
18:36:57.557 [FXGL Background Thread 2 ] INFO  UpdaterService       - Your current version:  dev-SNAPSHOT
18:36:57.557 [FXGL Background Thread 2 ] INFO  UpdaterService       - Latest stable version: 11.13
18:36:58.879 [JavaFX Application Thread] DEBUG FXGLAssetLoaderServi - Loading from file system: file:/C:/Users/rcortez/Desktop/FXGL%20Projects/Drop%20App/target/classes/assets/textures/droplet.png
18:36:59.369 [JavaFX Application Thread] DEBUG FXGLApplication      - Exiting FXGL
18:36:59.370 [JavaFX Application Thread] DEBUG LoopRunner           - Stopping loop
18:36:59.370 [JavaFX Application Thread] DEBUG SystemBundleService  - Saving FXGL system data
18:36:59.373 [JavaFX Application Thread] DEBUG FileSystemAccess     - Writing to: C:\Users\rcortez\Desktop\FXGL Projects\Drop App\system\fxgl.bundle
18:36:59.376 [JavaFX Application Thread] DEBUG Async                - Shutting down background threads
18:36:59.377 [JavaFX Application Thread] DEBUG PrimaryStageWindow   - Closing main window
18:36:59.398 [JavaFX Application Thread] DEBUG Logger               - Closing Logger
