19:06:46.669 [main                     ] DEBUG Logger               - Configured Logger
19:06:46.674 [main                     ] DEBUG GameApplication      - Logging settings
Title: Drop
Version: 1.0
Width: 480
Height: 800
Fullscreen: false
Intro: false
Profiling: false
Single step:false
App Mode: DEVELOPER
Menu Key: ESCAPE
Stage Style: DECORATED
Scene Factory: class com.almasb.fxgl.app.scene.SceneFactory

19:06:47.051 [JavaFX Application Thread] DEBUG FXGLApplication      - Initializing FXGL
19:06:47.054 [JavaFX Application Thread] INFO  Engine               - FXGL-dev-SNAPSHOT (21.02.2021 13.59) on WINDOWS (J:14.0.2 FX:14.0.2.1)
19:06:47.054 [JavaFX Application Thread] DEBUG Engine               - JRE Vendor Name: Oracle Corporation
19:06:47.054 [JavaFX Application Thread] DEBUG Engine               - Running on OS: Windows 10 version 10.0
19:06:47.054 [JavaFX Application Thread] DEBUG Engine               - Architecture: amd64
19:06:47.055 [JavaFX Application Thread] INFO  Engine               - Source code and latest versions at: https://github.com/AlmasB/FXGL
19:06:47.055 [JavaFX Application Thread] INFO  Engine               -              Join the FXGL chat at: https://gitter.im/AlmasB/FXGL
19:06:47.193 [JavaFX Application Thread] DEBUG PrimaryStageWindow   - Creating a JavaFX scene
19:06:47.193 [JavaFX Application Thread] DEBUG PrimaryStageWindow   - Target size > screen size
19:06:47.261 [JavaFX Application Thread] DEBUG PrimaryStageWindow   - Target settings size: 480.0 x 800.0
19:06:47.261 [JavaFX Application Thread] DEBUG PrimaryStageWindow   - Scaled scene size:    411.0 x 726.0
19:06:47.261 [JavaFX Application Thread] DEBUG PrimaryStageWindow   - Scaled ratio: (0.85625, 0.9075)
19:06:47.262 [JavaFX Application Thread] DEBUG PrimaryStageWindow   - Set initial scene to FXGLStartupScene
19:06:47.275 [JavaFX Application Thread] DEBUG PrimaryStageWindow   - Opening main window
19:06:47.407 [JavaFX Application Thread] DEBUG PrimaryStageWindow   - Window border size: (16.0, 39.0)
19:06:47.407 [JavaFX Application Thread] DEBUG PrimaryStageWindow   - Scaled size: 411.0 x 726.0
19:06:47.407 [JavaFX Application Thread] DEBUG PrimaryStageWindow   - Scaled ratio: (0.85625, 0.9075)
19:06:47.408 [JavaFX Application Thread] DEBUG PrimaryStageWindow   - Scene size: 411.0 x 726.0
19:06:47.408 [JavaFX Application Thread] DEBUG PrimaryStageWindow   - Stage size: 427.0 x 765.0
19:06:47.415 [FXGL Background Thread 1 ] DEBUG Engine               - Initializing environment variables
19:06:47.456 [FXGL Background Thread 1 ] DEBUG FXGLAssetLoaderServi - User app class for loading assets: class DropApp
19:06:47.456 [FXGL Background Thread 1 ] DEBUG GameApplicationServi - Applying CSS: fxgl_dark.css
19:06:47.458 [FXGL Background Thread 1 ] DEBUG FXGLAssetLoaderServi - Loading from file system: jar:file:/C:/Users/rcortez/.m2/repository/com/github/almasb/fxgl/dev-SNAPSHOT/fxgl-dev-20210221.140046-1674.jar!/fxglassets/ui/css/fxgl_dark.css
19:06:47.511 [FXGL Background Thread 1 ] DEBUG GameApplicationServi - Initializing application scenes
19:06:47.553 [FXGL Background Thread 1 ] DEBUG GameWorld            - Game world initialized
19:06:47.621 [FXGL Background Thread 1 ] DEBUG PhysicsWorld         - Physics world initialized: appHeight=800, physics.ppm=50.0
19:06:47.621 [FXGL Background Thread 1 ] DEBUG PhysicsWorld         - Using strategy: BRUTE_FORCE
19:06:47.624 [FXGL Background Thread 1 ] DEBUG GameScene            - Game scene initialized: 480x800
19:06:47.639 [FXGL Background Thread 1 ] WARN  FXGL.DefaultMenu     - FXGLDefaultMenu is not designed for resolutions < 800x600
19:06:47.672 [FXGL Background Thread 1 ] DEBUG FXGLAssetLoaderServi - Loading from file system: jar:file:/C:/Users/rcortez/.m2/repository/com/github/almasb/fxgl/dev-SNAPSHOT/fxgl-dev-20210221.140046-1674.jar!/fxglassets/textures/particles/trace_horizontal.png
19:06:47.755 [FXGL Background Thread 1 ] DEBUG FXGL.DefaultMenu     - createMenuBodyGameMenu()
19:06:47.782 [FXGL Background Thread 1 ] DEBUG FXGL.DefaultMenu     - createOptionsMenu()
19:06:47.788 [FXGL Background Thread 1 ] DEBUG FXGLAssetLoaderServi - Loading from file system: jar:file:/C:/Users/rcortez/.m2/repository/com/github/almasb/fxgl/dev-SNAPSHOT/fxgl-dev-20210221.140046-1674.jar!/fxglassets/textures/particles/smoke.png
19:06:47.841 [FXGL Background Thread 1 ] DEBUG GameApplicationServi - Application scenes initialized
19:06:47.854 [FXGL Background Thread 1 ] DEBUG SystemBundleService  - Loading FXGL system data
19:06:47.858 [FXGL Background Thread 1 ] DEBUG FileSystemAccess     - Reading from: C:\Users\rcortez\Desktop\FXGL Projects\Drop App\system\fxgl.bundle
19:06:47.864 [FXGL Background Thread 1 ] DEBUG SystemBundleService  - Bundle FXGL: {}
19:06:47.865 [FXGL Background Thread 1 ] DEBUG UpdaterService       - Checking for updates
19:06:47.869 [FXGL Background Thread 4 ] DEBUG FXGLApplication      - Loading fonts
19:06:47.870 [FXGL Background Thread 1 ] DEBUG FXGLApplication      - Loading default localization
19:06:47.870 [FXGL Background Thread 4 ] DEBUG FXGLAssetLoaderServi - Loading from file system: jar:file:/C:/Users/rcortez/.m2/repository/com/github/almasb/fxgl/dev-SNAPSHOT/fxgl-dev-20210221.140046-1674.jar!/fxglassets/ui/fonts/VarelaRound-Regular.ttf
19:06:47.871 [FXGL Background Thread 1 ] DEBUG FXGLAssetLoaderServi - Loading from file system: jar:file:/C:/Users/rcortez/.m2/repository/com/github/almasb/fxgl/dev-SNAPSHOT/fxgl-dev-20210221.140046-1674.jar!/fxglassets/languages/english.lang
19:06:47.889 [FXGL Background Thread 1 ] INFO  FXGLApplication      - FXGL initialization took: 0.474 sec
19:06:47.890 [JavaFX Application Thread] DEBUG FXGLAssetLoaderServi - Loading from file system: jar:file:/C:/Users/rcortez/.m2/repository/com/github/almasb/fxgl/dev-SNAPSHOT/fxgl-dev-20210221.140046-1674.jar!/fxglassets/textures/fxgl_icon.png
19:06:47.916 [JavaFX Application Thread] DEBUG FXGLAssetLoaderServi - Loading from file system: jar:file:/C:/Users/rcortez/.m2/repository/com/github/almasb/fxgl/dev-SNAPSHOT/fxgl-dev-20210221.140046-1674.jar!/fxglassets/ui/cursors/fxgl_default.png
19:06:47.929 [JavaFX Application Thread] DEBUG Input                - Registered new binding: Screenshot - P
19:06:47.930 [JavaFX Application Thread] DEBUG Input                - Registered new binding: System info dump - CTRL+9
19:06:47.930 [JavaFX Application Thread] DEBUG Input                - Registered new binding: Restart - CTRL+R
19:06:47.931 [JavaFX Application Thread] DEBUG Input                - Registered new binding: Toggle Debug Camera - CTRL+C
19:06:47.934 [JavaFX Application Thread] DEBUG LoopRunner           - Starting loop
19:06:47.934 [JavaFX Application Thread] DEBUG LoopRunner           - Initializing JavaFX AnimationTimerLoop
19:06:47.935 [JavaFX Application Thread] DEBUG GameApplicationServi - Starting new game
19:06:47.936 [JavaFX Application Thread] DEBUG Input                - Clearing active input actions
19:06:47.943 [FXGL Background Thread 4 ] DEBUG FXGLAssetLoaderServi - Loading from file system: jar:file:/C:/Users/rcortez/.m2/repository/com/github/almasb/fxgl/dev-SNAPSHOT/fxgl-dev-20210221.140046-1674.jar!/fxglassets/ui/fonts/Abel-Regular.ttf
19:06:47.947 [FXGL Background Thread 4 ] DEBUG FXGLAssetLoaderServi - Loading from file system: jar:file:/C:/Users/rcortez/.m2/repository/com/github/almasb/fxgl/dev-SNAPSHOT/fxgl-dev-20210221.140046-1674.jar!/fxglassets/ui/fonts/lucida_console.ttf
19:06:47.948 [JavaFX Application Thread] DEBUG GameApplicationServi - Removing overlay from FXGLStartupScene and adding to FXGLLoadingScene
19:06:47.948 [JavaFX Application Thread] DEBUG PrimaryStageWindow   - FXGLStartupScene -> FXGLLoadingScene
19:06:47.948 [JavaFX Application Thread] DEBUG GameApplicationServi - Clearing previous game
19:06:47.948 [JavaFX Application Thread] DEBUG GameScene            - Clearing game scene
19:06:47.948 [JavaFX Application Thread] DEBUG GameWorld            - Clearing game world
19:06:47.948 [JavaFX Application Thread] DEBUG PhysicsWorld         - Clearing physics world
19:06:47.950 [FXGL Background Thread 1 ] DEBUG FXGLApplication      - Initializing game
19:06:47.953 [FXGL Background Thread 4 ] DEBUG FXGLAssetLoaderServi - Loading from file system: jar:file:/C:/Users/rcortez/.m2/repository/com/github/almasb/fxgl/dev-SNAPSHOT/fxgl-dev-20210221.140046-1674.jar!/fxglassets/ui/fonts/Courier-Prime.ttf
19:06:47.953 [FXGL Background Thread 1 ] DEBUG FXGLAssetLoaderServi - Loading from file system: file:/C:/Users/rcortez/Desktop/FXGL%20Projects/Drop%20App/target/classes/assets/textures/bucket.png
19:06:47.971 [FXGL Background Thread 1 ] DEBUG FXGLAssetLoaderServi - Loading from file system: file:/C:/Users/rcortez/Desktop/FXGL%20Projects/Drop%20App/target/classes/assets/music/bgm.mp3
19:06:47.989 [JavaFX Application Thread] DEBUG FXGLApplication      - Registering font factories with UI factory
19:06:48.180 [FXGL Background Thread 1 ] DEBUG AudioPlayer          - Playing music com.almasb.fxgl.audio.Music@19d534c4
19:06:48.183 [FXGL Background Thread 1 ] INFO  FXGLApplication      - Game initialization took: 0.233 sec
19:06:48.186 [JavaFX Application Thread] DEBUG Input                - Clearing active input actions
19:06:48.198 [JavaFX Application Thread] DEBUG GameApplicationServi - Removing overlay from FXGLLoadingScene and adding to GameScene
19:06:48.198 [JavaFX Application Thread] DEBUG PrimaryStageWindow   - FXGLLoadingScene -> GameScene
19:06:48.340 [FXGL Background Thread 2 ] INFO  UpdaterService       - Your current version:  dev-SNAPSHOT
19:06:48.341 [FXGL Background Thread 2 ] INFO  UpdaterService       - Latest stable version: 11.13
19:06:49.058 [JavaFX Application Thread] DEBUG FXGLApplication      - Exiting FXGL
19:06:49.058 [JavaFX Application Thread] DEBUG LoopRunner           - Stopping loop
19:06:49.058 [JavaFX Application Thread] DEBUG SystemBundleService  - Saving FXGL system data
19:06:49.063 [JavaFX Application Thread] DEBUG FileSystemAccess     - Writing to: C:\Users\rcortez\Desktop\FXGL Projects\Drop App\system\fxgl.bundle
19:06:49.066 [JavaFX Application Thread] DEBUG Async                - Shutting down background threads
19:06:49.067 [JavaFX Application Thread] DEBUG PrimaryStageWindow   - Closing main window
19:06:49.082 [JavaFX Application Thread] DEBUG Logger               - Closing Logger
